ARM GAS  C:\Users\TTSS\AppData\Local\Temp\cci1On8B.s 			page 1


   1              		.cpu cortex-m0
   2              		.fpu softvfp
   3              		.eabi_attribute 20, 1
   4              		.eabi_attribute 21, 1
   5              		.eabi_attribute 23, 3
   6              		.eabi_attribute 24, 1
   7              		.eabi_attribute 25, 1
   8              		.eabi_attribute 26, 1
   9              		.eabi_attribute 30, 6
  10              		.eabi_attribute 34, 0
  11              		.eabi_attribute 18, 4
  12              		.code	16
  13              		.file	"cyfitter_cfg.c"
  14              		.text
  15              	.Ltext0:
  16              		.cfi_sections	.debug_frame
  17              		.section	.text.CYMEMZERO,"ax",%progbits
  18              		.align	2
  19              		.code	16
  20              		.thumb_func
  21              		.type	CYMEMZERO, %function
  22              	CYMEMZERO:
  23              	.LFB2:
  24              		.file 1 "Generated_Source\\PSoC4\\cyfitter_cfg.c"
   1:Generated_Source\PSoC4/cyfitter_cfg.c **** /*******************************************************************************
   2:Generated_Source\PSoC4/cyfitter_cfg.c **** * File Name: cyfitter_cfg.c
   3:Generated_Source\PSoC4/cyfitter_cfg.c **** * 
   4:Generated_Source\PSoC4/cyfitter_cfg.c **** * PSoC Creator  4.0
   5:Generated_Source\PSoC4/cyfitter_cfg.c **** *
   6:Generated_Source\PSoC4/cyfitter_cfg.c **** * Description:
   7:Generated_Source\PSoC4/cyfitter_cfg.c **** * This file contains device initialization code.
   8:Generated_Source\PSoC4/cyfitter_cfg.c **** * Except for the user defined sections in CyClockStartupError(), this file should not be modified.
   9:Generated_Source\PSoC4/cyfitter_cfg.c **** * This file is automatically generated by PSoC Creator.
  10:Generated_Source\PSoC4/cyfitter_cfg.c **** *
  11:Generated_Source\PSoC4/cyfitter_cfg.c **** ********************************************************************************
  12:Generated_Source\PSoC4/cyfitter_cfg.c **** * Copyright (c) 2007-2016 Cypress Semiconductor.  All rights reserved.
  13:Generated_Source\PSoC4/cyfitter_cfg.c **** * You may use this file only in accordance with the license, terms, conditions, 
  14:Generated_Source\PSoC4/cyfitter_cfg.c **** * disclaimers, and limitations in the end user license agreement accompanying 
  15:Generated_Source\PSoC4/cyfitter_cfg.c **** * the software package with which this file was provided.
  16:Generated_Source\PSoC4/cyfitter_cfg.c **** ********************************************************************************/
  17:Generated_Source\PSoC4/cyfitter_cfg.c **** 
  18:Generated_Source\PSoC4/cyfitter_cfg.c **** #include <string.h>
  19:Generated_Source\PSoC4/cyfitter_cfg.c **** #include "cytypes.h"
  20:Generated_Source\PSoC4/cyfitter_cfg.c **** #include "cydevice_trm.h"
  21:Generated_Source\PSoC4/cyfitter_cfg.c **** #include "cyfitter.h"
  22:Generated_Source\PSoC4/cyfitter_cfg.c **** #include "CyLib.h"
  23:Generated_Source\PSoC4/cyfitter_cfg.c **** #include "CyLFClk.h"
  24:Generated_Source\PSoC4/cyfitter_cfg.c **** #include "cyfitter_cfg.h"
  25:Generated_Source\PSoC4/cyfitter_cfg.c **** #include "cyapicallbacks.h"
  26:Generated_Source\PSoC4/cyfitter_cfg.c **** 
  27:Generated_Source\PSoC4/cyfitter_cfg.c **** 
  28:Generated_Source\PSoC4/cyfitter_cfg.c **** #if defined(__GNUC__) || defined(__ARMCC_VERSION)
  29:Generated_Source\PSoC4/cyfitter_cfg.c ****     #define CYPACKED 
  30:Generated_Source\PSoC4/cyfitter_cfg.c ****     #define CYPACKED_ATTR __attribute__ ((packed))
  31:Generated_Source\PSoC4/cyfitter_cfg.c ****     #define CYALIGNED __attribute__ ((aligned))
  32:Generated_Source\PSoC4/cyfitter_cfg.c ****     #define CY_CFG_UNUSED __attribute__ ((unused))
  33:Generated_Source\PSoC4/cyfitter_cfg.c ****     #ifndef CY_CFG_SECTION
ARM GAS  C:\Users\TTSS\AppData\Local\Temp\cci1On8B.s 			page 2


  34:Generated_Source\PSoC4/cyfitter_cfg.c ****         #define CY_CFG_SECTION __attribute__ ((section(".psocinit")))
  35:Generated_Source\PSoC4/cyfitter_cfg.c ****     #endif
  36:Generated_Source\PSoC4/cyfitter_cfg.c ****     
  37:Generated_Source\PSoC4/cyfitter_cfg.c ****     #if defined(__ARMCC_VERSION)
  38:Generated_Source\PSoC4/cyfitter_cfg.c ****         #define CY_CFG_MEMORY_BARRIER() __memory_changed()
  39:Generated_Source\PSoC4/cyfitter_cfg.c ****     #else
  40:Generated_Source\PSoC4/cyfitter_cfg.c ****         #define CY_CFG_MEMORY_BARRIER() __sync_synchronize()
  41:Generated_Source\PSoC4/cyfitter_cfg.c ****     #endif
  42:Generated_Source\PSoC4/cyfitter_cfg.c ****     
  43:Generated_Source\PSoC4/cyfitter_cfg.c **** #elif defined(__ICCARM__)
  44:Generated_Source\PSoC4/cyfitter_cfg.c ****     #include <intrinsics.h>
  45:Generated_Source\PSoC4/cyfitter_cfg.c **** 
  46:Generated_Source\PSoC4/cyfitter_cfg.c ****     #define CYPACKED __packed
  47:Generated_Source\PSoC4/cyfitter_cfg.c ****     #define CYPACKED_ATTR 
  48:Generated_Source\PSoC4/cyfitter_cfg.c ****     #define CYALIGNED _Pragma("data_alignment=4")
  49:Generated_Source\PSoC4/cyfitter_cfg.c ****     #define CY_CFG_UNUSED _Pragma("diag_suppress=Pe177")
  50:Generated_Source\PSoC4/cyfitter_cfg.c ****     #define CY_CFG_SECTION _Pragma("location=\".psocinit\"")
  51:Generated_Source\PSoC4/cyfitter_cfg.c ****     
  52:Generated_Source\PSoC4/cyfitter_cfg.c ****     #define CY_CFG_MEMORY_BARRIER() __DMB()
  53:Generated_Source\PSoC4/cyfitter_cfg.c ****     
  54:Generated_Source\PSoC4/cyfitter_cfg.c **** #else
  55:Generated_Source\PSoC4/cyfitter_cfg.c ****     #error Unsupported toolchain
  56:Generated_Source\PSoC4/cyfitter_cfg.c **** #endif
  57:Generated_Source\PSoC4/cyfitter_cfg.c **** 
  58:Generated_Source\PSoC4/cyfitter_cfg.c **** 
  59:Generated_Source\PSoC4/cyfitter_cfg.c **** CY_CFG_UNUSED
  60:Generated_Source\PSoC4/cyfitter_cfg.c **** static void CYMEMZERO(void *s, size_t n);
  61:Generated_Source\PSoC4/cyfitter_cfg.c **** CY_CFG_UNUSED
  62:Generated_Source\PSoC4/cyfitter_cfg.c **** static void CYMEMZERO(void *s, size_t n)
  63:Generated_Source\PSoC4/cyfitter_cfg.c **** {
  25              		.loc 1 63 0
  26              		.cfi_startproc
  27 0000 80B5     		push	{r7, lr}
  28              		.cfi_def_cfa_offset 8
  29              		.cfi_offset 7, -8
  30              		.cfi_offset 14, -4
  31 0002 82B0     		sub	sp, sp, #8
  32              		.cfi_def_cfa_offset 16
  33 0004 00AF     		add	r7, sp, #0
  34              		.cfi_def_cfa_register 7
  35 0006 7860     		str	r0, [r7, #4]
  36 0008 3960     		str	r1, [r7]
  64:Generated_Source\PSoC4/cyfitter_cfg.c **** 	(void)memset(s, 0, n);
  37              		.loc 1 64 0
  38 000a 7A68     		ldr	r2, [r7, #4]
  39 000c 3B68     		ldr	r3, [r7]
  40 000e 101C     		mov	r0, r2
  41 0010 0021     		mov	r1, #0
  42 0012 1A1C     		mov	r2, r3
  43 0014 FFF7FEFF 		bl	memset
  65:Generated_Source\PSoC4/cyfitter_cfg.c **** }
  44              		.loc 1 65 0
  45 0018 BD46     		mov	sp, r7
  46 001a 02B0     		add	sp, sp, #8
  47              		@ sp needed
  48 001c 80BD     		pop	{r7, pc}
  49              		.cfi_endproc
ARM GAS  C:\Users\TTSS\AppData\Local\Temp\cci1On8B.s 			page 3


  50              	.LFE2:
  51              		.size	CYMEMZERO, .-CYMEMZERO
  52 001e C046     		.section	.text.CYCONFIGCPY,"ax",%progbits
  53              		.align	2
  54              		.code	16
  55              		.thumb_func
  56              		.type	CYCONFIGCPY, %function
  57              	CYCONFIGCPY:
  58              	.LFB3:
  66:Generated_Source\PSoC4/cyfitter_cfg.c **** CY_CFG_UNUSED
  67:Generated_Source\PSoC4/cyfitter_cfg.c **** static void CYCONFIGCPY(void *dest, const void *src, size_t n);
  68:Generated_Source\PSoC4/cyfitter_cfg.c **** CY_CFG_UNUSED
  69:Generated_Source\PSoC4/cyfitter_cfg.c **** static void CYCONFIGCPY(void *dest, const void *src, size_t n)
  70:Generated_Source\PSoC4/cyfitter_cfg.c **** {
  59              		.loc 1 70 0
  60              		.cfi_startproc
  61 0000 80B5     		push	{r7, lr}
  62              		.cfi_def_cfa_offset 8
  63              		.cfi_offset 7, -8
  64              		.cfi_offset 14, -4
  65 0002 84B0     		sub	sp, sp, #16
  66              		.cfi_def_cfa_offset 24
  67 0004 00AF     		add	r7, sp, #0
  68              		.cfi_def_cfa_register 7
  69 0006 F860     		str	r0, [r7, #12]
  70 0008 B960     		str	r1, [r7, #8]
  71 000a 7A60     		str	r2, [r7, #4]
  71:Generated_Source\PSoC4/cyfitter_cfg.c **** 	(void)memcpy(dest, src, n);
  72              		.loc 1 71 0
  73 000c F968     		ldr	r1, [r7, #12]
  74 000e BA68     		ldr	r2, [r7, #8]
  75 0010 7B68     		ldr	r3, [r7, #4]
  76 0012 081C     		mov	r0, r1
  77 0014 111C     		mov	r1, r2
  78 0016 1A1C     		mov	r2, r3
  79 0018 FFF7FEFF 		bl	memcpy
  72:Generated_Source\PSoC4/cyfitter_cfg.c **** }
  80              		.loc 1 72 0
  81 001c BD46     		mov	sp, r7
  82 001e 04B0     		add	sp, sp, #16
  83              		@ sp needed
  84 0020 80BD     		pop	{r7, pc}
  85              		.cfi_endproc
  86              	.LFE3:
  87              		.size	CYCONFIGCPY, .-CYCONFIGCPY
  88 0022 C046     		.section	.text.CYCONFIGCPYCODE,"ax",%progbits
  89              		.align	2
  90              		.code	16
  91              		.thumb_func
  92              		.type	CYCONFIGCPYCODE, %function
  93              	CYCONFIGCPYCODE:
  94              	.LFB4:
  73:Generated_Source\PSoC4/cyfitter_cfg.c **** CY_CFG_UNUSED
  74:Generated_Source\PSoC4/cyfitter_cfg.c **** static void CYCONFIGCPYCODE(void *dest, const void *src, size_t n);
  75:Generated_Source\PSoC4/cyfitter_cfg.c **** CY_CFG_UNUSED
  76:Generated_Source\PSoC4/cyfitter_cfg.c **** static void CYCONFIGCPYCODE(void *dest, const void *src, size_t n)
  77:Generated_Source\PSoC4/cyfitter_cfg.c **** {
ARM GAS  C:\Users\TTSS\AppData\Local\Temp\cci1On8B.s 			page 4


  95              		.loc 1 77 0
  96              		.cfi_startproc
  97 0000 80B5     		push	{r7, lr}
  98              		.cfi_def_cfa_offset 8
  99              		.cfi_offset 7, -8
 100              		.cfi_offset 14, -4
 101 0002 84B0     		sub	sp, sp, #16
 102              		.cfi_def_cfa_offset 24
 103 0004 00AF     		add	r7, sp, #0
 104              		.cfi_def_cfa_register 7
 105 0006 F860     		str	r0, [r7, #12]
 106 0008 B960     		str	r1, [r7, #8]
 107 000a 7A60     		str	r2, [r7, #4]
  78:Generated_Source\PSoC4/cyfitter_cfg.c **** 	(void)memcpy(dest, src, n);
 108              		.loc 1 78 0
 109 000c F968     		ldr	r1, [r7, #12]
 110 000e BA68     		ldr	r2, [r7, #8]
 111 0010 7B68     		ldr	r3, [r7, #4]
 112 0012 081C     		mov	r0, r1
 113 0014 111C     		mov	r1, r2
 114 0016 1A1C     		mov	r2, r3
 115 0018 FFF7FEFF 		bl	memcpy
  79:Generated_Source\PSoC4/cyfitter_cfg.c **** }
 116              		.loc 1 79 0
 117 001c BD46     		mov	sp, r7
 118 001e 04B0     		add	sp, sp, #16
 119              		@ sp needed
 120 0020 80BD     		pop	{r7, pc}
 121              		.cfi_endproc
 122              	.LFE4:
 123              		.size	CYCONFIGCPYCODE, .-CYCONFIGCPYCODE
 124 0022 C046     		.section	.psocinit,"ax",%progbits
 125              		.align	2
 126              		.code	16
 127              		.thumb_func
 128              		.type	ClockSetup, %function
 129              	ClockSetup:
 130              	.LFB5:
  80:Generated_Source\PSoC4/cyfitter_cfg.c **** 
  81:Generated_Source\PSoC4/cyfitter_cfg.c **** 
  82:Generated_Source\PSoC4/cyfitter_cfg.c **** 
  83:Generated_Source\PSoC4/cyfitter_cfg.c **** 
  84:Generated_Source\PSoC4/cyfitter_cfg.c **** /* Clock startup error codes                                                   */
  85:Generated_Source\PSoC4/cyfitter_cfg.c **** #define CYCLOCKSTART_NO_ERROR    0u
  86:Generated_Source\PSoC4/cyfitter_cfg.c **** #define CYCLOCKSTART_XTAL_ERROR  1u
  87:Generated_Source\PSoC4/cyfitter_cfg.c **** #define CYCLOCKSTART_32KHZ_ERROR 2u
  88:Generated_Source\PSoC4/cyfitter_cfg.c **** #define CYCLOCKSTART_PLL_ERROR   3u
  89:Generated_Source\PSoC4/cyfitter_cfg.c **** 
  90:Generated_Source\PSoC4/cyfitter_cfg.c **** 
  91:Generated_Source\PSoC4/cyfitter_cfg.c **** #ifdef CY_NEED_CYCLOCKSTARTUPERROR
  92:Generated_Source\PSoC4/cyfitter_cfg.c **** /*******************************************************************************
  93:Generated_Source\PSoC4/cyfitter_cfg.c **** * Function Name: CyClockStartupError
  94:Generated_Source\PSoC4/cyfitter_cfg.c **** ********************************************************************************
  95:Generated_Source\PSoC4/cyfitter_cfg.c **** * Summary:
  96:Generated_Source\PSoC4/cyfitter_cfg.c **** *  If an error is encountered during clock configuration (crystal startup error,
  97:Generated_Source\PSoC4/cyfitter_cfg.c **** *  PLL lock error, etc.), the system will end up here.  Unless reimplemented by
  98:Generated_Source\PSoC4/cyfitter_cfg.c **** *  the customer, this function will stop in an infinite loop.
ARM GAS  C:\Users\TTSS\AppData\Local\Temp\cci1On8B.s 			page 5


  99:Generated_Source\PSoC4/cyfitter_cfg.c **** *
 100:Generated_Source\PSoC4/cyfitter_cfg.c **** * Parameters:
 101:Generated_Source\PSoC4/cyfitter_cfg.c **** *   void
 102:Generated_Source\PSoC4/cyfitter_cfg.c **** *
 103:Generated_Source\PSoC4/cyfitter_cfg.c **** * Return:
 104:Generated_Source\PSoC4/cyfitter_cfg.c **** *   void
 105:Generated_Source\PSoC4/cyfitter_cfg.c **** *
 106:Generated_Source\PSoC4/cyfitter_cfg.c **** *******************************************************************************/
 107:Generated_Source\PSoC4/cyfitter_cfg.c **** CY_CFG_UNUSED
 108:Generated_Source\PSoC4/cyfitter_cfg.c **** static void CyClockStartupError(uint8 errorCode);
 109:Generated_Source\PSoC4/cyfitter_cfg.c **** CY_CFG_UNUSED
 110:Generated_Source\PSoC4/cyfitter_cfg.c **** static void CyClockStartupError(uint8 errorCode)
 111:Generated_Source\PSoC4/cyfitter_cfg.c **** {
 112:Generated_Source\PSoC4/cyfitter_cfg.c ****     /* To remove the compiler warning if errorCode not used.                */
 113:Generated_Source\PSoC4/cyfitter_cfg.c ****     errorCode = errorCode;
 114:Generated_Source\PSoC4/cyfitter_cfg.c **** 
 115:Generated_Source\PSoC4/cyfitter_cfg.c ****     /* If we have a clock startup error (bad MHz crystal, PLL lock, etc.),  */
 116:Generated_Source\PSoC4/cyfitter_cfg.c ****     /* we will end up here to allow the customer to implement something to  */
 117:Generated_Source\PSoC4/cyfitter_cfg.c ****     /* deal with the clock condition.                                       */
 118:Generated_Source\PSoC4/cyfitter_cfg.c **** 
 119:Generated_Source\PSoC4/cyfitter_cfg.c **** #ifdef CY_CFG_CLOCK_STARTUP_ERROR_CALLBACK
 120:Generated_Source\PSoC4/cyfitter_cfg.c **** 	CY_CFG_Clock_Startup_ErrorCallback();
 121:Generated_Source\PSoC4/cyfitter_cfg.c **** #else
 122:Generated_Source\PSoC4/cyfitter_cfg.c **** 	/*  If not using CY_CFG_CLOCK_STARTUP_ERROR_CALLBACK, place your clock startup code here. */
 123:Generated_Source\PSoC4/cyfitter_cfg.c ****     /* `#START CyClockStartupError` */
 124:Generated_Source\PSoC4/cyfitter_cfg.c **** 
 125:Generated_Source\PSoC4/cyfitter_cfg.c ****     /* If we have a clock startup error (bad MHz crystal, PLL lock, etc.),  */
 126:Generated_Source\PSoC4/cyfitter_cfg.c ****     /* we will end up here to allow the customer to implement something to  */
 127:Generated_Source\PSoC4/cyfitter_cfg.c ****     /* deal with the clock condition.                                       */
 128:Generated_Source\PSoC4/cyfitter_cfg.c **** 
 129:Generated_Source\PSoC4/cyfitter_cfg.c ****     /* `#END` */
 130:Generated_Source\PSoC4/cyfitter_cfg.c **** 
 131:Generated_Source\PSoC4/cyfitter_cfg.c ****     /* If nothing else, stop here since the clocks have not started         */
 132:Generated_Source\PSoC4/cyfitter_cfg.c ****     /* correctly.                                                           */
 133:Generated_Source\PSoC4/cyfitter_cfg.c ****     while(1) {}
 134:Generated_Source\PSoC4/cyfitter_cfg.c **** #endif /* CY_CFG_CLOCK_STARTUP_ERROR_CALLBACK */ 
 135:Generated_Source\PSoC4/cyfitter_cfg.c **** }
 136:Generated_Source\PSoC4/cyfitter_cfg.c **** #endif
 137:Generated_Source\PSoC4/cyfitter_cfg.c **** 
 138:Generated_Source\PSoC4/cyfitter_cfg.c **** 
 139:Generated_Source\PSoC4/cyfitter_cfg.c **** 
 140:Generated_Source\PSoC4/cyfitter_cfg.c **** /*******************************************************************************
 141:Generated_Source\PSoC4/cyfitter_cfg.c **** * Function Name: ClockSetup
 142:Generated_Source\PSoC4/cyfitter_cfg.c **** ********************************************************************************
 143:Generated_Source\PSoC4/cyfitter_cfg.c **** *
 144:Generated_Source\PSoC4/cyfitter_cfg.c **** * Summary:
 145:Generated_Source\PSoC4/cyfitter_cfg.c **** *   Performs the initialization of all of the clocks in the device based on the
 146:Generated_Source\PSoC4/cyfitter_cfg.c **** *   settings in the Clock tab of the DWR.  This includes enabling the requested
 147:Generated_Source\PSoC4/cyfitter_cfg.c **** *   clocks and setting the necessary dividers to produce the desired frequency. 
 148:Generated_Source\PSoC4/cyfitter_cfg.c **** *
 149:Generated_Source\PSoC4/cyfitter_cfg.c **** * Parameters:
 150:Generated_Source\PSoC4/cyfitter_cfg.c **** *   void
 151:Generated_Source\PSoC4/cyfitter_cfg.c **** *
 152:Generated_Source\PSoC4/cyfitter_cfg.c **** * Return:
 153:Generated_Source\PSoC4/cyfitter_cfg.c **** *   void
 154:Generated_Source\PSoC4/cyfitter_cfg.c **** *
 155:Generated_Source\PSoC4/cyfitter_cfg.c **** *******************************************************************************/
ARM GAS  C:\Users\TTSS\AppData\Local\Temp\cci1On8B.s 			page 6


 156:Generated_Source\PSoC4/cyfitter_cfg.c **** static void ClockSetup(void);
 157:Generated_Source\PSoC4/cyfitter_cfg.c **** CY_CFG_SECTION
 158:Generated_Source\PSoC4/cyfitter_cfg.c **** static void ClockSetup(void)
 159:Generated_Source\PSoC4/cyfitter_cfg.c **** {
 131              		.loc 1 159 0
 132              		.cfi_startproc
 133 0000 80B5     		push	{r7, lr}
 134              		.cfi_def_cfa_offset 8
 135              		.cfi_offset 7, -8
 136              		.cfi_offset 14, -4
 137 0002 00AF     		add	r7, sp, #0
 138              		.cfi_def_cfa_register 7
 160:Generated_Source\PSoC4/cyfitter_cfg.c **** 
 161:Generated_Source\PSoC4/cyfitter_cfg.c **** 	/* Set Flash Cycles based on max possible frequency in case a glitch occurs during ClockSetup(). *
 162:Generated_Source\PSoC4/cyfitter_cfg.c **** 	CY_SET_REG32((void CYXDATA *)(CYREG_CPUSS_FLASH_CTL), (0x0012u));
 139              		.loc 1 162 0
 140 0004 284B     		ldr	r3, .L5
 141 0006 1222     		mov	r2, #18
 142 0008 1A60     		str	r2, [r3]
 163:Generated_Source\PSoC4/cyfitter_cfg.c **** 
 164:Generated_Source\PSoC4/cyfitter_cfg.c **** 	/* Start the WCO */
 165:Generated_Source\PSoC4/cyfitter_cfg.c **** 	CySysClkWcoStart();
 143              		.loc 1 165 0
 144 000a FFF7FEFF 		bl	CySysClkWcoStart
 166:Generated_Source\PSoC4/cyfitter_cfg.c **** 	CyDelayCycles(12000000u); /* WCO may take up to 500ms to start */
 145              		.loc 1 166 0
 146 000e 274B     		ldr	r3, .L5+4
 147 0010 181C     		mov	r0, r3
 148 0012 FFF7FEFF 		bl	CyDelayCycles
 167:Generated_Source\PSoC4/cyfitter_cfg.c **** 	(void)CySysClkWcoSetPowerMode(CY_SYS_CLK_WCO_LPM);    /* Switch to the low power mode */
 149              		.loc 1 167 0
 150 0016 0120     		mov	r0, #1
 151 0018 FFF7FEFF 		bl	CySysClkWcoSetPowerMode
 168:Generated_Source\PSoC4/cyfitter_cfg.c **** 
 169:Generated_Source\PSoC4/cyfitter_cfg.c **** 	/* Setup and trim IMO based on desired frequency. */
 170:Generated_Source\PSoC4/cyfitter_cfg.c **** 	CySysClkWriteImoFreq(48u);
 152              		.loc 1 170 0
 153 001c 3020     		mov	r0, #48
 154 001e FFF7FEFF 		bl	CySysClkWriteImoFreq
 171:Generated_Source\PSoC4/cyfitter_cfg.c **** 	/* CYDEV_CLK_ILO_CONFIG Starting address: CYDEV_CLK_ILO_CONFIG */
 172:Generated_Source\PSoC4/cyfitter_cfg.c **** 	CY_SET_XTND_REG32((void CYFAR *)(CYREG_CLK_ILO_CONFIG), 0x80000006u);
 155              		.loc 1 172 0
 156 0022 234B     		ldr	r3, .L5+8
 157 0024 234A     		ldr	r2, .L5+12
 158 0026 1A60     		str	r2, [r3]
 173:Generated_Source\PSoC4/cyfitter_cfg.c **** 
 174:Generated_Source\PSoC4/cyfitter_cfg.c **** 	/* CYDEV_WDT_CONFIG Starting address: CYDEV_WDT_CONFIG */
 175:Generated_Source\PSoC4/cyfitter_cfg.c **** 	CY_SET_XTND_REG32((void CYFAR *)(CYREG_WDT_CONFIG), 0x40000000u);
 159              		.loc 1 175 0
 160 0028 234B     		ldr	r3, .L5+16
 161 002a 8022     		mov	r2, #128
 162 002c D205     		lsl	r2, r2, #23
 163 002e 1A60     		str	r2, [r3]
 176:Generated_Source\PSoC4/cyfitter_cfg.c **** 
 177:Generated_Source\PSoC4/cyfitter_cfg.c **** 
 178:Generated_Source\PSoC4/cyfitter_cfg.c **** 	/* Enable fast start mode for XO */
 179:Generated_Source\PSoC4/cyfitter_cfg.c **** 	CY_SET_REG32((void*)CYREG_BLE_BLERD_BB_XO, CY_GET_REG32((void*)CYREG_BLE_BLERD_BB_XO) | (uint32)0x
ARM GAS  C:\Users\TTSS\AppData\Local\Temp\cci1On8B.s 			page 7


 164              		.loc 1 179 0
 165 0030 224B     		ldr	r3, .L5+20
 166 0032 224A     		ldr	r2, .L5+20
 167 0034 1268     		ldr	r2, [r2]
 168 0036 0221     		mov	r1, #2
 169 0038 0A43     		orr	r2, r1
 170 003a 1A60     		str	r2, [r3]
 180:Generated_Source\PSoC4/cyfitter_cfg.c **** 	CY_SET_XTND_REG32((void CYFAR *)(CYREG_BLE_BLERD_BB_XO_CAPTRIM), 0x00003E2Du);
 171              		.loc 1 180 0
 172 003c 204B     		ldr	r3, .L5+24
 173 003e 214A     		ldr	r2, .L5+28
 174 0040 1A60     		str	r2, [r3]
 181:Generated_Source\PSoC4/cyfitter_cfg.c **** 	/*Set XTAL(ECO) divider*/
 182:Generated_Source\PSoC4/cyfitter_cfg.c **** 	CY_SET_XTND_REG32((void CYFAR *)(CYREG_BLE_BLESS_XTAL_CLK_DIV_CONFIG), 0x00000000u);
 175              		.loc 1 182 0
 176 0042 214B     		ldr	r3, .L5+32
 177 0044 0022     		mov	r2, #0
 178 0046 1A60     		str	r2, [r3]
 183:Generated_Source\PSoC4/cyfitter_cfg.c **** 	/* Disable Crystal Stable Interrupt before enabling ECO */
 184:Generated_Source\PSoC4/cyfitter_cfg.c **** 	CY_SET_REG32((void*)CYREG_BLE_BLESS_LL_DSM_CTRL, CY_GET_REG32((void*)CYREG_BLE_BLESS_LL_DSM_CTRL) 
 179              		.loc 1 184 0
 180 0048 204B     		ldr	r3, .L5+36
 181 004a 204A     		ldr	r2, .L5+36
 182 004c 1268     		ldr	r2, [r2]
 183 004e 0821     		mov	r1, #8
 184 0050 8A43     		bic	r2, r1
 185 0052 1A60     		str	r2, [r3]
 185:Generated_Source\PSoC4/cyfitter_cfg.c **** 	/* Start the ECO and do not check status since it is not needed for HFCLK */
 186:Generated_Source\PSoC4/cyfitter_cfg.c **** 	(void)CySysClkEcoStart(2000u);
 186              		.loc 1 186 0
 187 0054 FA23     		mov	r3, #250
 188 0056 DB00     		lsl	r3, r3, #3
 189 0058 181C     		mov	r0, r3
 190 005a FFF7FEFF 		bl	CySysClkEcoStart
 187:Generated_Source\PSoC4/cyfitter_cfg.c **** 	CyDelayUs(1500u); /* Wait to stabalize */
 191              		.loc 1 187 0
 192 005e 1C4B     		ldr	r3, .L5+40
 193 0060 181C     		mov	r0, r3
 194 0062 FFF7FEFF 		bl	CyDelayUs
 188:Generated_Source\PSoC4/cyfitter_cfg.c **** 
 189:Generated_Source\PSoC4/cyfitter_cfg.c **** 	/* Setup phase aligned clocks */
 190:Generated_Source\PSoC4/cyfitter_cfg.c **** 	CY_SET_REG32((void *)CYREG_PERI_DIV_16_CTL0, 0x00001D00u);
 195              		.loc 1 190 0
 196 0066 1B4B     		ldr	r3, .L5+44
 197 0068 E822     		mov	r2, #232
 198 006a 5201     		lsl	r2, r2, #5
 199 006c 1A60     		str	r2, [r3]
 191:Generated_Source\PSoC4/cyfitter_cfg.c **** 	CY_SET_REG32((void *)CYREG_PERI_DIV_CMD, 0x8000FF40u);
 200              		.loc 1 191 0
 201 006e 1A4B     		ldr	r3, .L5+48
 202 0070 1A4A     		ldr	r2, .L5+52
 203 0072 1A60     		str	r2, [r3]
 192:Generated_Source\PSoC4/cyfitter_cfg.c **** 
 193:Generated_Source\PSoC4/cyfitter_cfg.c **** 	/* CYDEV_CLK_IMO_CONFIG Starting address: CYDEV_CLK_IMO_CONFIG */
 194:Generated_Source\PSoC4/cyfitter_cfg.c **** 	CY_SET_XTND_REG32((void CYFAR *)(CYREG_CLK_IMO_CONFIG), 0x82000000u);
 204              		.loc 1 194 0
 205 0074 1A4B     		ldr	r3, .L5+56
ARM GAS  C:\Users\TTSS\AppData\Local\Temp\cci1On8B.s 			page 8


 206 0076 8222     		mov	r2, #130
 207 0078 1206     		lsl	r2, r2, #24
 208 007a 1A60     		str	r2, [r3]
 195:Generated_Source\PSoC4/cyfitter_cfg.c **** 
 196:Generated_Source\PSoC4/cyfitter_cfg.c **** 	/* CYDEV_CLK_SELECT Starting address: CYDEV_CLK_SELECT */
 197:Generated_Source\PSoC4/cyfitter_cfg.c **** 	CY_SET_XTND_REG32((void CYFAR *)(CYREG_CLK_SELECT), 0x00040000u);
 209              		.loc 1 197 0
 210 007c 194B     		ldr	r3, .L5+60
 211 007e 8022     		mov	r2, #128
 212 0080 D202     		lsl	r2, r2, #11
 213 0082 1A60     		str	r2, [r3]
 198:Generated_Source\PSoC4/cyfitter_cfg.c **** 
 199:Generated_Source\PSoC4/cyfitter_cfg.c **** 	/* CYDEV_PERI_PCLK_CTL6 Starting address: CYDEV_PERI_PCLK_CTL6 */
 200:Generated_Source\PSoC4/cyfitter_cfg.c **** 	CY_SET_XTND_REG32((void CYFAR *)(CYREG_PERI_PCLK_CTL6), 0x00000040u);
 214              		.loc 1 200 0
 215 0084 184B     		ldr	r3, .L5+64
 216 0086 4022     		mov	r2, #64
 217 0088 1A60     		str	r2, [r3]
 201:Generated_Source\PSoC4/cyfitter_cfg.c **** 
 202:Generated_Source\PSoC4/cyfitter_cfg.c **** 	(void)CyIntSetVector(8u, &CySysWdtIsr);
 218              		.loc 1 202 0
 219 008a 184B     		ldr	r3, .L5+68
 220 008c 0820     		mov	r0, #8
 221 008e 191C     		mov	r1, r3
 222 0090 FFF7FEFF 		bl	CyIntSetVector
 203:Generated_Source\PSoC4/cyfitter_cfg.c **** 	CyIntEnable(8u);
 223              		.loc 1 203 0
 224 0094 0820     		mov	r0, #8
 225 0096 FFF7FEFF 		bl	CyIntEnable
 204:Generated_Source\PSoC4/cyfitter_cfg.c **** 	CY_SET_XTND_REG32((void CYFAR *)(CYREG_WDT_CONFIG), 0x40000000u);
 226              		.loc 1 204 0
 227 009a 074B     		ldr	r3, .L5+16
 228 009c 8022     		mov	r2, #128
 229 009e D205     		lsl	r2, r2, #23
 230 00a0 1A60     		str	r2, [r3]
 205:Generated_Source\PSoC4/cyfitter_cfg.c **** }
 231              		.loc 1 205 0
 232 00a2 BD46     		mov	sp, r7
 233              		@ sp needed
 234 00a4 80BD     		pop	{r7, pc}
 235              	.L6:
 236 00a6 C046     		.align	2
 237              	.L5:
 238 00a8 30001040 		.word	1074790448
 239 00ac 001BB700 		.word	12000000
 240 00b0 04010B40 		.word	1074462980
 241 00b4 06000080 		.word	-2147483642
 242 00b8 0C020B40 		.word	1074463244
 243 00bc 78002E40 		.word	1076756600
 244 00c0 7C002E40 		.word	1076756604
 245 00c4 2D3E0000 		.word	15917
 246 00c8 64F02E40 		.word	1076818020
 247 00cc 6CF02E40 		.word	1076818028
 248 00d0 DC050000 		.word	1500
 249 00d4 00030140 		.word	1073808128
 250 00d8 00000140 		.word	1073807360
 251 00dc 40FF0080 		.word	-2147418304
ARM GAS  C:\Users\TTSS\AppData\Local\Temp\cci1On8B.s 			page 9


 252 00e0 08010B40 		.word	1074462984
 253 00e4 00010B40 		.word	1074462976
 254 00e8 18010140 		.word	1073807640
 255 00ec 00000000 		.word	CySysWdtIsr
 256              		.cfi_endproc
 257              	.LFE5:
 258              		.size	ClockSetup, .-ClockSetup
 259              		.section	.text.AnalogSetDefault,"ax",%progbits
 260              		.align	2
 261              		.code	16
 262              		.thumb_func
 263              		.type	AnalogSetDefault, %function
 264              	AnalogSetDefault:
 265              	.LFB6:
 206:Generated_Source\PSoC4/cyfitter_cfg.c **** 
 207:Generated_Source\PSoC4/cyfitter_cfg.c **** 
 208:Generated_Source\PSoC4/cyfitter_cfg.c **** /* Analog API Functions */
 209:Generated_Source\PSoC4/cyfitter_cfg.c **** 
 210:Generated_Source\PSoC4/cyfitter_cfg.c **** 
 211:Generated_Source\PSoC4/cyfitter_cfg.c **** /*******************************************************************************
 212:Generated_Source\PSoC4/cyfitter_cfg.c **** * Function Name: AnalogSetDefault
 213:Generated_Source\PSoC4/cyfitter_cfg.c **** ********************************************************************************
 214:Generated_Source\PSoC4/cyfitter_cfg.c **** *
 215:Generated_Source\PSoC4/cyfitter_cfg.c **** * Summary:
 216:Generated_Source\PSoC4/cyfitter_cfg.c **** *  Sets up the analog portions of the chip to default values based on chip
 217:Generated_Source\PSoC4/cyfitter_cfg.c **** *  configuration options from the project.
 218:Generated_Source\PSoC4/cyfitter_cfg.c **** *
 219:Generated_Source\PSoC4/cyfitter_cfg.c **** * Parameters:
 220:Generated_Source\PSoC4/cyfitter_cfg.c **** *  void
 221:Generated_Source\PSoC4/cyfitter_cfg.c **** *
 222:Generated_Source\PSoC4/cyfitter_cfg.c **** * Return:
 223:Generated_Source\PSoC4/cyfitter_cfg.c **** *  void
 224:Generated_Source\PSoC4/cyfitter_cfg.c **** *
 225:Generated_Source\PSoC4/cyfitter_cfg.c **** *******************************************************************************/
 226:Generated_Source\PSoC4/cyfitter_cfg.c **** static void AnalogSetDefault(void);
 227:Generated_Source\PSoC4/cyfitter_cfg.c **** static void AnalogSetDefault(void)
 228:Generated_Source\PSoC4/cyfitter_cfg.c **** {
 266              		.loc 1 228 0
 267              		.cfi_startproc
 268 0000 80B5     		push	{r7, lr}
 269              		.cfi_def_cfa_offset 8
 270              		.cfi_offset 7, -8
 271              		.cfi_offset 14, -4
 272 0002 00AF     		add	r7, sp, #0
 273              		.cfi_def_cfa_register 7
 229:Generated_Source\PSoC4/cyfitter_cfg.c **** 	CY_SET_XTND_REG32((void CYFAR *)CYREG_CTBM0_DFT_CTRL, 0x00000003u);
 274              		.loc 1 229 0
 275 0004 084B     		ldr	r3, .L8
 276 0006 0322     		mov	r2, #3
 277 0008 1A60     		str	r2, [r3]
 230:Generated_Source\PSoC4/cyfitter_cfg.c **** 	CY_SET_XTND_REG32((void CYFAR *)CYREG_CTBM1_DFT_CTRL, 0x00000003u);
 278              		.loc 1 230 0
 279 000a 084B     		ldr	r3, .L8+4
 280 000c 0322     		mov	r2, #3
 281 000e 1A60     		str	r2, [r3]
 231:Generated_Source\PSoC4/cyfitter_cfg.c **** 	CY_SET_XTND_REG32((void CYFAR *)CYREG_SAR_CTRL, 0x80000000u);
 282              		.loc 1 231 0
ARM GAS  C:\Users\TTSS\AppData\Local\Temp\cci1On8B.s 			page 10


 283 0010 074B     		ldr	r3, .L8+8
 284 0012 8022     		mov	r2, #128
 285 0014 1206     		lsl	r2, r2, #24
 286 0016 1A60     		str	r2, [r3]
 232:Generated_Source\PSoC4/cyfitter_cfg.c **** 	CY_SET_XTND_REG32((void CYFAR *)CYREG_SAR_MUX_SWITCH0, 0x00000001u);
 287              		.loc 1 232 0
 288 0018 064B     		ldr	r3, .L8+12
 289 001a 0122     		mov	r2, #1
 290 001c 1A60     		str	r2, [r3]
 233:Generated_Source\PSoC4/cyfitter_cfg.c **** 	CY_SET_XTND_REG32((void CYFAR *)CYREG_PASS_DSAB_DSAB_CTRL, 0x00000000u);
 291              		.loc 1 233 0
 292 001e 064B     		ldr	r3, .L8+16
 293 0020 0022     		mov	r2, #0
 294 0022 1A60     		str	r2, [r3]
 234:Generated_Source\PSoC4/cyfitter_cfg.c **** 	/* Variable VDDA is selected; no pumps are enabled by default */
 235:Generated_Source\PSoC4/cyfitter_cfg.c **** }
 295              		.loc 1 235 0
 296 0024 BD46     		mov	sp, r7
 297              		@ sp needed
 298 0026 80BD     		pop	{r7, pc}
 299              	.L9:
 300              		.align	2
 301              	.L8:
 302 0028 30003040 		.word	1076887600
 303 002c 30003140 		.word	1076953136
 304 0030 00003A40 		.word	1077542912
 305 0034 00033A40 		.word	1077543680
 306 0038 000E3F40 		.word	1077874176
 307              		.cfi_endproc
 308              	.LFE6:
 309              		.size	AnalogSetDefault, .-AnalogSetDefault
 310              		.section	.text.SetAnalogRoutingPumps,"ax",%progbits
 311              		.align	2
 312              		.global	SetAnalogRoutingPumps
 313              		.code	16
 314              		.thumb_func
 315              		.type	SetAnalogRoutingPumps, %function
 316              	SetAnalogRoutingPumps:
 317              	.LFB7:
 236:Generated_Source\PSoC4/cyfitter_cfg.c **** 
 237:Generated_Source\PSoC4/cyfitter_cfg.c **** 
 238:Generated_Source\PSoC4/cyfitter_cfg.c **** /*******************************************************************************
 239:Generated_Source\PSoC4/cyfitter_cfg.c **** * Function Name: SetAnalogRoutingPumps
 240:Generated_Source\PSoC4/cyfitter_cfg.c **** ********************************************************************************
 241:Generated_Source\PSoC4/cyfitter_cfg.c **** *
 242:Generated_Source\PSoC4/cyfitter_cfg.c **** * Summary:
 243:Generated_Source\PSoC4/cyfitter_cfg.c **** * Enables or disables the analog pumps feeding analog routing switches.
 244:Generated_Source\PSoC4/cyfitter_cfg.c **** * Intended to be called at startup, based on the Vdda system configuration;
 245:Generated_Source\PSoC4/cyfitter_cfg.c **** * may be called during operation when the user informs us that the Vdda voltage crossed the pump th
 246:Generated_Source\PSoC4/cyfitter_cfg.c **** *
 247:Generated_Source\PSoC4/cyfitter_cfg.c **** * Parameters:
 248:Generated_Source\PSoC4/cyfitter_cfg.c **** *  enabled - 1 to enable the pumps, 0 to disable the pumps
 249:Generated_Source\PSoC4/cyfitter_cfg.c **** *
 250:Generated_Source\PSoC4/cyfitter_cfg.c **** * Return:
 251:Generated_Source\PSoC4/cyfitter_cfg.c **** *  void
 252:Generated_Source\PSoC4/cyfitter_cfg.c **** *
 253:Generated_Source\PSoC4/cyfitter_cfg.c **** *******************************************************************************/
ARM GAS  C:\Users\TTSS\AppData\Local\Temp\cci1On8B.s 			page 11


 254:Generated_Source\PSoC4/cyfitter_cfg.c **** void SetAnalogRoutingPumps(uint8 enabled)
 255:Generated_Source\PSoC4/cyfitter_cfg.c **** {
 318              		.loc 1 255 0
 319              		.cfi_startproc
 320 0000 80B5     		push	{r7, lr}
 321              		.cfi_def_cfa_offset 8
 322              		.cfi_offset 7, -8
 323              		.cfi_offset 14, -4
 324 0002 84B0     		sub	sp, sp, #16
 325              		.cfi_def_cfa_offset 24
 326 0004 00AF     		add	r7, sp, #0
 327              		.cfi_def_cfa_register 7
 328 0006 021C     		mov	r2, r0
 329 0008 FB1D     		add	r3, r7, #7
 330 000a 1A70     		strb	r2, [r3]
 256:Generated_Source\PSoC4/cyfitter_cfg.c **** 	uint32 regValue = CY_GET_XTND_REG32((void *)(CYREG_SAR_PUMP_CTRL));
 331              		.loc 1 256 0
 332 000c 0B4B     		ldr	r3, .L13
 333 000e 1B68     		ldr	r3, [r3]
 334 0010 FB60     		str	r3, [r7, #12]
 257:Generated_Source\PSoC4/cyfitter_cfg.c **** 	if (enabled != 0u)
 335              		.loc 1 257 0
 336 0012 FB1D     		add	r3, r7, #7
 337 0014 1B78     		ldrb	r3, [r3]
 338 0016 002B     		cmp	r3, #0
 339 0018 05D0     		beq	.L11
 258:Generated_Source\PSoC4/cyfitter_cfg.c **** 	{
 259:Generated_Source\PSoC4/cyfitter_cfg.c **** 		regValue |= 0x80000000u;
 340              		.loc 1 259 0
 341 001a FB68     		ldr	r3, [r7, #12]
 342 001c 8022     		mov	r2, #128
 343 001e 1206     		lsl	r2, r2, #24
 344 0020 1343     		orr	r3, r2
 345 0022 FB60     		str	r3, [r7, #12]
 346 0024 03E0     		b	.L12
 347              	.L11:
 260:Generated_Source\PSoC4/cyfitter_cfg.c **** 	}
 261:Generated_Source\PSoC4/cyfitter_cfg.c **** 	else
 262:Generated_Source\PSoC4/cyfitter_cfg.c **** 	{
 263:Generated_Source\PSoC4/cyfitter_cfg.c **** 		regValue &= ~0x80000000u;
 348              		.loc 1 263 0
 349 0026 FB68     		ldr	r3, [r7, #12]
 350 0028 5B00     		lsl	r3, r3, #1
 351 002a 5B08     		lsr	r3, r3, #1
 352 002c FB60     		str	r3, [r7, #12]
 353              	.L12:
 264:Generated_Source\PSoC4/cyfitter_cfg.c **** 	}
 265:Generated_Source\PSoC4/cyfitter_cfg.c **** 	CY_SET_XTND_REG32((void *)(CYREG_SAR_PUMP_CTRL), regValue);
 354              		.loc 1 265 0
 355 002e 034B     		ldr	r3, .L13
 356 0030 FA68     		ldr	r2, [r7, #12]
 357 0032 1A60     		str	r2, [r3]
 266:Generated_Source\PSoC4/cyfitter_cfg.c **** }
 358              		.loc 1 266 0
 359 0034 BD46     		mov	sp, r7
 360 0036 04B0     		add	sp, sp, #16
 361              		@ sp needed
ARM GAS  C:\Users\TTSS\AppData\Local\Temp\cci1On8B.s 			page 12


 362 0038 80BD     		pop	{r7, pc}
 363              	.L14:
 364 003a C046     		.align	2
 365              	.L13:
 366 003c 80033A40 		.word	1077543808
 367              		.cfi_endproc
 368              	.LFE7:
 369              		.size	SetAnalogRoutingPumps, .-SetAnalogRoutingPumps
 370              		.section	.psocinit
 371              		.align	2
 372              		.global	cyfitter_cfg
 373              		.code	16
 374              		.thumb_func
 375              		.type	cyfitter_cfg, %function
 376              	cyfitter_cfg:
 377              	.LFB8:
 267:Generated_Source\PSoC4/cyfitter_cfg.c **** 
 268:Generated_Source\PSoC4/cyfitter_cfg.c **** #define CY_AMUX_UNUSED CYREG_CM0_ROM_DWT
 269:Generated_Source\PSoC4/cyfitter_cfg.c **** 
 270:Generated_Source\PSoC4/cyfitter_cfg.c **** 
 271:Generated_Source\PSoC4/cyfitter_cfg.c **** /*******************************************************************************
 272:Generated_Source\PSoC4/cyfitter_cfg.c **** * Function Name: cyfitter_cfg
 273:Generated_Source\PSoC4/cyfitter_cfg.c **** ********************************************************************************
 274:Generated_Source\PSoC4/cyfitter_cfg.c **** * Summary:
 275:Generated_Source\PSoC4/cyfitter_cfg.c **** *  This function is called by the start-up code for the selected device. It
 276:Generated_Source\PSoC4/cyfitter_cfg.c **** *  performs all of the necessary device configuration based on the design
 277:Generated_Source\PSoC4/cyfitter_cfg.c **** *  settings.  This includes settings from the Design Wide Resources (DWR) such
 278:Generated_Source\PSoC4/cyfitter_cfg.c **** *  as Clocks and Pins as well as any component configuration that is necessary.
 279:Generated_Source\PSoC4/cyfitter_cfg.c **** *
 280:Generated_Source\PSoC4/cyfitter_cfg.c **** * Parameters:  
 281:Generated_Source\PSoC4/cyfitter_cfg.c **** *   void
 282:Generated_Source\PSoC4/cyfitter_cfg.c **** *
 283:Generated_Source\PSoC4/cyfitter_cfg.c **** * Return:
 284:Generated_Source\PSoC4/cyfitter_cfg.c **** *   void
 285:Generated_Source\PSoC4/cyfitter_cfg.c **** *
 286:Generated_Source\PSoC4/cyfitter_cfg.c **** *******************************************************************************/
 287:Generated_Source\PSoC4/cyfitter_cfg.c **** CY_CFG_SECTION
 288:Generated_Source\PSoC4/cyfitter_cfg.c **** void cyfitter_cfg(void)
 289:Generated_Source\PSoC4/cyfitter_cfg.c **** {
 378              		.loc 1 289 0
 379              		.cfi_startproc
 380 00f0 80B5     		push	{r7, lr}
 381              		.cfi_def_cfa_offset 8
 382              		.cfi_offset 7, -8
 383              		.cfi_offset 14, -4
 384 00f2 82B0     		sub	sp, sp, #8
 385              		.cfi_def_cfa_offset 16
 386 00f4 00AF     		add	r7, sp, #0
 387              		.cfi_def_cfa_register 7
 290:Generated_Source\PSoC4/cyfitter_cfg.c **** 	/* Disable interrupts by default. Let user enable if/when they want. */
 291:Generated_Source\PSoC4/cyfitter_cfg.c **** 	CyGlobalIntDisable;
 388              		.loc 1 291 0
 389              	@ 291 "Generated_Source\PSoC4\cyfitter_cfg.c" 1
 390 00f6 72B6     		CPSID   i
 391              	@ 0 "" 2
 292:Generated_Source\PSoC4/cyfitter_cfg.c **** 
 293:Generated_Source\PSoC4/cyfitter_cfg.c **** 	CY_SET_XTND_REG32((void CYFAR *)(CYREG_BLE_BLESS_LL_DSM_CTRL), 0x00000000u);
ARM GAS  C:\Users\TTSS\AppData\Local\Temp\cci1On8B.s 			page 13


 392              		.loc 1 293 0
 393              		.code	16
 394 00f8 384B     		ldr	r3, .L18
 395 00fa 0022     		mov	r2, #0
 396 00fc 1A60     		str	r2, [r3]
 397              	.LBB2:
 294:Generated_Source\PSoC4/cyfitter_cfg.c **** 
 295:Generated_Source\PSoC4/cyfitter_cfg.c **** 	{
 296:Generated_Source\PSoC4/cyfitter_cfg.c **** 
 297:Generated_Source\PSoC4/cyfitter_cfg.c **** 		CYPACKED typedef struct {
 298:Generated_Source\PSoC4/cyfitter_cfg.c **** 			void CYFAR *address;
 299:Generated_Source\PSoC4/cyfitter_cfg.c **** 			uint16 size;
 300:Generated_Source\PSoC4/cyfitter_cfg.c **** 		} CYPACKED_ATTR cfg_memset_t;
 301:Generated_Source\PSoC4/cyfitter_cfg.c **** 
 302:Generated_Source\PSoC4/cyfitter_cfg.c **** 		static const cfg_memset_t CYCODE cfg_memset_list [] = {
 303:Generated_Source\PSoC4/cyfitter_cfg.c **** 			/* address, size */
 304:Generated_Source\PSoC4/cyfitter_cfg.c **** 			{(void CYFAR *)(CYDEV_UDB_P0_U0_BASE), 1024u},
 305:Generated_Source\PSoC4/cyfitter_cfg.c **** 			{(void CYFAR *)(CYDEV_UDB_DSI0_BASE), 1024u},
 306:Generated_Source\PSoC4/cyfitter_cfg.c **** 		};
 307:Generated_Source\PSoC4/cyfitter_cfg.c **** 
 308:Generated_Source\PSoC4/cyfitter_cfg.c **** 		uint8 CYDATA i;
 309:Generated_Source\PSoC4/cyfitter_cfg.c **** 
 310:Generated_Source\PSoC4/cyfitter_cfg.c **** 		/* Zero out critical memory blocks before beginning configuration */
 311:Generated_Source\PSoC4/cyfitter_cfg.c **** 		for (i = 0u; i < (sizeof(cfg_memset_list)/sizeof(cfg_memset_list[0])); i++)
 398              		.loc 1 311 0
 399 00fe FB1D     		add	r3, r7, #7
 400 0100 0022     		mov	r2, #0
 401 0102 1A70     		strb	r2, [r3]
 402 0104 23E0     		b	.L16
 403              	.L17:
 404              	.LBB3:
 312:Generated_Source\PSoC4/cyfitter_cfg.c **** 		{
 313:Generated_Source\PSoC4/cyfitter_cfg.c **** 			const cfg_memset_t CYCODE * CYDATA ms = &cfg_memset_list[i];
 405              		.loc 1 313 0 discriminator 3
 406 0106 FB1D     		add	r3, r7, #7
 407 0108 1A78     		ldrb	r2, [r3]
 408 010a 131C     		mov	r3, r2
 409 010c 5B00     		lsl	r3, r3, #1
 410 010e 9B18     		add	r3, r3, r2
 411 0110 5B00     		lsl	r3, r3, #1
 412 0112 334A     		ldr	r2, .L18+4
 413 0114 9B18     		add	r3, r3, r2
 414 0116 3B60     		str	r3, [r7]
 314:Generated_Source\PSoC4/cyfitter_cfg.c **** 			CYMEMZERO(ms->address, (size_t)(uint32)(ms->size));
 415              		.loc 1 314 0 discriminator 3
 416 0118 3B68     		ldr	r3, [r7]
 417 011a 1A78     		ldrb	r2, [r3]
 418 011c 5978     		ldrb	r1, [r3, #1]
 419 011e 0902     		lsl	r1, r1, #8
 420 0120 0A43     		orr	r2, r1
 421 0122 9978     		ldrb	r1, [r3, #2]
 422 0124 0904     		lsl	r1, r1, #16
 423 0126 0A43     		orr	r2, r1
 424 0128 DB78     		ldrb	r3, [r3, #3]
 425 012a 1B06     		lsl	r3, r3, #24
 426 012c 1343     		orr	r3, r2
 427 012e 191C     		mov	r1, r3
ARM GAS  C:\Users\TTSS\AppData\Local\Temp\cci1On8B.s 			page 14


 428 0130 3B68     		ldr	r3, [r7]
 429 0132 1A79     		ldrb	r2, [r3, #4]
 430 0134 5B79     		ldrb	r3, [r3, #5]
 431 0136 1B02     		lsl	r3, r3, #8
 432 0138 1343     		orr	r3, r2
 433 013a 9BB2     		uxth	r3, r3
 434 013c 081C     		mov	r0, r1
 435 013e 191C     		mov	r1, r3
 436 0140 FFF7FEFF 		bl	CYMEMZERO
 437              	.LBE3:
 311:Generated_Source\PSoC4/cyfitter_cfg.c **** 		{
 438              		.loc 1 311 0 discriminator 3
 439 0144 FB1D     		add	r3, r7, #7
 440 0146 1A78     		ldrb	r2, [r3]
 441 0148 FB1D     		add	r3, r7, #7
 442 014a 0132     		add	r2, r2, #1
 443 014c 1A70     		strb	r2, [r3]
 444              	.L16:
 311:Generated_Source\PSoC4/cyfitter_cfg.c **** 		{
 445              		.loc 1 311 0 is_stmt 0 discriminator 1
 446 014e FB1D     		add	r3, r7, #7
 447 0150 1B78     		ldrb	r3, [r3]
 448 0152 012B     		cmp	r3, #1
 449 0154 D7D9     		bls	.L17
 315:Generated_Source\PSoC4/cyfitter_cfg.c **** 		}
 316:Generated_Source\PSoC4/cyfitter_cfg.c **** 
 317:Generated_Source\PSoC4/cyfitter_cfg.c **** 		/* HSIOM Starting address: CYDEV_HSIOM_BASE */
 318:Generated_Source\PSoC4/cyfitter_cfg.c **** 		CY_SET_XTND_REG32((void CYFAR *)(CYDEV_HSIOM_BASE), 0xEE000000u);
 450              		.loc 1 318 0 is_stmt 1
 451 0156 234B     		ldr	r3, .L18+8
 452 0158 EE22     		mov	r2, #238
 453 015a 1206     		lsl	r2, r2, #24
 454 015c 1A60     		str	r2, [r3]
 319:Generated_Source\PSoC4/cyfitter_cfg.c **** 
 320:Generated_Source\PSoC4/cyfitter_cfg.c **** 		/* UDB_PA_0 Starting address: CYDEV_UDB_PA0_BASE */
 321:Generated_Source\PSoC4/cyfitter_cfg.c **** 		CY_SET_XTND_REG32((void CYFAR *)(CYDEV_UDB_PA0_BASE), 0x00990000u);
 455              		.loc 1 321 0
 456 015e 224B     		ldr	r3, .L18+12
 457 0160 9922     		mov	r2, #153
 458 0162 1204     		lsl	r2, r2, #16
 459 0164 1A60     		str	r2, [r3]
 322:Generated_Source\PSoC4/cyfitter_cfg.c **** 
 323:Generated_Source\PSoC4/cyfitter_cfg.c **** 		/* UDB_PA_2 Starting address: CYDEV_UDB_PA2_BASE */
 324:Generated_Source\PSoC4/cyfitter_cfg.c **** 		CY_SET_XTND_REG32((void CYFAR *)(CYDEV_UDB_PA2_BASE), 0x00990000u);
 460              		.loc 1 324 0
 461 0166 214B     		ldr	r3, .L18+16
 462 0168 9922     		mov	r2, #153
 463 016a 1204     		lsl	r2, r2, #16
 464 016c 1A60     		str	r2, [r3]
 325:Generated_Source\PSoC4/cyfitter_cfg.c **** 
 326:Generated_Source\PSoC4/cyfitter_cfg.c **** 		/* UDB_PA_3 Starting address: CYDEV_UDB_PA3_BASE */
 327:Generated_Source\PSoC4/cyfitter_cfg.c **** 		CY_SET_XTND_REG32((void CYFAR *)(CYDEV_UDB_PA3_BASE), 0x00990000u);
 465              		.loc 1 327 0
 466 016e 204B     		ldr	r3, .L18+20
 467 0170 9922     		mov	r2, #153
 468 0172 1204     		lsl	r2, r2, #16
 469 0174 1A60     		str	r2, [r3]
ARM GAS  C:\Users\TTSS\AppData\Local\Temp\cci1On8B.s 			page 15


 328:Generated_Source\PSoC4/cyfitter_cfg.c **** 
 329:Generated_Source\PSoC4/cyfitter_cfg.c **** 		/* Enable digital routing */
 330:Generated_Source\PSoC4/cyfitter_cfg.c **** 		CY_SET_XTND_REG8((void *)CYREG_UDB_UDBIF_BANK_CTL, CY_GET_XTND_REG8((void *)CYREG_UDB_UDBIF_BANK_
 470              		.loc 1 330 0
 471 0176 1F4A     		ldr	r2, .L18+24
 472 0178 1E4B     		ldr	r3, .L18+24
 473 017a 1B78     		ldrb	r3, [r3]
 474 017c DBB2     		uxtb	r3, r3
 475 017e 0221     		mov	r1, #2
 476 0180 0B43     		orr	r3, r1
 477 0182 DBB2     		uxtb	r3, r3
 478 0184 1370     		strb	r3, [r2]
 331:Generated_Source\PSoC4/cyfitter_cfg.c **** 
 332:Generated_Source\PSoC4/cyfitter_cfg.c **** 		/* Enable UDB array */
 333:Generated_Source\PSoC4/cyfitter_cfg.c **** 		CY_SET_XTND_REG8((void *)CYREG_UDB_UDBIF_WAIT_CFG, (uint8)((CY_GET_XTND_REG8((void *)CYREG_UDB_UD
 479              		.loc 1 333 0
 480 0186 1C4A     		ldr	r2, .L18+28
 481 0188 1B4B     		ldr	r3, .L18+28
 482 018a 1B78     		ldrb	r3, [r3]
 483 018c DBB2     		uxtb	r3, r3
 484 018e 3C21     		mov	r1, #60
 485 0190 8B43     		bic	r3, r1
 486 0192 DBB2     		uxtb	r3, r3
 487 0194 1421     		mov	r1, #20
 488 0196 0B43     		orr	r3, r1
 489 0198 DBB2     		uxtb	r3, r3
 490 019a 1370     		strb	r3, [r2]
 334:Generated_Source\PSoC4/cyfitter_cfg.c **** 		CY_SET_XTND_REG8((void *)CYREG_UDB_UDBIF_BANK_CTL, (uint8)(CY_GET_XTND_REG8((void *)CYREG_UDB_UDB
 491              		.loc 1 334 0
 492 019c 154A     		ldr	r2, .L18+24
 493 019e 154B     		ldr	r3, .L18+24
 494 01a0 1B78     		ldrb	r3, [r3]
 495 01a2 DBB2     		uxtb	r3, r3
 496 01a4 1621     		mov	r1, #22
 497 01a6 0B43     		orr	r3, r1
 498 01a8 DBB2     		uxtb	r3, r3
 499 01aa 1370     		strb	r3, [r2]
 500              	.LBE2:
 335:Generated_Source\PSoC4/cyfitter_cfg.c **** 	}
 336:Generated_Source\PSoC4/cyfitter_cfg.c **** 
 337:Generated_Source\PSoC4/cyfitter_cfg.c **** 	/* Perform second pass device configuration. These items must be configured in specific order afte
 338:Generated_Source\PSoC4/cyfitter_cfg.c **** 	/* IOPINS0_0 Starting address: CYDEV_GPIO_PRT0_BASE */
 339:Generated_Source\PSoC4/cyfitter_cfg.c **** 	CY_SET_XTND_REG32((void CYFAR *)(CYREG_GPIO_PRT0_PC), 0x00D80000u);
 501              		.loc 1 339 0
 502 01ac 134B     		ldr	r3, .L18+32
 503 01ae D822     		mov	r2, #216
 504 01b0 1204     		lsl	r2, r2, #16
 505 01b2 1A60     		str	r2, [r3]
 340:Generated_Source\PSoC4/cyfitter_cfg.c **** 
 341:Generated_Source\PSoC4/cyfitter_cfg.c **** 	/* IOPINS0_2 Starting address: CYDEV_GPIO_PRT2_BASE */
 342:Generated_Source\PSoC4/cyfitter_cfg.c **** 	CY_SET_XTND_REG32((void CYFAR *)(CYDEV_GPIO_PRT2_BASE), 0x00000001u);
 506              		.loc 1 342 0
 507 01b4 124B     		ldr	r3, .L18+36
 508 01b6 0122     		mov	r2, #1
 509 01b8 1A60     		str	r2, [r3]
 343:Generated_Source\PSoC4/cyfitter_cfg.c **** 	CY_SET_XTND_REG32((void CYFAR *)(CYREG_GPIO_PRT2_PC), 0x00000036u);
 510              		.loc 1 343 0
ARM GAS  C:\Users\TTSS\AppData\Local\Temp\cci1On8B.s 			page 16


 511 01ba 124B     		ldr	r3, .L18+40
 512 01bc 3622     		mov	r2, #54
 513 01be 1A60     		str	r2, [r3]
 344:Generated_Source\PSoC4/cyfitter_cfg.c **** 
 345:Generated_Source\PSoC4/cyfitter_cfg.c **** 	/* IOPINS0_3 Starting address: CYDEV_GPIO_PRT3_BASE */
 346:Generated_Source\PSoC4/cyfitter_cfg.c **** 	CY_SET_XTND_REG32((void CYFAR *)(CYDEV_GPIO_PRT3_BASE), 0x00000001u);
 514              		.loc 1 346 0
 515 01c0 114B     		ldr	r3, .L18+44
 516 01c2 0122     		mov	r2, #1
 517 01c4 1A60     		str	r2, [r3]
 347:Generated_Source\PSoC4/cyfitter_cfg.c **** 	CY_SET_XTND_REG32((void CYFAR *)(CYREG_GPIO_PRT3_PC2), 0x00000001u);
 518              		.loc 1 347 0
 519 01c6 114B     		ldr	r3, .L18+48
 520 01c8 0122     		mov	r2, #1
 521 01ca 1A60     		str	r2, [r3]
 348:Generated_Source\PSoC4/cyfitter_cfg.c **** 
 349:Generated_Source\PSoC4/cyfitter_cfg.c **** 
 350:Generated_Source\PSoC4/cyfitter_cfg.c **** 	/* Setup clocks based on selections from Clock DWR */
 351:Generated_Source\PSoC4/cyfitter_cfg.c **** 	ClockSetup();
 522              		.loc 1 351 0
 523 01cc FFF718FF 		bl	ClockSetup
 352:Generated_Source\PSoC4/cyfitter_cfg.c **** 
 353:Generated_Source\PSoC4/cyfitter_cfg.c **** 	/* Perform basic analog initialization to defaults */
 354:Generated_Source\PSoC4/cyfitter_cfg.c **** 	AnalogSetDefault();
 524              		.loc 1 354 0
 525 01d0 FFF7FEFF 		bl	AnalogSetDefault
 355:Generated_Source\PSoC4/cyfitter_cfg.c **** 
 356:Generated_Source\PSoC4/cyfitter_cfg.c **** }
 526              		.loc 1 356 0
 527 01d4 BD46     		mov	sp, r7
 528 01d6 02B0     		add	sp, sp, #8
 529              		@ sp needed
 530 01d8 80BD     		pop	{r7, pc}
 531              	.L19:
 532 01da C046     		.align	2
 533              	.L18:
 534 01dc 6CF02E40 		.word	1076818028
 535 01e0 00000000 		.word	cfg_memset_list.4748
 536 01e4 00000240 		.word	1073872896
 537 01e8 00500F40 		.word	1074745344
 538 01ec 20500F40 		.word	1074745376
 539 01f0 30500F40 		.word	1074745392
 540 01f4 00700F40 		.word	1074753536
 541 01f8 01700F40 		.word	1074753537
 542 01fc 08000440 		.word	1074003976
 543 0200 00020440 		.word	1074004480
 544 0204 08020440 		.word	1074004488
 545 0208 00030440 		.word	1074004736
 546 020c 18030440 		.word	1074004760
 547              		.cfi_endproc
 548              	.LFE8:
 549              		.size	cyfitter_cfg, .-cyfitter_cfg
 550              		.section	.rodata
 551              		.align	2
 552              		.type	cfg_memset_list.4748, %object
 553              		.size	cfg_memset_list.4748, 12
 554              	cfg_memset_list.4748:
ARM GAS  C:\Users\TTSS\AppData\Local\Temp\cci1On8B.s 			page 17


 555 0000 00300F40 		.word	1074737152
 556 0004 0004     		.short	1024
 557 0006 00400F40 		.4byte	1074741248
 558 000a 0004     		.short	1024
 559              		.text
 560              	.Letext0:
 561              		.file 2 "c:\\program files (x86)\\cypress\\psoc creator\\4.0\\psoc creator\\import\\gnu\\arm\\4.9.
 562              		.file 3 "Generated_Source\\PSoC4\\cytypes.h"
 563              		.section	.debug_info,"",%progbits
 564              	.Ldebug_info0:
 565 0000 81020000 		.4byte	0x281
 566 0004 0400     		.2byte	0x4
 567 0006 00000000 		.4byte	.Ldebug_abbrev0
 568 000a 04       		.byte	0x4
 569 000b 01       		.uleb128 0x1
 570 000c 25010000 		.4byte	.LASF31
 571 0010 01       		.byte	0x1
 572 0011 3D020000 		.4byte	.LASF32
 573 0015 5C000000 		.4byte	.LASF33
 574 0019 00000000 		.4byte	.Ldebug_ranges0+0
 575 001d 00000000 		.4byte	0
 576 0021 00000000 		.4byte	.Ldebug_line0
 577 0025 02       		.uleb128 0x2
 578 0026 04       		.byte	0x4
 579 0027 05       		.byte	0x5
 580 0028 696E7400 		.ascii	"int\000"
 581 002c 03       		.uleb128 0x3
 582 002d 16000000 		.4byte	.LASF11
 583 0031 02       		.byte	0x2
 584 0032 D4       		.byte	0xd4
 585 0033 37000000 		.4byte	0x37
 586 0037 04       		.uleb128 0x4
 587 0038 04       		.byte	0x4
 588 0039 07       		.byte	0x7
 589 003a C1010000 		.4byte	.LASF0
 590 003e 04       		.uleb128 0x4
 591 003f 01       		.byte	0x1
 592 0040 06       		.byte	0x6
 593 0041 31020000 		.4byte	.LASF1
 594 0045 04       		.uleb128 0x4
 595 0046 01       		.byte	0x1
 596 0047 08       		.byte	0x8
 597 0048 03010000 		.4byte	.LASF2
 598 004c 04       		.uleb128 0x4
 599 004d 02       		.byte	0x2
 600 004e 05       		.byte	0x5
 601 004f 16020000 		.4byte	.LASF3
 602 0053 04       		.uleb128 0x4
 603 0054 02       		.byte	0x2
 604 0055 07       		.byte	0x7
 605 0056 49000000 		.4byte	.LASF4
 606 005a 04       		.uleb128 0x4
 607 005b 04       		.byte	0x4
 608 005c 05       		.byte	0x5
 609 005d 28020000 		.4byte	.LASF5
 610 0061 04       		.uleb128 0x4
 611 0062 04       		.byte	0x4
ARM GAS  C:\Users\TTSS\AppData\Local\Temp\cci1On8B.s 			page 18


 612 0063 07       		.byte	0x7
 613 0064 CB000000 		.4byte	.LASF6
 614 0068 04       		.uleb128 0x4
 615 0069 08       		.byte	0x8
 616 006a 05       		.byte	0x5
 617 006b 03020000 		.4byte	.LASF7
 618 006f 04       		.uleb128 0x4
 619 0070 08       		.byte	0x8
 620 0071 07       		.byte	0x7
 621 0072 D6010000 		.4byte	.LASF8
 622 0076 04       		.uleb128 0x4
 623 0077 04       		.byte	0x4
 624 0078 07       		.byte	0x7
 625 0079 FA010000 		.4byte	.LASF9
 626 007d 05       		.uleb128 0x5
 627 007e 04       		.byte	0x4
 628 007f 04       		.uleb128 0x4
 629 0080 01       		.byte	0x1
 630 0081 08       		.byte	0x8
 631 0082 11020000 		.4byte	.LASF10
 632 0086 06       		.uleb128 0x6
 633 0087 DD000000 		.4byte	.LASF12
 634 008b 03       		.byte	0x3
 635 008c 3801     		.2byte	0x138
 636 008e 45000000 		.4byte	0x45
 637 0092 06       		.uleb128 0x6
 638 0093 B3010000 		.4byte	.LASF13
 639 0097 03       		.byte	0x3
 640 0098 3901     		.2byte	0x139
 641 009a 53000000 		.4byte	0x53
 642 009e 06       		.uleb128 0x6
 643 009f BA010000 		.4byte	.LASF14
 644 00a3 03       		.byte	0x3
 645 00a4 3A01     		.2byte	0x13a
 646 00a6 61000000 		.4byte	0x61
 647 00aa 04       		.uleb128 0x4
 648 00ab 04       		.byte	0x4
 649 00ac 04       		.byte	0x4
 650 00ad B6000000 		.4byte	.LASF15
 651 00b1 04       		.uleb128 0x4
 652 00b2 08       		.byte	0x8
 653 00b3 04       		.byte	0x4
 654 00b4 11010000 		.4byte	.LASF16
 655 00b8 06       		.uleb128 0x6
 656 00b9 C6000000 		.4byte	.LASF17
 657 00bd 03       		.byte	0x3
 658 00be E201     		.2byte	0x1e2
 659 00c0 C4000000 		.4byte	0xc4
 660 00c4 07       		.uleb128 0x7
 661 00c5 86000000 		.4byte	0x86
 662 00c9 06       		.uleb128 0x6
 663 00ca 10000000 		.4byte	.LASF18
 664 00ce 03       		.byte	0x3
 665 00cf E401     		.2byte	0x1e4
 666 00d1 D5000000 		.4byte	0xd5
 667 00d5 07       		.uleb128 0x7
 668 00d6 9E000000 		.4byte	0x9e
ARM GAS  C:\Users\TTSS\AppData\Local\Temp\cci1On8B.s 			page 19


 669 00da 08       		.uleb128 0x8
 670 00db E3000000 		.4byte	.LASF19
 671 00df 01       		.byte	0x1
 672 00e0 3E       		.byte	0x3e
 673 00e1 00000000 		.4byte	.LFB2
 674 00e5 1E000000 		.4byte	.LFE2-.LFB2
 675 00e9 01       		.uleb128 0x1
 676 00ea 9C       		.byte	0x9c
 677 00eb 08010000 		.4byte	0x108
 678 00ef 09       		.uleb128 0x9
 679 00f0 7300     		.ascii	"s\000"
 680 00f2 01       		.byte	0x1
 681 00f3 3E       		.byte	0x3e
 682 00f4 7D000000 		.4byte	0x7d
 683 00f8 02       		.uleb128 0x2
 684 00f9 91       		.byte	0x91
 685 00fa 74       		.sleb128 -12
 686 00fb 09       		.uleb128 0x9
 687 00fc 6E00     		.ascii	"n\000"
 688 00fe 01       		.byte	0x1
 689 00ff 3E       		.byte	0x3e
 690 0100 2C000000 		.4byte	0x2c
 691 0104 02       		.uleb128 0x2
 692 0105 91       		.byte	0x91
 693 0106 70       		.sleb128 -16
 694 0107 00       		.byte	0
 695 0108 08       		.uleb128 0x8
 696 0109 6C020000 		.4byte	.LASF20
 697 010d 01       		.byte	0x1
 698 010e 45       		.byte	0x45
 699 010f 00000000 		.4byte	.LFB3
 700 0113 22000000 		.4byte	.LFE3-.LFB3
 701 0117 01       		.uleb128 0x1
 702 0118 9C       		.byte	0x9c
 703 0119 46010000 		.4byte	0x146
 704 011d 0A       		.uleb128 0xa
 705 011e BC000000 		.4byte	.LASF21
 706 0122 01       		.byte	0x1
 707 0123 45       		.byte	0x45
 708 0124 7D000000 		.4byte	0x7d
 709 0128 02       		.uleb128 0x2
 710 0129 91       		.byte	0x91
 711 012a 74       		.sleb128 -12
 712 012b 09       		.uleb128 0x9
 713 012c 73726300 		.ascii	"src\000"
 714 0130 01       		.byte	0x1
 715 0131 45       		.byte	0x45
 716 0132 46010000 		.4byte	0x146
 717 0136 02       		.uleb128 0x2
 718 0137 91       		.byte	0x91
 719 0138 70       		.sleb128 -16
 720 0139 09       		.uleb128 0x9
 721 013a 6E00     		.ascii	"n\000"
 722 013c 01       		.byte	0x1
 723 013d 45       		.byte	0x45
 724 013e 2C000000 		.4byte	0x2c
 725 0142 02       		.uleb128 0x2
ARM GAS  C:\Users\TTSS\AppData\Local\Temp\cci1On8B.s 			page 20


 726 0143 91       		.byte	0x91
 727 0144 6C       		.sleb128 -20
 728 0145 00       		.byte	0
 729 0146 0B       		.uleb128 0xb
 730 0147 04       		.byte	0x4
 731 0148 4C010000 		.4byte	0x14c
 732 014c 0C       		.uleb128 0xc
 733 014d 08       		.uleb128 0x8
 734 014e 00000000 		.4byte	.LASF22
 735 0152 01       		.byte	0x1
 736 0153 4C       		.byte	0x4c
 737 0154 00000000 		.4byte	.LFB4
 738 0158 22000000 		.4byte	.LFE4-.LFB4
 739 015c 01       		.uleb128 0x1
 740 015d 9C       		.byte	0x9c
 741 015e 8B010000 		.4byte	0x18b
 742 0162 0A       		.uleb128 0xa
 743 0163 BC000000 		.4byte	.LASF21
 744 0167 01       		.byte	0x1
 745 0168 4C       		.byte	0x4c
 746 0169 7D000000 		.4byte	0x7d
 747 016d 02       		.uleb128 0x2
 748 016e 91       		.byte	0x91
 749 016f 74       		.sleb128 -12
 750 0170 09       		.uleb128 0x9
 751 0171 73726300 		.ascii	"src\000"
 752 0175 01       		.byte	0x1
 753 0176 4C       		.byte	0x4c
 754 0177 46010000 		.4byte	0x146
 755 017b 02       		.uleb128 0x2
 756 017c 91       		.byte	0x91
 757 017d 70       		.sleb128 -16
 758 017e 09       		.uleb128 0x9
 759 017f 6E00     		.ascii	"n\000"
 760 0181 01       		.byte	0x1
 761 0182 4C       		.byte	0x4c
 762 0183 2C000000 		.4byte	0x2c
 763 0187 02       		.uleb128 0x2
 764 0188 91       		.byte	0x91
 765 0189 6C       		.sleb128 -20
 766 018a 00       		.byte	0
 767 018b 0D       		.uleb128 0xd
 768 018c 3E000000 		.4byte	.LASF23
 769 0190 01       		.byte	0x1
 770 0191 9E       		.byte	0x9e
 771 0192 00000000 		.4byte	.LFB5
 772 0196 F0000000 		.4byte	.LFE5-.LFB5
 773 019a 01       		.uleb128 0x1
 774 019b 9C       		.byte	0x9c
 775 019c 0E       		.uleb128 0xe
 776 019d 1D000000 		.4byte	.LASF24
 777 01a1 01       		.byte	0x1
 778 01a2 E3       		.byte	0xe3
 779 01a3 00000000 		.4byte	.LFB6
 780 01a7 3C000000 		.4byte	.LFE6-.LFB6
 781 01ab 01       		.uleb128 0x1
 782 01ac 9C       		.byte	0x9c
ARM GAS  C:\Users\TTSS\AppData\Local\Temp\cci1On8B.s 			page 21


 783 01ad 0F       		.uleb128 0xf
 784 01ae ED000000 		.4byte	.LASF34
 785 01b2 01       		.byte	0x1
 786 01b3 FE       		.byte	0xfe
 787 01b4 00000000 		.4byte	.LFB7
 788 01b8 40000000 		.4byte	.LFE7-.LFB7
 789 01bc 01       		.uleb128 0x1
 790 01bd 9C       		.byte	0x9c
 791 01be E0010000 		.4byte	0x1e0
 792 01c2 0A       		.uleb128 0xa
 793 01c3 20020000 		.4byte	.LASF25
 794 01c7 01       		.byte	0x1
 795 01c8 FE       		.byte	0xfe
 796 01c9 86000000 		.4byte	0x86
 797 01cd 02       		.uleb128 0x2
 798 01ce 91       		.byte	0x91
 799 01cf 6F       		.sleb128 -17
 800 01d0 10       		.uleb128 0x10
 801 01d1 63020000 		.4byte	.LASF29
 802 01d5 01       		.byte	0x1
 803 01d6 0001     		.2byte	0x100
 804 01d8 9E000000 		.4byte	0x9e
 805 01dc 02       		.uleb128 0x2
 806 01dd 91       		.byte	0x91
 807 01de 74       		.sleb128 -12
 808 01df 00       		.byte	0
 809 01e0 11       		.uleb128 0x11
 810 01e1 18010000 		.4byte	.LASF35
 811 01e5 01       		.byte	0x1
 812 01e6 2001     		.2byte	0x120
 813 01e8 F0000000 		.4byte	.LFB8
 814 01ec 20010000 		.4byte	.LFE8-.LFB8
 815 01f0 01       		.uleb128 0x1
 816 01f1 9C       		.byte	0x9c
 817 01f2 12       		.uleb128 0x12
 818 01f3 FE000000 		.4byte	.LBB2
 819 01f7 AE000000 		.4byte	.LBE2-.LBB2
 820 01fb 13       		.uleb128 0x13
 821 01fc 06       		.byte	0x6
 822 01fd 01       		.byte	0x1
 823 01fe 2901     		.2byte	0x129
 824 0200 1F020000 		.4byte	0x21f
 825 0204 14       		.uleb128 0x14
 826 0205 CE010000 		.4byte	.LASF26
 827 0209 01       		.byte	0x1
 828 020a 2A01     		.2byte	0x12a
 829 020c 7D000000 		.4byte	0x7d
 830 0210 00       		.byte	0
 831 0211 14       		.uleb128 0x14
 832 0212 C1000000 		.4byte	.LASF27
 833 0216 01       		.byte	0x1
 834 0217 2B01     		.2byte	0x12b
 835 0219 92000000 		.4byte	0x92
 836 021d 04       		.byte	0x4
 837 021e 00       		.byte	0
 838 021f 06       		.uleb128 0x6
 839 0220 ED010000 		.4byte	.LASF28
ARM GAS  C:\Users\TTSS\AppData\Local\Temp\cci1On8B.s 			page 22


 840 0224 01       		.byte	0x1
 841 0225 2C01     		.2byte	0x12c
 842 0227 FB010000 		.4byte	0x1fb
 843 022b 15       		.uleb128 0x15
 844 022c 1F020000 		.4byte	0x21f
 845 0230 3B020000 		.4byte	0x23b
 846 0234 16       		.uleb128 0x16
 847 0235 76000000 		.4byte	0x76
 848 0239 01       		.byte	0x1
 849 023a 00       		.byte	0
 850 023b 10       		.uleb128 0x10
 851 023c 2E000000 		.4byte	.LASF30
 852 0240 01       		.byte	0x1
 853 0241 2E01     		.2byte	0x12e
 854 0243 4D020000 		.4byte	0x24d
 855 0247 05       		.uleb128 0x5
 856 0248 03       		.byte	0x3
 857 0249 00000000 		.4byte	cfg_memset_list.4748
 858 024d 17       		.uleb128 0x17
 859 024e 2B020000 		.4byte	0x22b
 860 0252 18       		.uleb128 0x18
 861 0253 6900     		.ascii	"i\000"
 862 0255 01       		.byte	0x1
 863 0256 3401     		.2byte	0x134
 864 0258 86000000 		.4byte	0x86
 865 025c 02       		.uleb128 0x2
 866 025d 91       		.byte	0x91
 867 025e 77       		.sleb128 -9
 868 025f 12       		.uleb128 0x12
 869 0260 06010000 		.4byte	.LBB3
 870 0264 3E000000 		.4byte	.LBE3-.LBB3
 871 0268 18       		.uleb128 0x18
 872 0269 6D7300   		.ascii	"ms\000"
 873 026c 01       		.byte	0x1
 874 026d 3901     		.2byte	0x139
 875 026f 76020000 		.4byte	0x276
 876 0273 02       		.uleb128 0x2
 877 0274 91       		.byte	0x91
 878 0275 70       		.sleb128 -16
 879 0276 0B       		.uleb128 0xb
 880 0277 04       		.byte	0x4
 881 0278 7C020000 		.4byte	0x27c
 882 027c 17       		.uleb128 0x17
 883 027d 1F020000 		.4byte	0x21f
 884 0281 00       		.byte	0
 885 0282 00       		.byte	0
 886 0283 00       		.byte	0
 887 0284 00       		.byte	0
 888              		.section	.debug_abbrev,"",%progbits
 889              	.Ldebug_abbrev0:
 890 0000 01       		.uleb128 0x1
 891 0001 11       		.uleb128 0x11
 892 0002 01       		.byte	0x1
 893 0003 25       		.uleb128 0x25
 894 0004 0E       		.uleb128 0xe
 895 0005 13       		.uleb128 0x13
 896 0006 0B       		.uleb128 0xb
ARM GAS  C:\Users\TTSS\AppData\Local\Temp\cci1On8B.s 			page 23


 897 0007 03       		.uleb128 0x3
 898 0008 0E       		.uleb128 0xe
 899 0009 1B       		.uleb128 0x1b
 900 000a 0E       		.uleb128 0xe
 901 000b 55       		.uleb128 0x55
 902 000c 17       		.uleb128 0x17
 903 000d 11       		.uleb128 0x11
 904 000e 01       		.uleb128 0x1
 905 000f 10       		.uleb128 0x10
 906 0010 17       		.uleb128 0x17
 907 0011 00       		.byte	0
 908 0012 00       		.byte	0
 909 0013 02       		.uleb128 0x2
 910 0014 24       		.uleb128 0x24
 911 0015 00       		.byte	0
 912 0016 0B       		.uleb128 0xb
 913 0017 0B       		.uleb128 0xb
 914 0018 3E       		.uleb128 0x3e
 915 0019 0B       		.uleb128 0xb
 916 001a 03       		.uleb128 0x3
 917 001b 08       		.uleb128 0x8
 918 001c 00       		.byte	0
 919 001d 00       		.byte	0
 920 001e 03       		.uleb128 0x3
 921 001f 16       		.uleb128 0x16
 922 0020 00       		.byte	0
 923 0021 03       		.uleb128 0x3
 924 0022 0E       		.uleb128 0xe
 925 0023 3A       		.uleb128 0x3a
 926 0024 0B       		.uleb128 0xb
 927 0025 3B       		.uleb128 0x3b
 928 0026 0B       		.uleb128 0xb
 929 0027 49       		.uleb128 0x49
 930 0028 13       		.uleb128 0x13
 931 0029 00       		.byte	0
 932 002a 00       		.byte	0
 933 002b 04       		.uleb128 0x4
 934 002c 24       		.uleb128 0x24
 935 002d 00       		.byte	0
 936 002e 0B       		.uleb128 0xb
 937 002f 0B       		.uleb128 0xb
 938 0030 3E       		.uleb128 0x3e
 939 0031 0B       		.uleb128 0xb
 940 0032 03       		.uleb128 0x3
 941 0033 0E       		.uleb128 0xe
 942 0034 00       		.byte	0
 943 0035 00       		.byte	0
 944 0036 05       		.uleb128 0x5
 945 0037 0F       		.uleb128 0xf
 946 0038 00       		.byte	0
 947 0039 0B       		.uleb128 0xb
 948 003a 0B       		.uleb128 0xb
 949 003b 00       		.byte	0
 950 003c 00       		.byte	0
 951 003d 06       		.uleb128 0x6
 952 003e 16       		.uleb128 0x16
 953 003f 00       		.byte	0
ARM GAS  C:\Users\TTSS\AppData\Local\Temp\cci1On8B.s 			page 24


 954 0040 03       		.uleb128 0x3
 955 0041 0E       		.uleb128 0xe
 956 0042 3A       		.uleb128 0x3a
 957 0043 0B       		.uleb128 0xb
 958 0044 3B       		.uleb128 0x3b
 959 0045 05       		.uleb128 0x5
 960 0046 49       		.uleb128 0x49
 961 0047 13       		.uleb128 0x13
 962 0048 00       		.byte	0
 963 0049 00       		.byte	0
 964 004a 07       		.uleb128 0x7
 965 004b 35       		.uleb128 0x35
 966 004c 00       		.byte	0
 967 004d 49       		.uleb128 0x49
 968 004e 13       		.uleb128 0x13
 969 004f 00       		.byte	0
 970 0050 00       		.byte	0
 971 0051 08       		.uleb128 0x8
 972 0052 2E       		.uleb128 0x2e
 973 0053 01       		.byte	0x1
 974 0054 03       		.uleb128 0x3
 975 0055 0E       		.uleb128 0xe
 976 0056 3A       		.uleb128 0x3a
 977 0057 0B       		.uleb128 0xb
 978 0058 3B       		.uleb128 0x3b
 979 0059 0B       		.uleb128 0xb
 980 005a 27       		.uleb128 0x27
 981 005b 19       		.uleb128 0x19
 982 005c 11       		.uleb128 0x11
 983 005d 01       		.uleb128 0x1
 984 005e 12       		.uleb128 0x12
 985 005f 06       		.uleb128 0x6
 986 0060 40       		.uleb128 0x40
 987 0061 18       		.uleb128 0x18
 988 0062 9642     		.uleb128 0x2116
 989 0064 19       		.uleb128 0x19
 990 0065 01       		.uleb128 0x1
 991 0066 13       		.uleb128 0x13
 992 0067 00       		.byte	0
 993 0068 00       		.byte	0
 994 0069 09       		.uleb128 0x9
 995 006a 05       		.uleb128 0x5
 996 006b 00       		.byte	0
 997 006c 03       		.uleb128 0x3
 998 006d 08       		.uleb128 0x8
 999 006e 3A       		.uleb128 0x3a
 1000 006f 0B       		.uleb128 0xb
 1001 0070 3B       		.uleb128 0x3b
 1002 0071 0B       		.uleb128 0xb
 1003 0072 49       		.uleb128 0x49
 1004 0073 13       		.uleb128 0x13
 1005 0074 02       		.uleb128 0x2
 1006 0075 18       		.uleb128 0x18
 1007 0076 00       		.byte	0
 1008 0077 00       		.byte	0
 1009 0078 0A       		.uleb128 0xa
 1010 0079 05       		.uleb128 0x5
ARM GAS  C:\Users\TTSS\AppData\Local\Temp\cci1On8B.s 			page 25


 1011 007a 00       		.byte	0
 1012 007b 03       		.uleb128 0x3
 1013 007c 0E       		.uleb128 0xe
 1014 007d 3A       		.uleb128 0x3a
 1015 007e 0B       		.uleb128 0xb
 1016 007f 3B       		.uleb128 0x3b
 1017 0080 0B       		.uleb128 0xb
 1018 0081 49       		.uleb128 0x49
 1019 0082 13       		.uleb128 0x13
 1020 0083 02       		.uleb128 0x2
 1021 0084 18       		.uleb128 0x18
 1022 0085 00       		.byte	0
 1023 0086 00       		.byte	0
 1024 0087 0B       		.uleb128 0xb
 1025 0088 0F       		.uleb128 0xf
 1026 0089 00       		.byte	0
 1027 008a 0B       		.uleb128 0xb
 1028 008b 0B       		.uleb128 0xb
 1029 008c 49       		.uleb128 0x49
 1030 008d 13       		.uleb128 0x13
 1031 008e 00       		.byte	0
 1032 008f 00       		.byte	0
 1033 0090 0C       		.uleb128 0xc
 1034 0091 26       		.uleb128 0x26
 1035 0092 00       		.byte	0
 1036 0093 00       		.byte	0
 1037 0094 00       		.byte	0
 1038 0095 0D       		.uleb128 0xd
 1039 0096 2E       		.uleb128 0x2e
 1040 0097 00       		.byte	0
 1041 0098 03       		.uleb128 0x3
 1042 0099 0E       		.uleb128 0xe
 1043 009a 3A       		.uleb128 0x3a
 1044 009b 0B       		.uleb128 0xb
 1045 009c 3B       		.uleb128 0x3b
 1046 009d 0B       		.uleb128 0xb
 1047 009e 27       		.uleb128 0x27
 1048 009f 19       		.uleb128 0x19
 1049 00a0 11       		.uleb128 0x11
 1050 00a1 01       		.uleb128 0x1
 1051 00a2 12       		.uleb128 0x12
 1052 00a3 06       		.uleb128 0x6
 1053 00a4 40       		.uleb128 0x40
 1054 00a5 18       		.uleb128 0x18
 1055 00a6 9642     		.uleb128 0x2116
 1056 00a8 19       		.uleb128 0x19
 1057 00a9 00       		.byte	0
 1058 00aa 00       		.byte	0
 1059 00ab 0E       		.uleb128 0xe
 1060 00ac 2E       		.uleb128 0x2e
 1061 00ad 00       		.byte	0
 1062 00ae 03       		.uleb128 0x3
 1063 00af 0E       		.uleb128 0xe
 1064 00b0 3A       		.uleb128 0x3a
 1065 00b1 0B       		.uleb128 0xb
 1066 00b2 3B       		.uleb128 0x3b
 1067 00b3 0B       		.uleb128 0xb
ARM GAS  C:\Users\TTSS\AppData\Local\Temp\cci1On8B.s 			page 26


 1068 00b4 27       		.uleb128 0x27
 1069 00b5 19       		.uleb128 0x19
 1070 00b6 11       		.uleb128 0x11
 1071 00b7 01       		.uleb128 0x1
 1072 00b8 12       		.uleb128 0x12
 1073 00b9 06       		.uleb128 0x6
 1074 00ba 40       		.uleb128 0x40
 1075 00bb 18       		.uleb128 0x18
 1076 00bc 9742     		.uleb128 0x2117
 1077 00be 19       		.uleb128 0x19
 1078 00bf 00       		.byte	0
 1079 00c0 00       		.byte	0
 1080 00c1 0F       		.uleb128 0xf
 1081 00c2 2E       		.uleb128 0x2e
 1082 00c3 01       		.byte	0x1
 1083 00c4 3F       		.uleb128 0x3f
 1084 00c5 19       		.uleb128 0x19
 1085 00c6 03       		.uleb128 0x3
 1086 00c7 0E       		.uleb128 0xe
 1087 00c8 3A       		.uleb128 0x3a
 1088 00c9 0B       		.uleb128 0xb
 1089 00ca 3B       		.uleb128 0x3b
 1090 00cb 0B       		.uleb128 0xb
 1091 00cc 27       		.uleb128 0x27
 1092 00cd 19       		.uleb128 0x19
 1093 00ce 11       		.uleb128 0x11
 1094 00cf 01       		.uleb128 0x1
 1095 00d0 12       		.uleb128 0x12
 1096 00d1 06       		.uleb128 0x6
 1097 00d2 40       		.uleb128 0x40
 1098 00d3 18       		.uleb128 0x18
 1099 00d4 9742     		.uleb128 0x2117
 1100 00d6 19       		.uleb128 0x19
 1101 00d7 01       		.uleb128 0x1
 1102 00d8 13       		.uleb128 0x13
 1103 00d9 00       		.byte	0
 1104 00da 00       		.byte	0
 1105 00db 10       		.uleb128 0x10
 1106 00dc 34       		.uleb128 0x34
 1107 00dd 00       		.byte	0
 1108 00de 03       		.uleb128 0x3
 1109 00df 0E       		.uleb128 0xe
 1110 00e0 3A       		.uleb128 0x3a
 1111 00e1 0B       		.uleb128 0xb
 1112 00e2 3B       		.uleb128 0x3b
 1113 00e3 05       		.uleb128 0x5
 1114 00e4 49       		.uleb128 0x49
 1115 00e5 13       		.uleb128 0x13
 1116 00e6 02       		.uleb128 0x2
 1117 00e7 18       		.uleb128 0x18
 1118 00e8 00       		.byte	0
 1119 00e9 00       		.byte	0
 1120 00ea 11       		.uleb128 0x11
 1121 00eb 2E       		.uleb128 0x2e
 1122 00ec 01       		.byte	0x1
 1123 00ed 3F       		.uleb128 0x3f
 1124 00ee 19       		.uleb128 0x19
ARM GAS  C:\Users\TTSS\AppData\Local\Temp\cci1On8B.s 			page 27


 1125 00ef 03       		.uleb128 0x3
 1126 00f0 0E       		.uleb128 0xe
 1127 00f1 3A       		.uleb128 0x3a
 1128 00f2 0B       		.uleb128 0xb
 1129 00f3 3B       		.uleb128 0x3b
 1130 00f4 05       		.uleb128 0x5
 1131 00f5 27       		.uleb128 0x27
 1132 00f6 19       		.uleb128 0x19
 1133 00f7 11       		.uleb128 0x11
 1134 00f8 01       		.uleb128 0x1
 1135 00f9 12       		.uleb128 0x12
 1136 00fa 06       		.uleb128 0x6
 1137 00fb 40       		.uleb128 0x40
 1138 00fc 18       		.uleb128 0x18
 1139 00fd 9642     		.uleb128 0x2116
 1140 00ff 19       		.uleb128 0x19
 1141 0100 00       		.byte	0
 1142 0101 00       		.byte	0
 1143 0102 12       		.uleb128 0x12
 1144 0103 0B       		.uleb128 0xb
 1145 0104 01       		.byte	0x1
 1146 0105 11       		.uleb128 0x11
 1147 0106 01       		.uleb128 0x1
 1148 0107 12       		.uleb128 0x12
 1149 0108 06       		.uleb128 0x6
 1150 0109 00       		.byte	0
 1151 010a 00       		.byte	0
 1152 010b 13       		.uleb128 0x13
 1153 010c 13       		.uleb128 0x13
 1154 010d 01       		.byte	0x1
 1155 010e 0B       		.uleb128 0xb
 1156 010f 0B       		.uleb128 0xb
 1157 0110 3A       		.uleb128 0x3a
 1158 0111 0B       		.uleb128 0xb
 1159 0112 3B       		.uleb128 0x3b
 1160 0113 05       		.uleb128 0x5
 1161 0114 01       		.uleb128 0x1
 1162 0115 13       		.uleb128 0x13
 1163 0116 00       		.byte	0
 1164 0117 00       		.byte	0
 1165 0118 14       		.uleb128 0x14
 1166 0119 0D       		.uleb128 0xd
 1167 011a 00       		.byte	0
 1168 011b 03       		.uleb128 0x3
 1169 011c 0E       		.uleb128 0xe
 1170 011d 3A       		.uleb128 0x3a
 1171 011e 0B       		.uleb128 0xb
 1172 011f 3B       		.uleb128 0x3b
 1173 0120 05       		.uleb128 0x5
 1174 0121 49       		.uleb128 0x49
 1175 0122 13       		.uleb128 0x13
 1176 0123 38       		.uleb128 0x38
 1177 0124 0B       		.uleb128 0xb
 1178 0125 00       		.byte	0
 1179 0126 00       		.byte	0
 1180 0127 15       		.uleb128 0x15
 1181 0128 01       		.uleb128 0x1
ARM GAS  C:\Users\TTSS\AppData\Local\Temp\cci1On8B.s 			page 28


 1182 0129 01       		.byte	0x1
 1183 012a 49       		.uleb128 0x49
 1184 012b 13       		.uleb128 0x13
 1185 012c 01       		.uleb128 0x1
 1186 012d 13       		.uleb128 0x13
 1187 012e 00       		.byte	0
 1188 012f 00       		.byte	0
 1189 0130 16       		.uleb128 0x16
 1190 0131 21       		.uleb128 0x21
 1191 0132 00       		.byte	0
 1192 0133 49       		.uleb128 0x49
 1193 0134 13       		.uleb128 0x13
 1194 0135 2F       		.uleb128 0x2f
 1195 0136 0B       		.uleb128 0xb
 1196 0137 00       		.byte	0
 1197 0138 00       		.byte	0
 1198 0139 17       		.uleb128 0x17
 1199 013a 26       		.uleb128 0x26
 1200 013b 00       		.byte	0
 1201 013c 49       		.uleb128 0x49
 1202 013d 13       		.uleb128 0x13
 1203 013e 00       		.byte	0
 1204 013f 00       		.byte	0
 1205 0140 18       		.uleb128 0x18
 1206 0141 34       		.uleb128 0x34
 1207 0142 00       		.byte	0
 1208 0143 03       		.uleb128 0x3
 1209 0144 08       		.uleb128 0x8
 1210 0145 3A       		.uleb128 0x3a
 1211 0146 0B       		.uleb128 0xb
 1212 0147 3B       		.uleb128 0x3b
 1213 0148 05       		.uleb128 0x5
 1214 0149 49       		.uleb128 0x49
 1215 014a 13       		.uleb128 0x13
 1216 014b 02       		.uleb128 0x2
 1217 014c 18       		.uleb128 0x18
 1218 014d 00       		.byte	0
 1219 014e 00       		.byte	0
 1220 014f 00       		.byte	0
 1221              		.section	.debug_aranges,"",%progbits
 1222 0000 4C000000 		.4byte	0x4c
 1223 0004 0200     		.2byte	0x2
 1224 0006 00000000 		.4byte	.Ldebug_info0
 1225 000a 04       		.byte	0x4
 1226 000b 00       		.byte	0
 1227 000c 0000     		.2byte	0
 1228 000e 0000     		.2byte	0
 1229 0010 00000000 		.4byte	.LFB2
 1230 0014 1E000000 		.4byte	.LFE2-.LFB2
 1231 0018 00000000 		.4byte	.LFB3
 1232 001c 22000000 		.4byte	.LFE3-.LFB3
 1233 0020 00000000 		.4byte	.LFB4
 1234 0024 22000000 		.4byte	.LFE4-.LFB4
 1235 0028 00000000 		.4byte	.LFB5
 1236 002c F0000000 		.4byte	.LFE5-.LFB5
 1237 0030 00000000 		.4byte	.LFB6
 1238 0034 3C000000 		.4byte	.LFE6-.LFB6
ARM GAS  C:\Users\TTSS\AppData\Local\Temp\cci1On8B.s 			page 29


 1239 0038 00000000 		.4byte	.LFB7
 1240 003c 40000000 		.4byte	.LFE7-.LFB7
 1241 0040 F0000000 		.4byte	.LFB8
 1242 0044 20010000 		.4byte	.LFE8-.LFB8
 1243 0048 00000000 		.4byte	0
 1244 004c 00000000 		.4byte	0
 1245              		.section	.debug_ranges,"",%progbits
 1246              	.Ldebug_ranges0:
 1247 0000 00000000 		.4byte	.LFB2
 1248 0004 1E000000 		.4byte	.LFE2
 1249 0008 00000000 		.4byte	.LFB3
 1250 000c 22000000 		.4byte	.LFE3
 1251 0010 00000000 		.4byte	.LFB4
 1252 0014 22000000 		.4byte	.LFE4
 1253 0018 00000000 		.4byte	.LFB5
 1254 001c F0000000 		.4byte	.LFE5
 1255 0020 00000000 		.4byte	.LFB6
 1256 0024 3C000000 		.4byte	.LFE6
 1257 0028 00000000 		.4byte	.LFB7
 1258 002c 40000000 		.4byte	.LFE7
 1259 0030 F0000000 		.4byte	.LFB8
 1260 0034 10020000 		.4byte	.LFE8
 1261 0038 00000000 		.4byte	0
 1262 003c 00000000 		.4byte	0
 1263              		.section	.debug_line,"",%progbits
 1264              	.Ldebug_line0:
 1265 0000 89010000 		.section	.debug_str,"MS",%progbits,1
 1265      0200CB00 
 1265      00000201 
 1265      FB0E0D00 
 1265      01010101 
 1266              	.LASF22:
 1267 0000 4359434F 		.ascii	"CYCONFIGCPYCODE\000"
 1267      4E464947 
 1267      43505943 
 1267      4F444500 
 1268              	.LASF18:
 1269 0010 72656733 		.ascii	"reg32\000"
 1269      3200
 1270              	.LASF11:
 1271 0016 73697A65 		.ascii	"size_t\000"
 1271      5F7400
 1272              	.LASF24:
 1273 001d 416E616C 		.ascii	"AnalogSetDefault\000"
 1273      6F675365 
 1273      74446566 
 1273      61756C74 
 1273      00
 1274              	.LASF30:
 1275 002e 6366675F 		.ascii	"cfg_memset_list\000"
 1275      6D656D73 
 1275      65745F6C 
 1275      69737400 
 1276              	.LASF23:
 1277 003e 436C6F63 		.ascii	"ClockSetup\000"
 1277      6B536574 
 1277      757000
ARM GAS  C:\Users\TTSS\AppData\Local\Temp\cci1On8B.s 			page 30


 1278              	.LASF4:
 1279 0049 73686F72 		.ascii	"short unsigned int\000"
 1279      7420756E 
 1279      7369676E 
 1279      65642069 
 1279      6E7400
 1280              	.LASF33:
 1281 005c 433A5C55 		.ascii	"C:\\Users\\TTSS\\Dropbox\\Projects\\hackAIR\\AirQua"
 1281      73657273 
 1281      5C545453 
 1281      535C4472 
 1281      6F70626F 
 1282 0089 6C697479 		.ascii	"lityBeacons\\AnalogLedSensor_DN7C3CA006.cydsn\000"
 1282      42656163 
 1282      6F6E735C 
 1282      416E616C 
 1282      6F674C65 
 1283              	.LASF15:
 1284 00b6 666C6F61 		.ascii	"float\000"
 1284      7400
 1285              	.LASF21:
 1286 00bc 64657374 		.ascii	"dest\000"
 1286      00
 1287              	.LASF27:
 1288 00c1 73697A65 		.ascii	"size\000"
 1288      00
 1289              	.LASF17:
 1290 00c6 72656738 		.ascii	"reg8\000"
 1290      00
 1291              	.LASF6:
 1292 00cb 6C6F6E67 		.ascii	"long unsigned int\000"
 1292      20756E73 
 1292      69676E65 
 1292      6420696E 
 1292      7400
 1293              	.LASF12:
 1294 00dd 75696E74 		.ascii	"uint8\000"
 1294      3800
 1295              	.LASF19:
 1296 00e3 43594D45 		.ascii	"CYMEMZERO\000"
 1296      4D5A4552 
 1296      4F00
 1297              	.LASF34:
 1298 00ed 53657441 		.ascii	"SetAnalogRoutingPumps\000"
 1298      6E616C6F 
 1298      67526F75 
 1298      74696E67 
 1298      50756D70 
 1299              	.LASF2:
 1300 0103 756E7369 		.ascii	"unsigned char\000"
 1300      676E6564 
 1300      20636861 
 1300      7200
 1301              	.LASF16:
 1302 0111 646F7562 		.ascii	"double\000"
 1302      6C6500
 1303              	.LASF35:
ARM GAS  C:\Users\TTSS\AppData\Local\Temp\cci1On8B.s 			page 31


 1304 0118 63796669 		.ascii	"cyfitter_cfg\000"
 1304      74746572 
 1304      5F636667 
 1304      00
 1305              	.LASF31:
 1306 0125 474E5520 		.ascii	"GNU C 4.9.3 20150303 (release) [ARM/embedded-4_9-br"
 1306      4320342E 
 1306      392E3320 
 1306      32303135 
 1306      30333033 
 1307 0158 616E6368 		.ascii	"anch revision 221220] -mcpu=cortex-m0 -mthumb -g -O"
 1307      20726576 
 1307      6973696F 
 1307      6E203232 
 1307      31323230 
 1308 018b 30202D66 		.ascii	"0 -ffunction-sections -ffat-lto-objects\000"
 1308      66756E63 
 1308      74696F6E 
 1308      2D736563 
 1308      74696F6E 
 1309              	.LASF13:
 1310 01b3 75696E74 		.ascii	"uint16\000"
 1310      313600
 1311              	.LASF14:
 1312 01ba 75696E74 		.ascii	"uint32\000"
 1312      333200
 1313              	.LASF0:
 1314 01c1 756E7369 		.ascii	"unsigned int\000"
 1314      676E6564 
 1314      20696E74 
 1314      00
 1315              	.LASF26:
 1316 01ce 61646472 		.ascii	"address\000"
 1316      65737300 
 1317              	.LASF8:
 1318 01d6 6C6F6E67 		.ascii	"long long unsigned int\000"
 1318      206C6F6E 
 1318      6720756E 
 1318      7369676E 
 1318      65642069 
 1319              	.LASF28:
 1320 01ed 6366675F 		.ascii	"cfg_memset_t\000"
 1320      6D656D73 
 1320      65745F74 
 1320      00
 1321              	.LASF9:
 1322 01fa 73697A65 		.ascii	"sizetype\000"
 1322      74797065 
 1322      00
 1323              	.LASF7:
 1324 0203 6C6F6E67 		.ascii	"long long int\000"
 1324      206C6F6E 
 1324      6720696E 
 1324      7400
 1325              	.LASF10:
 1326 0211 63686172 		.ascii	"char\000"
 1326      00
ARM GAS  C:\Users\TTSS\AppData\Local\Temp\cci1On8B.s 			page 32


 1327              	.LASF3:
 1328 0216 73686F72 		.ascii	"short int\000"
 1328      7420696E 
 1328      7400
 1329              	.LASF25:
 1330 0220 656E6162 		.ascii	"enabled\000"
 1330      6C656400 
 1331              	.LASF5:
 1332 0228 6C6F6E67 		.ascii	"long int\000"
 1332      20696E74 
 1332      00
 1333              	.LASF1:
 1334 0231 7369676E 		.ascii	"signed char\000"
 1334      65642063 
 1334      68617200 
 1335              	.LASF32:
 1336 023d 47656E65 		.ascii	"Generated_Source\\PSoC4\\cyfitter_cfg.c\000"
 1336      72617465 
 1336      645F536F 
 1336      75726365 
 1336      5C50536F 
 1337              	.LASF29:
 1338 0263 72656756 		.ascii	"regValue\000"
 1338      616C7565 
 1338      00
 1339              	.LASF20:
 1340 026c 4359434F 		.ascii	"CYCONFIGCPY\000"
 1340      4E464947 
 1340      43505900 
 1341              		.ident	"GCC: (GNU Tools for ARM Embedded Processors) 4.9.3 20150303 (release) [ARM/embedded-4_9-br
