ARM GAS  C:\Users\TTSS\AppData\Local\Temp\cczTAImO.s 			page 1


   1              		.cpu cortex-m0
   2              		.fpu softvfp
   3              		.eabi_attribute 20, 1
   4              		.eabi_attribute 21, 1
   5              		.eabi_attribute 23, 3
   6              		.eabi_attribute 24, 1
   7              		.eabi_attribute 25, 1
   8              		.eabi_attribute 26, 1
   9              		.eabi_attribute 30, 6
  10              		.eabi_attribute 34, 0
  11              		.eabi_attribute 18, 4
  12              		.code	16
  13              		.file	"Sensor_Power.c"
  14              		.text
  15              	.Ltext0:
  16              		.cfi_sections	.debug_frame
  17              		.section	.text.Sensor_Power_Write,"ax",%progbits
  18              		.align	2
  19              		.global	Sensor_Power_Write
  20              		.code	16
  21              		.thumb_func
  22              		.type	Sensor_Power_Write, %function
  23              	Sensor_Power_Write:
  24              	.LFB0:
  25              		.file 1 "Generated_Source\\PSoC4\\Sensor_Power.c"
   1:Generated_Source\PSoC4/Sensor_Power.c **** /*******************************************************************************
   2:Generated_Source\PSoC4/Sensor_Power.c **** * File Name: Sensor_Power.c  
   3:Generated_Source\PSoC4/Sensor_Power.c **** * Version 2.10
   4:Generated_Source\PSoC4/Sensor_Power.c **** *
   5:Generated_Source\PSoC4/Sensor_Power.c **** * Description:
   6:Generated_Source\PSoC4/Sensor_Power.c **** *  This file contains API to enable firmware control of a Pins component.
   7:Generated_Source\PSoC4/Sensor_Power.c **** *
   8:Generated_Source\PSoC4/Sensor_Power.c **** * Note:
   9:Generated_Source\PSoC4/Sensor_Power.c **** *
  10:Generated_Source\PSoC4/Sensor_Power.c **** ********************************************************************************
  11:Generated_Source\PSoC4/Sensor_Power.c **** * Copyright 2008-2014, Cypress Semiconductor Corporation.  All rights reserved.
  12:Generated_Source\PSoC4/Sensor_Power.c **** * You may use this file only in accordance with the license, terms, conditions, 
  13:Generated_Source\PSoC4/Sensor_Power.c **** * disclaimers, and limitations in the end user license agreement accompanying 
  14:Generated_Source\PSoC4/Sensor_Power.c **** * the software package with which this file was provided.
  15:Generated_Source\PSoC4/Sensor_Power.c **** *******************************************************************************/
  16:Generated_Source\PSoC4/Sensor_Power.c **** 
  17:Generated_Source\PSoC4/Sensor_Power.c **** #include "cytypes.h"
  18:Generated_Source\PSoC4/Sensor_Power.c **** #include "Sensor_Power.h"
  19:Generated_Source\PSoC4/Sensor_Power.c **** 
  20:Generated_Source\PSoC4/Sensor_Power.c **** #define SetP4PinDriveMode(shift, mode)  \
  21:Generated_Source\PSoC4/Sensor_Power.c ****     do { \
  22:Generated_Source\PSoC4/Sensor_Power.c ****         Sensor_Power_PC =   (Sensor_Power_PC & \
  23:Generated_Source\PSoC4/Sensor_Power.c ****                                 (uint32)(~(uint32)(Sensor_Power_DRIVE_MODE_IND_MASK << (Sensor_Powe
  24:Generated_Source\PSoC4/Sensor_Power.c ****                                 (uint32)((uint32)(mode) << (Sensor_Power_DRIVE_MODE_BITS * (shift))
  25:Generated_Source\PSoC4/Sensor_Power.c ****     } while (0)
  26:Generated_Source\PSoC4/Sensor_Power.c **** 
  27:Generated_Source\PSoC4/Sensor_Power.c **** 
  28:Generated_Source\PSoC4/Sensor_Power.c **** /*******************************************************************************
  29:Generated_Source\PSoC4/Sensor_Power.c **** * Function Name: Sensor_Power_Write
  30:Generated_Source\PSoC4/Sensor_Power.c **** ********************************************************************************
  31:Generated_Source\PSoC4/Sensor_Power.c **** *
  32:Generated_Source\PSoC4/Sensor_Power.c **** * Summary:
ARM GAS  C:\Users\TTSS\AppData\Local\Temp\cczTAImO.s 			page 2


  33:Generated_Source\PSoC4/Sensor_Power.c **** *  Assign a new value to the digital port's data output register.  
  34:Generated_Source\PSoC4/Sensor_Power.c **** *
  35:Generated_Source\PSoC4/Sensor_Power.c **** * Parameters:  
  36:Generated_Source\PSoC4/Sensor_Power.c **** *  prtValue:  The value to be assigned to the Digital Port. 
  37:Generated_Source\PSoC4/Sensor_Power.c **** *
  38:Generated_Source\PSoC4/Sensor_Power.c **** * Return: 
  39:Generated_Source\PSoC4/Sensor_Power.c **** *  None 
  40:Generated_Source\PSoC4/Sensor_Power.c **** *  
  41:Generated_Source\PSoC4/Sensor_Power.c **** *******************************************************************************/
  42:Generated_Source\PSoC4/Sensor_Power.c **** void Sensor_Power_Write(uint8 value) 
  43:Generated_Source\PSoC4/Sensor_Power.c **** {
  26              		.loc 1 43 0
  27              		.cfi_startproc
  28 0000 80B5     		push	{r7, lr}
  29              		.cfi_def_cfa_offset 8
  30              		.cfi_offset 7, -8
  31              		.cfi_offset 14, -4
  32 0002 84B0     		sub	sp, sp, #16
  33              		.cfi_def_cfa_offset 24
  34 0004 00AF     		add	r7, sp, #0
  35              		.cfi_def_cfa_register 7
  36 0006 021C     		mov	r2, r0
  37 0008 FB1D     		add	r3, r7, #7
  38 000a 1A70     		strb	r2, [r3]
  44:Generated_Source\PSoC4/Sensor_Power.c ****     uint8 drVal = (uint8)(Sensor_Power_DR & (uint8)(~Sensor_Power_MASK));
  39              		.loc 1 44 0
  40 000c 0D4B     		ldr	r3, .L2
  41 000e 1B68     		ldr	r3, [r3]
  42 0010 DAB2     		uxtb	r2, r3
  43 0012 0F23     		mov	r3, #15
  44 0014 FB18     		add	r3, r7, r3
  45 0016 0121     		mov	r1, #1
  46 0018 8A43     		bic	r2, r1
  47 001a 1A70     		strb	r2, [r3]
  45:Generated_Source\PSoC4/Sensor_Power.c ****     drVal = (drVal | ((uint8)(value << Sensor_Power_SHIFT) & Sensor_Power_MASK));
  48              		.loc 1 45 0
  49 001c FB1D     		add	r3, r7, #7
  50 001e 1B78     		ldrb	r3, [r3]
  51 0020 0122     		mov	r2, #1
  52 0022 1340     		and	r3, r2
  53 0024 D9B2     		uxtb	r1, r3
  54 0026 0F23     		mov	r3, #15
  55 0028 FB18     		add	r3, r7, r3
  56 002a 0F22     		mov	r2, #15
  57 002c BA18     		add	r2, r7, r2
  58 002e 1278     		ldrb	r2, [r2]
  59 0030 0A43     		orr	r2, r1
  60 0032 1A70     		strb	r2, [r3]
  46:Generated_Source\PSoC4/Sensor_Power.c ****     Sensor_Power_DR = (uint32)drVal;
  61              		.loc 1 46 0
  62 0034 034B     		ldr	r3, .L2
  63 0036 0F22     		mov	r2, #15
  64 0038 BA18     		add	r2, r7, r2
  65 003a 1278     		ldrb	r2, [r2]
  66 003c 1A60     		str	r2, [r3]
  47:Generated_Source\PSoC4/Sensor_Power.c **** }
  67              		.loc 1 47 0
ARM GAS  C:\Users\TTSS\AppData\Local\Temp\cczTAImO.s 			page 3


  68 003e BD46     		mov	sp, r7
  69 0040 04B0     		add	sp, sp, #16
  70              		@ sp needed
  71 0042 80BD     		pop	{r7, pc}
  72              	.L3:
  73              		.align	2
  74              	.L2:
  75 0044 00020440 		.word	1074004480
  76              		.cfi_endproc
  77              	.LFE0:
  78              		.size	Sensor_Power_Write, .-Sensor_Power_Write
  79              		.section	.text.Sensor_Power_SetDriveMode,"ax",%progbits
  80              		.align	2
  81              		.global	Sensor_Power_SetDriveMode
  82              		.code	16
  83              		.thumb_func
  84              		.type	Sensor_Power_SetDriveMode, %function
  85              	Sensor_Power_SetDriveMode:
  86              	.LFB1:
  48:Generated_Source\PSoC4/Sensor_Power.c **** 
  49:Generated_Source\PSoC4/Sensor_Power.c **** 
  50:Generated_Source\PSoC4/Sensor_Power.c **** /*******************************************************************************
  51:Generated_Source\PSoC4/Sensor_Power.c **** * Function Name: Sensor_Power_SetDriveMode
  52:Generated_Source\PSoC4/Sensor_Power.c **** ********************************************************************************
  53:Generated_Source\PSoC4/Sensor_Power.c **** *
  54:Generated_Source\PSoC4/Sensor_Power.c **** * Summary:
  55:Generated_Source\PSoC4/Sensor_Power.c **** *  Change the drive mode on the pins of the port.
  56:Generated_Source\PSoC4/Sensor_Power.c **** * 
  57:Generated_Source\PSoC4/Sensor_Power.c **** * Parameters:  
  58:Generated_Source\PSoC4/Sensor_Power.c **** *  mode:  Change the pins to one of the following drive modes.
  59:Generated_Source\PSoC4/Sensor_Power.c **** *
  60:Generated_Source\PSoC4/Sensor_Power.c **** *  Sensor_Power_DM_STRONG     Strong Drive 
  61:Generated_Source\PSoC4/Sensor_Power.c **** *  Sensor_Power_DM_OD_HI      Open Drain, Drives High 
  62:Generated_Source\PSoC4/Sensor_Power.c **** *  Sensor_Power_DM_OD_LO      Open Drain, Drives Low 
  63:Generated_Source\PSoC4/Sensor_Power.c **** *  Sensor_Power_DM_RES_UP     Resistive Pull Up 
  64:Generated_Source\PSoC4/Sensor_Power.c **** *  Sensor_Power_DM_RES_DWN    Resistive Pull Down 
  65:Generated_Source\PSoC4/Sensor_Power.c **** *  Sensor_Power_DM_RES_UPDWN  Resistive Pull Up/Down 
  66:Generated_Source\PSoC4/Sensor_Power.c **** *  Sensor_Power_DM_DIG_HIZ    High Impedance Digital 
  67:Generated_Source\PSoC4/Sensor_Power.c **** *  Sensor_Power_DM_ALG_HIZ    High Impedance Analog 
  68:Generated_Source\PSoC4/Sensor_Power.c **** *
  69:Generated_Source\PSoC4/Sensor_Power.c **** * Return: 
  70:Generated_Source\PSoC4/Sensor_Power.c **** *  None
  71:Generated_Source\PSoC4/Sensor_Power.c **** *
  72:Generated_Source\PSoC4/Sensor_Power.c **** *******************************************************************************/
  73:Generated_Source\PSoC4/Sensor_Power.c **** void Sensor_Power_SetDriveMode(uint8 mode) 
  74:Generated_Source\PSoC4/Sensor_Power.c **** {
  87              		.loc 1 74 0
  88              		.cfi_startproc
  89 0000 80B5     		push	{r7, lr}
  90              		.cfi_def_cfa_offset 8
  91              		.cfi_offset 7, -8
  92              		.cfi_offset 14, -4
  93 0002 82B0     		sub	sp, sp, #8
  94              		.cfi_def_cfa_offset 16
  95 0004 00AF     		add	r7, sp, #0
  96              		.cfi_def_cfa_register 7
  97 0006 021C     		mov	r2, r0
ARM GAS  C:\Users\TTSS\AppData\Local\Temp\cczTAImO.s 			page 4


  98 0008 FB1D     		add	r3, r7, #7
  99 000a 1A70     		strb	r2, [r3]
  75:Generated_Source\PSoC4/Sensor_Power.c **** 	SetP4PinDriveMode(Sensor_Power__0__SHIFT, mode);
 100              		.loc 1 75 0
 101 000c 064B     		ldr	r3, .L5
 102 000e 064A     		ldr	r2, .L5
 103 0010 1268     		ldr	r2, [r2]
 104 0012 0721     		mov	r1, #7
 105 0014 8A43     		bic	r2, r1
 106 0016 111C     		mov	r1, r2
 107 0018 FA1D     		add	r2, r7, #7
 108 001a 1278     		ldrb	r2, [r2]
 109 001c 0A43     		orr	r2, r1
 110 001e 1A60     		str	r2, [r3]
  76:Generated_Source\PSoC4/Sensor_Power.c **** }
 111              		.loc 1 76 0
 112 0020 BD46     		mov	sp, r7
 113 0022 02B0     		add	sp, sp, #8
 114              		@ sp needed
 115 0024 80BD     		pop	{r7, pc}
 116              	.L6:
 117 0026 C046     		.align	2
 118              	.L5:
 119 0028 08020440 		.word	1074004488
 120              		.cfi_endproc
 121              	.LFE1:
 122              		.size	Sensor_Power_SetDriveMode, .-Sensor_Power_SetDriveMode
 123              		.section	.text.Sensor_Power_Read,"ax",%progbits
 124              		.align	2
 125              		.global	Sensor_Power_Read
 126              		.code	16
 127              		.thumb_func
 128              		.type	Sensor_Power_Read, %function
 129              	Sensor_Power_Read:
 130              	.LFB2:
  77:Generated_Source\PSoC4/Sensor_Power.c **** 
  78:Generated_Source\PSoC4/Sensor_Power.c **** 
  79:Generated_Source\PSoC4/Sensor_Power.c **** /*******************************************************************************
  80:Generated_Source\PSoC4/Sensor_Power.c **** * Function Name: Sensor_Power_Read
  81:Generated_Source\PSoC4/Sensor_Power.c **** ********************************************************************************
  82:Generated_Source\PSoC4/Sensor_Power.c **** *
  83:Generated_Source\PSoC4/Sensor_Power.c **** * Summary:
  84:Generated_Source\PSoC4/Sensor_Power.c **** *  Read the current value on the pins of the Digital Port in right justified 
  85:Generated_Source\PSoC4/Sensor_Power.c **** *  form.
  86:Generated_Source\PSoC4/Sensor_Power.c **** *
  87:Generated_Source\PSoC4/Sensor_Power.c **** * Parameters:  
  88:Generated_Source\PSoC4/Sensor_Power.c **** *  None 
  89:Generated_Source\PSoC4/Sensor_Power.c **** *
  90:Generated_Source\PSoC4/Sensor_Power.c **** * Return: 
  91:Generated_Source\PSoC4/Sensor_Power.c **** *  Returns the current value of the Digital Port as a right justified number
  92:Generated_Source\PSoC4/Sensor_Power.c **** *  
  93:Generated_Source\PSoC4/Sensor_Power.c **** * Note:
  94:Generated_Source\PSoC4/Sensor_Power.c **** *  Macro Sensor_Power_ReadPS calls this function. 
  95:Generated_Source\PSoC4/Sensor_Power.c **** *  
  96:Generated_Source\PSoC4/Sensor_Power.c **** *******************************************************************************/
  97:Generated_Source\PSoC4/Sensor_Power.c **** uint8 Sensor_Power_Read(void) 
  98:Generated_Source\PSoC4/Sensor_Power.c **** {
ARM GAS  C:\Users\TTSS\AppData\Local\Temp\cczTAImO.s 			page 5


 131              		.loc 1 98 0
 132              		.cfi_startproc
 133 0000 80B5     		push	{r7, lr}
 134              		.cfi_def_cfa_offset 8
 135              		.cfi_offset 7, -8
 136              		.cfi_offset 14, -4
 137 0002 00AF     		add	r7, sp, #0
 138              		.cfi_def_cfa_register 7
  99:Generated_Source\PSoC4/Sensor_Power.c ****     return (uint8)((Sensor_Power_PS & Sensor_Power_MASK) >> Sensor_Power_SHIFT);
 139              		.loc 1 99 0
 140 0004 044B     		ldr	r3, .L9
 141 0006 1B68     		ldr	r3, [r3]
 142 0008 DBB2     		uxtb	r3, r3
 143 000a 0122     		mov	r2, #1
 144 000c 1340     		and	r3, r2
 145 000e DBB2     		uxtb	r3, r3
 100:Generated_Source\PSoC4/Sensor_Power.c **** }
 146              		.loc 1 100 0
 147 0010 181C     		mov	r0, r3
 148 0012 BD46     		mov	sp, r7
 149              		@ sp needed
 150 0014 80BD     		pop	{r7, pc}
 151              	.L10:
 152 0016 C046     		.align	2
 153              	.L9:
 154 0018 04020440 		.word	1074004484
 155              		.cfi_endproc
 156              	.LFE2:
 157              		.size	Sensor_Power_Read, .-Sensor_Power_Read
 158              		.section	.text.Sensor_Power_ReadDataReg,"ax",%progbits
 159              		.align	2
 160              		.global	Sensor_Power_ReadDataReg
 161              		.code	16
 162              		.thumb_func
 163              		.type	Sensor_Power_ReadDataReg, %function
 164              	Sensor_Power_ReadDataReg:
 165              	.LFB3:
 101:Generated_Source\PSoC4/Sensor_Power.c **** 
 102:Generated_Source\PSoC4/Sensor_Power.c **** 
 103:Generated_Source\PSoC4/Sensor_Power.c **** /*******************************************************************************
 104:Generated_Source\PSoC4/Sensor_Power.c **** * Function Name: Sensor_Power_ReadDataReg
 105:Generated_Source\PSoC4/Sensor_Power.c **** ********************************************************************************
 106:Generated_Source\PSoC4/Sensor_Power.c **** *
 107:Generated_Source\PSoC4/Sensor_Power.c **** * Summary:
 108:Generated_Source\PSoC4/Sensor_Power.c **** *  Read the current value assigned to a Digital Port's data output register
 109:Generated_Source\PSoC4/Sensor_Power.c **** *
 110:Generated_Source\PSoC4/Sensor_Power.c **** * Parameters:  
 111:Generated_Source\PSoC4/Sensor_Power.c **** *  None 
 112:Generated_Source\PSoC4/Sensor_Power.c **** *
 113:Generated_Source\PSoC4/Sensor_Power.c **** * Return: 
 114:Generated_Source\PSoC4/Sensor_Power.c **** *  Returns the current value assigned to the Digital Port's data output register
 115:Generated_Source\PSoC4/Sensor_Power.c **** *  
 116:Generated_Source\PSoC4/Sensor_Power.c **** *******************************************************************************/
 117:Generated_Source\PSoC4/Sensor_Power.c **** uint8 Sensor_Power_ReadDataReg(void) 
 118:Generated_Source\PSoC4/Sensor_Power.c **** {
 166              		.loc 1 118 0
 167              		.cfi_startproc
ARM GAS  C:\Users\TTSS\AppData\Local\Temp\cczTAImO.s 			page 6


 168 0000 80B5     		push	{r7, lr}
 169              		.cfi_def_cfa_offset 8
 170              		.cfi_offset 7, -8
 171              		.cfi_offset 14, -4
 172 0002 00AF     		add	r7, sp, #0
 173              		.cfi_def_cfa_register 7
 119:Generated_Source\PSoC4/Sensor_Power.c ****     return (uint8)((Sensor_Power_DR & Sensor_Power_MASK) >> Sensor_Power_SHIFT);
 174              		.loc 1 119 0
 175 0004 044B     		ldr	r3, .L13
 176 0006 1B68     		ldr	r3, [r3]
 177 0008 DBB2     		uxtb	r3, r3
 178 000a 0122     		mov	r2, #1
 179 000c 1340     		and	r3, r2
 180 000e DBB2     		uxtb	r3, r3
 120:Generated_Source\PSoC4/Sensor_Power.c **** }
 181              		.loc 1 120 0
 182 0010 181C     		mov	r0, r3
 183 0012 BD46     		mov	sp, r7
 184              		@ sp needed
 185 0014 80BD     		pop	{r7, pc}
 186              	.L14:
 187 0016 C046     		.align	2
 188              	.L13:
 189 0018 00020440 		.word	1074004480
 190              		.cfi_endproc
 191              	.LFE3:
 192              		.size	Sensor_Power_ReadDataReg, .-Sensor_Power_ReadDataReg
 193              		.section	.text.Sensor_Power_ClearInterrupt,"ax",%progbits
 194              		.align	2
 195              		.global	Sensor_Power_ClearInterrupt
 196              		.code	16
 197              		.thumb_func
 198              		.type	Sensor_Power_ClearInterrupt, %function
 199              	Sensor_Power_ClearInterrupt:
 200              	.LFB4:
 121:Generated_Source\PSoC4/Sensor_Power.c **** 
 122:Generated_Source\PSoC4/Sensor_Power.c **** 
 123:Generated_Source\PSoC4/Sensor_Power.c **** /* If Interrupts Are Enabled for this Pins component */ 
 124:Generated_Source\PSoC4/Sensor_Power.c **** #if defined(Sensor_Power_INTSTAT) 
 125:Generated_Source\PSoC4/Sensor_Power.c **** 
 126:Generated_Source\PSoC4/Sensor_Power.c ****     /*******************************************************************************
 127:Generated_Source\PSoC4/Sensor_Power.c ****     * Function Name: Sensor_Power_ClearInterrupt
 128:Generated_Source\PSoC4/Sensor_Power.c ****     ********************************************************************************
 129:Generated_Source\PSoC4/Sensor_Power.c ****     *
 130:Generated_Source\PSoC4/Sensor_Power.c ****     * Summary:
 131:Generated_Source\PSoC4/Sensor_Power.c ****     *  Clears any active interrupts attached to port and returns the value of the 
 132:Generated_Source\PSoC4/Sensor_Power.c ****     *  interrupt status register.
 133:Generated_Source\PSoC4/Sensor_Power.c ****     *
 134:Generated_Source\PSoC4/Sensor_Power.c ****     * Parameters:  
 135:Generated_Source\PSoC4/Sensor_Power.c ****     *  None 
 136:Generated_Source\PSoC4/Sensor_Power.c ****     *
 137:Generated_Source\PSoC4/Sensor_Power.c ****     * Return: 
 138:Generated_Source\PSoC4/Sensor_Power.c ****     *  Returns the value of the interrupt status register
 139:Generated_Source\PSoC4/Sensor_Power.c ****     *  
 140:Generated_Source\PSoC4/Sensor_Power.c ****     *******************************************************************************/
 141:Generated_Source\PSoC4/Sensor_Power.c ****     uint8 Sensor_Power_ClearInterrupt(void) 
 142:Generated_Source\PSoC4/Sensor_Power.c ****     {
ARM GAS  C:\Users\TTSS\AppData\Local\Temp\cczTAImO.s 			page 7


 201              		.loc 1 142 0
 202              		.cfi_startproc
 203 0000 80B5     		push	{r7, lr}
 204              		.cfi_def_cfa_offset 8
 205              		.cfi_offset 7, -8
 206              		.cfi_offset 14, -4
 207 0002 82B0     		sub	sp, sp, #8
 208              		.cfi_def_cfa_offset 16
 209 0004 00AF     		add	r7, sp, #0
 210              		.cfi_def_cfa_register 7
 143:Generated_Source\PSoC4/Sensor_Power.c **** 		uint8 maskedStatus = (uint8)(Sensor_Power_INTSTAT & Sensor_Power_MASK);
 211              		.loc 1 143 0
 212 0006 084B     		ldr	r3, .L17
 213 0008 1B68     		ldr	r3, [r3]
 214 000a DAB2     		uxtb	r2, r3
 215 000c FB1D     		add	r3, r7, #7
 216 000e 0121     		mov	r1, #1
 217 0010 0A40     		and	r2, r1
 218 0012 1A70     		strb	r2, [r3]
 144:Generated_Source\PSoC4/Sensor_Power.c **** 		Sensor_Power_INTSTAT = maskedStatus;
 219              		.loc 1 144 0
 220 0014 044B     		ldr	r3, .L17
 221 0016 FA1D     		add	r2, r7, #7
 222 0018 1278     		ldrb	r2, [r2]
 223 001a 1A60     		str	r2, [r3]
 145:Generated_Source\PSoC4/Sensor_Power.c ****         return maskedStatus >> Sensor_Power_SHIFT;
 224              		.loc 1 145 0
 225 001c FB1D     		add	r3, r7, #7
 226 001e 1B78     		ldrb	r3, [r3]
 146:Generated_Source\PSoC4/Sensor_Power.c ****     }
 227              		.loc 1 146 0
 228 0020 181C     		mov	r0, r3
 229 0022 BD46     		mov	sp, r7
 230 0024 02B0     		add	sp, sp, #8
 231              		@ sp needed
 232 0026 80BD     		pop	{r7, pc}
 233              	.L18:
 234              		.align	2
 235              	.L17:
 236 0028 10020440 		.word	1074004496
 237              		.cfi_endproc
 238              	.LFE4:
 239              		.size	Sensor_Power_ClearInterrupt, .-Sensor_Power_ClearInterrupt
 240              		.text
 241              	.Letext0:
 242              		.file 2 "Generated_Source\\PSoC4\\cytypes.h"
 243              		.section	.debug_info,"",%progbits
 244              	.Ldebug_info0:
 245 0000 4A010000 		.4byte	0x14a
 246 0004 0400     		.2byte	0x4
 247 0006 00000000 		.4byte	.Ldebug_abbrev0
 248 000a 04       		.byte	0x4
 249 000b 01       		.uleb128 0x1
 250 000c 07010000 		.4byte	.LASF24
 251 0010 01       		.byte	0x1
 252 0011 F9010000 		.4byte	.LASF25
 253 0015 26000000 		.4byte	.LASF26
ARM GAS  C:\Users\TTSS\AppData\Local\Temp\cczTAImO.s 			page 8


 254 0019 00000000 		.4byte	.Ldebug_ranges0+0
 255 001d 00000000 		.4byte	0
 256 0021 00000000 		.4byte	.Ldebug_line0
 257 0025 02       		.uleb128 0x2
 258 0026 01       		.byte	0x1
 259 0027 06       		.byte	0x6
 260 0028 3D020000 		.4byte	.LASF0
 261 002c 02       		.uleb128 0x2
 262 002d 01       		.byte	0x1
 263 002e 08       		.byte	0x8
 264 002f 99000000 		.4byte	.LASF1
 265 0033 02       		.uleb128 0x2
 266 0034 02       		.byte	0x2
 267 0035 05       		.byte	0x5
 268 0036 1F020000 		.4byte	.LASF2
 269 003a 02       		.uleb128 0x2
 270 003b 02       		.byte	0x2
 271 003c 07       		.byte	0x7
 272 003d BF000000 		.4byte	.LASF3
 273 0041 02       		.uleb128 0x2
 274 0042 04       		.byte	0x4
 275 0043 05       		.byte	0x5
 276 0044 2F020000 		.4byte	.LASF4
 277 0048 02       		.uleb128 0x2
 278 0049 04       		.byte	0x4
 279 004a 07       		.byte	0x7
 280 004b AD000000 		.4byte	.LASF5
 281 004f 02       		.uleb128 0x2
 282 0050 08       		.byte	0x8
 283 0051 05       		.byte	0x5
 284 0052 DE010000 		.4byte	.LASF6
 285 0056 02       		.uleb128 0x2
 286 0057 08       		.byte	0x8
 287 0058 07       		.byte	0x7
 288 0059 C2010000 		.4byte	.LASF7
 289 005d 03       		.uleb128 0x3
 290 005e 04       		.byte	0x4
 291 005f 05       		.byte	0x5
 292 0060 696E7400 		.ascii	"int\000"
 293 0064 02       		.uleb128 0x2
 294 0065 04       		.byte	0x4
 295 0066 07       		.byte	0x7
 296 0067 B5010000 		.4byte	.LASF8
 297 006b 04       		.uleb128 0x4
 298 006c 29020000 		.4byte	.LASF9
 299 0070 02       		.byte	0x2
 300 0071 3801     		.2byte	0x138
 301 0073 2C000000 		.4byte	0x2c
 302 0077 04       		.uleb128 0x4
 303 0078 AE010000 		.4byte	.LASF10
 304 007c 02       		.byte	0x2
 305 007d 3A01     		.2byte	0x13a
 306 007f 48000000 		.4byte	0x48
 307 0083 02       		.uleb128 0x2
 308 0084 04       		.byte	0x4
 309 0085 04       		.byte	0x4
 310 0086 80000000 		.4byte	.LASF11
ARM GAS  C:\Users\TTSS\AppData\Local\Temp\cczTAImO.s 			page 9


 311 008a 02       		.uleb128 0x2
 312 008b 08       		.byte	0x8
 313 008c 04       		.byte	0x4
 314 008d E4000000 		.4byte	.LASF12
 315 0091 02       		.uleb128 0x2
 316 0092 01       		.byte	0x1
 317 0093 08       		.byte	0x8
 318 0094 38020000 		.4byte	.LASF13
 319 0098 04       		.uleb128 0x4
 320 0099 00000000 		.4byte	.LASF14
 321 009d 02       		.byte	0x2
 322 009e E401     		.2byte	0x1e4
 323 00a0 A4000000 		.4byte	0xa4
 324 00a4 05       		.uleb128 0x5
 325 00a5 77000000 		.4byte	0x77
 326 00a9 06       		.uleb128 0x6
 327 00aa 86000000 		.4byte	.LASF15
 328 00ae 01       		.byte	0x1
 329 00af 2A       		.byte	0x2a
 330 00b0 00000000 		.4byte	.LFB0
 331 00b4 48000000 		.4byte	.LFE0-.LFB0
 332 00b8 01       		.uleb128 0x1
 333 00b9 9C       		.byte	0x9c
 334 00ba DB000000 		.4byte	0xdb
 335 00be 07       		.uleb128 0x7
 336 00bf 06000000 		.4byte	.LASF17
 337 00c3 01       		.byte	0x1
 338 00c4 2A       		.byte	0x2a
 339 00c5 6B000000 		.4byte	0x6b
 340 00c9 02       		.uleb128 0x2
 341 00ca 91       		.byte	0x91
 342 00cb 6F       		.sleb128 -17
 343 00cc 08       		.uleb128 0x8
 344 00cd A7000000 		.4byte	.LASF22
 345 00d1 01       		.byte	0x1
 346 00d2 2C       		.byte	0x2c
 347 00d3 6B000000 		.4byte	0x6b
 348 00d7 02       		.uleb128 0x2
 349 00d8 91       		.byte	0x91
 350 00d9 77       		.sleb128 -9
 351 00da 00       		.byte	0
 352 00db 06       		.uleb128 0x6
 353 00dc 0C000000 		.4byte	.LASF16
 354 00e0 01       		.byte	0x1
 355 00e1 49       		.byte	0x49
 356 00e2 00000000 		.4byte	.LFB1
 357 00e6 2C000000 		.4byte	.LFE1-.LFB1
 358 00ea 01       		.uleb128 0x1
 359 00eb 9C       		.byte	0x9c
 360 00ec FF000000 		.4byte	0xff
 361 00f0 07       		.uleb128 0x7
 362 00f1 D9010000 		.4byte	.LASF18
 363 00f5 01       		.byte	0x1
 364 00f6 49       		.byte	0x49
 365 00f7 6B000000 		.4byte	0x6b
 366 00fb 02       		.uleb128 0x2
 367 00fc 91       		.byte	0x91
ARM GAS  C:\Users\TTSS\AppData\Local\Temp\cczTAImO.s 			page 10


 368 00fd 77       		.sleb128 -9
 369 00fe 00       		.byte	0
 370 00ff 09       		.uleb128 0x9
 371 0100 D2000000 		.4byte	.LASF19
 372 0104 01       		.byte	0x1
 373 0105 61       		.byte	0x61
 374 0106 6B000000 		.4byte	0x6b
 375 010a 00000000 		.4byte	.LFB2
 376 010e 1C000000 		.4byte	.LFE2-.LFB2
 377 0112 01       		.uleb128 0x1
 378 0113 9C       		.byte	0x9c
 379 0114 09       		.uleb128 0x9
 380 0115 95010000 		.4byte	.LASF20
 381 0119 01       		.byte	0x1
 382 011a 75       		.byte	0x75
 383 011b 6B000000 		.4byte	0x6b
 384 011f 00000000 		.4byte	.LFB3
 385 0123 1C000000 		.4byte	.LFE3-.LFB3
 386 0127 01       		.uleb128 0x1
 387 0128 9C       		.byte	0x9c
 388 0129 0A       		.uleb128 0xa
 389 012a EB000000 		.4byte	.LASF21
 390 012e 01       		.byte	0x1
 391 012f 8D       		.byte	0x8d
 392 0130 6B000000 		.4byte	0x6b
 393 0134 00000000 		.4byte	.LFB4
 394 0138 2C000000 		.4byte	.LFE4-.LFB4
 395 013c 01       		.uleb128 0x1
 396 013d 9C       		.byte	0x9c
 397 013e 08       		.uleb128 0x8
 398 013f EC010000 		.4byte	.LASF23
 399 0143 01       		.byte	0x1
 400 0144 8F       		.byte	0x8f
 401 0145 6B000000 		.4byte	0x6b
 402 0149 02       		.uleb128 0x2
 403 014a 91       		.byte	0x91
 404 014b 77       		.sleb128 -9
 405 014c 00       		.byte	0
 406 014d 00       		.byte	0
 407              		.section	.debug_abbrev,"",%progbits
 408              	.Ldebug_abbrev0:
 409 0000 01       		.uleb128 0x1
 410 0001 11       		.uleb128 0x11
 411 0002 01       		.byte	0x1
 412 0003 25       		.uleb128 0x25
 413 0004 0E       		.uleb128 0xe
 414 0005 13       		.uleb128 0x13
 415 0006 0B       		.uleb128 0xb
 416 0007 03       		.uleb128 0x3
 417 0008 0E       		.uleb128 0xe
 418 0009 1B       		.uleb128 0x1b
 419 000a 0E       		.uleb128 0xe
 420 000b 55       		.uleb128 0x55
 421 000c 17       		.uleb128 0x17
 422 000d 11       		.uleb128 0x11
 423 000e 01       		.uleb128 0x1
 424 000f 10       		.uleb128 0x10
ARM GAS  C:\Users\TTSS\AppData\Local\Temp\cczTAImO.s 			page 11


 425 0010 17       		.uleb128 0x17
 426 0011 00       		.byte	0
 427 0012 00       		.byte	0
 428 0013 02       		.uleb128 0x2
 429 0014 24       		.uleb128 0x24
 430 0015 00       		.byte	0
 431 0016 0B       		.uleb128 0xb
 432 0017 0B       		.uleb128 0xb
 433 0018 3E       		.uleb128 0x3e
 434 0019 0B       		.uleb128 0xb
 435 001a 03       		.uleb128 0x3
 436 001b 0E       		.uleb128 0xe
 437 001c 00       		.byte	0
 438 001d 00       		.byte	0
 439 001e 03       		.uleb128 0x3
 440 001f 24       		.uleb128 0x24
 441 0020 00       		.byte	0
 442 0021 0B       		.uleb128 0xb
 443 0022 0B       		.uleb128 0xb
 444 0023 3E       		.uleb128 0x3e
 445 0024 0B       		.uleb128 0xb
 446 0025 03       		.uleb128 0x3
 447 0026 08       		.uleb128 0x8
 448 0027 00       		.byte	0
 449 0028 00       		.byte	0
 450 0029 04       		.uleb128 0x4
 451 002a 16       		.uleb128 0x16
 452 002b 00       		.byte	0
 453 002c 03       		.uleb128 0x3
 454 002d 0E       		.uleb128 0xe
 455 002e 3A       		.uleb128 0x3a
 456 002f 0B       		.uleb128 0xb
 457 0030 3B       		.uleb128 0x3b
 458 0031 05       		.uleb128 0x5
 459 0032 49       		.uleb128 0x49
 460 0033 13       		.uleb128 0x13
 461 0034 00       		.byte	0
 462 0035 00       		.byte	0
 463 0036 05       		.uleb128 0x5
 464 0037 35       		.uleb128 0x35
 465 0038 00       		.byte	0
 466 0039 49       		.uleb128 0x49
 467 003a 13       		.uleb128 0x13
 468 003b 00       		.byte	0
 469 003c 00       		.byte	0
 470 003d 06       		.uleb128 0x6
 471 003e 2E       		.uleb128 0x2e
 472 003f 01       		.byte	0x1
 473 0040 3F       		.uleb128 0x3f
 474 0041 19       		.uleb128 0x19
 475 0042 03       		.uleb128 0x3
 476 0043 0E       		.uleb128 0xe
 477 0044 3A       		.uleb128 0x3a
 478 0045 0B       		.uleb128 0xb
 479 0046 3B       		.uleb128 0x3b
 480 0047 0B       		.uleb128 0xb
 481 0048 27       		.uleb128 0x27
ARM GAS  C:\Users\TTSS\AppData\Local\Temp\cczTAImO.s 			page 12


 482 0049 19       		.uleb128 0x19
 483 004a 11       		.uleb128 0x11
 484 004b 01       		.uleb128 0x1
 485 004c 12       		.uleb128 0x12
 486 004d 06       		.uleb128 0x6
 487 004e 40       		.uleb128 0x40
 488 004f 18       		.uleb128 0x18
 489 0050 9742     		.uleb128 0x2117
 490 0052 19       		.uleb128 0x19
 491 0053 01       		.uleb128 0x1
 492 0054 13       		.uleb128 0x13
 493 0055 00       		.byte	0
 494 0056 00       		.byte	0
 495 0057 07       		.uleb128 0x7
 496 0058 05       		.uleb128 0x5
 497 0059 00       		.byte	0
 498 005a 03       		.uleb128 0x3
 499 005b 0E       		.uleb128 0xe
 500 005c 3A       		.uleb128 0x3a
 501 005d 0B       		.uleb128 0xb
 502 005e 3B       		.uleb128 0x3b
 503 005f 0B       		.uleb128 0xb
 504 0060 49       		.uleb128 0x49
 505 0061 13       		.uleb128 0x13
 506 0062 02       		.uleb128 0x2
 507 0063 18       		.uleb128 0x18
 508 0064 00       		.byte	0
 509 0065 00       		.byte	0
 510 0066 08       		.uleb128 0x8
 511 0067 34       		.uleb128 0x34
 512 0068 00       		.byte	0
 513 0069 03       		.uleb128 0x3
 514 006a 0E       		.uleb128 0xe
 515 006b 3A       		.uleb128 0x3a
 516 006c 0B       		.uleb128 0xb
 517 006d 3B       		.uleb128 0x3b
 518 006e 0B       		.uleb128 0xb
 519 006f 49       		.uleb128 0x49
 520 0070 13       		.uleb128 0x13
 521 0071 02       		.uleb128 0x2
 522 0072 18       		.uleb128 0x18
 523 0073 00       		.byte	0
 524 0074 00       		.byte	0
 525 0075 09       		.uleb128 0x9
 526 0076 2E       		.uleb128 0x2e
 527 0077 00       		.byte	0
 528 0078 3F       		.uleb128 0x3f
 529 0079 19       		.uleb128 0x19
 530 007a 03       		.uleb128 0x3
 531 007b 0E       		.uleb128 0xe
 532 007c 3A       		.uleb128 0x3a
 533 007d 0B       		.uleb128 0xb
 534 007e 3B       		.uleb128 0x3b
 535 007f 0B       		.uleb128 0xb
 536 0080 27       		.uleb128 0x27
 537 0081 19       		.uleb128 0x19
 538 0082 49       		.uleb128 0x49
ARM GAS  C:\Users\TTSS\AppData\Local\Temp\cczTAImO.s 			page 13


 539 0083 13       		.uleb128 0x13
 540 0084 11       		.uleb128 0x11
 541 0085 01       		.uleb128 0x1
 542 0086 12       		.uleb128 0x12
 543 0087 06       		.uleb128 0x6
 544 0088 40       		.uleb128 0x40
 545 0089 18       		.uleb128 0x18
 546 008a 9742     		.uleb128 0x2117
 547 008c 19       		.uleb128 0x19
 548 008d 00       		.byte	0
 549 008e 00       		.byte	0
 550 008f 0A       		.uleb128 0xa
 551 0090 2E       		.uleb128 0x2e
 552 0091 01       		.byte	0x1
 553 0092 3F       		.uleb128 0x3f
 554 0093 19       		.uleb128 0x19
 555 0094 03       		.uleb128 0x3
 556 0095 0E       		.uleb128 0xe
 557 0096 3A       		.uleb128 0x3a
 558 0097 0B       		.uleb128 0xb
 559 0098 3B       		.uleb128 0x3b
 560 0099 0B       		.uleb128 0xb
 561 009a 27       		.uleb128 0x27
 562 009b 19       		.uleb128 0x19
 563 009c 49       		.uleb128 0x49
 564 009d 13       		.uleb128 0x13
 565 009e 11       		.uleb128 0x11
 566 009f 01       		.uleb128 0x1
 567 00a0 12       		.uleb128 0x12
 568 00a1 06       		.uleb128 0x6
 569 00a2 40       		.uleb128 0x40
 570 00a3 18       		.uleb128 0x18
 571 00a4 9742     		.uleb128 0x2117
 572 00a6 19       		.uleb128 0x19
 573 00a7 00       		.byte	0
 574 00a8 00       		.byte	0
 575 00a9 00       		.byte	0
 576              		.section	.debug_aranges,"",%progbits
 577 0000 3C000000 		.4byte	0x3c
 578 0004 0200     		.2byte	0x2
 579 0006 00000000 		.4byte	.Ldebug_info0
 580 000a 04       		.byte	0x4
 581 000b 00       		.byte	0
 582 000c 0000     		.2byte	0
 583 000e 0000     		.2byte	0
 584 0010 00000000 		.4byte	.LFB0
 585 0014 48000000 		.4byte	.LFE0-.LFB0
 586 0018 00000000 		.4byte	.LFB1
 587 001c 2C000000 		.4byte	.LFE1-.LFB1
 588 0020 00000000 		.4byte	.LFB2
 589 0024 1C000000 		.4byte	.LFE2-.LFB2
 590 0028 00000000 		.4byte	.LFB3
 591 002c 1C000000 		.4byte	.LFE3-.LFB3
 592 0030 00000000 		.4byte	.LFB4
 593 0034 2C000000 		.4byte	.LFE4-.LFB4
 594 0038 00000000 		.4byte	0
 595 003c 00000000 		.4byte	0
ARM GAS  C:\Users\TTSS\AppData\Local\Temp\cczTAImO.s 			page 14


 596              		.section	.debug_ranges,"",%progbits
 597              	.Ldebug_ranges0:
 598 0000 00000000 		.4byte	.LFB0
 599 0004 48000000 		.4byte	.LFE0
 600 0008 00000000 		.4byte	.LFB1
 601 000c 2C000000 		.4byte	.LFE1
 602 0010 00000000 		.4byte	.LFB2
 603 0014 1C000000 		.4byte	.LFE2
 604 0018 00000000 		.4byte	.LFB3
 605 001c 1C000000 		.4byte	.LFE3
 606 0020 00000000 		.4byte	.LFB4
 607 0024 2C000000 		.4byte	.LFE4
 608 0028 00000000 		.4byte	0
 609 002c 00000000 		.4byte	0
 610              		.section	.debug_line,"",%progbits
 611              	.Ldebug_line0:
 612 0000 AC000000 		.section	.debug_str,"MS",%progbits,1
 612      02004900 
 612      00000201 
 612      FB0E0D00 
 612      01010101 
 613              	.LASF14:
 614 0000 72656733 		.ascii	"reg32\000"
 614      3200
 615              	.LASF17:
 616 0006 76616C75 		.ascii	"value\000"
 616      6500
 617              	.LASF16:
 618 000c 53656E73 		.ascii	"Sensor_Power_SetDriveMode\000"
 618      6F725F50 
 618      6F776572 
 618      5F536574 
 618      44726976 
 619              	.LASF26:
 620 0026 433A5C55 		.ascii	"C:\\Users\\TTSS\\Dropbox\\Projects\\hackAIR\\AirQua"
 620      73657273 
 620      5C545453 
 620      535C4472 
 620      6F70626F 
 621 0053 6C697479 		.ascii	"lityBeacons\\AnalogLedSensor_DN7C3CA006.cydsn\000"
 621      42656163 
 621      6F6E735C 
 621      416E616C 
 621      6F674C65 
 622              	.LASF11:
 623 0080 666C6F61 		.ascii	"float\000"
 623      7400
 624              	.LASF15:
 625 0086 53656E73 		.ascii	"Sensor_Power_Write\000"
 625      6F725F50 
 625      6F776572 
 625      5F577269 
 625      746500
 626              	.LASF1:
 627 0099 756E7369 		.ascii	"unsigned char\000"
 627      676E6564 
 627      20636861 
ARM GAS  C:\Users\TTSS\AppData\Local\Temp\cczTAImO.s 			page 15


 627      7200
 628              	.LASF22:
 629 00a7 64725661 		.ascii	"drVal\000"
 629      6C00
 630              	.LASF5:
 631 00ad 6C6F6E67 		.ascii	"long unsigned int\000"
 631      20756E73 
 631      69676E65 
 631      6420696E 
 631      7400
 632              	.LASF3:
 633 00bf 73686F72 		.ascii	"short unsigned int\000"
 633      7420756E 
 633      7369676E 
 633      65642069 
 633      6E7400
 634              	.LASF19:
 635 00d2 53656E73 		.ascii	"Sensor_Power_Read\000"
 635      6F725F50 
 635      6F776572 
 635      5F526561 
 635      6400
 636              	.LASF12:
 637 00e4 646F7562 		.ascii	"double\000"
 637      6C6500
 638              	.LASF21:
 639 00eb 53656E73 		.ascii	"Sensor_Power_ClearInterrupt\000"
 639      6F725F50 
 639      6F776572 
 639      5F436C65 
 639      6172496E 
 640              	.LASF24:
 641 0107 474E5520 		.ascii	"GNU C 4.9.3 20150303 (release) [ARM/embedded-4_9-br"
 641      4320342E 
 641      392E3320 
 641      32303135 
 641      30333033 
 642 013a 616E6368 		.ascii	"anch revision 221220] -mcpu=cortex-m0 -mthumb -g -O"
 642      20726576 
 642      6973696F 
 642      6E203232 
 642      31323230 
 643 016d 30202D66 		.ascii	"0 -ffunction-sections -ffat-lto-objects\000"
 643      66756E63 
 643      74696F6E 
 643      2D736563 
 643      74696F6E 
 644              	.LASF20:
 645 0195 53656E73 		.ascii	"Sensor_Power_ReadDataReg\000"
 645      6F725F50 
 645      6F776572 
 645      5F526561 
 645      64446174 
 646              	.LASF10:
 647 01ae 75696E74 		.ascii	"uint32\000"
 647      333200
 648              	.LASF8:
ARM GAS  C:\Users\TTSS\AppData\Local\Temp\cczTAImO.s 			page 16


 649 01b5 756E7369 		.ascii	"unsigned int\000"
 649      676E6564 
 649      20696E74 
 649      00
 650              	.LASF7:
 651 01c2 6C6F6E67 		.ascii	"long long unsigned int\000"
 651      206C6F6E 
 651      6720756E 
 651      7369676E 
 651      65642069 
 652              	.LASF18:
 653 01d9 6D6F6465 		.ascii	"mode\000"
 653      00
 654              	.LASF6:
 655 01de 6C6F6E67 		.ascii	"long long int\000"
 655      206C6F6E 
 655      6720696E 
 655      7400
 656              	.LASF23:
 657 01ec 6D61736B 		.ascii	"maskedStatus\000"
 657      65645374 
 657      61747573 
 657      00
 658              	.LASF25:
 659 01f9 47656E65 		.ascii	"Generated_Source\\PSoC4\\Sensor_Power.c\000"
 659      72617465 
 659      645F536F 
 659      75726365 
 659      5C50536F 
 660              	.LASF2:
 661 021f 73686F72 		.ascii	"short int\000"
 661      7420696E 
 661      7400
 662              	.LASF9:
 663 0229 75696E74 		.ascii	"uint8\000"
 663      3800
 664              	.LASF4:
 665 022f 6C6F6E67 		.ascii	"long int\000"
 665      20696E74 
 665      00
 666              	.LASF13:
 667 0238 63686172 		.ascii	"char\000"
 667      00
 668              	.LASF0:
 669 023d 7369676E 		.ascii	"signed char\000"
 669      65642063 
 669      68617200 
 670              		.ident	"GCC: (GNU Tools for ARM Embedded Processors) 4.9.3 20150303 (release) [ARM/embedded-4_9-br
