ARM GAS  C:\Users\Toshiba\AppData\Local\Temp\ccZ215zU.s 			page 1


   1              		.syntax unified
   2              		.cpu cortex-m0
   3              		.fpu softvfp
   4              		.eabi_attribute 20, 1
   5              		.eabi_attribute 21, 1
   6              		.eabi_attribute 23, 3
   7              		.eabi_attribute 24, 1
   8              		.eabi_attribute 25, 1
   9              		.eabi_attribute 26, 1
  10              		.eabi_attribute 30, 6
  11              		.eabi_attribute 34, 0
  12              		.eabi_attribute 18, 4
  13              		.thumb
  14              		.syntax unified
  15              		.file	"main.c"
  16              		.text
  17              	.Ltext0:
  18              		.cfi_sections	.debug_frame
  19              		.section	.text.main,"ax",%progbits
  20              		.align	2
  21              		.global	main
  22              		.code	16
  23              		.thumb_func
  24              		.type	main, %function
  25              	main:
  26              	.LFB35:
  27              		.file 1 "main.c"
   1:main.c        **** /* ========================================
   2:main.c        ****  * Air Quality Beacon, part of the hackAIR project.
   3:main.c        ****  * Freely available under CC BY 4.0
   4:main.c        ****  *
   5:main.c        ****  *
   6:main.c        ****  * Author: George Doxastakis gdoxastakis.ee@gmail.com
   7:main.c        ****  * Technology Transfer & Smart Solutions
   8:main.c        ****  * TEI of Athens
   9:main.c        ****  * http://research.ee.teiath.gr/ttss/
  10:main.c        ****  *
  11:main.c        ****  * http://www.hackair.eu/
  12:main.c        **** */
  13:main.c        **** #include <project.h>
  14:main.c        **** #include <math.h>
  15:main.c        **** /* Function prototypes */  
  16:main.c        **** void StackEventHandler(uint32 event, void* eventParam);
  17:main.c        **** int16 readParticles();
  18:main.c        **** 
  19:main.c        **** /* ADV payload dta structure */  
  20:main.c        **** extern CYBLE_GAPP_DISC_MODE_INFO_T cyBle_discoveryModeInfo;
  21:main.c        **** #define advPayload   (cyBle_discoveryModeInfo.advData->advData) 
  22:main.c        **** 
  23:main.c        **** 
  24:main.c        **** int main()
  25:main.c        **** {
  28              		.loc 1 25 0
  29              		.cfi_startproc
  30              		@ args = 0, pretend = 0, frame = 8
  31              		@ frame_needed = 1, uses_anonymous_args = 0
  32 0000 90B5     		push	{r4, r7, lr}
ARM GAS  C:\Users\Toshiba\AppData\Local\Temp\ccZ215zU.s 			page 2


  33              		.cfi_def_cfa_offset 12
  34              		.cfi_offset 4, -12
  35              		.cfi_offset 7, -8
  36              		.cfi_offset 14, -4
  37 0002 83B0     		sub	sp, sp, #12
  38              		.cfi_def_cfa_offset 24
  39 0004 00AF     		add	r7, sp, #0
  40              		.cfi_def_cfa_register 7
  26:main.c        ****     CyGlobalIntEnable; /* Enable global interrupts. */
  41              		.loc 1 26 0
  42              		.syntax divided
  43              	@ 26 "main.c" 1
  44 0006 62B6     		CPSIE   i
  45              	@ 0 "" 2
  27:main.c        **** 
  28:main.c        ****     /* Start CYBLE component and register the generic event handler */
  29:main.c        ****     CyBle_Start(StackEventHandler);
  46              		.loc 1 29 0
  47              		.thumb
  48              		.syntax unified
  49 0008 1B4B     		ldr	r3, .L3
  50 000a 1800     		movs	r0, r3
  51 000c FFF7FEFF 		bl	CyBle_Start
  52              	.L2:
  53              	.LBB2:
  30:main.c        ****     for(;;)
  31:main.c        ****     {
  32:main.c        ****         STATUS_Write(1);CyDelay(300);STATUS_Write(0);
  54              		.loc 1 32 0 discriminator 1
  55 0010 0120     		movs	r0, #1
  56 0012 FFF7FEFF 		bl	STATUS_Write
  57 0016 9623     		movs	r3, #150
  58 0018 5B00     		lsls	r3, r3, #1
  59 001a 1800     		movs	r0, r3
  60 001c FFF7FEFF 		bl	CyDelay
  61 0020 0020     		movs	r0, #0
  62 0022 FFF7FEFF 		bl	STATUS_Write
  33:main.c        ****         int16 val=readParticles(); //Perform sensor measurement
  63              		.loc 1 33 0 discriminator 1
  64 0026 BC1D     		adds	r4, r7, #6
  65 0028 FFF7FEFF 		bl	readParticles
  66 002c 0300     		movs	r3, r0
  67 002e 2380     		strh	r3, [r4]
  34:main.c        ****         
  35:main.c        ****         /* Dynamic payload will be continuously updated */
  36:main.c        ****         advPayload[19] =  0x05; //Sensor ID: 0x05 for PPD42
  68              		.loc 1 36 0 discriminator 1
  69 0030 124B     		ldr	r3, .L3+4
  70 0032 9B68     		ldr	r3, [r3, #8]
  71 0034 0522     		movs	r2, #5
  72 0036 DA74     		strb	r2, [r3, #19]
  37:main.c        ****         advPayload[25] =  val>>8; //High byte of sensor measurement
  73              		.loc 1 37 0 discriminator 1
  74 0038 104B     		ldr	r3, .L3+4
  75 003a 9B68     		ldr	r3, [r3, #8]
  76 003c BA1D     		adds	r2, r7, #6
  77 003e 0021     		movs	r1, #0
ARM GAS  C:\Users\Toshiba\AppData\Local\Temp\ccZ215zU.s 			page 3


  78 0040 525E     		ldrsh	r2, [r2, r1]
  79 0042 1212     		asrs	r2, r2, #8
  80 0044 12B2     		sxth	r2, r2
  81 0046 D2B2     		uxtb	r2, r2
  82 0048 5A76     		strb	r2, [r3, #25]
  38:main.c        ****         advPayload[26] =  val&0xFF; //Low byte of sensor measurement
  83              		.loc 1 38 0 discriminator 1
  84 004a 0C4B     		ldr	r3, .L3+4
  85 004c 9B68     		ldr	r3, [r3, #8]
  86 004e BA1D     		adds	r2, r7, #6
  87 0050 1288     		ldrh	r2, [r2]
  88 0052 D2B2     		uxtb	r2, r2
  89 0054 9A76     		strb	r2, [r3, #26]
  39:main.c        ****         CyBle_GapUpdateAdvData(cyBle_discoveryModeInfo.advData, cyBle_discoveryModeInfo.scanRspData
  90              		.loc 1 39 0 discriminator 1
  91 0056 094B     		ldr	r3, .L3+4
  92 0058 9A68     		ldr	r2, [r3, #8]
  93 005a 084B     		ldr	r3, .L3+4
  94 005c DB68     		ldr	r3, [r3, #12]
  95 005e 1900     		movs	r1, r3
  96 0060 1000     		movs	r0, r2
  97 0062 FFF7FEFF 		bl	CyBle_GapUpdateAdvData
  40:main.c        ****         
  41:main.c        ****         CyBle_ProcessEvents(); 
  98              		.loc 1 41 0 discriminator 1
  99 0066 FFF7FEFF 		bl	CyBle_ProcessEvents
  42:main.c        ****         
  43:main.c        ****         CyDelay(500); //Measurement delay 
 100              		.loc 1 43 0 discriminator 1
 101 006a FA23     		movs	r3, #250
 102 006c 5B00     		lsls	r3, r3, #1
 103 006e 1800     		movs	r0, r3
 104 0070 FFF7FEFF 		bl	CyDelay
 105              	.LBE2:
  44:main.c        ****     }
 106              		.loc 1 44 0 discriminator 1
 107 0074 CCE7     		b	.L2
 108              	.L4:
 109 0076 C046     		.align	2
 110              	.L3:
 111 0078 00000000 		.word	StackEventHandler
 112 007c 00000000 		.word	cyBle_discoveryModeInfo
 113              		.cfi_endproc
 114              	.LFE35:
 115              		.size	main, .-main
 116              		.section	.text.StackEventHandler,"ax",%progbits
 117              		.align	2
 118              		.global	StackEventHandler
 119              		.code	16
 120              		.thumb_func
 121              		.type	StackEventHandler, %function
 122              	StackEventHandler:
 123              	.LFB36:
  45:main.c        **** }
  46:main.c        **** 
  47:main.c        **** void StackEventHandler(uint32 event, void *eventParam)
  48:main.c        **** {
ARM GAS  C:\Users\Toshiba\AppData\Local\Temp\ccZ215zU.s 			page 4


 124              		.loc 1 48 0
 125              		.cfi_startproc
 126              		@ args = 0, pretend = 0, frame = 8
 127              		@ frame_needed = 1, uses_anonymous_args = 0
 128 0000 80B5     		push	{r7, lr}
 129              		.cfi_def_cfa_offset 8
 130              		.cfi_offset 7, -8
 131              		.cfi_offset 14, -4
 132 0002 82B0     		sub	sp, sp, #8
 133              		.cfi_def_cfa_offset 16
 134 0004 00AF     		add	r7, sp, #0
 135              		.cfi_def_cfa_register 7
 136 0006 7860     		str	r0, [r7, #4]
 137 0008 3960     		str	r1, [r7]
  49:main.c        ****     switch(event)
 138              		.loc 1 49 0
 139 000a 7B68     		ldr	r3, [r7, #4]
 140 000c 012B     		cmp	r3, #1
 141 000e 00D0     		beq	.L7
  50:main.c        ****     {
  51:main.c        ****         
  52:main.c        **** 		case CYBLE_EVT_STACK_ON:
  53:main.c        **** 			/* BLE stack is on. Start BLE advertisement */   
  54:main.c        **** 			CyBle_GappStartAdvertisement(CYBLE_ADVERTISING_FAST);
  55:main.c        **** 		    break;
  56:main.c        **** 		
  57:main.c        ****         default:
  58:main.c        ****             break;
 142              		.loc 1 58 0
 143 0010 03E0     		b	.L8
 144              	.L7:
  54:main.c        **** 		    break;
 145              		.loc 1 54 0
 146 0012 0020     		movs	r0, #0
 147 0014 FFF7FEFF 		bl	CyBle_GappStartAdvertisement
  55:main.c        **** 		
 148              		.loc 1 55 0
 149 0018 C046     		nop
 150              	.L8:
  59:main.c        ****     }   	
  60:main.c        **** 
  61:main.c        **** }
 151              		.loc 1 61 0
 152 001a C046     		nop
 153 001c BD46     		mov	sp, r7
 154 001e 02B0     		add	sp, sp, #8
 155              		@ sp needed
 156 0020 80BD     		pop	{r7, pc}
 157              		.cfi_endproc
 158              	.LFE36:
 159              		.size	StackEventHandler, .-StackEventHandler
 160              		.global	__aeabi_idiv
 161              		.global	__aeabi_i2d
 162              		.global	__aeabi_dmul
 163              		.global	__aeabi_dsub
 164              		.global	__aeabi_dadd
 165              		.global	__aeabi_d2uiz
ARM GAS  C:\Users\Toshiba\AppData\Local\Temp\ccZ215zU.s 			page 5


 166 0022 C046     		.section	.text.readParticles,"ax",%progbits
 167              		.align	2
 168              		.global	readParticles
 169              		.code	16
 170              		.thumb_func
 171              		.type	readParticles, %function
 172              	readParticles:
 173              	.LFB37:
  62:main.c        **** 
  63:main.c        **** /*******************************************************************
  64:main.c        **** * NAME :            int16 readParticles()
  65:main.c        **** *
  66:main.c        **** * DESCRIPTION :     Read sensor measurement
  67:main.c        **** * OUTPUTS :
  68:main.c        **** *       int16 Dust concentration in pcs/0.01cf
  69:main.c        **** */
  70:main.c        **** int16 readParticles(){
 174              		.loc 1 70 0
 175              		.cfi_startproc
 176              		@ args = 0, pretend = 0, frame = 16
 177              		@ frame_needed = 1, uses_anonymous_args = 0
 178 0000 F0B5     		push	{r4, r5, r6, r7, lr}
 179              		.cfi_def_cfa_offset 20
 180              		.cfi_offset 4, -20
 181              		.cfi_offset 5, -16
 182              		.cfi_offset 6, -12
 183              		.cfi_offset 7, -8
 184              		.cfi_offset 14, -4
 185 0002 85B0     		sub	sp, sp, #20
 186              		.cfi_def_cfa_offset 40
 187 0004 00AF     		add	r7, sp, #0
 188              		.cfi_def_cfa_register 7
  71:main.c        ****     int i; 
  72:main.c        ****     int dur=0;
 189              		.loc 1 72 0
 190 0006 0023     		movs	r3, #0
 191 0008 BB60     		str	r3, [r7, #8]
  73:main.c        ****     
  74:main.c        ****     for(i=0;i<2000000;i++){
 192              		.loc 1 74 0
 193 000a 0023     		movs	r3, #0
 194 000c FB60     		str	r3, [r7, #12]
 195 000e 0FE0     		b	.L10
 196              	.L11:
  75:main.c        ****       CyDelayUs(1);
 197              		.loc 1 75 0 discriminator 3
 198 0010 0120     		movs	r0, #1
 199 0012 FFF7FEFF 		bl	CyDelayUs
  76:main.c        ****       dur+=!PWM_IN_Read();//Count low pulse Duration
 200              		.loc 1 76 0 discriminator 3
 201 0016 FFF7FEFF 		bl	PWM_IN_Read
 202 001a 0300     		movs	r3, r0
 203 001c 5A42     		rsbs	r2, r3, #0
 204 001e 5341     		adcs	r3, r3, r2
 205 0020 DBB2     		uxtb	r3, r3
 206 0022 1A00     		movs	r2, r3
 207 0024 BB68     		ldr	r3, [r7, #8]
ARM GAS  C:\Users\Toshiba\AppData\Local\Temp\ccZ215zU.s 			page 6


 208 0026 9B18     		adds	r3, r3, r2
 209 0028 BB60     		str	r3, [r7, #8]
  74:main.c        ****       CyDelayUs(1);
 210              		.loc 1 74 0 discriminator 3
 211 002a FB68     		ldr	r3, [r7, #12]
 212 002c 0133     		adds	r3, r3, #1
 213 002e FB60     		str	r3, [r7, #12]
 214              	.L10:
  74:main.c        ****       CyDelayUs(1);
 215              		.loc 1 74 0 is_stmt 0 discriminator 1
 216 0030 FB68     		ldr	r3, [r7, #12]
 217 0032 2E4A     		ldr	r2, .L13
 218 0034 9342     		cmp	r3, r2
 219 0036 EBDD     		ble	.L11
  77:main.c        ****     }
  78:main.c        ****     int ratio = dur/20000;
 220              		.loc 1 78 0 is_stmt 1
 221 0038 BB68     		ldr	r3, [r7, #8]
 222 003a 2D49     		ldr	r1, .L13+4
 223 003c 1800     		movs	r0, r3
 224 003e FFF7FEFF 		bl	__aeabi_idiv
 225 0042 0300     		movs	r3, r0
 226 0044 7B60     		str	r3, [r7, #4]
  79:main.c        ****     uint16 senDat = (uint16)(1.1 * pow(ratio, 3.0) - 3.8 * pow(ratio, 2.0) + 520 * ratio + 0.62); /
 227              		.loc 1 79 0
 228 0046 7868     		ldr	r0, [r7, #4]
 229 0048 FFF7FEFF 		bl	__aeabi_i2d
 230 004c 0023     		movs	r3, #0
 231 004e 294C     		ldr	r4, .L13+8
 232 0050 1A00     		movs	r2, r3
 233 0052 2300     		movs	r3, r4
 234 0054 FFF7FEFF 		bl	pow
 235 0058 274A     		ldr	r2, .L13+12
 236 005a 284B     		ldr	r3, .L13+16
 237 005c FFF7FEFF 		bl	__aeabi_dmul
 238 0060 0300     		movs	r3, r0
 239 0062 0C00     		movs	r4, r1
 240 0064 1D00     		movs	r5, r3
 241 0066 2600     		movs	r6, r4
 242 0068 7868     		ldr	r0, [r7, #4]
 243 006a FFF7FEFF 		bl	__aeabi_i2d
 244 006e 0023     		movs	r3, #0
 245 0070 8024     		movs	r4, #128
 246 0072 E405     		lsls	r4, r4, #23
 247 0074 1A00     		movs	r2, r3
 248 0076 2300     		movs	r3, r4
 249 0078 FFF7FEFF 		bl	pow
 250 007c 204A     		ldr	r2, .L13+20
 251 007e 214B     		ldr	r3, .L13+24
 252 0080 FFF7FEFF 		bl	__aeabi_dmul
 253 0084 0300     		movs	r3, r0
 254 0086 0C00     		movs	r4, r1
 255 0088 1A00     		movs	r2, r3
 256 008a 2300     		movs	r3, r4
 257 008c 2800     		movs	r0, r5
 258 008e 3100     		movs	r1, r6
 259 0090 FFF7FEFF 		bl	__aeabi_dsub
ARM GAS  C:\Users\Toshiba\AppData\Local\Temp\ccZ215zU.s 			page 7


 260 0094 0300     		movs	r3, r0
 261 0096 0C00     		movs	r4, r1
 262 0098 2500     		movs	r5, r4
 263 009a 1C00     		movs	r4, r3
 264 009c 7A68     		ldr	r2, [r7, #4]
 265 009e 1300     		movs	r3, r2
 266 00a0 9B01     		lsls	r3, r3, #6
 267 00a2 9B18     		adds	r3, r3, r2
 268 00a4 DB00     		lsls	r3, r3, #3
 269 00a6 1800     		movs	r0, r3
 270 00a8 FFF7FEFF 		bl	__aeabi_i2d
 271 00ac 0200     		movs	r2, r0
 272 00ae 0B00     		movs	r3, r1
 273 00b0 2000     		movs	r0, r4
 274 00b2 2900     		movs	r1, r5
 275 00b4 FFF7FEFF 		bl	__aeabi_dadd
 276 00b8 0300     		movs	r3, r0
 277 00ba 0C00     		movs	r4, r1
 278 00bc 1800     		movs	r0, r3
 279 00be 2100     		movs	r1, r4
 280 00c0 114A     		ldr	r2, .L13+28
 281 00c2 124B     		ldr	r3, .L13+32
 282 00c4 FFF7FEFF 		bl	__aeabi_dadd
 283 00c8 0300     		movs	r3, r0
 284 00ca 0C00     		movs	r4, r1
 285 00cc 1A00     		movs	r2, r3
 286 00ce 2300     		movs	r3, r4
 287 00d0 BC1C     		adds	r4, r7, #2
 288 00d2 1000     		movs	r0, r2
 289 00d4 1900     		movs	r1, r3
 290 00d6 FFF7FEFF 		bl	__aeabi_d2uiz
 291 00da 0300     		movs	r3, r0
 292 00dc 2380     		strh	r3, [r4]
  80:main.c        ****     
  81:main.c        ****     return senDat;
 293              		.loc 1 81 0
 294 00de BB1C     		adds	r3, r7, #2
 295 00e0 0022     		movs	r2, #0
 296 00e2 9B5E     		ldrsh	r3, [r3, r2]
  82:main.c        **** }
 297              		.loc 1 82 0
 298 00e4 1800     		movs	r0, r3
 299 00e6 BD46     		mov	sp, r7
 300 00e8 05B0     		add	sp, sp, #20
 301              		@ sp needed
 302 00ea F0BD     		pop	{r4, r5, r6, r7, pc}
 303              	.L14:
 304              		.align	2
 305              	.L13:
 306 00ec 7F841E00 		.word	1999999
 307 00f0 204E0000 		.word	20000
 308 00f4 00000840 		.word	1074266112
 309 00f8 9A999999 		.word	-1717986918
 310 00fc 9999F13F 		.word	1072798105
 311 0100 66666666 		.word	1717986918
 312 0104 66660E40 		.word	1074685542
 313 0108 D7A3703D 		.word	1030792151
ARM GAS  C:\Users\Toshiba\AppData\Local\Temp\ccZ215zU.s 			page 8


 314 010c 0AD7E33F 		.word	1071896330
 315              		.cfi_endproc
 316              	.LFE37:
 317              		.size	readParticles, .-readParticles
 318              		.text
 319              	.Letext0:
 320              		.file 2 "Generated_Source\\PSoC4/cytypes.h"
 321              		.file 3 "Generated_Source\\PSoC4/BLE_Stack.h"
 322              		.file 4 "Generated_Source\\PSoC4/BLE_StackGap.h"
 323              		.section	.debug_info,"",%progbits
 324              	.Ldebug_info0:
 325 0000 D7040000 		.4byte	0x4d7
 326 0004 0400     		.2byte	0x4
 327 0006 00000000 		.4byte	.Ldebug_abbrev0
 328 000a 04       		.byte	0x4
 329 000b 01       		.uleb128 0x1
 330 000c 09060000 		.4byte	.LASF122
 331 0010 0C       		.byte	0xc
 332 0011 E1050000 		.4byte	.LASF123
 333 0015 46080000 		.4byte	.LASF124
 334 0019 00000000 		.4byte	.Ldebug_ranges0+0
 335 001d 00000000 		.4byte	0
 336 0021 00000000 		.4byte	.Ldebug_line0
 337 0025 02       		.uleb128 0x2
 338 0026 01       		.byte	0x1
 339 0027 06       		.byte	0x6
 340 0028 9F020000 		.4byte	.LASF0
 341 002c 02       		.uleb128 0x2
 342 002d 01       		.byte	0x1
 343 002e 08       		.byte	0x8
 344 002f 29090000 		.4byte	.LASF1
 345 0033 02       		.uleb128 0x2
 346 0034 02       		.byte	0x2
 347 0035 05       		.byte	0x5
 348 0036 5B090000 		.4byte	.LASF2
 349 003a 02       		.uleb128 0x2
 350 003b 02       		.byte	0x2
 351 003c 07       		.byte	0x7
 352 003d 3D050000 		.4byte	.LASF3
 353 0041 02       		.uleb128 0x2
 354 0042 04       		.byte	0x4
 355 0043 05       		.byte	0x5
 356 0044 A4010000 		.4byte	.LASF4
 357 0048 02       		.uleb128 0x2
 358 0049 04       		.byte	0x4
 359 004a 07       		.byte	0x7
 360 004b 73040000 		.4byte	.LASF5
 361 004f 02       		.uleb128 0x2
 362 0050 08       		.byte	0x8
 363 0051 05       		.byte	0x5
 364 0052 91020000 		.4byte	.LASF6
 365 0056 02       		.uleb128 0x2
 366 0057 08       		.byte	0x8
 367 0058 07       		.byte	0x7
 368 0059 AD010000 		.4byte	.LASF7
 369 005d 03       		.uleb128 0x3
 370 005e 04       		.byte	0x4
ARM GAS  C:\Users\Toshiba\AppData\Local\Temp\ccZ215zU.s 			page 9


 371 005f 05       		.byte	0x5
 372 0060 696E7400 		.ascii	"int\000"
 373 0064 02       		.uleb128 0x2
 374 0065 04       		.byte	0x4
 375 0066 07       		.byte	0x7
 376 0067 41040000 		.4byte	.LASF8
 377 006b 04       		.uleb128 0x4
 378 006c 6E030000 		.4byte	.LASF9
 379 0070 02       		.byte	0x2
 380 0071 D201     		.2byte	0x1d2
 381 0073 2C000000 		.4byte	0x2c
 382 0077 04       		.uleb128 0x4
 383 0078 3F000000 		.4byte	.LASF10
 384 007c 02       		.byte	0x2
 385 007d D301     		.2byte	0x1d3
 386 007f 3A000000 		.4byte	0x3a
 387 0083 04       		.uleb128 0x4
 388 0084 AF030000 		.4byte	.LASF11
 389 0088 02       		.byte	0x2
 390 0089 D401     		.2byte	0x1d4
 391 008b 48000000 		.4byte	0x48
 392 008f 04       		.uleb128 0x4
 393 0090 FC0B0000 		.4byte	.LASF12
 394 0094 02       		.byte	0x2
 395 0095 D601     		.2byte	0x1d6
 396 0097 33000000 		.4byte	0x33
 397 009b 02       		.uleb128 0x2
 398 009c 04       		.byte	0x4
 399 009d 04       		.byte	0x4
 400 009e 14090000 		.4byte	.LASF13
 401 00a2 02       		.uleb128 0x2
 402 00a3 08       		.byte	0x8
 403 00a4 04       		.byte	0x4
 404 00a5 9F030000 		.4byte	.LASF14
 405 00a9 02       		.uleb128 0x2
 406 00aa 01       		.byte	0x1
 407 00ab 08       		.byte	0x8
 408 00ac 730A0000 		.4byte	.LASF15
 409 00b0 02       		.uleb128 0x2
 410 00b1 08       		.byte	0x8
 411 00b2 04       		.byte	0x4
 412 00b3 4F0A0000 		.4byte	.LASF16
 413 00b7 02       		.uleb128 0x2
 414 00b8 04       		.byte	0x4
 415 00b9 07       		.byte	0x7
 416 00ba 7E070000 		.4byte	.LASF17
 417 00be 05       		.uleb128 0x5
 418 00bf 04       		.byte	0x4
 419 00c0 06       		.uleb128 0x6
 420 00c1 01       		.byte	0x1
 421 00c2 2C000000 		.4byte	0x2c
 422 00c6 03       		.byte	0x3
 423 00c7 3501     		.2byte	0x135
 424 00c9 7E020000 		.4byte	0x27e
 425 00cd 07       		.uleb128 0x7
 426 00ce 50050000 		.4byte	.LASF18
 427 00d2 00       		.byte	0
ARM GAS  C:\Users\Toshiba\AppData\Local\Temp\ccZ215zU.s 			page 10


 428 00d3 07       		.uleb128 0x7
 429 00d4 AB020000 		.4byte	.LASF19
 430 00d8 01       		.byte	0x1
 431 00d9 07       		.uleb128 0x7
 432 00da 92010000 		.4byte	.LASF20
 433 00de 02       		.byte	0x2
 434 00df 07       		.uleb128 0x7
 435 00e0 2A0B0000 		.4byte	.LASF21
 436 00e4 03       		.byte	0x3
 437 00e5 07       		.uleb128 0x7
 438 00e6 C4010000 		.4byte	.LASF22
 439 00ea 04       		.byte	0x4
 440 00eb 07       		.uleb128 0x7
 441 00ec 23000000 		.4byte	.LASF23
 442 00f0 05       		.byte	0x5
 443 00f1 07       		.uleb128 0x7
 444 00f2 85050000 		.4byte	.LASF24
 445 00f6 06       		.byte	0x6
 446 00f7 07       		.uleb128 0x7
 447 00f8 CE060000 		.4byte	.LASF25
 448 00fc 20       		.byte	0x20
 449 00fd 07       		.uleb128 0x7
 450 00fe E8020000 		.4byte	.LASF26
 451 0102 21       		.byte	0x21
 452 0103 07       		.uleb128 0x7
 453 0104 9E050000 		.4byte	.LASF27
 454 0108 22       		.byte	0x22
 455 0109 07       		.uleb128 0x7
 456 010a 040B0000 		.4byte	.LASF28
 457 010e 23       		.byte	0x23
 458 010f 07       		.uleb128 0x7
 459 0110 09080000 		.4byte	.LASF29
 460 0114 24       		.byte	0x24
 461 0115 07       		.uleb128 0x7
 462 0116 93070000 		.4byte	.LASF30
 463 011a 25       		.byte	0x25
 464 011b 07       		.uleb128 0x7
 465 011c 46030000 		.4byte	.LASF31
 466 0120 26       		.byte	0x26
 467 0121 07       		.uleb128 0x7
 468 0122 C2050000 		.4byte	.LASF32
 469 0126 27       		.byte	0x27
 470 0127 07       		.uleb128 0x7
 471 0128 780A0000 		.4byte	.LASF33
 472 012c 28       		.byte	0x28
 473 012d 07       		.uleb128 0x7
 474 012e 4B020000 		.4byte	.LASF34
 475 0132 29       		.byte	0x29
 476 0133 07       		.uleb128 0x7
 477 0134 7C000000 		.4byte	.LASF35
 478 0138 2A       		.byte	0x2a
 479 0139 07       		.uleb128 0x7
 480 013a BE020000 		.4byte	.LASF36
 481 013e 2B       		.byte	0x2b
 482 013f 07       		.uleb128 0x7
 483 0140 4A0C0000 		.4byte	.LASF37
 484 0144 2C       		.byte	0x2c
ARM GAS  C:\Users\Toshiba\AppData\Local\Temp\ccZ215zU.s 			page 11


 485 0145 07       		.uleb128 0x7
 486 0146 68020000 		.4byte	.LASF38
 487 014a 2D       		.byte	0x2d
 488 014b 07       		.uleb128 0x7
 489 014c 37090000 		.4byte	.LASF39
 490 0150 2E       		.byte	0x2e
 491 0151 07       		.uleb128 0x7
 492 0152 00010000 		.4byte	.LASF40
 493 0156 2F       		.byte	0x2f
 494 0157 07       		.uleb128 0x7
 495 0158 E8070000 		.4byte	.LASF41
 496 015c 30       		.byte	0x30
 497 015d 07       		.uleb128 0x7
 498 015e BA0C0000 		.4byte	.LASF42
 499 0162 31       		.byte	0x31
 500 0163 07       		.uleb128 0x7
 501 0164 C7070000 		.4byte	.LASF43
 502 0168 32       		.byte	0x32
 503 0169 07       		.uleb128 0x7
 504 016a 280A0000 		.4byte	.LASF44
 505 016e 33       		.byte	0x33
 506 016f 07       		.uleb128 0x7
 507 0170 85040000 		.4byte	.LASF45
 508 0174 34       		.byte	0x34
 509 0175 07       		.uleb128 0x7
 510 0176 02040000 		.4byte	.LASF46
 511 017a 35       		.byte	0x35
 512 017b 07       		.uleb128 0x7
 513 017c E8050000 		.4byte	.LASF47
 514 0180 36       		.byte	0x36
 515 0181 07       		.uleb128 0x7
 516 0182 F2060000 		.4byte	.LASF48
 517 0186 37       		.byte	0x37
 518 0187 07       		.uleb128 0x7
 519 0188 0E0A0000 		.4byte	.LASF49
 520 018c 40       		.byte	0x40
 521 018d 07       		.uleb128 0x7
 522 018e 97060000 		.4byte	.LASF50
 523 0192 41       		.byte	0x41
 524 0193 07       		.uleb128 0x7
 525 0194 DE0C0000 		.4byte	.LASF51
 526 0198 42       		.byte	0x42
 527 0199 07       		.uleb128 0x7
 528 019a 430B0000 		.4byte	.LASF52
 529 019e 43       		.byte	0x43
 530 019f 07       		.uleb128 0x7
 531 01a0 B7040000 		.4byte	.LASF53
 532 01a4 44       		.byte	0x44
 533 01a5 07       		.uleb128 0x7
 534 01a6 ED080000 		.4byte	.LASF54
 535 01aa 45       		.byte	0x45
 536 01ab 07       		.uleb128 0x7
 537 01ac 45070000 		.4byte	.LASF55
 538 01b0 46       		.byte	0x46
 539 01b1 07       		.uleb128 0x7
 540 01b2 67050000 		.4byte	.LASF56
 541 01b6 47       		.byte	0x47
ARM GAS  C:\Users\Toshiba\AppData\Local\Temp\ccZ215zU.s 			page 12


 542 01b7 07       		.uleb128 0x7
 543 01b8 230C0000 		.4byte	.LASF57
 544 01bc 48       		.byte	0x48
 545 01bd 07       		.uleb128 0x7
 546 01be FF020000 		.4byte	.LASF58
 547 01c2 49       		.byte	0x49
 548 01c3 07       		.uleb128 0x7
 549 01c4 CC0B0000 		.4byte	.LASF59
 550 01c8 4A       		.byte	0x4a
 551 01c9 07       		.uleb128 0x7
 552 01ca 29010000 		.4byte	.LASF60
 553 01ce 4B       		.byte	0x4b
 554 01cf 07       		.uleb128 0x7
 555 01d0 9D040000 		.4byte	.LASF61
 556 01d4 4C       		.byte	0x4c
 557 01d5 07       		.uleb128 0x7
 558 01d6 AD070000 		.4byte	.LASF62
 559 01da 4D       		.byte	0x4d
 560 01db 07       		.uleb128 0x7
 561 01dc 28030000 		.4byte	.LASF63
 562 01e0 4E       		.byte	0x4e
 563 01e1 07       		.uleb128 0x7
 564 01e2 90090000 		.4byte	.LASF64
 565 01e6 4F       		.byte	0x4f
 566 01e7 07       		.uleb128 0x7
 567 01e8 48010000 		.4byte	.LASF65
 568 01ec 50       		.byte	0x50
 569 01ed 07       		.uleb128 0x7
 570 01ee 80030000 		.4byte	.LASF66
 571 01f2 51       		.byte	0x51
 572 01f3 07       		.uleb128 0x7
 573 01f4 25080000 		.4byte	.LASF67
 574 01f8 52       		.byte	0x52
 575 01f9 07       		.uleb128 0x7
 576 01fa 020C0000 		.4byte	.LASF68
 577 01fe 53       		.byte	0x53
 578 01ff 07       		.uleb128 0x7
 579 0200 ED090000 		.4byte	.LASF69
 580 0204 54       		.byte	0x54
 581 0205 07       		.uleb128 0x7
 582 0206 D5040000 		.4byte	.LASF70
 583 020a 55       		.byte	0x55
 584 020b 07       		.uleb128 0x7
 585 020c 1F040000 		.4byte	.LASF71
 586 0210 56       		.byte	0x56
 587 0211 07       		.uleb128 0x7
 588 0212 9A0A0000 		.4byte	.LASF72
 589 0216 57       		.byte	0x57
 590 0217 07       		.uleb128 0x7
 591 0218 F9040000 		.4byte	.LASF73
 592 021c 58       		.byte	0x58
 593 021d 07       		.uleb128 0x7
 594 021e 25020000 		.4byte	.LASF74
 595 0222 70       		.byte	0x70
 596 0223 07       		.uleb128 0x7
 597 0224 8F0C0000 		.4byte	.LASF75
 598 0228 71       		.byte	0x71
ARM GAS  C:\Users\Toshiba\AppData\Local\Temp\ccZ215zU.s 			page 13


 599 0229 07       		.uleb128 0x7
 600 022a B2060000 		.4byte	.LASF76
 601 022e 72       		.byte	0x72
 602 022f 07       		.uleb128 0x7
 603 0230 27070000 		.4byte	.LASF77
 604 0234 73       		.byte	0x73
 605 0235 07       		.uleb128 0x7
 606 0236 CF080000 		.4byte	.LASF78
 607 023a 74       		.byte	0x74
 608 023b 07       		.uleb128 0x7
 609 023c 6E0C0000 		.4byte	.LASF79
 610 0240 75       		.byte	0x75
 611 0241 07       		.uleb128 0x7
 612 0242 B3000000 		.4byte	.LASF80
 613 0246 76       		.byte	0x76
 614 0247 07       		.uleb128 0x7
 615 0248 46000000 		.4byte	.LASF81
 616 024c 77       		.byte	0x77
 617 024d 07       		.uleb128 0x7
 618 024e 00000000 		.4byte	.LASF82
 619 0252 78       		.byte	0x78
 620 0253 07       		.uleb128 0x7
 621 0254 E10A0000 		.4byte	.LASF83
 622 0258 79       		.byte	0x79
 623 0259 07       		.uleb128 0x7
 624 025a D3030000 		.4byte	.LASF84
 625 025e 7A       		.byte	0x7a
 626 025f 07       		.uleb128 0x7
 627 0260 E1010000 		.4byte	.LASF85
 628 0264 FA       		.byte	0xfa
 629 0265 07       		.uleb128 0x7
 630 0266 4E040000 		.4byte	.LASF86
 631 026a FB       		.byte	0xfb
 632 026b 07       		.uleb128 0x7
 633 026c 7E090000 		.4byte	.LASF87
 634 0270 FC       		.byte	0xfc
 635 0271 07       		.uleb128 0x7
 636 0272 5B0A0000 		.4byte	.LASF88
 637 0276 FD       		.byte	0xfd
 638 0277 07       		.uleb128 0x7
 639 0278 B6030000 		.4byte	.LASF89
 640 027c FF       		.byte	0xff
 641 027d 00       		.byte	0
 642 027e 08       		.uleb128 0x8
 643 027f 6B000000 		.4byte	0x6b
 644 0283 8E020000 		.4byte	0x28e
 645 0287 09       		.uleb128 0x9
 646 0288 B7000000 		.4byte	0xb7
 647 028c 05       		.byte	0x5
 648 028d 00       		.byte	0
 649 028e 0A       		.uleb128 0xa
 650 028f 01       		.byte	0x1
 651 0290 2C000000 		.4byte	0x2c
 652 0294 04       		.byte	0x4
 653 0295 E0       		.byte	0xe0
 654 0296 B9020000 		.4byte	0x2b9
 655 029a 07       		.uleb128 0x7
ARM GAS  C:\Users\Toshiba\AppData\Local\Temp\ccZ215zU.s 			page 14


 656 029b FF010000 		.4byte	.LASF90
 657 029f 00       		.byte	0
 658 02a0 07       		.uleb128 0x7
 659 02a1 D4000000 		.4byte	.LASF91
 660 02a5 01       		.byte	0x1
 661 02a6 07       		.uleb128 0x7
 662 02a7 67010000 		.4byte	.LASF92
 663 02ab 02       		.byte	0x2
 664 02ac 07       		.uleb128 0x7
 665 02ad A20B0000 		.4byte	.LASF93
 666 02b1 03       		.byte	0x3
 667 02b2 07       		.uleb128 0x7
 668 02b3 BA090000 		.4byte	.LASF94
 669 02b7 04       		.byte	0x4
 670 02b8 00       		.byte	0
 671 02b9 0B       		.uleb128 0xb
 672 02ba 910B0000 		.4byte	.LASF95
 673 02be 04       		.byte	0x4
 674 02bf F0       		.byte	0xf0
 675 02c0 8E020000 		.4byte	0x28e
 676 02c4 0C       		.uleb128 0xc
 677 02c5 10       		.byte	0x10
 678 02c6 04       		.byte	0x4
 679 02c7 2102     		.2byte	0x221
 680 02c9 36030000 		.4byte	0x336
 681 02cd 0D       		.uleb128 0xd
 682 02ce AF090000 		.4byte	.LASF96
 683 02d2 04       		.byte	0x4
 684 02d3 2702     		.2byte	0x227
 685 02d5 77000000 		.4byte	0x77
 686 02d9 00       		.byte	0
 687 02da 0D       		.uleb128 0xd
 688 02db 73090000 		.4byte	.LASF97
 689 02df 04       		.byte	0x4
 690 02e0 2D02     		.2byte	0x22d
 691 02e2 77000000 		.4byte	0x77
 692 02e6 02       		.byte	0x2
 693 02e7 0D       		.uleb128 0xd
 694 02e8 D9010000 		.4byte	.LASF98
 695 02ec 04       		.byte	0x4
 696 02ed 3602     		.2byte	0x236
 697 02ef B9020000 		.4byte	0x2b9
 698 02f3 04       		.byte	0x4
 699 02f4 0D       		.uleb128 0xd
 700 02f5 87070000 		.4byte	.LASF99
 701 02f9 04       		.byte	0x4
 702 02fa 3E02     		.2byte	0x23e
 703 02fc 6B000000 		.4byte	0x6b
 704 0300 05       		.byte	0x5
 705 0301 0D       		.uleb128 0xd
 706 0302 1A090000 		.4byte	.LASF100
 707 0306 04       		.byte	0x4
 708 0307 4502     		.2byte	0x245
 709 0309 6B000000 		.4byte	0x6b
 710 030d 06       		.byte	0x6
 711 030e 0D       		.uleb128 0xd
 712 030f DD020000 		.4byte	.LASF101
ARM GAS  C:\Users\Toshiba\AppData\Local\Temp\ccZ215zU.s 			page 15


 713 0313 04       		.byte	0x4
 714 0314 4B02     		.2byte	0x24b
 715 0316 7E020000 		.4byte	0x27e
 716 031a 07       		.byte	0x7
 717 031b 0D       		.uleb128 0xd
 718 031c A5000000 		.4byte	.LASF102
 719 0320 04       		.byte	0x4
 720 0321 5302     		.2byte	0x253
 721 0323 6B000000 		.4byte	0x6b
 722 0327 0D       		.byte	0xd
 723 0328 0D       		.uleb128 0xd
 724 0329 18030000 		.4byte	.LASF103
 725 032d 04       		.byte	0x4
 726 032e 5F02     		.2byte	0x25f
 727 0330 6B000000 		.4byte	0x6b
 728 0334 0E       		.byte	0xe
 729 0335 00       		.byte	0
 730 0336 04       		.uleb128 0x4
 731 0337 C30A0000 		.4byte	.LASF104
 732 033b 04       		.byte	0x4
 733 033c 6102     		.2byte	0x261
 734 033e C4020000 		.4byte	0x2c4
 735 0342 0C       		.uleb128 0xc
 736 0343 20       		.byte	0x20
 737 0344 04       		.byte	0x4
 738 0345 6402     		.2byte	0x264
 739 0347 66030000 		.4byte	0x366
 740 034b 0D       		.uleb128 0xd
 741 034c E5090000 		.4byte	.LASF105
 742 0350 04       		.byte	0x4
 743 0351 6702     		.2byte	0x267
 744 0353 66030000 		.4byte	0x366
 745 0357 00       		.byte	0
 746 0358 0D       		.uleb128 0xd
 747 0359 F7030000 		.4byte	.LASF106
 748 035d 04       		.byte	0x4
 749 035e 6A02     		.2byte	0x26a
 750 0360 6B000000 		.4byte	0x6b
 751 0364 1F       		.byte	0x1f
 752 0365 00       		.byte	0
 753 0366 08       		.uleb128 0x8
 754 0367 6B000000 		.4byte	0x6b
 755 036b 76030000 		.4byte	0x376
 756 036f 09       		.uleb128 0x9
 757 0370 B7000000 		.4byte	0xb7
 758 0374 1E       		.byte	0x1e
 759 0375 00       		.byte	0
 760 0376 04       		.uleb128 0x4
 761 0377 65000000 		.4byte	.LASF107
 762 037b 04       		.byte	0x4
 763 037c 6C02     		.2byte	0x26c
 764 037e 42030000 		.4byte	0x342
 765 0382 0C       		.uleb128 0xc
 766 0383 20       		.byte	0x20
 767 0384 04       		.byte	0x4
 768 0385 6F02     		.2byte	0x26f
 769 0387 A6030000 		.4byte	0x3a6
ARM GAS  C:\Users\Toshiba\AppData\Local\Temp\ccZ215zU.s 			page 16


 770 038b 0D       		.uleb128 0xd
 771 038c 74030000 		.4byte	.LASF108
 772 0390 04       		.byte	0x4
 773 0391 7302     		.2byte	0x273
 774 0393 66030000 		.4byte	0x366
 775 0397 00       		.byte	0
 776 0398 0D       		.uleb128 0xd
 777 0399 C4030000 		.4byte	.LASF109
 778 039d 04       		.byte	0x4
 779 039e 7602     		.2byte	0x276
 780 03a0 6B000000 		.4byte	0x6b
 781 03a4 1F       		.byte	0x1f
 782 03a5 00       		.byte	0
 783 03a6 04       		.uleb128 0x4
 784 03a7 1C050000 		.4byte	.LASF110
 785 03ab 04       		.byte	0x4
 786 03ac 7802     		.2byte	0x278
 787 03ae 82030000 		.4byte	0x382
 788 03b2 0C       		.uleb128 0xc
 789 03b3 14       		.byte	0x14
 790 03b4 04       		.byte	0x4
 791 03b5 7B02     		.2byte	0x27b
 792 03b7 FD030000 		.4byte	0x3fd
 793 03bb 0D       		.uleb128 0xd
 794 03bc A6030000 		.4byte	.LASF111
 795 03c0 04       		.byte	0x4
 796 03c1 8302     		.2byte	0x283
 797 03c3 6B000000 		.4byte	0x6b
 798 03c7 00       		.byte	0
 799 03c8 0D       		.uleb128 0xd
 800 03c9 880B0000 		.4byte	.LASF112
 801 03cd 04       		.byte	0x4
 802 03ce 8602     		.2byte	0x286
 803 03d0 FD030000 		.4byte	0x3fd
 804 03d4 04       		.byte	0x4
 805 03d5 0D       		.uleb128 0xd
 806 03d6 E5090000 		.4byte	.LASF105
 807 03da 04       		.byte	0x4
 808 03db 8802     		.2byte	0x288
 809 03dd 03040000 		.4byte	0x403
 810 03e1 08       		.byte	0x8
 811 03e2 0D       		.uleb128 0xd
 812 03e3 74030000 		.4byte	.LASF108
 813 03e7 04       		.byte	0x4
 814 03e8 8A02     		.2byte	0x28a
 815 03ea 09040000 		.4byte	0x409
 816 03ee 0C       		.byte	0xc
 817 03ef 0D       		.uleb128 0xd
 818 03f0 6D040000 		.4byte	.LASF113
 819 03f4 04       		.byte	0x4
 820 03f5 9402     		.2byte	0x294
 821 03f7 77000000 		.4byte	0x77
 822 03fb 10       		.byte	0x10
 823 03fc 00       		.byte	0
 824 03fd 0E       		.uleb128 0xe
 825 03fe 04       		.byte	0x4
 826 03ff 36030000 		.4byte	0x336
ARM GAS  C:\Users\Toshiba\AppData\Local\Temp\ccZ215zU.s 			page 17


 827 0403 0E       		.uleb128 0xe
 828 0404 04       		.byte	0x4
 829 0405 76030000 		.4byte	0x376
 830 0409 0E       		.uleb128 0xe
 831 040a 04       		.byte	0x4
 832 040b A6030000 		.4byte	0x3a6
 833 040f 04       		.uleb128 0x4
 834 0410 610B0000 		.4byte	.LASF114
 835 0414 04       		.byte	0x4
 836 0415 9602     		.2byte	0x296
 837 0417 B2030000 		.4byte	0x3b2
 838 041b 0F       		.uleb128 0xf
 839 041c B50C0000 		.4byte	.LASF115
 840 0420 01       		.byte	0x1
 841 0421 18       		.byte	0x18
 842 0422 5D000000 		.4byte	0x5d
 843 0426 00000000 		.4byte	.LFB35
 844 042a 80000000 		.4byte	.LFE35-.LFB35
 845 042e 01       		.uleb128 0x1
 846 042f 9C       		.byte	0x9c
 847 0430 4D040000 		.4byte	0x44d
 848 0434 10       		.uleb128 0x10
 849 0435 10000000 		.4byte	.LBB2
 850 0439 64000000 		.4byte	.LBE2-.LBB2
 851 043d 11       		.uleb128 0x11
 852 043e 76616C00 		.ascii	"val\000"
 853 0442 01       		.byte	0x1
 854 0443 21       		.byte	0x21
 855 0444 8F000000 		.4byte	0x8f
 856 0448 02       		.uleb128 0x2
 857 0449 91       		.byte	0x91
 858 044a 6E       		.sleb128 -18
 859 044b 00       		.byte	0
 860 044c 00       		.byte	0
 861 044d 12       		.uleb128 0x12
 862 044e EA0B0000 		.4byte	.LASF116
 863 0452 01       		.byte	0x1
 864 0453 2F       		.byte	0x2f
 865 0454 00000000 		.4byte	.LFB36
 866 0458 22000000 		.4byte	.LFE36-.LFB36
 867 045c 01       		.uleb128 0x1
 868 045d 9C       		.byte	0x9c
 869 045e 7F040000 		.4byte	0x47f
 870 0462 13       		.uleb128 0x13
 871 0463 37050000 		.4byte	.LASF117
 872 0467 01       		.byte	0x1
 873 0468 2F       		.byte	0x2f
 874 0469 83000000 		.4byte	0x83
 875 046d 02       		.uleb128 0x2
 876 046e 91       		.byte	0x91
 877 046f 74       		.sleb128 -12
 878 0470 13       		.uleb128 0x13
 879 0471 7D0B0000 		.4byte	.LASF118
 880 0475 01       		.byte	0x1
 881 0476 2F       		.byte	0x2f
 882 0477 BE000000 		.4byte	0xbe
 883 047b 02       		.uleb128 0x2
ARM GAS  C:\Users\Toshiba\AppData\Local\Temp\ccZ215zU.s 			page 18


 884 047c 91       		.byte	0x91
 885 047d 70       		.sleb128 -16
 886 047e 00       		.byte	0
 887 047f 0F       		.uleb128 0xf
 888 0480 65090000 		.4byte	.LASF119
 889 0484 01       		.byte	0x1
 890 0485 46       		.byte	0x46
 891 0486 8F000000 		.4byte	0x8f
 892 048a 00000000 		.4byte	.LFB37
 893 048e 10010000 		.4byte	.LFE37-.LFB37
 894 0492 01       		.uleb128 0x1
 895 0493 9C       		.byte	0x9c
 896 0494 CF040000 		.4byte	0x4cf
 897 0498 11       		.uleb128 0x11
 898 0499 6900     		.ascii	"i\000"
 899 049b 01       		.byte	0x1
 900 049c 47       		.byte	0x47
 901 049d 5D000000 		.4byte	0x5d
 902 04a1 02       		.uleb128 0x2
 903 04a2 91       		.byte	0x91
 904 04a3 64       		.sleb128 -28
 905 04a4 11       		.uleb128 0x11
 906 04a5 64757200 		.ascii	"dur\000"
 907 04a9 01       		.byte	0x1
 908 04aa 48       		.byte	0x48
 909 04ab 5D000000 		.4byte	0x5d
 910 04af 02       		.uleb128 0x2
 911 04b0 91       		.byte	0x91
 912 04b1 60       		.sleb128 -32
 913 04b2 14       		.uleb128 0x14
 914 04b3 DB0A0000 		.4byte	.LASF120
 915 04b7 01       		.byte	0x1
 916 04b8 4E       		.byte	0x4e
 917 04b9 5D000000 		.4byte	0x5d
 918 04bd 02       		.uleb128 0x2
 919 04be 91       		.byte	0x91
 920 04bf 5C       		.sleb128 -36
 921 04c0 14       		.uleb128 0x14
 922 04c1 8B010000 		.4byte	.LASF121
 923 04c5 01       		.byte	0x1
 924 04c6 4F       		.byte	0x4f
 925 04c7 77000000 		.4byte	0x77
 926 04cb 02       		.uleb128 0x2
 927 04cc 91       		.byte	0x91
 928 04cd 5A       		.sleb128 -38
 929 04ce 00       		.byte	0
 930 04cf 15       		.uleb128 0x15
 931 04d0 66070000 		.4byte	.LASF125
 932 04d4 01       		.byte	0x1
 933 04d5 14       		.byte	0x14
 934 04d6 0F040000 		.4byte	0x40f
 935 04da 00       		.byte	0
 936              		.section	.debug_abbrev,"",%progbits
 937              	.Ldebug_abbrev0:
 938 0000 01       		.uleb128 0x1
 939 0001 11       		.uleb128 0x11
 940 0002 01       		.byte	0x1
ARM GAS  C:\Users\Toshiba\AppData\Local\Temp\ccZ215zU.s 			page 19


 941 0003 25       		.uleb128 0x25
 942 0004 0E       		.uleb128 0xe
 943 0005 13       		.uleb128 0x13
 944 0006 0B       		.uleb128 0xb
 945 0007 03       		.uleb128 0x3
 946 0008 0E       		.uleb128 0xe
 947 0009 1B       		.uleb128 0x1b
 948 000a 0E       		.uleb128 0xe
 949 000b 55       		.uleb128 0x55
 950 000c 17       		.uleb128 0x17
 951 000d 11       		.uleb128 0x11
 952 000e 01       		.uleb128 0x1
 953 000f 10       		.uleb128 0x10
 954 0010 17       		.uleb128 0x17
 955 0011 00       		.byte	0
 956 0012 00       		.byte	0
 957 0013 02       		.uleb128 0x2
 958 0014 24       		.uleb128 0x24
 959 0015 00       		.byte	0
 960 0016 0B       		.uleb128 0xb
 961 0017 0B       		.uleb128 0xb
 962 0018 3E       		.uleb128 0x3e
 963 0019 0B       		.uleb128 0xb
 964 001a 03       		.uleb128 0x3
 965 001b 0E       		.uleb128 0xe
 966 001c 00       		.byte	0
 967 001d 00       		.byte	0
 968 001e 03       		.uleb128 0x3
 969 001f 24       		.uleb128 0x24
 970 0020 00       		.byte	0
 971 0021 0B       		.uleb128 0xb
 972 0022 0B       		.uleb128 0xb
 973 0023 3E       		.uleb128 0x3e
 974 0024 0B       		.uleb128 0xb
 975 0025 03       		.uleb128 0x3
 976 0026 08       		.uleb128 0x8
 977 0027 00       		.byte	0
 978 0028 00       		.byte	0
 979 0029 04       		.uleb128 0x4
 980 002a 16       		.uleb128 0x16
 981 002b 00       		.byte	0
 982 002c 03       		.uleb128 0x3
 983 002d 0E       		.uleb128 0xe
 984 002e 3A       		.uleb128 0x3a
 985 002f 0B       		.uleb128 0xb
 986 0030 3B       		.uleb128 0x3b
 987 0031 05       		.uleb128 0x5
 988 0032 49       		.uleb128 0x49
 989 0033 13       		.uleb128 0x13
 990 0034 00       		.byte	0
 991 0035 00       		.byte	0
 992 0036 05       		.uleb128 0x5
 993 0037 0F       		.uleb128 0xf
 994 0038 00       		.byte	0
 995 0039 0B       		.uleb128 0xb
 996 003a 0B       		.uleb128 0xb
 997 003b 00       		.byte	0
ARM GAS  C:\Users\Toshiba\AppData\Local\Temp\ccZ215zU.s 			page 20


 998 003c 00       		.byte	0
 999 003d 06       		.uleb128 0x6
 1000 003e 04       		.uleb128 0x4
 1001 003f 01       		.byte	0x1
 1002 0040 0B       		.uleb128 0xb
 1003 0041 0B       		.uleb128 0xb
 1004 0042 49       		.uleb128 0x49
 1005 0043 13       		.uleb128 0x13
 1006 0044 3A       		.uleb128 0x3a
 1007 0045 0B       		.uleb128 0xb
 1008 0046 3B       		.uleb128 0x3b
 1009 0047 05       		.uleb128 0x5
 1010 0048 01       		.uleb128 0x1
 1011 0049 13       		.uleb128 0x13
 1012 004a 00       		.byte	0
 1013 004b 00       		.byte	0
 1014 004c 07       		.uleb128 0x7
 1015 004d 28       		.uleb128 0x28
 1016 004e 00       		.byte	0
 1017 004f 03       		.uleb128 0x3
 1018 0050 0E       		.uleb128 0xe
 1019 0051 1C       		.uleb128 0x1c
 1020 0052 0B       		.uleb128 0xb
 1021 0053 00       		.byte	0
 1022 0054 00       		.byte	0
 1023 0055 08       		.uleb128 0x8
 1024 0056 01       		.uleb128 0x1
 1025 0057 01       		.byte	0x1
 1026 0058 49       		.uleb128 0x49
 1027 0059 13       		.uleb128 0x13
 1028 005a 01       		.uleb128 0x1
 1029 005b 13       		.uleb128 0x13
 1030 005c 00       		.byte	0
 1031 005d 00       		.byte	0
 1032 005e 09       		.uleb128 0x9
 1033 005f 21       		.uleb128 0x21
 1034 0060 00       		.byte	0
 1035 0061 49       		.uleb128 0x49
 1036 0062 13       		.uleb128 0x13
 1037 0063 2F       		.uleb128 0x2f
 1038 0064 0B       		.uleb128 0xb
 1039 0065 00       		.byte	0
 1040 0066 00       		.byte	0
 1041 0067 0A       		.uleb128 0xa
 1042 0068 04       		.uleb128 0x4
 1043 0069 01       		.byte	0x1
 1044 006a 0B       		.uleb128 0xb
 1045 006b 0B       		.uleb128 0xb
 1046 006c 49       		.uleb128 0x49
 1047 006d 13       		.uleb128 0x13
 1048 006e 3A       		.uleb128 0x3a
 1049 006f 0B       		.uleb128 0xb
 1050 0070 3B       		.uleb128 0x3b
 1051 0071 0B       		.uleb128 0xb
 1052 0072 01       		.uleb128 0x1
 1053 0073 13       		.uleb128 0x13
 1054 0074 00       		.byte	0
ARM GAS  C:\Users\Toshiba\AppData\Local\Temp\ccZ215zU.s 			page 21


 1055 0075 00       		.byte	0
 1056 0076 0B       		.uleb128 0xb
 1057 0077 16       		.uleb128 0x16
 1058 0078 00       		.byte	0
 1059 0079 03       		.uleb128 0x3
 1060 007a 0E       		.uleb128 0xe
 1061 007b 3A       		.uleb128 0x3a
 1062 007c 0B       		.uleb128 0xb
 1063 007d 3B       		.uleb128 0x3b
 1064 007e 0B       		.uleb128 0xb
 1065 007f 49       		.uleb128 0x49
 1066 0080 13       		.uleb128 0x13
 1067 0081 00       		.byte	0
 1068 0082 00       		.byte	0
 1069 0083 0C       		.uleb128 0xc
 1070 0084 13       		.uleb128 0x13
 1071 0085 01       		.byte	0x1
 1072 0086 0B       		.uleb128 0xb
 1073 0087 0B       		.uleb128 0xb
 1074 0088 3A       		.uleb128 0x3a
 1075 0089 0B       		.uleb128 0xb
 1076 008a 3B       		.uleb128 0x3b
 1077 008b 05       		.uleb128 0x5
 1078 008c 01       		.uleb128 0x1
 1079 008d 13       		.uleb128 0x13
 1080 008e 00       		.byte	0
 1081 008f 00       		.byte	0
 1082 0090 0D       		.uleb128 0xd
 1083 0091 0D       		.uleb128 0xd
 1084 0092 00       		.byte	0
 1085 0093 03       		.uleb128 0x3
 1086 0094 0E       		.uleb128 0xe
 1087 0095 3A       		.uleb128 0x3a
 1088 0096 0B       		.uleb128 0xb
 1089 0097 3B       		.uleb128 0x3b
 1090 0098 05       		.uleb128 0x5
 1091 0099 49       		.uleb128 0x49
 1092 009a 13       		.uleb128 0x13
 1093 009b 38       		.uleb128 0x38
 1094 009c 0B       		.uleb128 0xb
 1095 009d 00       		.byte	0
 1096 009e 00       		.byte	0
 1097 009f 0E       		.uleb128 0xe
 1098 00a0 0F       		.uleb128 0xf
 1099 00a1 00       		.byte	0
 1100 00a2 0B       		.uleb128 0xb
 1101 00a3 0B       		.uleb128 0xb
 1102 00a4 49       		.uleb128 0x49
 1103 00a5 13       		.uleb128 0x13
 1104 00a6 00       		.byte	0
 1105 00a7 00       		.byte	0
 1106 00a8 0F       		.uleb128 0xf
 1107 00a9 2E       		.uleb128 0x2e
 1108 00aa 01       		.byte	0x1
 1109 00ab 3F       		.uleb128 0x3f
 1110 00ac 19       		.uleb128 0x19
 1111 00ad 03       		.uleb128 0x3
ARM GAS  C:\Users\Toshiba\AppData\Local\Temp\ccZ215zU.s 			page 22


 1112 00ae 0E       		.uleb128 0xe
 1113 00af 3A       		.uleb128 0x3a
 1114 00b0 0B       		.uleb128 0xb
 1115 00b1 3B       		.uleb128 0x3b
 1116 00b2 0B       		.uleb128 0xb
 1117 00b3 49       		.uleb128 0x49
 1118 00b4 13       		.uleb128 0x13
 1119 00b5 11       		.uleb128 0x11
 1120 00b6 01       		.uleb128 0x1
 1121 00b7 12       		.uleb128 0x12
 1122 00b8 06       		.uleb128 0x6
 1123 00b9 40       		.uleb128 0x40
 1124 00ba 18       		.uleb128 0x18
 1125 00bb 9642     		.uleb128 0x2116
 1126 00bd 19       		.uleb128 0x19
 1127 00be 01       		.uleb128 0x1
 1128 00bf 13       		.uleb128 0x13
 1129 00c0 00       		.byte	0
 1130 00c1 00       		.byte	0
 1131 00c2 10       		.uleb128 0x10
 1132 00c3 0B       		.uleb128 0xb
 1133 00c4 01       		.byte	0x1
 1134 00c5 11       		.uleb128 0x11
 1135 00c6 01       		.uleb128 0x1
 1136 00c7 12       		.uleb128 0x12
 1137 00c8 06       		.uleb128 0x6
 1138 00c9 00       		.byte	0
 1139 00ca 00       		.byte	0
 1140 00cb 11       		.uleb128 0x11
 1141 00cc 34       		.uleb128 0x34
 1142 00cd 00       		.byte	0
 1143 00ce 03       		.uleb128 0x3
 1144 00cf 08       		.uleb128 0x8
 1145 00d0 3A       		.uleb128 0x3a
 1146 00d1 0B       		.uleb128 0xb
 1147 00d2 3B       		.uleb128 0x3b
 1148 00d3 0B       		.uleb128 0xb
 1149 00d4 49       		.uleb128 0x49
 1150 00d5 13       		.uleb128 0x13
 1151 00d6 02       		.uleb128 0x2
 1152 00d7 18       		.uleb128 0x18
 1153 00d8 00       		.byte	0
 1154 00d9 00       		.byte	0
 1155 00da 12       		.uleb128 0x12
 1156 00db 2E       		.uleb128 0x2e
 1157 00dc 01       		.byte	0x1
 1158 00dd 3F       		.uleb128 0x3f
 1159 00de 19       		.uleb128 0x19
 1160 00df 03       		.uleb128 0x3
 1161 00e0 0E       		.uleb128 0xe
 1162 00e1 3A       		.uleb128 0x3a
 1163 00e2 0B       		.uleb128 0xb
 1164 00e3 3B       		.uleb128 0x3b
 1165 00e4 0B       		.uleb128 0xb
 1166 00e5 27       		.uleb128 0x27
 1167 00e6 19       		.uleb128 0x19
 1168 00e7 11       		.uleb128 0x11
ARM GAS  C:\Users\Toshiba\AppData\Local\Temp\ccZ215zU.s 			page 23


 1169 00e8 01       		.uleb128 0x1
 1170 00e9 12       		.uleb128 0x12
 1171 00ea 06       		.uleb128 0x6
 1172 00eb 40       		.uleb128 0x40
 1173 00ec 18       		.uleb128 0x18
 1174 00ed 9642     		.uleb128 0x2116
 1175 00ef 19       		.uleb128 0x19
 1176 00f0 01       		.uleb128 0x1
 1177 00f1 13       		.uleb128 0x13
 1178 00f2 00       		.byte	0
 1179 00f3 00       		.byte	0
 1180 00f4 13       		.uleb128 0x13
 1181 00f5 05       		.uleb128 0x5
 1182 00f6 00       		.byte	0
 1183 00f7 03       		.uleb128 0x3
 1184 00f8 0E       		.uleb128 0xe
 1185 00f9 3A       		.uleb128 0x3a
 1186 00fa 0B       		.uleb128 0xb
 1187 00fb 3B       		.uleb128 0x3b
 1188 00fc 0B       		.uleb128 0xb
 1189 00fd 49       		.uleb128 0x49
 1190 00fe 13       		.uleb128 0x13
 1191 00ff 02       		.uleb128 0x2
 1192 0100 18       		.uleb128 0x18
 1193 0101 00       		.byte	0
 1194 0102 00       		.byte	0
 1195 0103 14       		.uleb128 0x14
 1196 0104 34       		.uleb128 0x34
 1197 0105 00       		.byte	0
 1198 0106 03       		.uleb128 0x3
 1199 0107 0E       		.uleb128 0xe
 1200 0108 3A       		.uleb128 0x3a
 1201 0109 0B       		.uleb128 0xb
 1202 010a 3B       		.uleb128 0x3b
 1203 010b 0B       		.uleb128 0xb
 1204 010c 49       		.uleb128 0x49
 1205 010d 13       		.uleb128 0x13
 1206 010e 02       		.uleb128 0x2
 1207 010f 18       		.uleb128 0x18
 1208 0110 00       		.byte	0
 1209 0111 00       		.byte	0
 1210 0112 15       		.uleb128 0x15
 1211 0113 34       		.uleb128 0x34
 1212 0114 00       		.byte	0
 1213 0115 03       		.uleb128 0x3
 1214 0116 0E       		.uleb128 0xe
 1215 0117 3A       		.uleb128 0x3a
 1216 0118 0B       		.uleb128 0xb
 1217 0119 3B       		.uleb128 0x3b
 1218 011a 0B       		.uleb128 0xb
 1219 011b 49       		.uleb128 0x49
 1220 011c 13       		.uleb128 0x13
 1221 011d 3F       		.uleb128 0x3f
 1222 011e 19       		.uleb128 0x19
 1223 011f 3C       		.uleb128 0x3c
 1224 0120 19       		.uleb128 0x19
 1225 0121 00       		.byte	0
ARM GAS  C:\Users\Toshiba\AppData\Local\Temp\ccZ215zU.s 			page 24


 1226 0122 00       		.byte	0
 1227 0123 00       		.byte	0
 1228              		.section	.debug_aranges,"",%progbits
 1229 0000 2C000000 		.4byte	0x2c
 1230 0004 0200     		.2byte	0x2
 1231 0006 00000000 		.4byte	.Ldebug_info0
 1232 000a 04       		.byte	0x4
 1233 000b 00       		.byte	0
 1234 000c 0000     		.2byte	0
 1235 000e 0000     		.2byte	0
 1236 0010 00000000 		.4byte	.LFB35
 1237 0014 80000000 		.4byte	.LFE35-.LFB35
 1238 0018 00000000 		.4byte	.LFB36
 1239 001c 22000000 		.4byte	.LFE36-.LFB36
 1240 0020 00000000 		.4byte	.LFB37
 1241 0024 10010000 		.4byte	.LFE37-.LFB37
 1242 0028 00000000 		.4byte	0
 1243 002c 00000000 		.4byte	0
 1244              		.section	.debug_ranges,"",%progbits
 1245              	.Ldebug_ranges0:
 1246 0000 00000000 		.4byte	.LFB35
 1247 0004 80000000 		.4byte	.LFE35
 1248 0008 00000000 		.4byte	.LFB36
 1249 000c 22000000 		.4byte	.LFE36
 1250 0010 00000000 		.4byte	.LFB37
 1251 0014 10010000 		.4byte	.LFE37
 1252 0018 00000000 		.4byte	0
 1253 001c 00000000 		.4byte	0
 1254              		.section	.debug_line,"",%progbits
 1255              	.Ldebug_line0:
 1256 0000 EA000000 		.section	.debug_str,"MS",%progbits,1
 1256      02006200 
 1256      00000201 
 1256      FB0E0D00 
 1256      01010101 
 1257              	.LASF82:
 1258 0000 4359424C 		.ascii	"CYBLE_EVT_L2CAP_CBFC_RX_CREDIT_IND\000"
 1258      455F4556 
 1258      545F4C32 
 1258      4341505F 
 1258      43424643 
 1259              	.LASF23:
 1260 0023 4359424C 		.ascii	"CYBLE_EVT_STACK_BUSY_STATUS\000"
 1260      455F4556 
 1260      545F5354 
 1260      41434B5F 
 1260      42555359 
 1261              	.LASF10:
 1262 003f 75696E74 		.ascii	"uint16\000"
 1262      313600
 1263              	.LASF81:
 1264 0046 4359424C 		.ascii	"CYBLE_EVT_L2CAP_CBFC_DATA_READ\000"
 1264      455F4556 
 1264      545F4C32 
 1264      4341505F 
 1264      43424643 
 1265              	.LASF107:
ARM GAS  C:\Users\Toshiba\AppData\Local\Temp\ccZ215zU.s 			page 25


 1266 0065 4359424C 		.ascii	"CYBLE_GAPP_DISC_DATA_T\000"
 1266      455F4741 
 1266      50505F44 
 1266      4953435F 
 1266      44415441 
 1267              	.LASF35:
 1268 007c 4359424C 		.ascii	"CYBLE_EVT_GAP_CONNECTION_UPDATE_COMPLETE\000"
 1268      455F4556 
 1268      545F4741 
 1268      505F434F 
 1268      4E4E4543 
 1269              	.LASF102:
 1270 00a5 61647643 		.ascii	"advChannelMap\000"
 1270      68616E6E 
 1270      656C4D61 
 1270      7000
 1271              	.LASF80:
 1272 00b3 4359424C 		.ascii	"CYBLE_EVT_L2CAP_CBFC_DISCONN_CNF\000"
 1272      455F4556 
 1272      545F4C32 
 1272      4341505F 
 1272      43424643 
 1273              	.LASF91:
 1274 00d4 4359424C 		.ascii	"CYBLE_GAPP_CONNECTABLE_HIGH_DC_DIRECTED_ADV\000"
 1274      455F4741 
 1274      50505F43 
 1274      4F4E4E45 
 1274      43544142 
 1275              	.LASF40:
 1276 0100 4359424C 		.ascii	"CYBLE_EVT_GAP_OOB_GENERATED_NOTIFICATION\000"
 1276      455F4556 
 1276      545F4741 
 1276      505F4F4F 
 1276      425F4745 
 1277              	.LASF60:
 1278 0129 4359424C 		.ascii	"CYBLE_EVT_GATTC_READ_MULTI_RSP\000"
 1278      455F4556 
 1278      545F4741 
 1278      5454435F 
 1278      52454144 
 1279              	.LASF65:
 1280 0148 4359424C 		.ascii	"CYBLE_EVT_GATTS_EXEC_WRITE_REQ\000"
 1280      455F4556 
 1280      545F4741 
 1280      5454535F 
 1280      45584543 
 1281              	.LASF92:
 1282 0167 4359424C 		.ascii	"CYBLE_GAPP_SCANNABLE_UNDIRECTED_ADV\000"
 1282      455F4741 
 1282      50505F53 
 1282      43414E4E 
 1282      41424C45 
 1283              	.LASF121:
 1284 018b 73656E44 		.ascii	"senDat\000"
 1284      617400
 1285              	.LASF20:
 1286 0192 4359424C 		.ascii	"CYBLE_EVT_TIMEOUT\000"
ARM GAS  C:\Users\Toshiba\AppData\Local\Temp\ccZ215zU.s 			page 26


 1286      455F4556 
 1286      545F5449 
 1286      4D454F55 
 1286      5400
 1287              	.LASF4:
 1288 01a4 6C6F6E67 		.ascii	"long int\000"
 1288      20696E74 
 1288      00
 1289              	.LASF7:
 1290 01ad 6C6F6E67 		.ascii	"long long unsigned int\000"
 1290      206C6F6E 
 1290      6720756E 
 1290      7369676E 
 1290      65642069 
 1291              	.LASF22:
 1292 01c4 4359424C 		.ascii	"CYBLE_EVT_HCI_STATUS\000"
 1292      455F4556 
 1292      545F4843 
 1292      495F5354 
 1292      41545553 
 1293              	.LASF98:
 1294 01d9 61647654 		.ascii	"advType\000"
 1294      79706500 
 1295              	.LASF85:
 1296 01e1 4359424C 		.ascii	"CYBLE_EVT_PENDING_FLASH_WRITE\000"
 1296      455F4556 
 1296      545F5045 
 1296      4E44494E 
 1296      475F464C 
 1297              	.LASF90:
 1298 01ff 4359424C 		.ascii	"CYBLE_GAPP_CONNECTABLE_UNDIRECTED_ADV\000"
 1298      455F4741 
 1298      50505F43 
 1298      4F4E4E45 
 1298      43544142 
 1299              	.LASF74:
 1300 0225 4359424C 		.ascii	"CYBLE_EVT_L2CAP_CONN_PARAM_UPDATE_REQ\000"
 1300      455F4556 
 1300      545F4C32 
 1300      4341505F 
 1300      434F4E4E 
 1301              	.LASF34:
 1302 024b 4359424C 		.ascii	"CYBLE_EVT_GAP_ENCRYPT_CHANGE\000"
 1302      455F4556 
 1302      545F4741 
 1302      505F454E 
 1302      43525950 
 1303              	.LASF38:
 1304 0268 4359424C 		.ascii	"CYBLE_EVT_GAP_NUMERIC_COMPARISON_REQUEST\000"
 1304      455F4556 
 1304      545F4741 
 1304      505F4E55 
 1304      4D455249 
 1305              	.LASF6:
 1306 0291 6C6F6E67 		.ascii	"long long int\000"
 1306      206C6F6E 
 1306      6720696E 
ARM GAS  C:\Users\Toshiba\AppData\Local\Temp\ccZ215zU.s 			page 27


 1306      7400
 1307              	.LASF0:
 1308 029f 7369676E 		.ascii	"signed char\000"
 1308      65642063 
 1308      68617200 
 1309              	.LASF19:
 1310 02ab 4359424C 		.ascii	"CYBLE_EVT_STACK_ON\000"
 1310      455F4556 
 1310      545F5354 
 1310      41434B5F 
 1310      4F4E00
 1311              	.LASF36:
 1312 02be 4359424C 		.ascii	"CYBLE_EVT_GAPC_SCAN_START_STOP\000"
 1312      455F4556 
 1312      545F4741 
 1312      50435F53 
 1312      43414E5F 
 1313              	.LASF101:
 1314 02dd 64697265 		.ascii	"directAddr\000"
 1314      63744164 
 1314      647200
 1315              	.LASF26:
 1316 02e8 4359424C 		.ascii	"CYBLE_EVT_GAP_AUTH_REQ\000"
 1316      455F4556 
 1316      545F4741 
 1316      505F4155 
 1316      54485F52 
 1317              	.LASF58:
 1318 02ff 4359424C 		.ascii	"CYBLE_EVT_GATTC_READ_RSP\000"
 1318      455F4556 
 1318      545F4741 
 1318      5454435F 
 1318      52454144 
 1319              	.LASF103:
 1320 0318 61647646 		.ascii	"advFilterPolicy\000"
 1320      696C7465 
 1320      72506F6C 
 1320      69637900 
 1321              	.LASF63:
 1322 0328 4359424C 		.ascii	"CYBLE_EVT_GATTS_WRITE_CMD_REQ\000"
 1322      455F4556 
 1322      545F4741 
 1322      5454535F 
 1322      57524954 
 1323              	.LASF31:
 1324 0346 4359424C 		.ascii	"CYBLE_EVT_GAPP_ADVERTISEMENT_START_STOP\000"
 1324      455F4556 
 1324      545F4741 
 1324      50505F41 
 1324      44564552 
 1325              	.LASF9:
 1326 036e 75696E74 		.ascii	"uint8\000"
 1326      3800
 1327              	.LASF108:
 1328 0374 7363616E 		.ascii	"scanRspData\000"
 1328      52737044 
 1328      61746100 
ARM GAS  C:\Users\Toshiba\AppData\Local\Temp\ccZ215zU.s 			page 28


 1329              	.LASF66:
 1330 0380 4359424C 		.ascii	"CYBLE_EVT_GATTC_EXEC_WRITE_RSP\000"
 1330      455F4556 
 1330      545F4741 
 1330      5454435F 
 1330      45584543 
 1331              	.LASF14:
 1332 039f 646F7562 		.ascii	"double\000"
 1332      6C6500
 1333              	.LASF111:
 1334 03a6 64697363 		.ascii	"discMode\000"
 1334      4D6F6465 
 1334      00
 1335              	.LASF11:
 1336 03af 75696E74 		.ascii	"uint32\000"
 1336      333200
 1337              	.LASF89:
 1338 03b6 4359424C 		.ascii	"CYBLE_EVT_MAX\000"
 1338      455F4556 
 1338      545F4D41 
 1338      5800
 1339              	.LASF109:
 1340 03c4 7363616E 		.ascii	"scanRspDataLen\000"
 1340      52737044 
 1340      6174614C 
 1340      656E00
 1341              	.LASF84:
 1342 03d3 4359424C 		.ascii	"CYBLE_EVT_L2CAP_CBFC_DATA_WRITE_IND\000"
 1342      455F4556 
 1342      545F4C32 
 1342      4341505F 
 1342      43424643 
 1343              	.LASF106:
 1344 03f7 61647644 		.ascii	"advDataLen\000"
 1344      6174614C 
 1344      656E00
 1345              	.LASF46:
 1346 0402 4359424C 		.ascii	"CYBLE_EVT_GAP_SCAN_REQ_RECVD\000"
 1346      455F4556 
 1346      545F4741 
 1346      505F5343 
 1346      414E5F52 
 1347              	.LASF71:
 1348 041f 4359424C 		.ascii	"CYBLE_EVT_GATTC_STOP_CMD_COMPLETE\000"
 1348      455F4556 
 1348      545F4741 
 1348      5454435F 
 1348      53544F50 
 1349              	.LASF8:
 1350 0441 756E7369 		.ascii	"unsigned int\000"
 1350      676E6564 
 1350      20696E74 
 1350      00
 1351              	.LASF86:
 1352 044e 4359424C 		.ascii	"CYBLE_EVT_LE_PING_AUTH_TIMEOUT\000"
 1352      455F4556 
 1352      545F4C45 
ARM GAS  C:\Users\Toshiba\AppData\Local\Temp\ccZ215zU.s 			page 29


 1352      5F50494E 
 1352      475F4155 
 1353              	.LASF113:
 1354 046d 61647654 		.ascii	"advTo\000"
 1354      6F00
 1355              	.LASF5:
 1356 0473 6C6F6E67 		.ascii	"long unsigned int\000"
 1356      20756E73 
 1356      69676E65 
 1356      6420696E 
 1356      7400
 1357              	.LASF45:
 1358 0485 4359424C 		.ascii	"CYBLE_EVT_GAP_CONN_ESTB\000"
 1358      455F4556 
 1358      545F4741 
 1358      505F434F 
 1358      4E4E5F45 
 1359              	.LASF61:
 1360 049d 4359424C 		.ascii	"CYBLE_EVT_GATTS_WRITE_REQ\000"
 1360      455F4556 
 1360      545F4741 
 1360      5454535F 
 1360      57524954 
 1361              	.LASF53:
 1362 04b7 4359424C 		.ascii	"CYBLE_EVT_GATTC_XCHNG_MTU_RSP\000"
 1362      455F4556 
 1362      545F4741 
 1362      5454435F 
 1362      5843484E 
 1363              	.LASF70:
 1364 04d5 4359424C 		.ascii	"CYBLE_EVT_GATTS_DATA_SIGNED_CMD_REQ\000"
 1364      455F4556 
 1364      545F4741 
 1364      5454535F 
 1364      44415441 
 1365              	.LASF73:
 1366 04f9 4359424C 		.ascii	"CYBLE_EVT_GATTC_LONG_PROCEDURE_END\000"
 1366      455F4556 
 1366      545F4741 
 1366      5454435F 
 1366      4C4F4E47 
 1367              	.LASF110:
 1368 051c 4359424C 		.ascii	"CYBLE_GAPP_SCAN_RSP_DATA_T\000"
 1368      455F4741 
 1368      50505F53 
 1368      43414E5F 
 1368      5253505F 
 1369              	.LASF117:
 1370 0537 6576656E 		.ascii	"event\000"
 1370      7400
 1371              	.LASF3:
 1372 053d 73686F72 		.ascii	"short unsigned int\000"
 1372      7420756E 
 1372      7369676E 
 1372      65642069 
 1372      6E7400
 1373              	.LASF18:
ARM GAS  C:\Users\Toshiba\AppData\Local\Temp\ccZ215zU.s 			page 30


 1374 0550 4359424C 		.ascii	"CYBLE_EVT_HOST_INVALID\000"
 1374      455F4556 
 1374      545F484F 
 1374      53545F49 
 1374      4E56414C 
 1375              	.LASF56:
 1376 0567 4359424C 		.ascii	"CYBLE_EVT_GATTC_FIND_INFO_RSP\000"
 1376      455F4556 
 1376      545F4741 
 1376      5454435F 
 1376      46494E44 
 1377              	.LASF24:
 1378 0585 4359424C 		.ascii	"CYBLE_EVT_MEMORY_REQUEST\000"
 1378      455F4556 
 1378      545F4D45 
 1378      4D4F5259 
 1378      5F524551 
 1379              	.LASF27:
 1380 059e 4359424C 		.ascii	"CYBLE_EVT_GAP_PASSKEY_ENTRY_REQUEST\000"
 1380      455F4556 
 1380      545F4741 
 1380      505F5041 
 1380      53534B45 
 1381              	.LASF32:
 1382 05c2 4359424C 		.ascii	"CYBLE_EVT_GAP_DEVICE_CONNECTED\000"
 1382      455F4556 
 1382      545F4741 
 1382      505F4445 
 1382      56494345 
 1383              	.LASF123:
 1384 05e1 6D61696E 		.ascii	"main.c\000"
 1384      2E6300
 1385              	.LASF47:
 1386 05e8 4359424C 		.ascii	"CYBLE_EVT_GAP_AUTH_REQ_REPLY_ERR\000"
 1386      455F4556 
 1386      545F4741 
 1386      505F4155 
 1386      54485F52 
 1387              	.LASF122:
 1388 0609 474E5520 		.ascii	"GNU C11 5.4.1 20160609 (release) [ARM/embedded-5-br"
 1388      43313120 
 1388      352E342E 
 1388      31203230 
 1388      31363036 
 1389 063c 616E6368 		.ascii	"anch revision 237715] -mcpu=cortex-m0 -mthumb -g -O"
 1389      20726576 
 1389      6973696F 
 1389      6E203233 
 1389      37373135 
 1390 066f 30202D66 		.ascii	"0 -ffunction-sections -ffat-lto-objects\000"
 1390      66756E63 
 1390      74696F6E 
 1390      2D736563 
 1390      74696F6E 
 1391              	.LASF50:
 1392 0697 4359424C 		.ascii	"CYBLE_EVT_GATT_CONNECT_IND\000"
 1392      455F4556 
ARM GAS  C:\Users\Toshiba\AppData\Local\Temp\ccZ215zU.s 			page 31


 1392      545F4741 
 1392      54545F43 
 1392      4F4E4E45 
 1393              	.LASF76:
 1394 06b2 4359424C 		.ascii	"CYBLE_EVT_L2CAP_COMMAND_REJ\000"
 1394      455F4556 
 1394      545F4C32 
 1394      4341505F 
 1394      434F4D4D 
 1395              	.LASF25:
 1396 06ce 4359424C 		.ascii	"CYBLE_EVT_GAPC_SCAN_PROGRESS_RESULT\000"
 1396      455F4556 
 1396      545F4741 
 1396      50435F53 
 1396      43414E5F 
 1397              	.LASF48:
 1398 06f2 4359424C 		.ascii	"CYBLE_EVT_GAP_SMP_LOC_P256_KEYS_GEN_AND_SET_COMPLET"
 1398      455F4556 
 1398      545F4741 
 1398      505F534D 
 1398      505F4C4F 
 1399 0725 4500     		.ascii	"E\000"
 1400              	.LASF77:
 1401 0727 4359424C 		.ascii	"CYBLE_EVT_L2CAP_CBFC_CONN_IND\000"
 1401      455F4556 
 1401      545F4C32 
 1401      4341505F 
 1401      43424643 
 1402              	.LASF55:
 1403 0745 4359424C 		.ascii	"CYBLE_EVT_GATTC_READ_BY_TYPE_RSP\000"
 1403      455F4556 
 1403      545F4741 
 1403      5454435F 
 1403      52454144 
 1404              	.LASF125:
 1405 0766 6379426C 		.ascii	"cyBle_discoveryModeInfo\000"
 1405      655F6469 
 1405      73636F76 
 1405      6572794D 
 1405      6F646549 
 1406              	.LASF17:
 1407 077e 73697A65 		.ascii	"sizetype\000"
 1407      74797065 
 1407      00
 1408              	.LASF99:
 1409 0787 6F776E41 		.ascii	"ownAddrType\000"
 1409      64647254 
 1409      79706500 
 1410              	.LASF30:
 1411 0793 4359424C 		.ascii	"CYBLE_EVT_GAP_AUTH_FAILED\000"
 1411      455F4556 
 1411      545F4741 
 1411      505F4155 
 1411      54485F46 
 1412              	.LASF62:
 1413 07ad 4359424C 		.ascii	"CYBLE_EVT_GATTC_WRITE_RSP\000"
 1413      455F4556 
ARM GAS  C:\Users\Toshiba\AppData\Local\Temp\ccZ215zU.s 			page 32


 1413      545F4741 
 1413      5454435F 
 1413      57524954 
 1414              	.LASF43:
 1415 07c7 4359424C 		.ascii	"CYBLE_EVT_GAPC_DIRECT_ADV_REPORT\000"
 1415      455F4556 
 1415      545F4741 
 1415      50435F44 
 1415      49524543 
 1416              	.LASF41:
 1417 07e8 4359424C 		.ascii	"CYBLE_EVT_GAP_DATA_LENGTH_CHANGE\000"
 1417      455F4556 
 1417      545F4741 
 1417      505F4441 
 1417      54415F4C 
 1418              	.LASF29:
 1419 0809 4359424C 		.ascii	"CYBLE_EVT_GAP_AUTH_COMPLETE\000"
 1419      455F4556 
 1419      545F4741 
 1419      505F4155 
 1419      54485F43 
 1420              	.LASF67:
 1421 0825 4359424C 		.ascii	"CYBLE_EVT_GATTC_HANDLE_VALUE_NTF\000"
 1421      455F4556 
 1421      545F4741 
 1421      5454435F 
 1421      48414E44 
 1422              	.LASF124:
 1423 0846 433A5C55 		.ascii	"C:\\Users\\Toshiba\\Documents\\Repositories\\hackAI"
 1423      73657273 
 1423      5C546F73 
 1423      68696261 
 1423      5C446F63 
 1424 0874 522D5053 		.ascii	"R-PSoC\\PPD42 - Led Dust Sensor\\PSoC Firmware\\PSo"
 1424      6F435C50 
 1424      50443432 
 1424      202D204C 
 1424      65642044 
 1425 08a4 43204372 		.ascii	"C Creator Project\\PwmLedSensor_PPD42.cydsn\000"
 1425      6561746F 
 1425      72205072 
 1425      6F6A6563 
 1425      745C5077 
 1426              	.LASF78:
 1427 08cf 4359424C 		.ascii	"CYBLE_EVT_L2CAP_CBFC_CONN_CNF\000"
 1427      455F4556 
 1427      545F4C32 
 1427      4341505F 
 1427      43424643 
 1428              	.LASF54:
 1429 08ed 4359424C 		.ascii	"CYBLE_EVT_GATTC_READ_BY_GROUP_TYPE_RSP\000"
 1429      455F4556 
 1429      545F4741 
 1429      5454435F 
 1429      52454144 
 1430              	.LASF13:
 1431 0914 666C6F61 		.ascii	"float\000"
ARM GAS  C:\Users\Toshiba\AppData\Local\Temp\ccZ215zU.s 			page 33


 1431      7400
 1432              	.LASF100:
 1433 091a 64697265 		.ascii	"directAddrType\000"
 1433      63744164 
 1433      64725479 
 1433      706500
 1434              	.LASF1:
 1435 0929 756E7369 		.ascii	"unsigned char\000"
 1435      676E6564 
 1435      20636861 
 1435      7200
 1436              	.LASF39:
 1437 0937 4359424C 		.ascii	"CYBLE_EVT_GAP_KEYPRESS_NOTIFICATION\000"
 1437      455F4556 
 1437      545F4741 
 1437      505F4B45 
 1437      59505245 
 1438              	.LASF2:
 1439 095b 73686F72 		.ascii	"short int\000"
 1439      7420696E 
 1439      7400
 1440              	.LASF119:
 1441 0965 72656164 		.ascii	"readParticles\000"
 1441      50617274 
 1441      69636C65 
 1441      7300
 1442              	.LASF97:
 1443 0973 61647649 		.ascii	"advIntvMax\000"
 1443      6E74764D 
 1443      617800
 1444              	.LASF87:
 1445 097e 4359424C 		.ascii	"CYBLE_EVT_HCI_PKT\000"
 1445      455F4556 
 1445      545F4843 
 1445      495F504B 
 1445      5400
 1446              	.LASF64:
 1447 0990 4359424C 		.ascii	"CYBLE_EVT_GATTS_PREP_WRITE_REQ\000"
 1447      455F4556 
 1447      545F4741 
 1447      5454535F 
 1447      50524550 
 1448              	.LASF96:
 1449 09af 61647649 		.ascii	"advIntvMin\000"
 1449      6E74764D 
 1449      696E00
 1450              	.LASF94:
 1451 09ba 4359424C 		.ascii	"CYBLE_GAPP_CONNECTABLE_LOW_DC_DIRECTED_ADV\000"
 1451      455F4741 
 1451      50505F43 
 1451      4F4E4E45 
 1451      43544142 
 1452              	.LASF105:
 1453 09e5 61647644 		.ascii	"advData\000"
 1453      61746100 
 1454              	.LASF69:
 1455 09ed 4359424C 		.ascii	"CYBLE_EVT_GATTS_HANDLE_VALUE_CNF\000"
ARM GAS  C:\Users\Toshiba\AppData\Local\Temp\ccZ215zU.s 			page 34


 1455      455F4556 
 1455      545F4741 
 1455      5454535F 
 1455      48414E44 
 1456              	.LASF49:
 1457 0a0e 4359424C 		.ascii	"CYBLE_EVT_GATTC_ERROR_RSP\000"
 1457      455F4556 
 1457      545F4741 
 1457      5454435F 
 1457      4552524F 
 1458              	.LASF44:
 1459 0a28 4359424C 		.ascii	"CYBLE_EVT_GAP_SMP_NEGOTIATED_AUTH_INFO\000"
 1459      455F4556 
 1459      545F4741 
 1459      505F534D 
 1459      505F4E45 
 1460              	.LASF16:
 1461 0a4f 6C6F6E67 		.ascii	"long double\000"
 1461      20646F75 
 1461      626C6500 
 1462              	.LASF88:
 1463 0a5b 4359424C 		.ascii	"CYBLE_EVT_FLASH_CORRUPT\000"
 1463      455F4556 
 1463      545F464C 
 1463      4153485F 
 1463      434F5252 
 1464              	.LASF15:
 1465 0a73 63686172 		.ascii	"char\000"
 1465      00
 1466              	.LASF33:
 1467 0a78 4359424C 		.ascii	"CYBLE_EVT_GAP_DEVICE_DISCONNECTED\000"
 1467      455F4556 
 1467      545F4741 
 1467      505F4445 
 1467      56494345 
 1468              	.LASF72:
 1469 0a9a 4359424C 		.ascii	"CYBLE_EVT_GATTS_READ_CHAR_VAL_ACCESS_REQ\000"
 1469      455F4556 
 1469      545F4741 
 1469      5454535F 
 1469      52454144 
 1470              	.LASF104:
 1471 0ac3 4359424C 		.ascii	"CYBLE_GAPP_DISC_PARAM_T\000"
 1471      455F4741 
 1471      50505F44 
 1471      4953435F 
 1471      50415241 
 1472              	.LASF120:
 1473 0adb 72617469 		.ascii	"ratio\000"
 1473      6F00
 1474              	.LASF83:
 1475 0ae1 4359424C 		.ascii	"CYBLE_EVT_L2CAP_CBFC_TX_CREDIT_IND\000"
 1475      455F4556 
 1475      545F4C32 
 1475      4341505F 
 1475      43424643 
 1476              	.LASF28:
ARM GAS  C:\Users\Toshiba\AppData\Local\Temp\ccZ215zU.s 			page 35


 1477 0b04 4359424C 		.ascii	"CYBLE_EVT_GAP_PASSKEY_DISPLAY_REQUEST\000"
 1477      455F4556 
 1477      545F4741 
 1477      505F5041 
 1477      53534B45 
 1478              	.LASF21:
 1479 0b2a 4359424C 		.ascii	"CYBLE_EVT_HARDWARE_ERROR\000"
 1479      455F4556 
 1479      545F4841 
 1479      52445741 
 1479      52455F45 
 1480              	.LASF52:
 1481 0b43 4359424C 		.ascii	"CYBLE_EVT_GATTS_XCNHG_MTU_REQ\000"
 1481      455F4556 
 1481      545F4741 
 1481      5454535F 
 1481      58434E48 
 1482              	.LASF114:
 1483 0b61 4359424C 		.ascii	"CYBLE_GAPP_DISC_MODE_INFO_T\000"
 1483      455F4741 
 1483      50505F44 
 1483      4953435F 
 1483      4D4F4445 
 1484              	.LASF118:
 1485 0b7d 6576656E 		.ascii	"eventParam\000"
 1485      74506172 
 1485      616D00
 1486              	.LASF112:
 1487 0b88 61647650 		.ascii	"advParam\000"
 1487      6172616D 
 1487      00
 1488              	.LASF95:
 1489 0b91 4359424C 		.ascii	"CYBLE_GAPP_ADV_T\000"
 1489      455F4741 
 1489      50505F41 
 1489      44565F54 
 1489      00
 1490              	.LASF93:
 1491 0ba2 4359424C 		.ascii	"CYBLE_GAPP_NON_CONNECTABLE_UNDIRECTED_ADV\000"
 1491      455F4741 
 1491      50505F4E 
 1491      4F4E5F43 
 1491      4F4E4E45 
 1492              	.LASF59:
 1493 0bcc 4359424C 		.ascii	"CYBLE_EVT_GATTC_READ_BLOB_RSP\000"
 1493      455F4556 
 1493      545F4741 
 1493      5454435F 
 1493      52454144 
 1494              	.LASF116:
 1495 0bea 53746163 		.ascii	"StackEventHandler\000"
 1495      6B457665 
 1495      6E744861 
 1495      6E646C65 
 1495      7200
 1496              	.LASF12:
 1497 0bfc 696E7431 		.ascii	"int16\000"
ARM GAS  C:\Users\Toshiba\AppData\Local\Temp\ccZ215zU.s 			page 36


 1497      3600
 1498              	.LASF68:
 1499 0c02 4359424C 		.ascii	"CYBLE_EVT_GATTC_HANDLE_VALUE_IND\000"
 1499      455F4556 
 1499      545F4741 
 1499      5454435F 
 1499      48414E44 
 1500              	.LASF57:
 1501 0c23 4359424C 		.ascii	"CYBLE_EVT_GATTC_FIND_BY_TYPE_VALUE_RSP\000"
 1501      455F4556 
 1501      545F4741 
 1501      5454435F 
 1501      46494E44 
 1502              	.LASF37:
 1503 0c4a 4359424C 		.ascii	"CYBLE_EVT_GAP_KEYINFO_EXCHNGE_CMPLT\000"
 1503      455F4556 
 1503      545F4741 
 1503      505F4B45 
 1503      59494E46 
 1504              	.LASF79:
 1505 0c6e 4359424C 		.ascii	"CYBLE_EVT_L2CAP_CBFC_DISCONN_IND\000"
 1505      455F4556 
 1505      545F4C32 
 1505      4341505F 
 1505      43424643 
 1506              	.LASF75:
 1507 0c8f 4359424C 		.ascii	"CYBLE_EVT_L2CAP_CONN_PARAM_UPDATE_RSP\000"
 1507      455F4556 
 1507      545F4C32 
 1507      4341505F 
 1507      434F4E4E 
 1508              	.LASF115:
 1509 0cb5 6D61696E 		.ascii	"main\000"
 1509      00
 1510              	.LASF42:
 1511 0cba 4359424C 		.ascii	"CYBLE_EVT_GAP_ENHANCE_CONN_COMPLETE\000"
 1511      455F4556 
 1511      545F4741 
 1511      505F454E 
 1511      48414E43 
 1512              	.LASF51:
 1513 0cde 4359424C 		.ascii	"CYBLE_EVT_GATT_DISCONNECT_IND\000"
 1513      455F4556 
 1513      545F4741 
 1513      54545F44 
 1513      4953434F 
 1514              		.ident	"GCC: (GNU Tools for ARM Embedded Processors) 5.4.1 20160609 (release) [ARM/embedded-5-bran
