ARM GAS  C:\Users\TTSS\AppData\Local\Temp\ccfJIsU1.s 			page 1


   1              		.cpu cortex-m0
   2              		.fpu softvfp
   3              		.eabi_attribute 20, 1
   4              		.eabi_attribute 21, 1
   5              		.eabi_attribute 23, 3
   6              		.eabi_attribute 24, 1
   7              		.eabi_attribute 25, 1
   8              		.eabi_attribute 26, 1
   9              		.eabi_attribute 30, 6
  10              		.eabi_attribute 34, 0
  11              		.eabi_attribute 18, 4
  12              		.code	16
  13              		.file	"cyfitter_cfg.c"
  14              		.text
  15              	.Ltext0:
  16              		.cfi_sections	.debug_frame
  17              		.section	.text.CYMEMZERO,"ax",%progbits
  18              		.align	2
  19              		.code	16
  20              		.thumb_func
  21              		.type	CYMEMZERO, %function
  22              	CYMEMZERO:
  23              	.LFB2:
  24              		.file 1 "Generated_Source\\PSoC4\\cyfitter_cfg.c"
   1:Generated_Source\PSoC4/cyfitter_cfg.c **** /*******************************************************************************
   2:Generated_Source\PSoC4/cyfitter_cfg.c **** * File Name: cyfitter_cfg.c
   3:Generated_Source\PSoC4/cyfitter_cfg.c **** * 
   4:Generated_Source\PSoC4/cyfitter_cfg.c **** * PSoC Creator  4.0
   5:Generated_Source\PSoC4/cyfitter_cfg.c **** *
   6:Generated_Source\PSoC4/cyfitter_cfg.c **** * Description:
   7:Generated_Source\PSoC4/cyfitter_cfg.c **** * This file contains device initialization code.
   8:Generated_Source\PSoC4/cyfitter_cfg.c **** * Except for the user defined sections in CyClockStartupError(), this file should not be modified.
   9:Generated_Source\PSoC4/cyfitter_cfg.c **** * This file is automatically generated by PSoC Creator.
  10:Generated_Source\PSoC4/cyfitter_cfg.c **** *
  11:Generated_Source\PSoC4/cyfitter_cfg.c **** ********************************************************************************
  12:Generated_Source\PSoC4/cyfitter_cfg.c **** * Copyright (c) 2007-2016 Cypress Semiconductor.  All rights reserved.
  13:Generated_Source\PSoC4/cyfitter_cfg.c **** * You may use this file only in accordance with the license, terms, conditions, 
  14:Generated_Source\PSoC4/cyfitter_cfg.c **** * disclaimers, and limitations in the end user license agreement accompanying 
  15:Generated_Source\PSoC4/cyfitter_cfg.c **** * the software package with which this file was provided.
  16:Generated_Source\PSoC4/cyfitter_cfg.c **** ********************************************************************************/
  17:Generated_Source\PSoC4/cyfitter_cfg.c **** 
  18:Generated_Source\PSoC4/cyfitter_cfg.c **** #include <string.h>
  19:Generated_Source\PSoC4/cyfitter_cfg.c **** #include "cytypes.h"
  20:Generated_Source\PSoC4/cyfitter_cfg.c **** #include "cydevice_trm.h"
  21:Generated_Source\PSoC4/cyfitter_cfg.c **** #include "cyfitter.h"
  22:Generated_Source\PSoC4/cyfitter_cfg.c **** #include "CyLib.h"
  23:Generated_Source\PSoC4/cyfitter_cfg.c **** #include "CyLFClk.h"
  24:Generated_Source\PSoC4/cyfitter_cfg.c **** #include "cyfitter_cfg.h"
  25:Generated_Source\PSoC4/cyfitter_cfg.c **** #include "cyapicallbacks.h"
  26:Generated_Source\PSoC4/cyfitter_cfg.c **** 
  27:Generated_Source\PSoC4/cyfitter_cfg.c **** 
  28:Generated_Source\PSoC4/cyfitter_cfg.c **** #if defined(__GNUC__) || defined(__ARMCC_VERSION)
  29:Generated_Source\PSoC4/cyfitter_cfg.c ****     #define CYPACKED 
  30:Generated_Source\PSoC4/cyfitter_cfg.c ****     #define CYPACKED_ATTR __attribute__ ((packed))
  31:Generated_Source\PSoC4/cyfitter_cfg.c ****     #define CYALIGNED __attribute__ ((aligned))
  32:Generated_Source\PSoC4/cyfitter_cfg.c ****     #define CY_CFG_UNUSED __attribute__ ((unused))
  33:Generated_Source\PSoC4/cyfitter_cfg.c ****     #ifndef CY_CFG_SECTION
ARM GAS  C:\Users\TTSS\AppData\Local\Temp\ccfJIsU1.s 			page 2


  34:Generated_Source\PSoC4/cyfitter_cfg.c ****         #define CY_CFG_SECTION __attribute__ ((section(".psocinit")))
  35:Generated_Source\PSoC4/cyfitter_cfg.c ****     #endif
  36:Generated_Source\PSoC4/cyfitter_cfg.c ****     
  37:Generated_Source\PSoC4/cyfitter_cfg.c ****     #if defined(__ARMCC_VERSION)
  38:Generated_Source\PSoC4/cyfitter_cfg.c ****         #define CY_CFG_MEMORY_BARRIER() __memory_changed()
  39:Generated_Source\PSoC4/cyfitter_cfg.c ****     #else
  40:Generated_Source\PSoC4/cyfitter_cfg.c ****         #define CY_CFG_MEMORY_BARRIER() __sync_synchronize()
  41:Generated_Source\PSoC4/cyfitter_cfg.c ****     #endif
  42:Generated_Source\PSoC4/cyfitter_cfg.c ****     
  43:Generated_Source\PSoC4/cyfitter_cfg.c **** #elif defined(__ICCARM__)
  44:Generated_Source\PSoC4/cyfitter_cfg.c ****     #include <intrinsics.h>
  45:Generated_Source\PSoC4/cyfitter_cfg.c **** 
  46:Generated_Source\PSoC4/cyfitter_cfg.c ****     #define CYPACKED __packed
  47:Generated_Source\PSoC4/cyfitter_cfg.c ****     #define CYPACKED_ATTR 
  48:Generated_Source\PSoC4/cyfitter_cfg.c ****     #define CYALIGNED _Pragma("data_alignment=4")
  49:Generated_Source\PSoC4/cyfitter_cfg.c ****     #define CY_CFG_UNUSED _Pragma("diag_suppress=Pe177")
  50:Generated_Source\PSoC4/cyfitter_cfg.c ****     #define CY_CFG_SECTION _Pragma("location=\".psocinit\"")
  51:Generated_Source\PSoC4/cyfitter_cfg.c ****     
  52:Generated_Source\PSoC4/cyfitter_cfg.c ****     #define CY_CFG_MEMORY_BARRIER() __DMB()
  53:Generated_Source\PSoC4/cyfitter_cfg.c ****     
  54:Generated_Source\PSoC4/cyfitter_cfg.c **** #else
  55:Generated_Source\PSoC4/cyfitter_cfg.c ****     #error Unsupported toolchain
  56:Generated_Source\PSoC4/cyfitter_cfg.c **** #endif
  57:Generated_Source\PSoC4/cyfitter_cfg.c **** 
  58:Generated_Source\PSoC4/cyfitter_cfg.c **** 
  59:Generated_Source\PSoC4/cyfitter_cfg.c **** CY_CFG_UNUSED
  60:Generated_Source\PSoC4/cyfitter_cfg.c **** static void CYMEMZERO(void *s, size_t n);
  61:Generated_Source\PSoC4/cyfitter_cfg.c **** CY_CFG_UNUSED
  62:Generated_Source\PSoC4/cyfitter_cfg.c **** static void CYMEMZERO(void *s, size_t n)
  63:Generated_Source\PSoC4/cyfitter_cfg.c **** {
  25              		.loc 1 63 0
  26              		.cfi_startproc
  27 0000 80B5     		push	{r7, lr}
  28              		.cfi_def_cfa_offset 8
  29              		.cfi_offset 7, -8
  30              		.cfi_offset 14, -4
  31 0002 82B0     		sub	sp, sp, #8
  32              		.cfi_def_cfa_offset 16
  33 0004 00AF     		add	r7, sp, #0
  34              		.cfi_def_cfa_register 7
  35 0006 7860     		str	r0, [r7, #4]
  36 0008 3960     		str	r1, [r7]
  64:Generated_Source\PSoC4/cyfitter_cfg.c **** 	(void)memset(s, 0, n);
  37              		.loc 1 64 0
  38 000a 7A68     		ldr	r2, [r7, #4]
  39 000c 3B68     		ldr	r3, [r7]
  40 000e 101C     		mov	r0, r2
  41 0010 0021     		mov	r1, #0
  42 0012 1A1C     		mov	r2, r3
  43 0014 FFF7FEFF 		bl	memset
  65:Generated_Source\PSoC4/cyfitter_cfg.c **** }
  44              		.loc 1 65 0
  45 0018 BD46     		mov	sp, r7
  46 001a 02B0     		add	sp, sp, #8
  47              		@ sp needed
  48 001c 80BD     		pop	{r7, pc}
  49              		.cfi_endproc
ARM GAS  C:\Users\TTSS\AppData\Local\Temp\ccfJIsU1.s 			page 3


  50              	.LFE2:
  51              		.size	CYMEMZERO, .-CYMEMZERO
  52 001e C046     		.section	.text.CYCONFIGCPY,"ax",%progbits
  53              		.align	2
  54              		.code	16
  55              		.thumb_func
  56              		.type	CYCONFIGCPY, %function
  57              	CYCONFIGCPY:
  58              	.LFB3:
  66:Generated_Source\PSoC4/cyfitter_cfg.c **** CY_CFG_UNUSED
  67:Generated_Source\PSoC4/cyfitter_cfg.c **** static void CYCONFIGCPY(void *dest, const void *src, size_t n);
  68:Generated_Source\PSoC4/cyfitter_cfg.c **** CY_CFG_UNUSED
  69:Generated_Source\PSoC4/cyfitter_cfg.c **** static void CYCONFIGCPY(void *dest, const void *src, size_t n)
  70:Generated_Source\PSoC4/cyfitter_cfg.c **** {
  59              		.loc 1 70 0
  60              		.cfi_startproc
  61 0000 80B5     		push	{r7, lr}
  62              		.cfi_def_cfa_offset 8
  63              		.cfi_offset 7, -8
  64              		.cfi_offset 14, -4
  65 0002 84B0     		sub	sp, sp, #16
  66              		.cfi_def_cfa_offset 24
  67 0004 00AF     		add	r7, sp, #0
  68              		.cfi_def_cfa_register 7
  69 0006 F860     		str	r0, [r7, #12]
  70 0008 B960     		str	r1, [r7, #8]
  71 000a 7A60     		str	r2, [r7, #4]
  71:Generated_Source\PSoC4/cyfitter_cfg.c **** 	(void)memcpy(dest, src, n);
  72              		.loc 1 71 0
  73 000c F968     		ldr	r1, [r7, #12]
  74 000e BA68     		ldr	r2, [r7, #8]
  75 0010 7B68     		ldr	r3, [r7, #4]
  76 0012 081C     		mov	r0, r1
  77 0014 111C     		mov	r1, r2
  78 0016 1A1C     		mov	r2, r3
  79 0018 FFF7FEFF 		bl	memcpy
  72:Generated_Source\PSoC4/cyfitter_cfg.c **** }
  80              		.loc 1 72 0
  81 001c BD46     		mov	sp, r7
  82 001e 04B0     		add	sp, sp, #16
  83              		@ sp needed
  84 0020 80BD     		pop	{r7, pc}
  85              		.cfi_endproc
  86              	.LFE3:
  87              		.size	CYCONFIGCPY, .-CYCONFIGCPY
  88 0022 C046     		.section	.text.CYCONFIGCPYCODE,"ax",%progbits
  89              		.align	2
  90              		.code	16
  91              		.thumb_func
  92              		.type	CYCONFIGCPYCODE, %function
  93              	CYCONFIGCPYCODE:
  94              	.LFB4:
  73:Generated_Source\PSoC4/cyfitter_cfg.c **** CY_CFG_UNUSED
  74:Generated_Source\PSoC4/cyfitter_cfg.c **** static void CYCONFIGCPYCODE(void *dest, const void *src, size_t n);
  75:Generated_Source\PSoC4/cyfitter_cfg.c **** CY_CFG_UNUSED
  76:Generated_Source\PSoC4/cyfitter_cfg.c **** static void CYCONFIGCPYCODE(void *dest, const void *src, size_t n)
  77:Generated_Source\PSoC4/cyfitter_cfg.c **** {
ARM GAS  C:\Users\TTSS\AppData\Local\Temp\ccfJIsU1.s 			page 4


  95              		.loc 1 77 0
  96              		.cfi_startproc
  97 0000 80B5     		push	{r7, lr}
  98              		.cfi_def_cfa_offset 8
  99              		.cfi_offset 7, -8
 100              		.cfi_offset 14, -4
 101 0002 84B0     		sub	sp, sp, #16
 102              		.cfi_def_cfa_offset 24
 103 0004 00AF     		add	r7, sp, #0
 104              		.cfi_def_cfa_register 7
 105 0006 F860     		str	r0, [r7, #12]
 106 0008 B960     		str	r1, [r7, #8]
 107 000a 7A60     		str	r2, [r7, #4]
  78:Generated_Source\PSoC4/cyfitter_cfg.c **** 	(void)memcpy(dest, src, n);
 108              		.loc 1 78 0
 109 000c F968     		ldr	r1, [r7, #12]
 110 000e BA68     		ldr	r2, [r7, #8]
 111 0010 7B68     		ldr	r3, [r7, #4]
 112 0012 081C     		mov	r0, r1
 113 0014 111C     		mov	r1, r2
 114 0016 1A1C     		mov	r2, r3
 115 0018 FFF7FEFF 		bl	memcpy
  79:Generated_Source\PSoC4/cyfitter_cfg.c **** }
 116              		.loc 1 79 0
 117 001c BD46     		mov	sp, r7
 118 001e 04B0     		add	sp, sp, #16
 119              		@ sp needed
 120 0020 80BD     		pop	{r7, pc}
 121              		.cfi_endproc
 122              	.LFE4:
 123              		.size	CYCONFIGCPYCODE, .-CYCONFIGCPYCODE
 124 0022 C046     		.section	.psocinit,"ax",%progbits
 125              		.align	2
 126              		.code	16
 127              		.thumb_func
 128              		.type	ClockSetup, %function
 129              	ClockSetup:
 130              	.LFB5:
  80:Generated_Source\PSoC4/cyfitter_cfg.c **** 
  81:Generated_Source\PSoC4/cyfitter_cfg.c **** 
  82:Generated_Source\PSoC4/cyfitter_cfg.c **** 
  83:Generated_Source\PSoC4/cyfitter_cfg.c **** 
  84:Generated_Source\PSoC4/cyfitter_cfg.c **** /* Clock startup error codes                                                   */
  85:Generated_Source\PSoC4/cyfitter_cfg.c **** #define CYCLOCKSTART_NO_ERROR    0u
  86:Generated_Source\PSoC4/cyfitter_cfg.c **** #define CYCLOCKSTART_XTAL_ERROR  1u
  87:Generated_Source\PSoC4/cyfitter_cfg.c **** #define CYCLOCKSTART_32KHZ_ERROR 2u
  88:Generated_Source\PSoC4/cyfitter_cfg.c **** #define CYCLOCKSTART_PLL_ERROR   3u
  89:Generated_Source\PSoC4/cyfitter_cfg.c **** 
  90:Generated_Source\PSoC4/cyfitter_cfg.c **** 
  91:Generated_Source\PSoC4/cyfitter_cfg.c **** #ifdef CY_NEED_CYCLOCKSTARTUPERROR
  92:Generated_Source\PSoC4/cyfitter_cfg.c **** /*******************************************************************************
  93:Generated_Source\PSoC4/cyfitter_cfg.c **** * Function Name: CyClockStartupError
  94:Generated_Source\PSoC4/cyfitter_cfg.c **** ********************************************************************************
  95:Generated_Source\PSoC4/cyfitter_cfg.c **** * Summary:
  96:Generated_Source\PSoC4/cyfitter_cfg.c **** *  If an error is encountered during clock configuration (crystal startup error,
  97:Generated_Source\PSoC4/cyfitter_cfg.c **** *  PLL lock error, etc.), the system will end up here.  Unless reimplemented by
  98:Generated_Source\PSoC4/cyfitter_cfg.c **** *  the customer, this function will stop in an infinite loop.
ARM GAS  C:\Users\TTSS\AppData\Local\Temp\ccfJIsU1.s 			page 5


  99:Generated_Source\PSoC4/cyfitter_cfg.c **** *
 100:Generated_Source\PSoC4/cyfitter_cfg.c **** * Parameters:
 101:Generated_Source\PSoC4/cyfitter_cfg.c **** *   void
 102:Generated_Source\PSoC4/cyfitter_cfg.c **** *
 103:Generated_Source\PSoC4/cyfitter_cfg.c **** * Return:
 104:Generated_Source\PSoC4/cyfitter_cfg.c **** *   void
 105:Generated_Source\PSoC4/cyfitter_cfg.c **** *
 106:Generated_Source\PSoC4/cyfitter_cfg.c **** *******************************************************************************/
 107:Generated_Source\PSoC4/cyfitter_cfg.c **** CY_CFG_UNUSED
 108:Generated_Source\PSoC4/cyfitter_cfg.c **** static void CyClockStartupError(uint8 errorCode);
 109:Generated_Source\PSoC4/cyfitter_cfg.c **** CY_CFG_UNUSED
 110:Generated_Source\PSoC4/cyfitter_cfg.c **** static void CyClockStartupError(uint8 errorCode)
 111:Generated_Source\PSoC4/cyfitter_cfg.c **** {
 112:Generated_Source\PSoC4/cyfitter_cfg.c ****     /* To remove the compiler warning if errorCode not used.                */
 113:Generated_Source\PSoC4/cyfitter_cfg.c ****     errorCode = errorCode;
 114:Generated_Source\PSoC4/cyfitter_cfg.c **** 
 115:Generated_Source\PSoC4/cyfitter_cfg.c ****     /* If we have a clock startup error (bad MHz crystal, PLL lock, etc.),  */
 116:Generated_Source\PSoC4/cyfitter_cfg.c ****     /* we will end up here to allow the customer to implement something to  */
 117:Generated_Source\PSoC4/cyfitter_cfg.c ****     /* deal with the clock condition.                                       */
 118:Generated_Source\PSoC4/cyfitter_cfg.c **** 
 119:Generated_Source\PSoC4/cyfitter_cfg.c **** #ifdef CY_CFG_CLOCK_STARTUP_ERROR_CALLBACK
 120:Generated_Source\PSoC4/cyfitter_cfg.c **** 	CY_CFG_Clock_Startup_ErrorCallback();
 121:Generated_Source\PSoC4/cyfitter_cfg.c **** #else
 122:Generated_Source\PSoC4/cyfitter_cfg.c **** 	/*  If not using CY_CFG_CLOCK_STARTUP_ERROR_CALLBACK, place your clock startup code here. */
 123:Generated_Source\PSoC4/cyfitter_cfg.c ****     /* `#START CyClockStartupError` */
 124:Generated_Source\PSoC4/cyfitter_cfg.c **** 
 125:Generated_Source\PSoC4/cyfitter_cfg.c ****     /* If we have a clock startup error (bad MHz crystal, PLL lock, etc.),  */
 126:Generated_Source\PSoC4/cyfitter_cfg.c ****     /* we will end up here to allow the customer to implement something to  */
 127:Generated_Source\PSoC4/cyfitter_cfg.c ****     /* deal with the clock condition.                                       */
 128:Generated_Source\PSoC4/cyfitter_cfg.c **** 
 129:Generated_Source\PSoC4/cyfitter_cfg.c ****     /* `#END` */
 130:Generated_Source\PSoC4/cyfitter_cfg.c **** 
 131:Generated_Source\PSoC4/cyfitter_cfg.c ****     /* If nothing else, stop here since the clocks have not started         */
 132:Generated_Source\PSoC4/cyfitter_cfg.c ****     /* correctly.                                                           */
 133:Generated_Source\PSoC4/cyfitter_cfg.c ****     while(1) {}
 134:Generated_Source\PSoC4/cyfitter_cfg.c **** #endif /* CY_CFG_CLOCK_STARTUP_ERROR_CALLBACK */ 
 135:Generated_Source\PSoC4/cyfitter_cfg.c **** }
 136:Generated_Source\PSoC4/cyfitter_cfg.c **** #endif
 137:Generated_Source\PSoC4/cyfitter_cfg.c **** 
 138:Generated_Source\PSoC4/cyfitter_cfg.c **** 
 139:Generated_Source\PSoC4/cyfitter_cfg.c **** 
 140:Generated_Source\PSoC4/cyfitter_cfg.c **** /*******************************************************************************
 141:Generated_Source\PSoC4/cyfitter_cfg.c **** * Function Name: ClockSetup
 142:Generated_Source\PSoC4/cyfitter_cfg.c **** ********************************************************************************
 143:Generated_Source\PSoC4/cyfitter_cfg.c **** *
 144:Generated_Source\PSoC4/cyfitter_cfg.c **** * Summary:
 145:Generated_Source\PSoC4/cyfitter_cfg.c **** *   Performs the initialization of all of the clocks in the device based on the
 146:Generated_Source\PSoC4/cyfitter_cfg.c **** *   settings in the Clock tab of the DWR.  This includes enabling the requested
 147:Generated_Source\PSoC4/cyfitter_cfg.c **** *   clocks and setting the necessary dividers to produce the desired frequency. 
 148:Generated_Source\PSoC4/cyfitter_cfg.c **** *
 149:Generated_Source\PSoC4/cyfitter_cfg.c **** * Parameters:
 150:Generated_Source\PSoC4/cyfitter_cfg.c **** *   void
 151:Generated_Source\PSoC4/cyfitter_cfg.c **** *
 152:Generated_Source\PSoC4/cyfitter_cfg.c **** * Return:
 153:Generated_Source\PSoC4/cyfitter_cfg.c **** *   void
 154:Generated_Source\PSoC4/cyfitter_cfg.c **** *
 155:Generated_Source\PSoC4/cyfitter_cfg.c **** *******************************************************************************/
ARM GAS  C:\Users\TTSS\AppData\Local\Temp\ccfJIsU1.s 			page 6


 156:Generated_Source\PSoC4/cyfitter_cfg.c **** static void ClockSetup(void);
 157:Generated_Source\PSoC4/cyfitter_cfg.c **** CY_CFG_SECTION
 158:Generated_Source\PSoC4/cyfitter_cfg.c **** static void ClockSetup(void)
 159:Generated_Source\PSoC4/cyfitter_cfg.c **** {
 131              		.loc 1 159 0
 132              		.cfi_startproc
 133 0000 80B5     		push	{r7, lr}
 134              		.cfi_def_cfa_offset 8
 135              		.cfi_offset 7, -8
 136              		.cfi_offset 14, -4
 137 0002 00AF     		add	r7, sp, #0
 138              		.cfi_def_cfa_register 7
 160:Generated_Source\PSoC4/cyfitter_cfg.c **** 
 161:Generated_Source\PSoC4/cyfitter_cfg.c **** 	/* Set Flash Cycles based on max possible frequency in case a glitch occurs during ClockSetup(). *
 162:Generated_Source\PSoC4/cyfitter_cfg.c **** 	CY_SET_REG32((void CYXDATA *)(CYREG_CPUSS_FLASH_CTL), (0x0012u));
 139              		.loc 1 162 0
 140 0004 284B     		ldr	r3, .L5
 141 0006 1222     		mov	r2, #18
 142 0008 1A60     		str	r2, [r3]
 163:Generated_Source\PSoC4/cyfitter_cfg.c **** 
 164:Generated_Source\PSoC4/cyfitter_cfg.c **** 	/* Start the WCO */
 165:Generated_Source\PSoC4/cyfitter_cfg.c **** 	CySysClkWcoStart();
 143              		.loc 1 165 0
 144 000a FFF7FEFF 		bl	CySysClkWcoStart
 166:Generated_Source\PSoC4/cyfitter_cfg.c **** 	CyDelayCycles(12000000u); /* WCO may take up to 500ms to start */
 145              		.loc 1 166 0
 146 000e 274B     		ldr	r3, .L5+4
 147 0010 181C     		mov	r0, r3
 148 0012 FFF7FEFF 		bl	CyDelayCycles
 167:Generated_Source\PSoC4/cyfitter_cfg.c **** 	(void)CySysClkWcoSetPowerMode(CY_SYS_CLK_WCO_LPM);    /* Switch to the low power mode */
 149              		.loc 1 167 0
 150 0016 0120     		mov	r0, #1
 151 0018 FFF7FEFF 		bl	CySysClkWcoSetPowerMode
 168:Generated_Source\PSoC4/cyfitter_cfg.c **** 
 169:Generated_Source\PSoC4/cyfitter_cfg.c **** 	/* Setup and trim IMO based on desired frequency. */
 170:Generated_Source\PSoC4/cyfitter_cfg.c **** 	CySysClkWriteImoFreq(48u);
 152              		.loc 1 170 0
 153 001c 3020     		mov	r0, #48
 154 001e FFF7FEFF 		bl	CySysClkWriteImoFreq
 171:Generated_Source\PSoC4/cyfitter_cfg.c **** 	/* CYDEV_CLK_ILO_CONFIG Starting address: CYDEV_CLK_ILO_CONFIG */
 172:Generated_Source\PSoC4/cyfitter_cfg.c **** 	CY_SET_XTND_REG32((void CYFAR *)(CYREG_CLK_ILO_CONFIG), 0x80000006u);
 155              		.loc 1 172 0
 156 0022 234B     		ldr	r3, .L5+8
 157 0024 234A     		ldr	r2, .L5+12
 158 0026 1A60     		str	r2, [r3]
 173:Generated_Source\PSoC4/cyfitter_cfg.c **** 
 174:Generated_Source\PSoC4/cyfitter_cfg.c **** 	/* CYDEV_WDT_CONFIG Starting address: CYDEV_WDT_CONFIG */
 175:Generated_Source\PSoC4/cyfitter_cfg.c **** 	CY_SET_XTND_REG32((void CYFAR *)(CYREG_WDT_CONFIG), 0x40000000u);
 159              		.loc 1 175 0
 160 0028 234B     		ldr	r3, .L5+16
 161 002a 8022     		mov	r2, #128
 162 002c D205     		lsl	r2, r2, #23
 163 002e 1A60     		str	r2, [r3]
 176:Generated_Source\PSoC4/cyfitter_cfg.c **** 
 177:Generated_Source\PSoC4/cyfitter_cfg.c **** 
 178:Generated_Source\PSoC4/cyfitter_cfg.c **** 	/* Enable fast start mode for XO */
 179:Generated_Source\PSoC4/cyfitter_cfg.c **** 	CY_SET_REG32((void*)CYREG_BLE_BLERD_BB_XO, CY_GET_REG32((void*)CYREG_BLE_BLERD_BB_XO) | (uint32)0x
ARM GAS  C:\Users\TTSS\AppData\Local\Temp\ccfJIsU1.s 			page 7


 164              		.loc 1 179 0
 165 0030 224B     		ldr	r3, .L5+20
 166 0032 224A     		ldr	r2, .L5+20
 167 0034 1268     		ldr	r2, [r2]
 168 0036 0221     		mov	r1, #2
 169 0038 0A43     		orr	r2, r1
 170 003a 1A60     		str	r2, [r3]
 180:Generated_Source\PSoC4/cyfitter_cfg.c **** 	CY_SET_XTND_REG32((void CYFAR *)(CYREG_BLE_BLERD_BB_XO_CAPTRIM), 0x00003E2Du);
 171              		.loc 1 180 0
 172 003c 204B     		ldr	r3, .L5+24
 173 003e 214A     		ldr	r2, .L5+28
 174 0040 1A60     		str	r2, [r3]
 181:Generated_Source\PSoC4/cyfitter_cfg.c **** 	/*Set XTAL(ECO) divider*/
 182:Generated_Source\PSoC4/cyfitter_cfg.c **** 	CY_SET_XTND_REG32((void CYFAR *)(CYREG_BLE_BLESS_XTAL_CLK_DIV_CONFIG), 0x00000000u);
 175              		.loc 1 182 0
 176 0042 214B     		ldr	r3, .L5+32
 177 0044 0022     		mov	r2, #0
 178 0046 1A60     		str	r2, [r3]
 183:Generated_Source\PSoC4/cyfitter_cfg.c **** 	/* Disable Crystal Stable Interrupt before enabling ECO */
 184:Generated_Source\PSoC4/cyfitter_cfg.c **** 	CY_SET_REG32((void*)CYREG_BLE_BLESS_LL_DSM_CTRL, CY_GET_REG32((void*)CYREG_BLE_BLESS_LL_DSM_CTRL) 
 179              		.loc 1 184 0
 180 0048 204B     		ldr	r3, .L5+36
 181 004a 204A     		ldr	r2, .L5+36
 182 004c 1268     		ldr	r2, [r2]
 183 004e 0821     		mov	r1, #8
 184 0050 8A43     		bic	r2, r1
 185 0052 1A60     		str	r2, [r3]
 185:Generated_Source\PSoC4/cyfitter_cfg.c **** 	/* Start the ECO and do not check status since it is not needed for HFCLK */
 186:Generated_Source\PSoC4/cyfitter_cfg.c **** 	(void)CySysClkEcoStart(2000u);
 186              		.loc 1 186 0
 187 0054 FA23     		mov	r3, #250
 188 0056 DB00     		lsl	r3, r3, #3
 189 0058 181C     		mov	r0, r3
 190 005a FFF7FEFF 		bl	CySysClkEcoStart
 187:Generated_Source\PSoC4/cyfitter_cfg.c **** 	CyDelayUs(1500u); /* Wait to stabalize */
 191              		.loc 1 187 0
 192 005e 1C4B     		ldr	r3, .L5+40
 193 0060 181C     		mov	r0, r3
 194 0062 FFF7FEFF 		bl	CyDelayUs
 188:Generated_Source\PSoC4/cyfitter_cfg.c **** 
 189:Generated_Source\PSoC4/cyfitter_cfg.c **** 	/* Setup phase aligned clocks */
 190:Generated_Source\PSoC4/cyfitter_cfg.c **** 	CY_SET_REG32((void *)CYREG_PERI_DIV_16_CTL0, 0x0001A000u);
 195              		.loc 1 190 0
 196 0066 1B4B     		ldr	r3, .L5+44
 197 0068 D022     		mov	r2, #208
 198 006a 5202     		lsl	r2, r2, #9
 199 006c 1A60     		str	r2, [r3]
 191:Generated_Source\PSoC4/cyfitter_cfg.c **** 	CY_SET_REG32((void *)CYREG_PERI_DIV_CMD, 0x8000FF40u);
 200              		.loc 1 191 0
 201 006e 1A4B     		ldr	r3, .L5+48
 202 0070 1A4A     		ldr	r2, .L5+52
 203 0072 1A60     		str	r2, [r3]
 192:Generated_Source\PSoC4/cyfitter_cfg.c **** 
 193:Generated_Source\PSoC4/cyfitter_cfg.c **** 	/* CYDEV_CLK_IMO_CONFIG Starting address: CYDEV_CLK_IMO_CONFIG */
 194:Generated_Source\PSoC4/cyfitter_cfg.c **** 	CY_SET_XTND_REG32((void CYFAR *)(CYREG_CLK_IMO_CONFIG), 0x80000000u);
 204              		.loc 1 194 0
 205 0074 1A4B     		ldr	r3, .L5+56
ARM GAS  C:\Users\TTSS\AppData\Local\Temp\ccfJIsU1.s 			page 8


 206 0076 8022     		mov	r2, #128
 207 0078 1206     		lsl	r2, r2, #24
 208 007a 1A60     		str	r2, [r3]
 195:Generated_Source\PSoC4/cyfitter_cfg.c **** 
 196:Generated_Source\PSoC4/cyfitter_cfg.c **** 	/* CYDEV_CLK_SELECT Starting address: CYDEV_CLK_SELECT */
 197:Generated_Source\PSoC4/cyfitter_cfg.c **** 	CY_SET_XTND_REG32((void CYFAR *)(CYREG_CLK_SELECT), 0x00040000u);
 209              		.loc 1 197 0
 210 007c 194B     		ldr	r3, .L5+60
 211 007e 8022     		mov	r2, #128
 212 0080 D202     		lsl	r2, r2, #11
 213 0082 1A60     		str	r2, [r3]
 198:Generated_Source\PSoC4/cyfitter_cfg.c **** 
 199:Generated_Source\PSoC4/cyfitter_cfg.c **** 	/* CYDEV_PERI_PCLK_CTL1 Starting address: CYDEV_PERI_PCLK_CTL1 */
 200:Generated_Source\PSoC4/cyfitter_cfg.c **** 	CY_SET_XTND_REG32((void CYFAR *)(CYREG_PERI_PCLK_CTL1), 0x00000040u);
 214              		.loc 1 200 0
 215 0084 184B     		ldr	r3, .L5+64
 216 0086 4022     		mov	r2, #64
 217 0088 1A60     		str	r2, [r3]
 201:Generated_Source\PSoC4/cyfitter_cfg.c **** 
 202:Generated_Source\PSoC4/cyfitter_cfg.c **** 	(void)CyIntSetVector(8u, &CySysWdtIsr);
 218              		.loc 1 202 0
 219 008a 184B     		ldr	r3, .L5+68
 220 008c 0820     		mov	r0, #8
 221 008e 191C     		mov	r1, r3
 222 0090 FFF7FEFF 		bl	CyIntSetVector
 203:Generated_Source\PSoC4/cyfitter_cfg.c **** 	CyIntEnable(8u);
 223              		.loc 1 203 0
 224 0094 0820     		mov	r0, #8
 225 0096 FFF7FEFF 		bl	CyIntEnable
 204:Generated_Source\PSoC4/cyfitter_cfg.c **** 	CY_SET_XTND_REG32((void CYFAR *)(CYREG_WDT_CONFIG), 0x40000000u);
 226              		.loc 1 204 0
 227 009a 074B     		ldr	r3, .L5+16
 228 009c 8022     		mov	r2, #128
 229 009e D205     		lsl	r2, r2, #23
 230 00a0 1A60     		str	r2, [r3]
 205:Generated_Source\PSoC4/cyfitter_cfg.c **** }
 231              		.loc 1 205 0
 232 00a2 BD46     		mov	sp, r7
 233              		@ sp needed
 234 00a4 80BD     		pop	{r7, pc}
 235              	.L6:
 236 00a6 C046     		.align	2
 237              	.L5:
 238 00a8 30001040 		.word	1074790448
 239 00ac 001BB700 		.word	12000000
 240 00b0 04010B40 		.word	1074462980
 241 00b4 06000080 		.word	-2147483642
 242 00b8 0C020B40 		.word	1074463244
 243 00bc 78002E40 		.word	1076756600
 244 00c0 7C002E40 		.word	1076756604
 245 00c4 2D3E0000 		.word	15917
 246 00c8 64F02E40 		.word	1076818020
 247 00cc 6CF02E40 		.word	1076818028
 248 00d0 DC050000 		.word	1500
 249 00d4 00030140 		.word	1073808128
 250 00d8 00000140 		.word	1073807360
 251 00dc 40FF0080 		.word	-2147418304
ARM GAS  C:\Users\TTSS\AppData\Local\Temp\ccfJIsU1.s 			page 9


 252 00e0 08010B40 		.word	1074462984
 253 00e4 00010B40 		.word	1074462976
 254 00e8 04010140 		.word	1073807620
 255 00ec 00000000 		.word	CySysWdtIsr
 256              		.cfi_endproc
 257              	.LFE5:
 258              		.size	ClockSetup, .-ClockSetup
 259              		.section	.text.AnalogSetDefault,"ax",%progbits
 260              		.align	2
 261              		.code	16
 262              		.thumb_func
 263              		.type	AnalogSetDefault, %function
 264              	AnalogSetDefault:
 265              	.LFB6:
 206:Generated_Source\PSoC4/cyfitter_cfg.c **** 
 207:Generated_Source\PSoC4/cyfitter_cfg.c **** 
 208:Generated_Source\PSoC4/cyfitter_cfg.c **** /* Analog API Functions */
 209:Generated_Source\PSoC4/cyfitter_cfg.c **** 
 210:Generated_Source\PSoC4/cyfitter_cfg.c **** 
 211:Generated_Source\PSoC4/cyfitter_cfg.c **** /*******************************************************************************
 212:Generated_Source\PSoC4/cyfitter_cfg.c **** * Function Name: AnalogSetDefault
 213:Generated_Source\PSoC4/cyfitter_cfg.c **** ********************************************************************************
 214:Generated_Source\PSoC4/cyfitter_cfg.c **** *
 215:Generated_Source\PSoC4/cyfitter_cfg.c **** * Summary:
 216:Generated_Source\PSoC4/cyfitter_cfg.c **** *  Sets up the analog portions of the chip to default values based on chip
 217:Generated_Source\PSoC4/cyfitter_cfg.c **** *  configuration options from the project.
 218:Generated_Source\PSoC4/cyfitter_cfg.c **** *
 219:Generated_Source\PSoC4/cyfitter_cfg.c **** * Parameters:
 220:Generated_Source\PSoC4/cyfitter_cfg.c **** *  void
 221:Generated_Source\PSoC4/cyfitter_cfg.c **** *
 222:Generated_Source\PSoC4/cyfitter_cfg.c **** * Return:
 223:Generated_Source\PSoC4/cyfitter_cfg.c **** *  void
 224:Generated_Source\PSoC4/cyfitter_cfg.c **** *
 225:Generated_Source\PSoC4/cyfitter_cfg.c **** *******************************************************************************/
 226:Generated_Source\PSoC4/cyfitter_cfg.c **** static void AnalogSetDefault(void);
 227:Generated_Source\PSoC4/cyfitter_cfg.c **** static void AnalogSetDefault(void)
 228:Generated_Source\PSoC4/cyfitter_cfg.c **** {
 266              		.loc 1 228 0
 267              		.cfi_startproc
 268 0000 80B5     		push	{r7, lr}
 269              		.cfi_def_cfa_offset 8
 270              		.cfi_offset 7, -8
 271              		.cfi_offset 14, -4
 272 0002 00AF     		add	r7, sp, #0
 273              		.cfi_def_cfa_register 7
 229:Generated_Source\PSoC4/cyfitter_cfg.c **** 	CY_SET_XTND_REG32((void CYFAR *)CYREG_CTBM0_DFT_CTRL, 0x00000003u);
 274              		.loc 1 229 0
 275 0004 054B     		ldr	r3, .L8
 276 0006 0322     		mov	r2, #3
 277 0008 1A60     		str	r2, [r3]
 230:Generated_Source\PSoC4/cyfitter_cfg.c **** 	CY_SET_XTND_REG32((void CYFAR *)CYREG_CTBM1_DFT_CTRL, 0x00000003u);
 278              		.loc 1 230 0
 279 000a 054B     		ldr	r3, .L8+4
 280 000c 0322     		mov	r2, #3
 281 000e 1A60     		str	r2, [r3]
 231:Generated_Source\PSoC4/cyfitter_cfg.c **** 	CY_SET_XTND_REG32((void CYFAR *)CYREG_PASS_DSAB_DSAB_CTRL, 0x00000000u);
 282              		.loc 1 231 0
ARM GAS  C:\Users\TTSS\AppData\Local\Temp\ccfJIsU1.s 			page 10


 283 0010 044B     		ldr	r3, .L8+8
 284 0012 0022     		mov	r2, #0
 285 0014 1A60     		str	r2, [r3]
 232:Generated_Source\PSoC4/cyfitter_cfg.c **** }
 286              		.loc 1 232 0
 287 0016 BD46     		mov	sp, r7
 288              		@ sp needed
 289 0018 80BD     		pop	{r7, pc}
 290              	.L9:
 291 001a C046     		.align	2
 292              	.L8:
 293 001c 30003040 		.word	1076887600
 294 0020 30003140 		.word	1076953136
 295 0024 000E3F40 		.word	1077874176
 296              		.cfi_endproc
 297              	.LFE6:
 298              		.size	AnalogSetDefault, .-AnalogSetDefault
 299              		.section	.psocinit
 300              		.align	2
 301              		.global	cyfitter_cfg
 302              		.code	16
 303              		.thumb_func
 304              		.type	cyfitter_cfg, %function
 305              	cyfitter_cfg:
 306              	.LFB7:
 233:Generated_Source\PSoC4/cyfitter_cfg.c **** 
 234:Generated_Source\PSoC4/cyfitter_cfg.c **** #define CY_AMUX_UNUSED CYREG_CM0_ROM_DWT
 235:Generated_Source\PSoC4/cyfitter_cfg.c **** 
 236:Generated_Source\PSoC4/cyfitter_cfg.c **** 
 237:Generated_Source\PSoC4/cyfitter_cfg.c **** /*******************************************************************************
 238:Generated_Source\PSoC4/cyfitter_cfg.c **** * Function Name: cyfitter_cfg
 239:Generated_Source\PSoC4/cyfitter_cfg.c **** ********************************************************************************
 240:Generated_Source\PSoC4/cyfitter_cfg.c **** * Summary:
 241:Generated_Source\PSoC4/cyfitter_cfg.c **** *  This function is called by the start-up code for the selected device. It
 242:Generated_Source\PSoC4/cyfitter_cfg.c **** *  performs all of the necessary device configuration based on the design
 243:Generated_Source\PSoC4/cyfitter_cfg.c **** *  settings.  This includes settings from the Design Wide Resources (DWR) such
 244:Generated_Source\PSoC4/cyfitter_cfg.c **** *  as Clocks and Pins as well as any component configuration that is necessary.
 245:Generated_Source\PSoC4/cyfitter_cfg.c **** *
 246:Generated_Source\PSoC4/cyfitter_cfg.c **** * Parameters:  
 247:Generated_Source\PSoC4/cyfitter_cfg.c **** *   void
 248:Generated_Source\PSoC4/cyfitter_cfg.c **** *
 249:Generated_Source\PSoC4/cyfitter_cfg.c **** * Return:
 250:Generated_Source\PSoC4/cyfitter_cfg.c **** *   void
 251:Generated_Source\PSoC4/cyfitter_cfg.c **** *
 252:Generated_Source\PSoC4/cyfitter_cfg.c **** *******************************************************************************/
 253:Generated_Source\PSoC4/cyfitter_cfg.c **** CY_CFG_SECTION
 254:Generated_Source\PSoC4/cyfitter_cfg.c **** void cyfitter_cfg(void)
 255:Generated_Source\PSoC4/cyfitter_cfg.c **** {
 307              		.loc 1 255 0
 308              		.cfi_startproc
 309 00f0 80B5     		push	{r7, lr}
 310              		.cfi_def_cfa_offset 8
 311              		.cfi_offset 7, -8
 312              		.cfi_offset 14, -4
 313 00f2 82B0     		sub	sp, sp, #8
 314              		.cfi_def_cfa_offset 16
 315 00f4 00AF     		add	r7, sp, #0
ARM GAS  C:\Users\TTSS\AppData\Local\Temp\ccfJIsU1.s 			page 11


 316              		.cfi_def_cfa_register 7
 256:Generated_Source\PSoC4/cyfitter_cfg.c **** 	/* Disable interrupts by default. Let user enable if/when they want. */
 257:Generated_Source\PSoC4/cyfitter_cfg.c **** 	CyGlobalIntDisable;
 317              		.loc 1 257 0
 318              	@ 257 "Generated_Source\PSoC4\cyfitter_cfg.c" 1
 319 00f6 72B6     		CPSID   i
 320              	@ 0 "" 2
 258:Generated_Source\PSoC4/cyfitter_cfg.c **** 
 259:Generated_Source\PSoC4/cyfitter_cfg.c **** 	CY_SET_XTND_REG32((void CYFAR *)(CYREG_BLE_BLESS_LL_DSM_CTRL), 0x00000000u);
 321              		.loc 1 259 0
 322              		.code	16
 323 00f8 374B     		ldr	r3, .L13
 324 00fa 0022     		mov	r2, #0
 325 00fc 1A60     		str	r2, [r3]
 326              	.LBB2:
 260:Generated_Source\PSoC4/cyfitter_cfg.c **** 
 261:Generated_Source\PSoC4/cyfitter_cfg.c **** 	{
 262:Generated_Source\PSoC4/cyfitter_cfg.c **** 
 263:Generated_Source\PSoC4/cyfitter_cfg.c **** 		CYPACKED typedef struct {
 264:Generated_Source\PSoC4/cyfitter_cfg.c **** 			void CYFAR *address;
 265:Generated_Source\PSoC4/cyfitter_cfg.c **** 			uint16 size;
 266:Generated_Source\PSoC4/cyfitter_cfg.c **** 		} CYPACKED_ATTR cfg_memset_t;
 267:Generated_Source\PSoC4/cyfitter_cfg.c **** 
 268:Generated_Source\PSoC4/cyfitter_cfg.c **** 		static const cfg_memset_t CYCODE cfg_memset_list [] = {
 269:Generated_Source\PSoC4/cyfitter_cfg.c **** 			/* address, size */
 270:Generated_Source\PSoC4/cyfitter_cfg.c **** 			{(void CYFAR *)(CYDEV_UDB_P0_U0_BASE), 1024u},
 271:Generated_Source\PSoC4/cyfitter_cfg.c **** 			{(void CYFAR *)(CYDEV_UDB_DSI0_BASE), 1024u},
 272:Generated_Source\PSoC4/cyfitter_cfg.c **** 		};
 273:Generated_Source\PSoC4/cyfitter_cfg.c **** 
 274:Generated_Source\PSoC4/cyfitter_cfg.c **** 		uint8 CYDATA i;
 275:Generated_Source\PSoC4/cyfitter_cfg.c **** 
 276:Generated_Source\PSoC4/cyfitter_cfg.c **** 		/* Zero out critical memory blocks before beginning configuration */
 277:Generated_Source\PSoC4/cyfitter_cfg.c **** 		for (i = 0u; i < (sizeof(cfg_memset_list)/sizeof(cfg_memset_list[0])); i++)
 327              		.loc 1 277 0
 328 00fe FB1D     		add	r3, r7, #7
 329 0100 0022     		mov	r2, #0
 330 0102 1A70     		strb	r2, [r3]
 331 0104 23E0     		b	.L11
 332              	.L12:
 333              	.LBB3:
 278:Generated_Source\PSoC4/cyfitter_cfg.c **** 		{
 279:Generated_Source\PSoC4/cyfitter_cfg.c **** 			const cfg_memset_t CYCODE * CYDATA ms = &cfg_memset_list[i];
 334              		.loc 1 279 0 discriminator 3
 335 0106 FB1D     		add	r3, r7, #7
 336 0108 1A78     		ldrb	r2, [r3]
 337 010a 131C     		mov	r3, r2
 338 010c 5B00     		lsl	r3, r3, #1
 339 010e 9B18     		add	r3, r3, r2
 340 0110 5B00     		lsl	r3, r3, #1
 341 0112 324A     		ldr	r2, .L13+4
 342 0114 9B18     		add	r3, r3, r2
 343 0116 3B60     		str	r3, [r7]
 280:Generated_Source\PSoC4/cyfitter_cfg.c **** 			CYMEMZERO(ms->address, (size_t)(uint32)(ms->size));
 344              		.loc 1 280 0 discriminator 3
 345 0118 3B68     		ldr	r3, [r7]
 346 011a 1A78     		ldrb	r2, [r3]
 347 011c 5978     		ldrb	r1, [r3, #1]
ARM GAS  C:\Users\TTSS\AppData\Local\Temp\ccfJIsU1.s 			page 12


 348 011e 0902     		lsl	r1, r1, #8
 349 0120 0A43     		orr	r2, r1
 350 0122 9978     		ldrb	r1, [r3, #2]
 351 0124 0904     		lsl	r1, r1, #16
 352 0126 0A43     		orr	r2, r1
 353 0128 DB78     		ldrb	r3, [r3, #3]
 354 012a 1B06     		lsl	r3, r3, #24
 355 012c 1343     		orr	r3, r2
 356 012e 191C     		mov	r1, r3
 357 0130 3B68     		ldr	r3, [r7]
 358 0132 1A79     		ldrb	r2, [r3, #4]
 359 0134 5B79     		ldrb	r3, [r3, #5]
 360 0136 1B02     		lsl	r3, r3, #8
 361 0138 1343     		orr	r3, r2
 362 013a 9BB2     		uxth	r3, r3
 363 013c 081C     		mov	r0, r1
 364 013e 191C     		mov	r1, r3
 365 0140 FFF7FEFF 		bl	CYMEMZERO
 366              	.LBE3:
 277:Generated_Source\PSoC4/cyfitter_cfg.c **** 		{
 367              		.loc 1 277 0 discriminator 3
 368 0144 FB1D     		add	r3, r7, #7
 369 0146 1A78     		ldrb	r2, [r3]
 370 0148 FB1D     		add	r3, r7, #7
 371 014a 0132     		add	r2, r2, #1
 372 014c 1A70     		strb	r2, [r3]
 373              	.L11:
 277:Generated_Source\PSoC4/cyfitter_cfg.c **** 		{
 374              		.loc 1 277 0 is_stmt 0 discriminator 1
 375 014e FB1D     		add	r3, r7, #7
 376 0150 1B78     		ldrb	r3, [r3]
 377 0152 012B     		cmp	r3, #1
 378 0154 D7D9     		bls	.L12
 281:Generated_Source\PSoC4/cyfitter_cfg.c **** 		}
 282:Generated_Source\PSoC4/cyfitter_cfg.c **** 
 283:Generated_Source\PSoC4/cyfitter_cfg.c **** 		/* HSIOM Starting address: CYDEV_HSIOM_BASE */
 284:Generated_Source\PSoC4/cyfitter_cfg.c **** 		CY_SET_XTND_REG32((void CYFAR *)(CYDEV_HSIOM_BASE), 0xEE000000u);
 379              		.loc 1 284 0 is_stmt 1
 380 0156 224B     		ldr	r3, .L13+8
 381 0158 EE22     		mov	r2, #238
 382 015a 1206     		lsl	r2, r2, #24
 383 015c 1A60     		str	r2, [r3]
 285:Generated_Source\PSoC4/cyfitter_cfg.c **** 		CY_SET_XTND_REG32((void CYFAR *)(CYREG_HSIOM_PORT_SEL1), 0x00090000u);
 384              		.loc 1 285 0
 385 015e 214B     		ldr	r3, .L13+12
 386 0160 9022     		mov	r2, #144
 387 0162 1203     		lsl	r2, r2, #12
 388 0164 1A60     		str	r2, [r3]
 286:Generated_Source\PSoC4/cyfitter_cfg.c **** 
 287:Generated_Source\PSoC4/cyfitter_cfg.c **** 		/* UDB_PA_0 Starting address: CYDEV_UDB_PA0_BASE */
 288:Generated_Source\PSoC4/cyfitter_cfg.c **** 		CY_SET_XTND_REG32((void CYFAR *)(CYDEV_UDB_PA0_BASE), 0x00990000u);
 389              		.loc 1 288 0
 390 0166 204B     		ldr	r3, .L13+16
 391 0168 9922     		mov	r2, #153
 392 016a 1204     		lsl	r2, r2, #16
 393 016c 1A60     		str	r2, [r3]
 289:Generated_Source\PSoC4/cyfitter_cfg.c **** 
ARM GAS  C:\Users\TTSS\AppData\Local\Temp\ccfJIsU1.s 			page 13


 290:Generated_Source\PSoC4/cyfitter_cfg.c **** 		/* UDB_PA_1 Starting address: CYDEV_UDB_PA1_BASE */
 291:Generated_Source\PSoC4/cyfitter_cfg.c **** 		CY_SET_XTND_REG32((void CYFAR *)(CYDEV_UDB_PA1_BASE), 0x00990000u);
 394              		.loc 1 291 0
 395 016e 1F4B     		ldr	r3, .L13+20
 396 0170 9922     		mov	r2, #153
 397 0172 1204     		lsl	r2, r2, #16
 398 0174 1A60     		str	r2, [r3]
 292:Generated_Source\PSoC4/cyfitter_cfg.c **** 
 293:Generated_Source\PSoC4/cyfitter_cfg.c **** 		/* UDB_PA_2 Starting address: CYDEV_UDB_PA2_BASE */
 294:Generated_Source\PSoC4/cyfitter_cfg.c **** 		CY_SET_XTND_REG32((void CYFAR *)(CYDEV_UDB_PA2_BASE), 0x00990000u);
 399              		.loc 1 294 0
 400 0176 1E4B     		ldr	r3, .L13+24
 401 0178 9922     		mov	r2, #153
 402 017a 1204     		lsl	r2, r2, #16
 403 017c 1A60     		str	r2, [r3]
 295:Generated_Source\PSoC4/cyfitter_cfg.c **** 
 296:Generated_Source\PSoC4/cyfitter_cfg.c **** 		/* Enable digital routing */
 297:Generated_Source\PSoC4/cyfitter_cfg.c **** 		CY_SET_XTND_REG8((void *)CYREG_UDB_UDBIF_BANK_CTL, CY_GET_XTND_REG8((void *)CYREG_UDB_UDBIF_BANK_
 404              		.loc 1 297 0
 405 017e 1D4A     		ldr	r2, .L13+28
 406 0180 1C4B     		ldr	r3, .L13+28
 407 0182 1B78     		ldrb	r3, [r3]
 408 0184 DBB2     		uxtb	r3, r3
 409 0186 0221     		mov	r1, #2
 410 0188 0B43     		orr	r3, r1
 411 018a DBB2     		uxtb	r3, r3
 412 018c 1370     		strb	r3, [r2]
 298:Generated_Source\PSoC4/cyfitter_cfg.c **** 
 299:Generated_Source\PSoC4/cyfitter_cfg.c **** 		/* Enable UDB array */
 300:Generated_Source\PSoC4/cyfitter_cfg.c **** 		CY_SET_XTND_REG8((void *)CYREG_UDB_UDBIF_WAIT_CFG, (uint8)((CY_GET_XTND_REG8((void *)CYREG_UDB_UD
 413              		.loc 1 300 0
 414 018e 1A4A     		ldr	r2, .L13+32
 415 0190 194B     		ldr	r3, .L13+32
 416 0192 1B78     		ldrb	r3, [r3]
 417 0194 DBB2     		uxtb	r3, r3
 418 0196 3C21     		mov	r1, #60
 419 0198 8B43     		bic	r3, r1
 420 019a DBB2     		uxtb	r3, r3
 421 019c 1421     		mov	r1, #20
 422 019e 0B43     		orr	r3, r1
 423 01a0 DBB2     		uxtb	r3, r3
 424 01a2 1370     		strb	r3, [r2]
 301:Generated_Source\PSoC4/cyfitter_cfg.c **** 		CY_SET_XTND_REG8((void *)CYREG_UDB_UDBIF_BANK_CTL, (uint8)(CY_GET_XTND_REG8((void *)CYREG_UDB_UDB
 425              		.loc 1 301 0
 426 01a4 134A     		ldr	r2, .L13+28
 427 01a6 134B     		ldr	r3, .L13+28
 428 01a8 1B78     		ldrb	r3, [r3]
 429 01aa DBB2     		uxtb	r3, r3
 430 01ac 1621     		mov	r1, #22
 431 01ae 0B43     		orr	r3, r1
 432 01b0 DBB2     		uxtb	r3, r3
 433 01b2 1370     		strb	r3, [r2]
 434              	.LBE2:
 302:Generated_Source\PSoC4/cyfitter_cfg.c **** 	}
 303:Generated_Source\PSoC4/cyfitter_cfg.c **** 
 304:Generated_Source\PSoC4/cyfitter_cfg.c **** 	/* Perform second pass device configuration. These items must be configured in specific order afte
 305:Generated_Source\PSoC4/cyfitter_cfg.c **** 	/* IOPINS0_0 Starting address: CYDEV_GPIO_PRT0_BASE */
ARM GAS  C:\Users\TTSS\AppData\Local\Temp\ccfJIsU1.s 			page 14


 306:Generated_Source\PSoC4/cyfitter_cfg.c **** 	CY_SET_XTND_REG32((void CYFAR *)(CYREG_GPIO_PRT0_PC), 0x00D80000u);
 435              		.loc 1 306 0
 436 01b4 114B     		ldr	r3, .L13+36
 437 01b6 D822     		mov	r2, #216
 438 01b8 1204     		lsl	r2, r2, #16
 439 01ba 1A60     		str	r2, [r3]
 307:Generated_Source\PSoC4/cyfitter_cfg.c **** 
 308:Generated_Source\PSoC4/cyfitter_cfg.c **** 	/* IOPINS0_1 Starting address: CYDEV_GPIO_PRT1_BASE */
 309:Generated_Source\PSoC4/cyfitter_cfg.c **** 	CY_SET_XTND_REG32((void CYFAR *)(CYREG_GPIO_PRT1_PC), 0x00001000u);
 440              		.loc 1 309 0
 441 01bc 104B     		ldr	r3, .L13+40
 442 01be 8022     		mov	r2, #128
 443 01c0 5201     		lsl	r2, r2, #5
 444 01c2 1A60     		str	r2, [r3]
 310:Generated_Source\PSoC4/cyfitter_cfg.c **** 
 311:Generated_Source\PSoC4/cyfitter_cfg.c **** 	/* IOPINS0_2 Starting address: CYDEV_GPIO_PRT2_BASE */
 312:Generated_Source\PSoC4/cyfitter_cfg.c **** 	CY_SET_XTND_REG32((void CYFAR *)(CYREG_GPIO_PRT2_PC), 0x00000030u);
 445              		.loc 1 312 0
 446 01c4 0F4B     		ldr	r3, .L13+44
 447 01c6 3022     		mov	r2, #48
 448 01c8 1A60     		str	r2, [r3]
 313:Generated_Source\PSoC4/cyfitter_cfg.c **** 
 314:Generated_Source\PSoC4/cyfitter_cfg.c **** 
 315:Generated_Source\PSoC4/cyfitter_cfg.c **** 	/* Setup clocks based on selections from Clock DWR */
 316:Generated_Source\PSoC4/cyfitter_cfg.c **** 	ClockSetup();
 449              		.loc 1 316 0
 450 01ca FFF719FF 		bl	ClockSetup
 317:Generated_Source\PSoC4/cyfitter_cfg.c **** 
 318:Generated_Source\PSoC4/cyfitter_cfg.c **** 	/* Perform basic analog initialization to defaults */
 319:Generated_Source\PSoC4/cyfitter_cfg.c **** 	AnalogSetDefault();
 451              		.loc 1 319 0
 452 01ce FFF7FEFF 		bl	AnalogSetDefault
 320:Generated_Source\PSoC4/cyfitter_cfg.c **** 
 321:Generated_Source\PSoC4/cyfitter_cfg.c **** }
 453              		.loc 1 321 0
 454 01d2 BD46     		mov	sp, r7
 455 01d4 02B0     		add	sp, sp, #8
 456              		@ sp needed
 457 01d6 80BD     		pop	{r7, pc}
 458              	.L14:
 459              		.align	2
 460              	.L13:
 461 01d8 6CF02E40 		.word	1076818028
 462 01dc 00000000 		.word	cfg_memset_list.4742
 463 01e0 00000240 		.word	1073872896
 464 01e4 00010240 		.word	1073873152
 465 01e8 00500F40 		.word	1074745344
 466 01ec 10500F40 		.word	1074745360
 467 01f0 20500F40 		.word	1074745376
 468 01f4 00700F40 		.word	1074753536
 469 01f8 01700F40 		.word	1074753537
 470 01fc 08000440 		.word	1074003976
 471 0200 08010440 		.word	1074004232
 472 0204 08020440 		.word	1074004488
 473              		.cfi_endproc
 474              	.LFE7:
 475              		.size	cyfitter_cfg, .-cyfitter_cfg
ARM GAS  C:\Users\TTSS\AppData\Local\Temp\ccfJIsU1.s 			page 15


 476              		.section	.rodata
 477              		.align	2
 478              		.type	cfg_memset_list.4742, %object
 479              		.size	cfg_memset_list.4742, 12
 480              	cfg_memset_list.4742:
 481 0000 00300F40 		.word	1074737152
 482 0004 0004     		.short	1024
 483 0006 00400F40 		.4byte	1074741248
 484 000a 0004     		.short	1024
 485              		.text
 486              	.Letext0:
 487              		.file 2 "c:\\program files (x86)\\cypress\\psoc creator\\4.0\\psoc creator\\import\\gnu\\arm\\4.9.
 488              		.file 3 "Generated_Source\\PSoC4\\cytypes.h"
 489              		.section	.debug_info,"",%progbits
 490              	.Ldebug_info0:
 491 0000 4D020000 		.4byte	0x24d
 492 0004 0400     		.2byte	0x4
 493 0006 00000000 		.4byte	.Ldebug_abbrev0
 494 000a 04       		.byte	0x4
 495 000b 01       		.uleb128 0x1
 496 000c A5000000 		.4byte	.LASF29
 497 0010 01       		.byte	0x1
 498 0011 0E020000 		.4byte	.LASF30
 499 0015 4E010000 		.4byte	.LASF31
 500 0019 00000000 		.4byte	.Ldebug_ranges0+0
 501 001d 00000000 		.4byte	0
 502 0021 00000000 		.4byte	.Ldebug_line0
 503 0025 02       		.uleb128 0x2
 504 0026 04       		.byte	0x4
 505 0027 05       		.byte	0x5
 506 0028 696E7400 		.ascii	"int\000"
 507 002c 03       		.uleb128 0x3
 508 002d 06000000 		.4byte	.LASF11
 509 0031 02       		.byte	0x2
 510 0032 D4       		.byte	0xd4
 511 0033 37000000 		.4byte	0x37
 512 0037 04       		.uleb128 0x4
 513 0038 04       		.byte	0x4
 514 0039 07       		.byte	0x7
 515 003a 41010000 		.4byte	.LASF0
 516 003e 04       		.uleb128 0x4
 517 003f 01       		.byte	0x1
 518 0040 06       		.byte	0x6
 519 0041 02020000 		.4byte	.LASF1
 520 0045 04       		.uleb128 0x4
 521 0046 01       		.byte	0x1
 522 0047 08       		.byte	0x8
 523 0048 83000000 		.4byte	.LASF2
 524 004c 04       		.uleb128 0x4
 525 004d 02       		.byte	0x2
 526 004e 05       		.byte	0x5
 527 004f EF010000 		.4byte	.LASF3
 528 0053 04       		.uleb128 0x4
 529 0054 02       		.byte	0x2
 530 0055 07       		.byte	0x7
 531 0056 39000000 		.4byte	.LASF4
 532 005a 04       		.uleb128 0x4
ARM GAS  C:\Users\TTSS\AppData\Local\Temp\ccfJIsU1.s 			page 16


 533 005b 04       		.byte	0x4
 534 005c 05       		.byte	0x5
 535 005d F9010000 		.4byte	.LASF5
 536 0061 04       		.uleb128 0x4
 537 0062 04       		.byte	0x4
 538 0063 07       		.byte	0x7
 539 0064 61000000 		.4byte	.LASF6
 540 0068 04       		.uleb128 0x4
 541 0069 08       		.byte	0x8
 542 006a 05       		.byte	0x5
 543 006b DC010000 		.4byte	.LASF7
 544 006f 04       		.uleb128 0x4
 545 0070 08       		.byte	0x8
 546 0071 07       		.byte	0x7
 547 0072 AF010000 		.4byte	.LASF8
 548 0076 04       		.uleb128 0x4
 549 0077 04       		.byte	0x4
 550 0078 07       		.byte	0x7
 551 0079 D3010000 		.4byte	.LASF9
 552 007d 05       		.uleb128 0x5
 553 007e 04       		.byte	0x4
 554 007f 04       		.uleb128 0x4
 555 0080 01       		.byte	0x1
 556 0081 08       		.byte	0x8
 557 0082 EA010000 		.4byte	.LASF10
 558 0086 06       		.uleb128 0x6
 559 0087 73000000 		.4byte	.LASF12
 560 008b 03       		.byte	0x3
 561 008c 3801     		.2byte	0x138
 562 008e 45000000 		.4byte	0x45
 563 0092 06       		.uleb128 0x6
 564 0093 33010000 		.4byte	.LASF13
 565 0097 03       		.byte	0x3
 566 0098 3901     		.2byte	0x139
 567 009a 53000000 		.4byte	0x53
 568 009e 06       		.uleb128 0x6
 569 009f 3A010000 		.4byte	.LASF14
 570 00a3 03       		.byte	0x3
 571 00a4 3A01     		.2byte	0x13a
 572 00a6 61000000 		.4byte	0x61
 573 00aa 04       		.uleb128 0x4
 574 00ab 04       		.byte	0x4
 575 00ac 04       		.byte	0x4
 576 00ad 4C000000 		.4byte	.LASF15
 577 00b1 04       		.uleb128 0x4
 578 00b2 08       		.byte	0x8
 579 00b3 04       		.byte	0x4
 580 00b4 91000000 		.4byte	.LASF16
 581 00b8 06       		.uleb128 0x6
 582 00b9 5C000000 		.4byte	.LASF17
 583 00bd 03       		.byte	0x3
 584 00be E201     		.2byte	0x1e2
 585 00c0 C4000000 		.4byte	0xc4
 586 00c4 07       		.uleb128 0x7
 587 00c5 86000000 		.4byte	0x86
 588 00c9 06       		.uleb128 0x6
 589 00ca 00000000 		.4byte	.LASF18
ARM GAS  C:\Users\TTSS\AppData\Local\Temp\ccfJIsU1.s 			page 17


 590 00ce 03       		.byte	0x3
 591 00cf E401     		.2byte	0x1e4
 592 00d1 D5000000 		.4byte	0xd5
 593 00d5 07       		.uleb128 0x7
 594 00d6 9E000000 		.4byte	0x9e
 595 00da 08       		.uleb128 0x8
 596 00db 79000000 		.4byte	.LASF19
 597 00df 01       		.byte	0x1
 598 00e0 3E       		.byte	0x3e
 599 00e1 00000000 		.4byte	.LFB2
 600 00e5 1E000000 		.4byte	.LFE2-.LFB2
 601 00e9 01       		.uleb128 0x1
 602 00ea 9C       		.byte	0x9c
 603 00eb 08010000 		.4byte	0x108
 604 00ef 09       		.uleb128 0x9
 605 00f0 7300     		.ascii	"s\000"
 606 00f2 01       		.byte	0x1
 607 00f3 3E       		.byte	0x3e
 608 00f4 7D000000 		.4byte	0x7d
 609 00f8 02       		.uleb128 0x2
 610 00f9 91       		.byte	0x91
 611 00fa 74       		.sleb128 -12
 612 00fb 09       		.uleb128 0x9
 613 00fc 6E00     		.ascii	"n\000"
 614 00fe 01       		.byte	0x1
 615 00ff 3E       		.byte	0x3e
 616 0100 2C000000 		.4byte	0x2c
 617 0104 02       		.uleb128 0x2
 618 0105 91       		.byte	0x91
 619 0106 70       		.sleb128 -16
 620 0107 00       		.byte	0
 621 0108 08       		.uleb128 0x8
 622 0109 44020000 		.4byte	.LASF20
 623 010d 01       		.byte	0x1
 624 010e 45       		.byte	0x45
 625 010f 00000000 		.4byte	.LFB3
 626 0113 22000000 		.4byte	.LFE3-.LFB3
 627 0117 01       		.uleb128 0x1
 628 0118 9C       		.byte	0x9c
 629 0119 46010000 		.4byte	0x146
 630 011d 0A       		.uleb128 0xa
 631 011e 52000000 		.4byte	.LASF21
 632 0122 01       		.byte	0x1
 633 0123 45       		.byte	0x45
 634 0124 7D000000 		.4byte	0x7d
 635 0128 02       		.uleb128 0x2
 636 0129 91       		.byte	0x91
 637 012a 74       		.sleb128 -12
 638 012b 09       		.uleb128 0x9
 639 012c 73726300 		.ascii	"src\000"
 640 0130 01       		.byte	0x1
 641 0131 45       		.byte	0x45
 642 0132 46010000 		.4byte	0x146
 643 0136 02       		.uleb128 0x2
 644 0137 91       		.byte	0x91
 645 0138 70       		.sleb128 -16
 646 0139 09       		.uleb128 0x9
ARM GAS  C:\Users\TTSS\AppData\Local\Temp\ccfJIsU1.s 			page 18


 647 013a 6E00     		.ascii	"n\000"
 648 013c 01       		.byte	0x1
 649 013d 45       		.byte	0x45
 650 013e 2C000000 		.4byte	0x2c
 651 0142 02       		.uleb128 0x2
 652 0143 91       		.byte	0x91
 653 0144 6C       		.sleb128 -20
 654 0145 00       		.byte	0
 655 0146 0B       		.uleb128 0xb
 656 0147 04       		.byte	0x4
 657 0148 4C010000 		.4byte	0x14c
 658 014c 0C       		.uleb128 0xc
 659 014d 08       		.uleb128 0x8
 660 014e 34020000 		.4byte	.LASF22
 661 0152 01       		.byte	0x1
 662 0153 4C       		.byte	0x4c
 663 0154 00000000 		.4byte	.LFB4
 664 0158 22000000 		.4byte	.LFE4-.LFB4
 665 015c 01       		.uleb128 0x1
 666 015d 9C       		.byte	0x9c
 667 015e 8B010000 		.4byte	0x18b
 668 0162 0A       		.uleb128 0xa
 669 0163 52000000 		.4byte	.LASF21
 670 0167 01       		.byte	0x1
 671 0168 4C       		.byte	0x4c
 672 0169 7D000000 		.4byte	0x7d
 673 016d 02       		.uleb128 0x2
 674 016e 91       		.byte	0x91
 675 016f 74       		.sleb128 -12
 676 0170 09       		.uleb128 0x9
 677 0171 73726300 		.ascii	"src\000"
 678 0175 01       		.byte	0x1
 679 0176 4C       		.byte	0x4c
 680 0177 46010000 		.4byte	0x146
 681 017b 02       		.uleb128 0x2
 682 017c 91       		.byte	0x91
 683 017d 70       		.sleb128 -16
 684 017e 09       		.uleb128 0x9
 685 017f 6E00     		.ascii	"n\000"
 686 0181 01       		.byte	0x1
 687 0182 4C       		.byte	0x4c
 688 0183 2C000000 		.4byte	0x2c
 689 0187 02       		.uleb128 0x2
 690 0188 91       		.byte	0x91
 691 0189 6C       		.sleb128 -20
 692 018a 00       		.byte	0
 693 018b 0D       		.uleb128 0xd
 694 018c 2E000000 		.4byte	.LASF23
 695 0190 01       		.byte	0x1
 696 0191 9E       		.byte	0x9e
 697 0192 00000000 		.4byte	.LFB5
 698 0196 F0000000 		.4byte	.LFE5-.LFB5
 699 019a 01       		.uleb128 0x1
 700 019b 9C       		.byte	0x9c
 701 019c 0E       		.uleb128 0xe
 702 019d 0D000000 		.4byte	.LASF24
 703 01a1 01       		.byte	0x1
ARM GAS  C:\Users\TTSS\AppData\Local\Temp\ccfJIsU1.s 			page 19


 704 01a2 E3       		.byte	0xe3
 705 01a3 00000000 		.4byte	.LFB6
 706 01a7 28000000 		.4byte	.LFE6-.LFB6
 707 01ab 01       		.uleb128 0x1
 708 01ac 9C       		.byte	0x9c
 709 01ad 0F       		.uleb128 0xf
 710 01ae 98000000 		.4byte	.LASF32
 711 01b2 01       		.byte	0x1
 712 01b3 FE       		.byte	0xfe
 713 01b4 F0000000 		.4byte	.LFB7
 714 01b8 18010000 		.4byte	.LFE7-.LFB7
 715 01bc 01       		.uleb128 0x1
 716 01bd 9C       		.byte	0x9c
 717 01be 10       		.uleb128 0x10
 718 01bf FE000000 		.4byte	.LBB2
 719 01c3 B6000000 		.4byte	.LBE2-.LBB2
 720 01c7 11       		.uleb128 0x11
 721 01c8 06       		.byte	0x6
 722 01c9 01       		.byte	0x1
 723 01ca 0701     		.2byte	0x107
 724 01cc EB010000 		.4byte	0x1eb
 725 01d0 12       		.uleb128 0x12
 726 01d1 A7010000 		.4byte	.LASF25
 727 01d5 01       		.byte	0x1
 728 01d6 0801     		.2byte	0x108
 729 01d8 7D000000 		.4byte	0x7d
 730 01dc 00       		.byte	0
 731 01dd 12       		.uleb128 0x12
 732 01de 57000000 		.4byte	.LASF26
 733 01e2 01       		.byte	0x1
 734 01e3 0901     		.2byte	0x109
 735 01e5 92000000 		.4byte	0x92
 736 01e9 04       		.byte	0x4
 737 01ea 00       		.byte	0
 738 01eb 06       		.uleb128 0x6
 739 01ec C6010000 		.4byte	.LASF27
 740 01f0 01       		.byte	0x1
 741 01f1 0A01     		.2byte	0x10a
 742 01f3 C7010000 		.4byte	0x1c7
 743 01f7 13       		.uleb128 0x13
 744 01f8 EB010000 		.4byte	0x1eb
 745 01fc 07020000 		.4byte	0x207
 746 0200 14       		.uleb128 0x14
 747 0201 76000000 		.4byte	0x76
 748 0205 01       		.byte	0x1
 749 0206 00       		.byte	0
 750 0207 15       		.uleb128 0x15
 751 0208 1E000000 		.4byte	.LASF28
 752 020c 01       		.byte	0x1
 753 020d 0C01     		.2byte	0x10c
 754 020f 19020000 		.4byte	0x219
 755 0213 05       		.uleb128 0x5
 756 0214 03       		.byte	0x3
 757 0215 00000000 		.4byte	cfg_memset_list.4742
 758 0219 16       		.uleb128 0x16
 759 021a F7010000 		.4byte	0x1f7
 760 021e 17       		.uleb128 0x17
ARM GAS  C:\Users\TTSS\AppData\Local\Temp\ccfJIsU1.s 			page 20


 761 021f 6900     		.ascii	"i\000"
 762 0221 01       		.byte	0x1
 763 0222 1201     		.2byte	0x112
 764 0224 86000000 		.4byte	0x86
 765 0228 02       		.uleb128 0x2
 766 0229 91       		.byte	0x91
 767 022a 77       		.sleb128 -9
 768 022b 10       		.uleb128 0x10
 769 022c 06010000 		.4byte	.LBB3
 770 0230 3E000000 		.4byte	.LBE3-.LBB3
 771 0234 17       		.uleb128 0x17
 772 0235 6D7300   		.ascii	"ms\000"
 773 0238 01       		.byte	0x1
 774 0239 1701     		.2byte	0x117
 775 023b 42020000 		.4byte	0x242
 776 023f 02       		.uleb128 0x2
 777 0240 91       		.byte	0x91
 778 0241 70       		.sleb128 -16
 779 0242 0B       		.uleb128 0xb
 780 0243 04       		.byte	0x4
 781 0244 48020000 		.4byte	0x248
 782 0248 16       		.uleb128 0x16
 783 0249 EB010000 		.4byte	0x1eb
 784 024d 00       		.byte	0
 785 024e 00       		.byte	0
 786 024f 00       		.byte	0
 787 0250 00       		.byte	0
 788              		.section	.debug_abbrev,"",%progbits
 789              	.Ldebug_abbrev0:
 790 0000 01       		.uleb128 0x1
 791 0001 11       		.uleb128 0x11
 792 0002 01       		.byte	0x1
 793 0003 25       		.uleb128 0x25
 794 0004 0E       		.uleb128 0xe
 795 0005 13       		.uleb128 0x13
 796 0006 0B       		.uleb128 0xb
 797 0007 03       		.uleb128 0x3
 798 0008 0E       		.uleb128 0xe
 799 0009 1B       		.uleb128 0x1b
 800 000a 0E       		.uleb128 0xe
 801 000b 55       		.uleb128 0x55
 802 000c 17       		.uleb128 0x17
 803 000d 11       		.uleb128 0x11
 804 000e 01       		.uleb128 0x1
 805 000f 10       		.uleb128 0x10
 806 0010 17       		.uleb128 0x17
 807 0011 00       		.byte	0
 808 0012 00       		.byte	0
 809 0013 02       		.uleb128 0x2
 810 0014 24       		.uleb128 0x24
 811 0015 00       		.byte	0
 812 0016 0B       		.uleb128 0xb
 813 0017 0B       		.uleb128 0xb
 814 0018 3E       		.uleb128 0x3e
 815 0019 0B       		.uleb128 0xb
 816 001a 03       		.uleb128 0x3
 817 001b 08       		.uleb128 0x8
ARM GAS  C:\Users\TTSS\AppData\Local\Temp\ccfJIsU1.s 			page 21


 818 001c 00       		.byte	0
 819 001d 00       		.byte	0
 820 001e 03       		.uleb128 0x3
 821 001f 16       		.uleb128 0x16
 822 0020 00       		.byte	0
 823 0021 03       		.uleb128 0x3
 824 0022 0E       		.uleb128 0xe
 825 0023 3A       		.uleb128 0x3a
 826 0024 0B       		.uleb128 0xb
 827 0025 3B       		.uleb128 0x3b
 828 0026 0B       		.uleb128 0xb
 829 0027 49       		.uleb128 0x49
 830 0028 13       		.uleb128 0x13
 831 0029 00       		.byte	0
 832 002a 00       		.byte	0
 833 002b 04       		.uleb128 0x4
 834 002c 24       		.uleb128 0x24
 835 002d 00       		.byte	0
 836 002e 0B       		.uleb128 0xb
 837 002f 0B       		.uleb128 0xb
 838 0030 3E       		.uleb128 0x3e
 839 0031 0B       		.uleb128 0xb
 840 0032 03       		.uleb128 0x3
 841 0033 0E       		.uleb128 0xe
 842 0034 00       		.byte	0
 843 0035 00       		.byte	0
 844 0036 05       		.uleb128 0x5
 845 0037 0F       		.uleb128 0xf
 846 0038 00       		.byte	0
 847 0039 0B       		.uleb128 0xb
 848 003a 0B       		.uleb128 0xb
 849 003b 00       		.byte	0
 850 003c 00       		.byte	0
 851 003d 06       		.uleb128 0x6
 852 003e 16       		.uleb128 0x16
 853 003f 00       		.byte	0
 854 0040 03       		.uleb128 0x3
 855 0041 0E       		.uleb128 0xe
 856 0042 3A       		.uleb128 0x3a
 857 0043 0B       		.uleb128 0xb
 858 0044 3B       		.uleb128 0x3b
 859 0045 05       		.uleb128 0x5
 860 0046 49       		.uleb128 0x49
 861 0047 13       		.uleb128 0x13
 862 0048 00       		.byte	0
 863 0049 00       		.byte	0
 864 004a 07       		.uleb128 0x7
 865 004b 35       		.uleb128 0x35
 866 004c 00       		.byte	0
 867 004d 49       		.uleb128 0x49
 868 004e 13       		.uleb128 0x13
 869 004f 00       		.byte	0
 870 0050 00       		.byte	0
 871 0051 08       		.uleb128 0x8
 872 0052 2E       		.uleb128 0x2e
 873 0053 01       		.byte	0x1
 874 0054 03       		.uleb128 0x3
ARM GAS  C:\Users\TTSS\AppData\Local\Temp\ccfJIsU1.s 			page 22


 875 0055 0E       		.uleb128 0xe
 876 0056 3A       		.uleb128 0x3a
 877 0057 0B       		.uleb128 0xb
 878 0058 3B       		.uleb128 0x3b
 879 0059 0B       		.uleb128 0xb
 880 005a 27       		.uleb128 0x27
 881 005b 19       		.uleb128 0x19
 882 005c 11       		.uleb128 0x11
 883 005d 01       		.uleb128 0x1
 884 005e 12       		.uleb128 0x12
 885 005f 06       		.uleb128 0x6
 886 0060 40       		.uleb128 0x40
 887 0061 18       		.uleb128 0x18
 888 0062 9642     		.uleb128 0x2116
 889 0064 19       		.uleb128 0x19
 890 0065 01       		.uleb128 0x1
 891 0066 13       		.uleb128 0x13
 892 0067 00       		.byte	0
 893 0068 00       		.byte	0
 894 0069 09       		.uleb128 0x9
 895 006a 05       		.uleb128 0x5
 896 006b 00       		.byte	0
 897 006c 03       		.uleb128 0x3
 898 006d 08       		.uleb128 0x8
 899 006e 3A       		.uleb128 0x3a
 900 006f 0B       		.uleb128 0xb
 901 0070 3B       		.uleb128 0x3b
 902 0071 0B       		.uleb128 0xb
 903 0072 49       		.uleb128 0x49
 904 0073 13       		.uleb128 0x13
 905 0074 02       		.uleb128 0x2
 906 0075 18       		.uleb128 0x18
 907 0076 00       		.byte	0
 908 0077 00       		.byte	0
 909 0078 0A       		.uleb128 0xa
 910 0079 05       		.uleb128 0x5
 911 007a 00       		.byte	0
 912 007b 03       		.uleb128 0x3
 913 007c 0E       		.uleb128 0xe
 914 007d 3A       		.uleb128 0x3a
 915 007e 0B       		.uleb128 0xb
 916 007f 3B       		.uleb128 0x3b
 917 0080 0B       		.uleb128 0xb
 918 0081 49       		.uleb128 0x49
 919 0082 13       		.uleb128 0x13
 920 0083 02       		.uleb128 0x2
 921 0084 18       		.uleb128 0x18
 922 0085 00       		.byte	0
 923 0086 00       		.byte	0
 924 0087 0B       		.uleb128 0xb
 925 0088 0F       		.uleb128 0xf
 926 0089 00       		.byte	0
 927 008a 0B       		.uleb128 0xb
 928 008b 0B       		.uleb128 0xb
 929 008c 49       		.uleb128 0x49
 930 008d 13       		.uleb128 0x13
 931 008e 00       		.byte	0
ARM GAS  C:\Users\TTSS\AppData\Local\Temp\ccfJIsU1.s 			page 23


 932 008f 00       		.byte	0
 933 0090 0C       		.uleb128 0xc
 934 0091 26       		.uleb128 0x26
 935 0092 00       		.byte	0
 936 0093 00       		.byte	0
 937 0094 00       		.byte	0
 938 0095 0D       		.uleb128 0xd
 939 0096 2E       		.uleb128 0x2e
 940 0097 00       		.byte	0
 941 0098 03       		.uleb128 0x3
 942 0099 0E       		.uleb128 0xe
 943 009a 3A       		.uleb128 0x3a
 944 009b 0B       		.uleb128 0xb
 945 009c 3B       		.uleb128 0x3b
 946 009d 0B       		.uleb128 0xb
 947 009e 27       		.uleb128 0x27
 948 009f 19       		.uleb128 0x19
 949 00a0 11       		.uleb128 0x11
 950 00a1 01       		.uleb128 0x1
 951 00a2 12       		.uleb128 0x12
 952 00a3 06       		.uleb128 0x6
 953 00a4 40       		.uleb128 0x40
 954 00a5 18       		.uleb128 0x18
 955 00a6 9642     		.uleb128 0x2116
 956 00a8 19       		.uleb128 0x19
 957 00a9 00       		.byte	0
 958 00aa 00       		.byte	0
 959 00ab 0E       		.uleb128 0xe
 960 00ac 2E       		.uleb128 0x2e
 961 00ad 00       		.byte	0
 962 00ae 03       		.uleb128 0x3
 963 00af 0E       		.uleb128 0xe
 964 00b0 3A       		.uleb128 0x3a
 965 00b1 0B       		.uleb128 0xb
 966 00b2 3B       		.uleb128 0x3b
 967 00b3 0B       		.uleb128 0xb
 968 00b4 27       		.uleb128 0x27
 969 00b5 19       		.uleb128 0x19
 970 00b6 11       		.uleb128 0x11
 971 00b7 01       		.uleb128 0x1
 972 00b8 12       		.uleb128 0x12
 973 00b9 06       		.uleb128 0x6
 974 00ba 40       		.uleb128 0x40
 975 00bb 18       		.uleb128 0x18
 976 00bc 9742     		.uleb128 0x2117
 977 00be 19       		.uleb128 0x19
 978 00bf 00       		.byte	0
 979 00c0 00       		.byte	0
 980 00c1 0F       		.uleb128 0xf
 981 00c2 2E       		.uleb128 0x2e
 982 00c3 01       		.byte	0x1
 983 00c4 3F       		.uleb128 0x3f
 984 00c5 19       		.uleb128 0x19
 985 00c6 03       		.uleb128 0x3
 986 00c7 0E       		.uleb128 0xe
 987 00c8 3A       		.uleb128 0x3a
 988 00c9 0B       		.uleb128 0xb
ARM GAS  C:\Users\TTSS\AppData\Local\Temp\ccfJIsU1.s 			page 24


 989 00ca 3B       		.uleb128 0x3b
 990 00cb 0B       		.uleb128 0xb
 991 00cc 27       		.uleb128 0x27
 992 00cd 19       		.uleb128 0x19
 993 00ce 11       		.uleb128 0x11
 994 00cf 01       		.uleb128 0x1
 995 00d0 12       		.uleb128 0x12
 996 00d1 06       		.uleb128 0x6
 997 00d2 40       		.uleb128 0x40
 998 00d3 18       		.uleb128 0x18
 999 00d4 9642     		.uleb128 0x2116
 1000 00d6 19       		.uleb128 0x19
 1001 00d7 00       		.byte	0
 1002 00d8 00       		.byte	0
 1003 00d9 10       		.uleb128 0x10
 1004 00da 0B       		.uleb128 0xb
 1005 00db 01       		.byte	0x1
 1006 00dc 11       		.uleb128 0x11
 1007 00dd 01       		.uleb128 0x1
 1008 00de 12       		.uleb128 0x12
 1009 00df 06       		.uleb128 0x6
 1010 00e0 00       		.byte	0
 1011 00e1 00       		.byte	0
 1012 00e2 11       		.uleb128 0x11
 1013 00e3 13       		.uleb128 0x13
 1014 00e4 01       		.byte	0x1
 1015 00e5 0B       		.uleb128 0xb
 1016 00e6 0B       		.uleb128 0xb
 1017 00e7 3A       		.uleb128 0x3a
 1018 00e8 0B       		.uleb128 0xb
 1019 00e9 3B       		.uleb128 0x3b
 1020 00ea 05       		.uleb128 0x5
 1021 00eb 01       		.uleb128 0x1
 1022 00ec 13       		.uleb128 0x13
 1023 00ed 00       		.byte	0
 1024 00ee 00       		.byte	0
 1025 00ef 12       		.uleb128 0x12
 1026 00f0 0D       		.uleb128 0xd
 1027 00f1 00       		.byte	0
 1028 00f2 03       		.uleb128 0x3
 1029 00f3 0E       		.uleb128 0xe
 1030 00f4 3A       		.uleb128 0x3a
 1031 00f5 0B       		.uleb128 0xb
 1032 00f6 3B       		.uleb128 0x3b
 1033 00f7 05       		.uleb128 0x5
 1034 00f8 49       		.uleb128 0x49
 1035 00f9 13       		.uleb128 0x13
 1036 00fa 38       		.uleb128 0x38
 1037 00fb 0B       		.uleb128 0xb
 1038 00fc 00       		.byte	0
 1039 00fd 00       		.byte	0
 1040 00fe 13       		.uleb128 0x13
 1041 00ff 01       		.uleb128 0x1
 1042 0100 01       		.byte	0x1
 1043 0101 49       		.uleb128 0x49
 1044 0102 13       		.uleb128 0x13
 1045 0103 01       		.uleb128 0x1
ARM GAS  C:\Users\TTSS\AppData\Local\Temp\ccfJIsU1.s 			page 25


 1046 0104 13       		.uleb128 0x13
 1047 0105 00       		.byte	0
 1048 0106 00       		.byte	0
 1049 0107 14       		.uleb128 0x14
 1050 0108 21       		.uleb128 0x21
 1051 0109 00       		.byte	0
 1052 010a 49       		.uleb128 0x49
 1053 010b 13       		.uleb128 0x13
 1054 010c 2F       		.uleb128 0x2f
 1055 010d 0B       		.uleb128 0xb
 1056 010e 00       		.byte	0
 1057 010f 00       		.byte	0
 1058 0110 15       		.uleb128 0x15
 1059 0111 34       		.uleb128 0x34
 1060 0112 00       		.byte	0
 1061 0113 03       		.uleb128 0x3
 1062 0114 0E       		.uleb128 0xe
 1063 0115 3A       		.uleb128 0x3a
 1064 0116 0B       		.uleb128 0xb
 1065 0117 3B       		.uleb128 0x3b
 1066 0118 05       		.uleb128 0x5
 1067 0119 49       		.uleb128 0x49
 1068 011a 13       		.uleb128 0x13
 1069 011b 02       		.uleb128 0x2
 1070 011c 18       		.uleb128 0x18
 1071 011d 00       		.byte	0
 1072 011e 00       		.byte	0
 1073 011f 16       		.uleb128 0x16
 1074 0120 26       		.uleb128 0x26
 1075 0121 00       		.byte	0
 1076 0122 49       		.uleb128 0x49
 1077 0123 13       		.uleb128 0x13
 1078 0124 00       		.byte	0
 1079 0125 00       		.byte	0
 1080 0126 17       		.uleb128 0x17
 1081 0127 34       		.uleb128 0x34
 1082 0128 00       		.byte	0
 1083 0129 03       		.uleb128 0x3
 1084 012a 08       		.uleb128 0x8
 1085 012b 3A       		.uleb128 0x3a
 1086 012c 0B       		.uleb128 0xb
 1087 012d 3B       		.uleb128 0x3b
 1088 012e 05       		.uleb128 0x5
 1089 012f 49       		.uleb128 0x49
 1090 0130 13       		.uleb128 0x13
 1091 0131 02       		.uleb128 0x2
 1092 0132 18       		.uleb128 0x18
 1093 0133 00       		.byte	0
 1094 0134 00       		.byte	0
 1095 0135 00       		.byte	0
 1096              		.section	.debug_aranges,"",%progbits
 1097 0000 44000000 		.4byte	0x44
 1098 0004 0200     		.2byte	0x2
 1099 0006 00000000 		.4byte	.Ldebug_info0
 1100 000a 04       		.byte	0x4
 1101 000b 00       		.byte	0
 1102 000c 0000     		.2byte	0
ARM GAS  C:\Users\TTSS\AppData\Local\Temp\ccfJIsU1.s 			page 26


 1103 000e 0000     		.2byte	0
 1104 0010 00000000 		.4byte	.LFB2
 1105 0014 1E000000 		.4byte	.LFE2-.LFB2
 1106 0018 00000000 		.4byte	.LFB3
 1107 001c 22000000 		.4byte	.LFE3-.LFB3
 1108 0020 00000000 		.4byte	.LFB4
 1109 0024 22000000 		.4byte	.LFE4-.LFB4
 1110 0028 00000000 		.4byte	.LFB5
 1111 002c F0000000 		.4byte	.LFE5-.LFB5
 1112 0030 00000000 		.4byte	.LFB6
 1113 0034 28000000 		.4byte	.LFE6-.LFB6
 1114 0038 F0000000 		.4byte	.LFB7
 1115 003c 18010000 		.4byte	.LFE7-.LFB7
 1116 0040 00000000 		.4byte	0
 1117 0044 00000000 		.4byte	0
 1118              		.section	.debug_ranges,"",%progbits
 1119              	.Ldebug_ranges0:
 1120 0000 00000000 		.4byte	.LFB2
 1121 0004 1E000000 		.4byte	.LFE2
 1122 0008 00000000 		.4byte	.LFB3
 1123 000c 22000000 		.4byte	.LFE3
 1124 0010 00000000 		.4byte	.LFB4
 1125 0014 22000000 		.4byte	.LFE4
 1126 0018 00000000 		.4byte	.LFB5
 1127 001c F0000000 		.4byte	.LFE5
 1128 0020 00000000 		.4byte	.LFB6
 1129 0024 28000000 		.4byte	.LFE6
 1130 0028 F0000000 		.4byte	.LFB7
 1131 002c 08020000 		.4byte	.LFE7
 1132 0030 00000000 		.4byte	0
 1133 0034 00000000 		.4byte	0
 1134              		.section	.debug_line,"",%progbits
 1135              	.Ldebug_line0:
 1136 0000 6F010000 		.section	.debug_str,"MS",%progbits,1
 1136      0200CB00 
 1136      00000201 
 1136      FB0E0D00 
 1136      01010101 
 1137              	.LASF18:
 1138 0000 72656733 		.ascii	"reg32\000"
 1138      3200
 1139              	.LASF11:
 1140 0006 73697A65 		.ascii	"size_t\000"
 1140      5F7400
 1141              	.LASF24:
 1142 000d 416E616C 		.ascii	"AnalogSetDefault\000"
 1142      6F675365 
 1142      74446566 
 1142      61756C74 
 1142      00
 1143              	.LASF28:
 1144 001e 6366675F 		.ascii	"cfg_memset_list\000"
 1144      6D656D73 
 1144      65745F6C 
 1144      69737400 
 1145              	.LASF23:
 1146 002e 436C6F63 		.ascii	"ClockSetup\000"
ARM GAS  C:\Users\TTSS\AppData\Local\Temp\ccfJIsU1.s 			page 27


 1146      6B536574 
 1146      757000
 1147              	.LASF4:
 1148 0039 73686F72 		.ascii	"short unsigned int\000"
 1148      7420756E 
 1148      7369676E 
 1148      65642069 
 1148      6E7400
 1149              	.LASF15:
 1150 004c 666C6F61 		.ascii	"float\000"
 1150      7400
 1151              	.LASF21:
 1152 0052 64657374 		.ascii	"dest\000"
 1152      00
 1153              	.LASF26:
 1154 0057 73697A65 		.ascii	"size\000"
 1154      00
 1155              	.LASF17:
 1156 005c 72656738 		.ascii	"reg8\000"
 1156      00
 1157              	.LASF6:
 1158 0061 6C6F6E67 		.ascii	"long unsigned int\000"
 1158      20756E73 
 1158      69676E65 
 1158      6420696E 
 1158      7400
 1159              	.LASF12:
 1160 0073 75696E74 		.ascii	"uint8\000"
 1160      3800
 1161              	.LASF19:
 1162 0079 43594D45 		.ascii	"CYMEMZERO\000"
 1162      4D5A4552 
 1162      4F00
 1163              	.LASF2:
 1164 0083 756E7369 		.ascii	"unsigned char\000"
 1164      676E6564 
 1164      20636861 
 1164      7200
 1165              	.LASF16:
 1166 0091 646F7562 		.ascii	"double\000"
 1166      6C6500
 1167              	.LASF32:
 1168 0098 63796669 		.ascii	"cyfitter_cfg\000"
 1168      74746572 
 1168      5F636667 
 1168      00
 1169              	.LASF29:
 1170 00a5 474E5520 		.ascii	"GNU C 4.9.3 20150303 (release) [ARM/embedded-4_9-br"
 1170      4320342E 
 1170      392E3320 
 1170      32303135 
 1170      30333033 
 1171 00d8 616E6368 		.ascii	"anch revision 221220] -mcpu=cortex-m0 -mthumb -g -O"
 1171      20726576 
 1171      6973696F 
 1171      6E203232 
 1171      31323230 
ARM GAS  C:\Users\TTSS\AppData\Local\Temp\ccfJIsU1.s 			page 28


 1172 010b 30202D66 		.ascii	"0 -ffunction-sections -ffat-lto-objects\000"
 1172      66756E63 
 1172      74696F6E 
 1172      2D736563 
 1172      74696F6E 
 1173              	.LASF13:
 1174 0133 75696E74 		.ascii	"uint16\000"
 1174      313600
 1175              	.LASF14:
 1176 013a 75696E74 		.ascii	"uint32\000"
 1176      333200
 1177              	.LASF0:
 1178 0141 756E7369 		.ascii	"unsigned int\000"
 1178      676E6564 
 1178      20696E74 
 1178      00
 1179              	.LASF31:
 1180 014e 433A5C55 		.ascii	"C:\\Users\\TTSS\\Dropbox\\Projects\\hackAIR\\AirQua"
 1180      73657273 
 1180      5C545453 
 1180      535C4472 
 1180      6F70626F 
 1181 017b 6C697479 		.ascii	"lityBeacons\\SerialLaserSensor_SEN0177.cydsn\000"
 1181      42656163 
 1181      6F6E735C 
 1181      53657269 
 1181      616C4C61 
 1182              	.LASF25:
 1183 01a7 61646472 		.ascii	"address\000"
 1183      65737300 
 1184              	.LASF8:
 1185 01af 6C6F6E67 		.ascii	"long long unsigned int\000"
 1185      206C6F6E 
 1185      6720756E 
 1185      7369676E 
 1185      65642069 
 1186              	.LASF27:
 1187 01c6 6366675F 		.ascii	"cfg_memset_t\000"
 1187      6D656D73 
 1187      65745F74 
 1187      00
 1188              	.LASF9:
 1189 01d3 73697A65 		.ascii	"sizetype\000"
 1189      74797065 
 1189      00
 1190              	.LASF7:
 1191 01dc 6C6F6E67 		.ascii	"long long int\000"
 1191      206C6F6E 
 1191      6720696E 
 1191      7400
 1192              	.LASF10:
 1193 01ea 63686172 		.ascii	"char\000"
 1193      00
 1194              	.LASF3:
 1195 01ef 73686F72 		.ascii	"short int\000"
 1195      7420696E 
 1195      7400
ARM GAS  C:\Users\TTSS\AppData\Local\Temp\ccfJIsU1.s 			page 29


 1196              	.LASF5:
 1197 01f9 6C6F6E67 		.ascii	"long int\000"
 1197      20696E74 
 1197      00
 1198              	.LASF1:
 1199 0202 7369676E 		.ascii	"signed char\000"
 1199      65642063 
 1199      68617200 
 1200              	.LASF30:
 1201 020e 47656E65 		.ascii	"Generated_Source\\PSoC4\\cyfitter_cfg.c\000"
 1201      72617465 
 1201      645F536F 
 1201      75726365 
 1201      5C50536F 
 1202              	.LASF22:
 1203 0234 4359434F 		.ascii	"CYCONFIGCPYCODE\000"
 1203      4E464947 
 1203      43505943 
 1203      4F444500 
 1204              	.LASF20:
 1205 0244 4359434F 		.ascii	"CYCONFIGCPY\000"
 1205      4E464947 
 1205      43505900 
 1206              		.ident	"GCC: (GNU Tools for ARM Embedded Processors) 4.9.3 20150303 (release) [ARM/embedded-4_9-br
