ARM GAS  C:\Users\TTSS\AppData\Local\Temp\ccftBoAu.s 			page 1


   1              		.syntax unified
   2              		.cpu cortex-m0
   3              		.fpu softvfp
   4              		.eabi_attribute 20, 1
   5              		.eabi_attribute 21, 1
   6              		.eabi_attribute 23, 3
   7              		.eabi_attribute 24, 1
   8              		.eabi_attribute 25, 1
   9              		.eabi_attribute 26, 1
  10              		.eabi_attribute 30, 6
  11              		.eabi_attribute 34, 0
  12              		.eabi_attribute 18, 4
  13              		.thumb
  14              		.syntax unified
  15              		.file	"main.c"
  16              		.text
  17              	.Ltext0:
  18              		.cfi_sections	.debug_frame
  19              		.section	.text.main,"ax",%progbits
  20              		.align	2
  21              		.global	main
  22              		.code	16
  23              		.thumb_func
  24              		.type	main, %function
  25              	main:
  26              	.LFB35:
  27              		.file 1 "main.c"
   1:main.c        **** /* ========================================
   2:main.c        ****  * Air Quality Beacon, part of the hackAIR project.
   3:main.c        ****  * Freely available under CC BY 4.0
   4:main.c        ****  *
   5:main.c        ****  *
   6:main.c        ****  * Author: George Doxastakis gdoxastakis.ee@gmail.com
   7:main.c        ****  * Technology Transfer & Smart Solutions
   8:main.c        ****  * TEI of Athens
   9:main.c        ****  * http://research.ee.teiath.gr/ttss/
  10:main.c        ****  *
  11:main.c        ****  * http://www.hackair.eu/
  12:main.c        **** */
  13:main.c        **** #include <project.h>
  14:main.c        **** 
  15:main.c        **** /* Function prototypes */  
  16:main.c        **** void StackEventHandler(uint32 event, void* eventParam);
  17:main.c        **** char* readParticles();
  18:main.c        **** 
  19:main.c        **** /* ADV payload dta structure */  
  20:main.c        **** extern CYBLE_GAPP_DISC_MODE_INFO_T cyBle_discoveryModeInfo;
  21:main.c        **** #define advPayload   (cyBle_discoveryModeInfo.advData->advData) 
  22:main.c        **** 
  23:main.c        **** 
  24:main.c        **** int main()
  25:main.c        **** {
  28              		.loc 1 25 0
  29              		.cfi_startproc
  30              		@ args = 0, pretend = 0, frame = 8
  31              		@ frame_needed = 1, uses_anonymous_args = 0
  32 0000 80B5     		push	{r7, lr}
ARM GAS  C:\Users\TTSS\AppData\Local\Temp\ccftBoAu.s 			page 2


  33              		.cfi_def_cfa_offset 8
  34              		.cfi_offset 7, -8
  35              		.cfi_offset 14, -4
  36 0002 82B0     		sub	sp, sp, #8
  37              		.cfi_def_cfa_offset 16
  38 0004 00AF     		add	r7, sp, #0
  39              		.cfi_def_cfa_register 7
  26:main.c        ****     CyGlobalIntEnable; /* Enable global interrupts. */
  40              		.loc 1 26 0
  41              		.syntax divided
  42              	@ 26 "main.c" 1
  43 0006 62B6     		CPSIE   i
  44              	@ 0 "" 2
  27:main.c        ****     Serial_Start();
  45              		.loc 1 27 0
  46              		.thumb
  47              		.syntax unified
  48 0008 FFF7FEFF 		bl	Serial_Start
  28:main.c        ****     /* Start CYBLE component and register the generic event handler */
  29:main.c        ****     CyBle_Start(StackEventHandler);
  49              		.loc 1 29 0
  50 000c 224B     		ldr	r3, .L3
  51 000e 1800     		movs	r0, r3
  52 0010 FFF7FEFF 		bl	CyBle_Start
  53              	.L2:
  54              	.LBB2:
  30:main.c        ****     
  31:main.c        ****     for(;;)
  32:main.c        ****     {
  33:main.c        ****         STATUS_Write(1);CyDelay(300);STATUS_Write(0);
  55              		.loc 1 33 0 discriminator 1
  56 0014 0120     		movs	r0, #1
  57 0016 FFF7FEFF 		bl	STATUS_Write
  58 001a 9623     		movs	r3, #150
  59 001c 5B00     		lsls	r3, r3, #1
  60 001e 1800     		movs	r0, r3
  61 0020 FFF7FEFF 		bl	CyDelay
  62 0024 0020     		movs	r0, #0
  63 0026 FFF7FEFF 		bl	STATUS_Write
  34:main.c        ****         char *val=readParticles(); //Perform sensor measurement (waits for result)
  64              		.loc 1 34 0 discriminator 1
  65 002a FFF7FEFF 		bl	readParticles
  66 002e 0300     		movs	r3, r0
  67 0030 7B60     		str	r3, [r7, #4]
  35:main.c        ****          
  36:main.c        ****         /* Dynamic payload will be continuously updated */
  37:main.c        ****         advPayload[19] =  0x01; //Sensor ID: 0x01 for SEN0177
  68              		.loc 1 37 0 discriminator 1
  69 0032 1A4B     		ldr	r3, .L3+4
  70 0034 9B68     		ldr	r3, [r3, #8]
  71 0036 0122     		movs	r2, #1
  72 0038 DA74     		strb	r2, [r3, #19]
  38:main.c        ****         advPayload[21] =  val[4]; //High byte of PM1 value
  73              		.loc 1 38 0 discriminator 1
  74 003a 184B     		ldr	r3, .L3+4
  75 003c 9B68     		ldr	r3, [r3, #8]
  76 003e 7A68     		ldr	r2, [r7, #4]
ARM GAS  C:\Users\TTSS\AppData\Local\Temp\ccftBoAu.s 			page 3


  77 0040 0432     		adds	r2, r2, #4
  78 0042 1278     		ldrb	r2, [r2]
  79 0044 5A75     		strb	r2, [r3, #21]
  39:main.c        ****         advPayload[22] =  val[5]; //Low byte of PM1 value
  80              		.loc 1 39 0 discriminator 1
  81 0046 154B     		ldr	r3, .L3+4
  82 0048 9B68     		ldr	r3, [r3, #8]
  83 004a 7A68     		ldr	r2, [r7, #4]
  84 004c 0532     		adds	r2, r2, #5
  85 004e 1278     		ldrb	r2, [r2]
  86 0050 9A75     		strb	r2, [r3, #22]
  40:main.c        ****         advPayload[23] =  val[6]; //High byte of PM2.5 value
  87              		.loc 1 40 0 discriminator 1
  88 0052 124B     		ldr	r3, .L3+4
  89 0054 9B68     		ldr	r3, [r3, #8]
  90 0056 7A68     		ldr	r2, [r7, #4]
  91 0058 0632     		adds	r2, r2, #6
  92 005a 1278     		ldrb	r2, [r2]
  93 005c DA75     		strb	r2, [r3, #23]
  41:main.c        ****         advPayload[24] =  val[7]; //Low byte of PM2.5 value
  94              		.loc 1 41 0 discriminator 1
  95 005e 0F4B     		ldr	r3, .L3+4
  96 0060 9B68     		ldr	r3, [r3, #8]
  97 0062 7A68     		ldr	r2, [r7, #4]
  98 0064 0732     		adds	r2, r2, #7
  99 0066 1278     		ldrb	r2, [r2]
 100 0068 1A76     		strb	r2, [r3, #24]
  42:main.c        ****         advPayload[25] =  val[8]; //High byte of PM10 value
 101              		.loc 1 42 0 discriminator 1
 102 006a 0C4B     		ldr	r3, .L3+4
 103 006c 9B68     		ldr	r3, [r3, #8]
 104 006e 7A68     		ldr	r2, [r7, #4]
 105 0070 0832     		adds	r2, r2, #8
 106 0072 1278     		ldrb	r2, [r2]
 107 0074 5A76     		strb	r2, [r3, #25]
  43:main.c        ****         advPayload[26] =  val[9]; //Low byte of PM10 value
 108              		.loc 1 43 0 discriminator 1
 109 0076 094B     		ldr	r3, .L3+4
 110 0078 9B68     		ldr	r3, [r3, #8]
 111 007a 7A68     		ldr	r2, [r7, #4]
 112 007c 0932     		adds	r2, r2, #9
 113 007e 1278     		ldrb	r2, [r2]
 114 0080 9A76     		strb	r2, [r3, #26]
  44:main.c        ****         CyBle_GapUpdateAdvData(cyBle_discoveryModeInfo.advData, cyBle_discoveryModeInfo.scanRspData
 115              		.loc 1 44 0 discriminator 1
 116 0082 064B     		ldr	r3, .L3+4
 117 0084 9A68     		ldr	r2, [r3, #8]
 118 0086 054B     		ldr	r3, .L3+4
 119 0088 DB68     		ldr	r3, [r3, #12]
 120 008a 1900     		movs	r1, r3
 121 008c 1000     		movs	r0, r2
 122 008e FFF7FEFF 		bl	CyBle_GapUpdateAdvData
  45:main.c        ****         CyBle_ProcessEvents();
 123              		.loc 1 45 0 discriminator 1
 124 0092 FFF7FEFF 		bl	CyBle_ProcessEvents
 125              	.LBE2:
  46:main.c        ****     }
ARM GAS  C:\Users\TTSS\AppData\Local\Temp\ccftBoAu.s 			page 4


 126              		.loc 1 46 0 discriminator 1
 127 0096 BDE7     		b	.L2
 128              	.L4:
 129              		.align	2
 130              	.L3:
 131 0098 00000000 		.word	StackEventHandler
 132 009c 00000000 		.word	cyBle_discoveryModeInfo
 133              		.cfi_endproc
 134              	.LFE35:
 135              		.size	main, .-main
 136              		.section	.text.StackEventHandler,"ax",%progbits
 137              		.align	2
 138              		.global	StackEventHandler
 139              		.code	16
 140              		.thumb_func
 141              		.type	StackEventHandler, %function
 142              	StackEventHandler:
 143              	.LFB36:
  47:main.c        **** }
  48:main.c        **** 
  49:main.c        **** void StackEventHandler(uint32 event, void *eventParam)
  50:main.c        **** {
 144              		.loc 1 50 0
 145              		.cfi_startproc
 146              		@ args = 0, pretend = 0, frame = 8
 147              		@ frame_needed = 1, uses_anonymous_args = 0
 148 0000 80B5     		push	{r7, lr}
 149              		.cfi_def_cfa_offset 8
 150              		.cfi_offset 7, -8
 151              		.cfi_offset 14, -4
 152 0002 82B0     		sub	sp, sp, #8
 153              		.cfi_def_cfa_offset 16
 154 0004 00AF     		add	r7, sp, #0
 155              		.cfi_def_cfa_register 7
 156 0006 7860     		str	r0, [r7, #4]
 157 0008 3960     		str	r1, [r7]
  51:main.c        ****     switch(event)
 158              		.loc 1 51 0
 159 000a 7B68     		ldr	r3, [r7, #4]
 160 000c 012B     		cmp	r3, #1
 161 000e 00D0     		beq	.L7
  52:main.c        ****     {
  53:main.c        ****         
  54:main.c        **** 		case CYBLE_EVT_STACK_ON:
  55:main.c        **** 			/* BLE stack is on. Start BLE advertisement */   
  56:main.c        **** 			CyBle_GappStartAdvertisement(CYBLE_ADVERTISING_FAST);
  57:main.c        **** 		    break;
  58:main.c        **** 		
  59:main.c        ****         default:
  60:main.c        ****             break;
 162              		.loc 1 60 0
 163 0010 03E0     		b	.L8
 164              	.L7:
  56:main.c        **** 		    break;
 165              		.loc 1 56 0
 166 0012 0020     		movs	r0, #0
 167 0014 FFF7FEFF 		bl	CyBle_GappStartAdvertisement
ARM GAS  C:\Users\TTSS\AppData\Local\Temp\ccftBoAu.s 			page 5


  57:main.c        **** 		
 168              		.loc 1 57 0
 169 0018 C046     		nop
 170              	.L8:
  61:main.c        ****     }   	
  62:main.c        **** 
  63:main.c        **** }
 171              		.loc 1 63 0
 172 001a C046     		nop
 173 001c BD46     		mov	sp, r7
 174 001e 02B0     		add	sp, sp, #8
 175              		@ sp needed
 176 0020 80BD     		pop	{r7, pc}
 177              		.cfi_endproc
 178              	.LFE36:
 179              		.size	StackEventHandler, .-StackEventHandler
 180 0022 C046     		.section	.text.readParticles,"ax",%progbits
 181              		.align	2
 182              		.global	readParticles
 183              		.code	16
 184              		.thumb_func
 185              		.type	readParticles, %function
 186              	readParticles:
 187              	.LFB37:
  64:main.c        **** 
  65:main.c        **** /*******************************************************************
  66:main.c        **** * NAME :            char* readParticles()
  67:main.c        **** *
  68:main.c        **** * DESCRIPTION :     Read sensor measurement
  69:main.c        **** * OUTPUTS :
  70:main.c        **** *       char* Sensor TX packet
  71:main.c        **** */
  72:main.c        **** char* readParticles(){
 188              		.loc 1 72 0
 189              		.cfi_startproc
 190              		@ args = 0, pretend = 0, frame = 8
 191              		@ frame_needed = 1, uses_anonymous_args = 0
 192 0000 80B5     		push	{r7, lr}
 193              		.cfi_def_cfa_offset 8
 194              		.cfi_offset 7, -8
 195              		.cfi_offset 14, -4
 196 0002 82B0     		sub	sp, sp, #8
 197              		.cfi_def_cfa_offset 16
 198 0004 00AF     		add	r7, sp, #0
 199              		.cfi_def_cfa_register 7
  73:main.c        ****     int idx;
  74:main.c        ****     static char senData[32];
  75:main.c        ****     senData[0]=0x42;
 200              		.loc 1 75 0
 201 0006 114B     		ldr	r3, .L14
 202 0008 4222     		movs	r2, #66
 203 000a 1A70     		strb	r2, [r3]
  76:main.c        ****     while(Serial_UartGetChar()!= 0x42); // Wait for start character
 204              		.loc 1 76 0
 205 000c C046     		nop
 206              	.L10:
 207              		.loc 1 76 0 is_stmt 0 discriminator 1
ARM GAS  C:\Users\TTSS\AppData\Local\Temp\ccftBoAu.s 			page 6


 208 000e FFF7FEFF 		bl	Serial_UartGetChar
 209 0012 0300     		movs	r3, r0
 210 0014 422B     		cmp	r3, #66
 211 0016 FAD1     		bne	.L10
  77:main.c        ****     for(idx=1;idx<32;idx++){ // Read TX packet
 212              		.loc 1 77 0 is_stmt 1
 213 0018 0123     		movs	r3, #1
 214 001a 7B60     		str	r3, [r7, #4]
 215 001c 0EE0     		b	.L11
 216              	.L12:
  78:main.c        ****         CyDelay(10); // Wait for data
 217              		.loc 1 78 0 discriminator 3
 218 001e 0A20     		movs	r0, #10
 219 0020 FFF7FEFF 		bl	CyDelay
  79:main.c        ****         senData[idx]=Serial_UartGetChar();// Get next byte
 220              		.loc 1 79 0 discriminator 3
 221 0024 FFF7FEFF 		bl	Serial_UartGetChar
 222 0028 0300     		movs	r3, r0
 223 002a D9B2     		uxtb	r1, r3
 224 002c 074A     		ldr	r2, .L14
 225 002e 7B68     		ldr	r3, [r7, #4]
 226 0030 D318     		adds	r3, r2, r3
 227 0032 0A1C     		adds	r2, r1, #0
 228 0034 1A70     		strb	r2, [r3]
  77:main.c        ****     for(idx=1;idx<32;idx++){ // Read TX packet
 229              		.loc 1 77 0 discriminator 3
 230 0036 7B68     		ldr	r3, [r7, #4]
 231 0038 0133     		adds	r3, r3, #1
 232 003a 7B60     		str	r3, [r7, #4]
 233              	.L11:
  77:main.c        ****     for(idx=1;idx<32;idx++){ // Read TX packet
 234              		.loc 1 77 0 is_stmt 0 discriminator 1
 235 003c 7B68     		ldr	r3, [r7, #4]
 236 003e 1F2B     		cmp	r3, #31
 237 0040 EDDD     		ble	.L12
  80:main.c        ****     }
  81:main.c        ****     return senData;
 238              		.loc 1 81 0 is_stmt 1
 239 0042 024B     		ldr	r3, .L14
  82:main.c        **** }
 240              		.loc 1 82 0
 241 0044 1800     		movs	r0, r3
 242 0046 BD46     		mov	sp, r7
 243 0048 02B0     		add	sp, sp, #8
 244              		@ sp needed
 245 004a 80BD     		pop	{r7, pc}
 246              	.L15:
 247              		.align	2
 248              	.L14:
 249 004c 00000000 		.word	senData.7182
 250              		.cfi_endproc
 251              	.LFE37:
 252              		.size	readParticles, .-readParticles
 253              		.bss
 254              		.align	2
 255              	senData.7182:
 256 0000 00000000 		.space	32
ARM GAS  C:\Users\TTSS\AppData\Local\Temp\ccftBoAu.s 			page 7


 256      00000000 
 256      00000000 
 256      00000000 
 256      00000000 
 257              		.text
 258              	.Letext0:
 259              		.file 2 "Generated_Source\\PSoC4/cytypes.h"
 260              		.file 3 "Generated_Source\\PSoC4/BLE_Stack.h"
 261              		.file 4 "Generated_Source\\PSoC4/BLE_StackGap.h"
 262              		.section	.debug_info,"",%progbits
 263              	.Ldebug_info0:
 264 0000 CA040000 		.4byte	0x4ca
 265 0004 0400     		.2byte	0x4
 266 0006 00000000 		.4byte	.Ldebug_abbrev0
 267 000a 04       		.byte	0x4
 268 000b 01       		.uleb128 0x1
 269 000c 93060000 		.4byte	.LASF120
 270 0010 0C       		.byte	0xc
 271 0011 6B060000 		.4byte	.LASF121
 272 0015 F8010000 		.4byte	.LASF122
 273 0019 00000000 		.4byte	.Ldebug_ranges0+0
 274 001d 00000000 		.4byte	0
 275 0021 00000000 		.4byte	.Ldebug_line0
 276 0025 02       		.uleb128 0x2
 277 0026 01       		.byte	0x1
 278 0027 06       		.byte	0x6
 279 0028 29030000 		.4byte	.LASF0
 280 002c 02       		.uleb128 0x2
 281 002d 01       		.byte	0x1
 282 002e 08       		.byte	0x8
 283 002f 2A090000 		.4byte	.LASF1
 284 0033 02       		.uleb128 0x2
 285 0034 02       		.byte	0x2
 286 0035 05       		.byte	0x5
 287 0036 5C090000 		.4byte	.LASF2
 288 003a 02       		.uleb128 0x2
 289 003b 02       		.byte	0x2
 290 003c 07       		.byte	0x7
 291 003d C7050000 		.4byte	.LASF3
 292 0041 02       		.uleb128 0x2
 293 0042 04       		.byte	0x4
 294 0043 05       		.byte	0x5
 295 0044 9D010000 		.4byte	.LASF4
 296 0048 02       		.uleb128 0x2
 297 0049 04       		.byte	0x4
 298 004a 07       		.byte	0x7
 299 004b FD040000 		.4byte	.LASF5
 300 004f 02       		.uleb128 0x2
 301 0050 08       		.byte	0x8
 302 0051 05       		.byte	0x5
 303 0052 1B030000 		.4byte	.LASF6
 304 0056 02       		.uleb128 0x2
 305 0057 08       		.byte	0x8
 306 0058 07       		.byte	0x7
 307 0059 A6010000 		.4byte	.LASF7
 308 005d 03       		.uleb128 0x3
 309 005e 04       		.byte	0x4
ARM GAS  C:\Users\TTSS\AppData\Local\Temp\ccftBoAu.s 			page 8


 310 005f 05       		.byte	0x5
 311 0060 696E7400 		.ascii	"int\000"
 312 0064 02       		.uleb128 0x2
 313 0065 04       		.byte	0x4
 314 0066 07       		.byte	0x7
 315 0067 CB040000 		.4byte	.LASF8
 316 006b 04       		.uleb128 0x4
 317 006c F8030000 		.4byte	.LASF9
 318 0070 02       		.byte	0x2
 319 0071 D201     		.2byte	0x1d2
 320 0073 2C000000 		.4byte	0x2c
 321 0077 04       		.uleb128 0x4
 322 0078 3F000000 		.4byte	.LASF10
 323 007c 02       		.byte	0x2
 324 007d D301     		.2byte	0x1d3
 325 007f 3A000000 		.4byte	0x3a
 326 0083 04       		.uleb128 0x4
 327 0084 39040000 		.4byte	.LASF11
 328 0088 02       		.byte	0x2
 329 0089 D401     		.2byte	0x1d4
 330 008b 48000000 		.4byte	0x48
 331 008f 02       		.uleb128 0x2
 332 0090 04       		.byte	0x4
 333 0091 04       		.byte	0x4
 334 0092 15090000 		.4byte	.LASF12
 335 0096 02       		.uleb128 0x2
 336 0097 08       		.byte	0x8
 337 0098 04       		.byte	0x4
 338 0099 29040000 		.4byte	.LASF13
 339 009d 02       		.uleb128 0x2
 340 009e 01       		.byte	0x1
 341 009f 08       		.byte	0x8
 342 00a0 7C0A0000 		.4byte	.LASF14
 343 00a4 02       		.uleb128 0x2
 344 00a5 08       		.byte	0x8
 345 00a6 04       		.byte	0x4
 346 00a7 580A0000 		.4byte	.LASF15
 347 00ab 02       		.uleb128 0x2
 348 00ac 04       		.byte	0x4
 349 00ad 07       		.byte	0x7
 350 00ae 08080000 		.4byte	.LASF16
 351 00b2 05       		.uleb128 0x5
 352 00b3 04       		.byte	0x4
 353 00b4 06       		.uleb128 0x6
 354 00b5 04       		.byte	0x4
 355 00b6 9D000000 		.4byte	0x9d
 356 00ba 07       		.uleb128 0x7
 357 00bb 01       		.byte	0x1
 358 00bc 2C000000 		.4byte	0x2c
 359 00c0 03       		.byte	0x3
 360 00c1 3501     		.2byte	0x135
 361 00c3 78020000 		.4byte	0x278
 362 00c7 08       		.uleb128 0x8
 363 00c8 DA050000 		.4byte	.LASF17
 364 00cc 00       		.byte	0
 365 00cd 08       		.uleb128 0x8
 366 00ce 35030000 		.4byte	.LASF18
ARM GAS  C:\Users\TTSS\AppData\Local\Temp\ccftBoAu.s 			page 9


 367 00d2 01       		.byte	0x1
 368 00d3 08       		.uleb128 0x8
 369 00d4 8B010000 		.4byte	.LASF19
 370 00d8 02       		.byte	0x2
 371 00d9 08       		.uleb128 0x8
 372 00da 2D0B0000 		.4byte	.LASF20
 373 00de 03       		.byte	0x3
 374 00df 08       		.uleb128 0x8
 375 00e0 BD010000 		.4byte	.LASF21
 376 00e4 04       		.byte	0x4
 377 00e5 08       		.uleb128 0x8
 378 00e6 23000000 		.4byte	.LASF22
 379 00ea 05       		.byte	0x5
 380 00eb 08       		.uleb128 0x8
 381 00ec 0F060000 		.4byte	.LASF23
 382 00f0 06       		.byte	0x6
 383 00f1 08       		.uleb128 0x8
 384 00f2 58070000 		.4byte	.LASF24
 385 00f6 20       		.byte	0x20
 386 00f7 08       		.uleb128 0x8
 387 00f8 72030000 		.4byte	.LASF25
 388 00fc 21       		.byte	0x21
 389 00fd 08       		.uleb128 0x8
 390 00fe 28060000 		.4byte	.LASF26
 391 0102 22       		.byte	0x22
 392 0103 08       		.uleb128 0x8
 393 0104 070B0000 		.4byte	.LASF27
 394 0108 23       		.byte	0x23
 395 0109 08       		.uleb128 0x8
 396 010a 93080000 		.4byte	.LASF28
 397 010e 24       		.byte	0x24
 398 010f 08       		.uleb128 0x8
 399 0110 1D080000 		.4byte	.LASF29
 400 0114 25       		.byte	0x25
 401 0115 08       		.uleb128 0x8
 402 0116 D0030000 		.4byte	.LASF30
 403 011a 26       		.byte	0x26
 404 011b 08       		.uleb128 0x8
 405 011c 4C060000 		.4byte	.LASF31
 406 0120 27       		.byte	0x27
 407 0121 08       		.uleb128 0x8
 408 0122 810A0000 		.4byte	.LASF32
 409 0126 28       		.byte	0x28
 410 0127 08       		.uleb128 0x8
 411 0128 D5020000 		.4byte	.LASF33
 412 012c 29       		.byte	0x29
 413 012d 08       		.uleb128 0x8
 414 012e 7C000000 		.4byte	.LASF34
 415 0132 2A       		.byte	0x2a
 416 0133 08       		.uleb128 0x8
 417 0134 48030000 		.4byte	.LASF35
 418 0138 2B       		.byte	0x2b
 419 0139 08       		.uleb128 0x8
 420 013a 470C0000 		.4byte	.LASF36
 421 013e 2C       		.byte	0x2c
 422 013f 08       		.uleb128 0x8
 423 0140 F2020000 		.4byte	.LASF37
ARM GAS  C:\Users\TTSS\AppData\Local\Temp\ccftBoAu.s 			page 10


 424 0144 2D       		.byte	0x2d
 425 0145 08       		.uleb128 0x8
 426 0146 38090000 		.4byte	.LASF38
 427 014a 2E       		.byte	0x2e
 428 014b 08       		.uleb128 0x8
 429 014c 00010000 		.4byte	.LASF39
 430 0150 2F       		.byte	0x2f
 431 0151 08       		.uleb128 0x8
 432 0152 72080000 		.4byte	.LASF40
 433 0156 30       		.byte	0x30
 434 0157 08       		.uleb128 0x8
 435 0158 B70C0000 		.4byte	.LASF41
 436 015c 31       		.byte	0x31
 437 015d 08       		.uleb128 0x8
 438 015e 51080000 		.4byte	.LASF42
 439 0162 32       		.byte	0x32
 440 0163 08       		.uleb128 0x8
 441 0164 310A0000 		.4byte	.LASF43
 442 0168 33       		.byte	0x33
 443 0169 08       		.uleb128 0x8
 444 016a 0F050000 		.4byte	.LASF44
 445 016e 34       		.byte	0x34
 446 016f 08       		.uleb128 0x8
 447 0170 8C040000 		.4byte	.LASF45
 448 0174 35       		.byte	0x35
 449 0175 08       		.uleb128 0x8
 450 0176 72060000 		.4byte	.LASF46
 451 017a 36       		.byte	0x36
 452 017b 08       		.uleb128 0x8
 453 017c 7C070000 		.4byte	.LASF47
 454 0180 37       		.byte	0x37
 455 0181 08       		.uleb128 0x8
 456 0182 170A0000 		.4byte	.LASF48
 457 0186 40       		.byte	0x40
 458 0187 08       		.uleb128 0x8
 459 0188 21070000 		.4byte	.LASF49
 460 018c 41       		.byte	0x41
 461 018d 08       		.uleb128 0x8
 462 018e DB0C0000 		.4byte	.LASF50
 463 0192 42       		.byte	0x42
 464 0193 08       		.uleb128 0x8
 465 0194 460B0000 		.4byte	.LASF51
 466 0198 43       		.byte	0x43
 467 0199 08       		.uleb128 0x8
 468 019a 41050000 		.4byte	.LASF52
 469 019e 44       		.byte	0x44
 470 019f 08       		.uleb128 0x8
 471 01a0 EE080000 		.4byte	.LASF53
 472 01a4 45       		.byte	0x45
 473 01a5 08       		.uleb128 0x8
 474 01a6 CF070000 		.4byte	.LASF54
 475 01aa 46       		.byte	0x46
 476 01ab 08       		.uleb128 0x8
 477 01ac F1050000 		.4byte	.LASF55
 478 01b0 47       		.byte	0x47
 479 01b1 08       		.uleb128 0x8
 480 01b2 200C0000 		.4byte	.LASF56
ARM GAS  C:\Users\TTSS\AppData\Local\Temp\ccftBoAu.s 			page 11


 481 01b6 48       		.byte	0x48
 482 01b7 08       		.uleb128 0x8
 483 01b8 89030000 		.4byte	.LASF57
 484 01bc 49       		.byte	0x49
 485 01bd 08       		.uleb128 0x8
 486 01be CF0B0000 		.4byte	.LASF58
 487 01c2 4A       		.byte	0x4a
 488 01c3 08       		.uleb128 0x8
 489 01c4 29010000 		.4byte	.LASF59
 490 01c8 4B       		.byte	0x4b
 491 01c9 08       		.uleb128 0x8
 492 01ca 27050000 		.4byte	.LASF60
 493 01ce 4C       		.byte	0x4c
 494 01cf 08       		.uleb128 0x8
 495 01d0 37080000 		.4byte	.LASF61
 496 01d4 4D       		.byte	0x4d
 497 01d5 08       		.uleb128 0x8
 498 01d6 B2030000 		.4byte	.LASF62
 499 01da 4E       		.byte	0x4e
 500 01db 08       		.uleb128 0x8
 501 01dc 99090000 		.4byte	.LASF63
 502 01e0 4F       		.byte	0x4f
 503 01e1 08       		.uleb128 0x8
 504 01e2 48010000 		.4byte	.LASF64
 505 01e6 50       		.byte	0x50
 506 01e7 08       		.uleb128 0x8
 507 01e8 0A040000 		.4byte	.LASF65
 508 01ec 51       		.byte	0x51
 509 01ed 08       		.uleb128 0x8
 510 01ee AF080000 		.4byte	.LASF66
 511 01f2 52       		.byte	0x52
 512 01f3 08       		.uleb128 0x8
 513 01f4 FF0B0000 		.4byte	.LASF67
 514 01f8 53       		.byte	0x53
 515 01f9 08       		.uleb128 0x8
 516 01fa F6090000 		.4byte	.LASF68
 517 01fe 54       		.byte	0x54
 518 01ff 08       		.uleb128 0x8
 519 0200 5F050000 		.4byte	.LASF69
 520 0204 55       		.byte	0x55
 521 0205 08       		.uleb128 0x8
 522 0206 A9040000 		.4byte	.LASF70
 523 020a 56       		.byte	0x56
 524 020b 08       		.uleb128 0x8
 525 020c A30A0000 		.4byte	.LASF71
 526 0210 57       		.byte	0x57
 527 0211 08       		.uleb128 0x8
 528 0212 83050000 		.4byte	.LASF72
 529 0216 58       		.byte	0x58
 530 0217 08       		.uleb128 0x8
 531 0218 AF020000 		.4byte	.LASF73
 532 021c 70       		.byte	0x70
 533 021d 08       		.uleb128 0x8
 534 021e 8C0C0000 		.4byte	.LASF74
 535 0222 71       		.byte	0x71
 536 0223 08       		.uleb128 0x8
 537 0224 3C070000 		.4byte	.LASF75
ARM GAS  C:\Users\TTSS\AppData\Local\Temp\ccftBoAu.s 			page 12


 538 0228 72       		.byte	0x72
 539 0229 08       		.uleb128 0x8
 540 022a B1070000 		.4byte	.LASF76
 541 022e 73       		.byte	0x73
 542 022f 08       		.uleb128 0x8
 543 0230 D0080000 		.4byte	.LASF77
 544 0234 74       		.byte	0x74
 545 0235 08       		.uleb128 0x8
 546 0236 6B0C0000 		.4byte	.LASF78
 547 023a 75       		.byte	0x75
 548 023b 08       		.uleb128 0x8
 549 023c B3000000 		.4byte	.LASF79
 550 0240 76       		.byte	0x76
 551 0241 08       		.uleb128 0x8
 552 0242 46000000 		.4byte	.LASF80
 553 0246 77       		.byte	0x77
 554 0247 08       		.uleb128 0x8
 555 0248 00000000 		.4byte	.LASF81
 556 024c 78       		.byte	0x78
 557 024d 08       		.uleb128 0x8
 558 024e E40A0000 		.4byte	.LASF82
 559 0252 79       		.byte	0x79
 560 0253 08       		.uleb128 0x8
 561 0254 5D040000 		.4byte	.LASF83
 562 0258 7A       		.byte	0x7a
 563 0259 08       		.uleb128 0x8
 564 025a DA010000 		.4byte	.LASF84
 565 025e FA       		.byte	0xfa
 566 025f 08       		.uleb128 0x8
 567 0260 D8040000 		.4byte	.LASF85
 568 0264 FB       		.byte	0xfb
 569 0265 08       		.uleb128 0x8
 570 0266 87090000 		.4byte	.LASF86
 571 026a FC       		.byte	0xfc
 572 026b 08       		.uleb128 0x8
 573 026c 640A0000 		.4byte	.LASF87
 574 0270 FD       		.byte	0xfd
 575 0271 08       		.uleb128 0x8
 576 0272 40040000 		.4byte	.LASF88
 577 0276 FF       		.byte	0xff
 578 0277 00       		.byte	0
 579 0278 09       		.uleb128 0x9
 580 0279 6B000000 		.4byte	0x6b
 581 027d 88020000 		.4byte	0x288
 582 0281 0A       		.uleb128 0xa
 583 0282 AB000000 		.4byte	0xab
 584 0286 05       		.byte	0x5
 585 0287 00       		.byte	0
 586 0288 0B       		.uleb128 0xb
 587 0289 01       		.byte	0x1
 588 028a 2C000000 		.4byte	0x2c
 589 028e 04       		.byte	0x4
 590 028f E0       		.byte	0xe0
 591 0290 B3020000 		.4byte	0x2b3
 592 0294 08       		.uleb128 0x8
 593 0295 89020000 		.4byte	.LASF89
 594 0299 00       		.byte	0
ARM GAS  C:\Users\TTSS\AppData\Local\Temp\ccftBoAu.s 			page 13


 595 029a 08       		.uleb128 0x8
 596 029b D4000000 		.4byte	.LASF90
 597 029f 01       		.byte	0x1
 598 02a0 08       		.uleb128 0x8
 599 02a1 67010000 		.4byte	.LASF91
 600 02a5 02       		.byte	0x2
 601 02a6 08       		.uleb128 0x8
 602 02a7 A50B0000 		.4byte	.LASF92
 603 02ab 03       		.byte	0x3
 604 02ac 08       		.uleb128 0x8
 605 02ad C3090000 		.4byte	.LASF93
 606 02b1 04       		.byte	0x4
 607 02b2 00       		.byte	0
 608 02b3 0C       		.uleb128 0xc
 609 02b4 940B0000 		.4byte	.LASF94
 610 02b8 04       		.byte	0x4
 611 02b9 F0       		.byte	0xf0
 612 02ba 88020000 		.4byte	0x288
 613 02be 0D       		.uleb128 0xd
 614 02bf 10       		.byte	0x10
 615 02c0 04       		.byte	0x4
 616 02c1 2102     		.2byte	0x221
 617 02c3 30030000 		.4byte	0x330
 618 02c7 0E       		.uleb128 0xe
 619 02c8 B8090000 		.4byte	.LASF95
 620 02cc 04       		.byte	0x4
 621 02cd 2702     		.2byte	0x227
 622 02cf 77000000 		.4byte	0x77
 623 02d3 00       		.byte	0
 624 02d4 0E       		.uleb128 0xe
 625 02d5 74090000 		.4byte	.LASF96
 626 02d9 04       		.byte	0x4
 627 02da 2D02     		.2byte	0x22d
 628 02dc 77000000 		.4byte	0x77
 629 02e0 02       		.byte	0x2
 630 02e1 0E       		.uleb128 0xe
 631 02e2 D2010000 		.4byte	.LASF97
 632 02e6 04       		.byte	0x4
 633 02e7 3602     		.2byte	0x236
 634 02e9 B3020000 		.4byte	0x2b3
 635 02ed 04       		.byte	0x4
 636 02ee 0E       		.uleb128 0xe
 637 02ef 11080000 		.4byte	.LASF98
 638 02f3 04       		.byte	0x4
 639 02f4 3E02     		.2byte	0x23e
 640 02f6 6B000000 		.4byte	0x6b
 641 02fa 05       		.byte	0x5
 642 02fb 0E       		.uleb128 0xe
 643 02fc 1B090000 		.4byte	.LASF99
 644 0300 04       		.byte	0x4
 645 0301 4502     		.2byte	0x245
 646 0303 6B000000 		.4byte	0x6b
 647 0307 06       		.byte	0x6
 648 0308 0E       		.uleb128 0xe
 649 0309 67030000 		.4byte	.LASF100
 650 030d 04       		.byte	0x4
 651 030e 4B02     		.2byte	0x24b
ARM GAS  C:\Users\TTSS\AppData\Local\Temp\ccftBoAu.s 			page 14


 652 0310 78020000 		.4byte	0x278
 653 0314 07       		.byte	0x7
 654 0315 0E       		.uleb128 0xe
 655 0316 A5000000 		.4byte	.LASF101
 656 031a 04       		.byte	0x4
 657 031b 5302     		.2byte	0x253
 658 031d 6B000000 		.4byte	0x6b
 659 0321 0D       		.byte	0xd
 660 0322 0E       		.uleb128 0xe
 661 0323 A2030000 		.4byte	.LASF102
 662 0327 04       		.byte	0x4
 663 0328 5F02     		.2byte	0x25f
 664 032a 6B000000 		.4byte	0x6b
 665 032e 0E       		.byte	0xe
 666 032f 00       		.byte	0
 667 0330 04       		.uleb128 0x4
 668 0331 CC0A0000 		.4byte	.LASF103
 669 0335 04       		.byte	0x4
 670 0336 6102     		.2byte	0x261
 671 0338 BE020000 		.4byte	0x2be
 672 033c 0D       		.uleb128 0xd
 673 033d 20       		.byte	0x20
 674 033e 04       		.byte	0x4
 675 033f 6402     		.2byte	0x264
 676 0341 60030000 		.4byte	0x360
 677 0345 0E       		.uleb128 0xe
 678 0346 EE090000 		.4byte	.LASF104
 679 034a 04       		.byte	0x4
 680 034b 6702     		.2byte	0x267
 681 034d 60030000 		.4byte	0x360
 682 0351 00       		.byte	0
 683 0352 0E       		.uleb128 0xe
 684 0353 81040000 		.4byte	.LASF105
 685 0357 04       		.byte	0x4
 686 0358 6A02     		.2byte	0x26a
 687 035a 6B000000 		.4byte	0x6b
 688 035e 1F       		.byte	0x1f
 689 035f 00       		.byte	0
 690 0360 09       		.uleb128 0x9
 691 0361 6B000000 		.4byte	0x6b
 692 0365 70030000 		.4byte	0x370
 693 0369 0A       		.uleb128 0xa
 694 036a AB000000 		.4byte	0xab
 695 036e 1E       		.byte	0x1e
 696 036f 00       		.byte	0
 697 0370 04       		.uleb128 0x4
 698 0371 65000000 		.4byte	.LASF106
 699 0375 04       		.byte	0x4
 700 0376 6C02     		.2byte	0x26c
 701 0378 3C030000 		.4byte	0x33c
 702 037c 0D       		.uleb128 0xd
 703 037d 20       		.byte	0x20
 704 037e 04       		.byte	0x4
 705 037f 6F02     		.2byte	0x26f
 706 0381 A0030000 		.4byte	0x3a0
 707 0385 0E       		.uleb128 0xe
 708 0386 FE030000 		.4byte	.LASF107
ARM GAS  C:\Users\TTSS\AppData\Local\Temp\ccftBoAu.s 			page 15


 709 038a 04       		.byte	0x4
 710 038b 7302     		.2byte	0x273
 711 038d 60030000 		.4byte	0x360
 712 0391 00       		.byte	0
 713 0392 0E       		.uleb128 0xe
 714 0393 4E040000 		.4byte	.LASF108
 715 0397 04       		.byte	0x4
 716 0398 7602     		.2byte	0x276
 717 039a 6B000000 		.4byte	0x6b
 718 039e 1F       		.byte	0x1f
 719 039f 00       		.byte	0
 720 03a0 04       		.uleb128 0x4
 721 03a1 A6050000 		.4byte	.LASF109
 722 03a5 04       		.byte	0x4
 723 03a6 7802     		.2byte	0x278
 724 03a8 7C030000 		.4byte	0x37c
 725 03ac 0D       		.uleb128 0xd
 726 03ad 14       		.byte	0x14
 727 03ae 04       		.byte	0x4
 728 03af 7B02     		.2byte	0x27b
 729 03b1 F7030000 		.4byte	0x3f7
 730 03b5 0E       		.uleb128 0xe
 731 03b6 30040000 		.4byte	.LASF110
 732 03ba 04       		.byte	0x4
 733 03bb 8302     		.2byte	0x283
 734 03bd 6B000000 		.4byte	0x6b
 735 03c1 00       		.byte	0
 736 03c2 0E       		.uleb128 0xe
 737 03c3 8B0B0000 		.4byte	.LASF111
 738 03c7 04       		.byte	0x4
 739 03c8 8602     		.2byte	0x286
 740 03ca F7030000 		.4byte	0x3f7
 741 03ce 04       		.byte	0x4
 742 03cf 0E       		.uleb128 0xe
 743 03d0 EE090000 		.4byte	.LASF104
 744 03d4 04       		.byte	0x4
 745 03d5 8802     		.2byte	0x288
 746 03d7 FD030000 		.4byte	0x3fd
 747 03db 08       		.byte	0x8
 748 03dc 0E       		.uleb128 0xe
 749 03dd FE030000 		.4byte	.LASF107
 750 03e1 04       		.byte	0x4
 751 03e2 8A02     		.2byte	0x28a
 752 03e4 03040000 		.4byte	0x403
 753 03e8 0C       		.byte	0xc
 754 03e9 0E       		.uleb128 0xe
 755 03ea F7040000 		.4byte	.LASF112
 756 03ee 04       		.byte	0x4
 757 03ef 9402     		.2byte	0x294
 758 03f1 77000000 		.4byte	0x77
 759 03f5 10       		.byte	0x10
 760 03f6 00       		.byte	0
 761 03f7 06       		.uleb128 0x6
 762 03f8 04       		.byte	0x4
 763 03f9 30030000 		.4byte	0x330
 764 03fd 06       		.uleb128 0x6
 765 03fe 04       		.byte	0x4
ARM GAS  C:\Users\TTSS\AppData\Local\Temp\ccftBoAu.s 			page 16


 766 03ff 70030000 		.4byte	0x370
 767 0403 06       		.uleb128 0x6
 768 0404 04       		.byte	0x4
 769 0405 A0030000 		.4byte	0x3a0
 770 0409 04       		.uleb128 0x4
 771 040a 640B0000 		.4byte	.LASF113
 772 040e 04       		.byte	0x4
 773 040f 9602     		.2byte	0x296
 774 0411 AC030000 		.4byte	0x3ac
 775 0415 0F       		.uleb128 0xf
 776 0416 B20C0000 		.4byte	.LASF114
 777 041a 01       		.byte	0x1
 778 041b 18       		.byte	0x18
 779 041c 5D000000 		.4byte	0x5d
 780 0420 00000000 		.4byte	.LFB35
 781 0424 A0000000 		.4byte	.LFE35-.LFB35
 782 0428 01       		.uleb128 0x1
 783 0429 9C       		.byte	0x9c
 784 042a 47040000 		.4byte	0x447
 785 042e 10       		.uleb128 0x10
 786 042f 14000000 		.4byte	.LBB2
 787 0433 82000000 		.4byte	.LBE2-.LBB2
 788 0437 11       		.uleb128 0x11
 789 0438 76616C00 		.ascii	"val\000"
 790 043c 01       		.byte	0x1
 791 043d 22       		.byte	0x22
 792 043e B4000000 		.4byte	0xb4
 793 0442 02       		.uleb128 0x2
 794 0443 91       		.byte	0x91
 795 0444 74       		.sleb128 -12
 796 0445 00       		.byte	0
 797 0446 00       		.byte	0
 798 0447 12       		.uleb128 0x12
 799 0448 ED0B0000 		.4byte	.LASF115
 800 044c 01       		.byte	0x1
 801 044d 31       		.byte	0x31
 802 044e 00000000 		.4byte	.LFB36
 803 0452 22000000 		.4byte	.LFE36-.LFB36
 804 0456 01       		.uleb128 0x1
 805 0457 9C       		.byte	0x9c
 806 0458 79040000 		.4byte	0x479
 807 045c 13       		.uleb128 0x13
 808 045d C1050000 		.4byte	.LASF116
 809 0461 01       		.byte	0x1
 810 0462 31       		.byte	0x31
 811 0463 83000000 		.4byte	0x83
 812 0467 02       		.uleb128 0x2
 813 0468 91       		.byte	0x91
 814 0469 74       		.sleb128 -12
 815 046a 13       		.uleb128 0x13
 816 046b 800B0000 		.4byte	.LASF117
 817 046f 01       		.byte	0x1
 818 0470 31       		.byte	0x31
 819 0471 B2000000 		.4byte	0xb2
 820 0475 02       		.uleb128 0x2
 821 0476 91       		.byte	0x91
 822 0477 70       		.sleb128 -16
ARM GAS  C:\Users\TTSS\AppData\Local\Temp\ccftBoAu.s 			page 17


 823 0478 00       		.byte	0
 824 0479 0F       		.uleb128 0xf
 825 047a 66090000 		.4byte	.LASF118
 826 047e 01       		.byte	0x1
 827 047f 48       		.byte	0x48
 828 0480 B4000000 		.4byte	0xb4
 829 0484 00000000 		.4byte	.LFB37
 830 0488 50000000 		.4byte	.LFE37-.LFB37
 831 048c 01       		.uleb128 0x1
 832 048d 9C       		.byte	0x9c
 833 048e B2040000 		.4byte	0x4b2
 834 0492 11       		.uleb128 0x11
 835 0493 69647800 		.ascii	"idx\000"
 836 0497 01       		.byte	0x1
 837 0498 49       		.byte	0x49
 838 0499 5D000000 		.4byte	0x5d
 839 049d 02       		.uleb128 0x2
 840 049e 91       		.byte	0x91
 841 049f 74       		.sleb128 -12
 842 04a0 14       		.uleb128 0x14
 843 04a1 7F090000 		.4byte	.LASF119
 844 04a5 01       		.byte	0x1
 845 04a6 4A       		.byte	0x4a
 846 04a7 B2040000 		.4byte	0x4b2
 847 04ab 05       		.uleb128 0x5
 848 04ac 03       		.byte	0x3
 849 04ad 00000000 		.4byte	senData.7182
 850 04b1 00       		.byte	0
 851 04b2 09       		.uleb128 0x9
 852 04b3 9D000000 		.4byte	0x9d
 853 04b7 C2040000 		.4byte	0x4c2
 854 04bb 0A       		.uleb128 0xa
 855 04bc AB000000 		.4byte	0xab
 856 04c0 1F       		.byte	0x1f
 857 04c1 00       		.byte	0
 858 04c2 15       		.uleb128 0x15
 859 04c3 F0070000 		.4byte	.LASF123
 860 04c7 01       		.byte	0x1
 861 04c8 14       		.byte	0x14
 862 04c9 09040000 		.4byte	0x409
 863 04cd 00       		.byte	0
 864              		.section	.debug_abbrev,"",%progbits
 865              	.Ldebug_abbrev0:
 866 0000 01       		.uleb128 0x1
 867 0001 11       		.uleb128 0x11
 868 0002 01       		.byte	0x1
 869 0003 25       		.uleb128 0x25
 870 0004 0E       		.uleb128 0xe
 871 0005 13       		.uleb128 0x13
 872 0006 0B       		.uleb128 0xb
 873 0007 03       		.uleb128 0x3
 874 0008 0E       		.uleb128 0xe
 875 0009 1B       		.uleb128 0x1b
 876 000a 0E       		.uleb128 0xe
 877 000b 55       		.uleb128 0x55
 878 000c 17       		.uleb128 0x17
 879 000d 11       		.uleb128 0x11
ARM GAS  C:\Users\TTSS\AppData\Local\Temp\ccftBoAu.s 			page 18


 880 000e 01       		.uleb128 0x1
 881 000f 10       		.uleb128 0x10
 882 0010 17       		.uleb128 0x17
 883 0011 00       		.byte	0
 884 0012 00       		.byte	0
 885 0013 02       		.uleb128 0x2
 886 0014 24       		.uleb128 0x24
 887 0015 00       		.byte	0
 888 0016 0B       		.uleb128 0xb
 889 0017 0B       		.uleb128 0xb
 890 0018 3E       		.uleb128 0x3e
 891 0019 0B       		.uleb128 0xb
 892 001a 03       		.uleb128 0x3
 893 001b 0E       		.uleb128 0xe
 894 001c 00       		.byte	0
 895 001d 00       		.byte	0
 896 001e 03       		.uleb128 0x3
 897 001f 24       		.uleb128 0x24
 898 0020 00       		.byte	0
 899 0021 0B       		.uleb128 0xb
 900 0022 0B       		.uleb128 0xb
 901 0023 3E       		.uleb128 0x3e
 902 0024 0B       		.uleb128 0xb
 903 0025 03       		.uleb128 0x3
 904 0026 08       		.uleb128 0x8
 905 0027 00       		.byte	0
 906 0028 00       		.byte	0
 907 0029 04       		.uleb128 0x4
 908 002a 16       		.uleb128 0x16
 909 002b 00       		.byte	0
 910 002c 03       		.uleb128 0x3
 911 002d 0E       		.uleb128 0xe
 912 002e 3A       		.uleb128 0x3a
 913 002f 0B       		.uleb128 0xb
 914 0030 3B       		.uleb128 0x3b
 915 0031 05       		.uleb128 0x5
 916 0032 49       		.uleb128 0x49
 917 0033 13       		.uleb128 0x13
 918 0034 00       		.byte	0
 919 0035 00       		.byte	0
 920 0036 05       		.uleb128 0x5
 921 0037 0F       		.uleb128 0xf
 922 0038 00       		.byte	0
 923 0039 0B       		.uleb128 0xb
 924 003a 0B       		.uleb128 0xb
 925 003b 00       		.byte	0
 926 003c 00       		.byte	0
 927 003d 06       		.uleb128 0x6
 928 003e 0F       		.uleb128 0xf
 929 003f 00       		.byte	0
 930 0040 0B       		.uleb128 0xb
 931 0041 0B       		.uleb128 0xb
 932 0042 49       		.uleb128 0x49
 933 0043 13       		.uleb128 0x13
 934 0044 00       		.byte	0
 935 0045 00       		.byte	0
 936 0046 07       		.uleb128 0x7
ARM GAS  C:\Users\TTSS\AppData\Local\Temp\ccftBoAu.s 			page 19


 937 0047 04       		.uleb128 0x4
 938 0048 01       		.byte	0x1
 939 0049 0B       		.uleb128 0xb
 940 004a 0B       		.uleb128 0xb
 941 004b 49       		.uleb128 0x49
 942 004c 13       		.uleb128 0x13
 943 004d 3A       		.uleb128 0x3a
 944 004e 0B       		.uleb128 0xb
 945 004f 3B       		.uleb128 0x3b
 946 0050 05       		.uleb128 0x5
 947 0051 01       		.uleb128 0x1
 948 0052 13       		.uleb128 0x13
 949 0053 00       		.byte	0
 950 0054 00       		.byte	0
 951 0055 08       		.uleb128 0x8
 952 0056 28       		.uleb128 0x28
 953 0057 00       		.byte	0
 954 0058 03       		.uleb128 0x3
 955 0059 0E       		.uleb128 0xe
 956 005a 1C       		.uleb128 0x1c
 957 005b 0B       		.uleb128 0xb
 958 005c 00       		.byte	0
 959 005d 00       		.byte	0
 960 005e 09       		.uleb128 0x9
 961 005f 01       		.uleb128 0x1
 962 0060 01       		.byte	0x1
 963 0061 49       		.uleb128 0x49
 964 0062 13       		.uleb128 0x13
 965 0063 01       		.uleb128 0x1
 966 0064 13       		.uleb128 0x13
 967 0065 00       		.byte	0
 968 0066 00       		.byte	0
 969 0067 0A       		.uleb128 0xa
 970 0068 21       		.uleb128 0x21
 971 0069 00       		.byte	0
 972 006a 49       		.uleb128 0x49
 973 006b 13       		.uleb128 0x13
 974 006c 2F       		.uleb128 0x2f
 975 006d 0B       		.uleb128 0xb
 976 006e 00       		.byte	0
 977 006f 00       		.byte	0
 978 0070 0B       		.uleb128 0xb
 979 0071 04       		.uleb128 0x4
 980 0072 01       		.byte	0x1
 981 0073 0B       		.uleb128 0xb
 982 0074 0B       		.uleb128 0xb
 983 0075 49       		.uleb128 0x49
 984 0076 13       		.uleb128 0x13
 985 0077 3A       		.uleb128 0x3a
 986 0078 0B       		.uleb128 0xb
 987 0079 3B       		.uleb128 0x3b
 988 007a 0B       		.uleb128 0xb
 989 007b 01       		.uleb128 0x1
 990 007c 13       		.uleb128 0x13
 991 007d 00       		.byte	0
 992 007e 00       		.byte	0
 993 007f 0C       		.uleb128 0xc
ARM GAS  C:\Users\TTSS\AppData\Local\Temp\ccftBoAu.s 			page 20


 994 0080 16       		.uleb128 0x16
 995 0081 00       		.byte	0
 996 0082 03       		.uleb128 0x3
 997 0083 0E       		.uleb128 0xe
 998 0084 3A       		.uleb128 0x3a
 999 0085 0B       		.uleb128 0xb
 1000 0086 3B       		.uleb128 0x3b
 1001 0087 0B       		.uleb128 0xb
 1002 0088 49       		.uleb128 0x49
 1003 0089 13       		.uleb128 0x13
 1004 008a 00       		.byte	0
 1005 008b 00       		.byte	0
 1006 008c 0D       		.uleb128 0xd
 1007 008d 13       		.uleb128 0x13
 1008 008e 01       		.byte	0x1
 1009 008f 0B       		.uleb128 0xb
 1010 0090 0B       		.uleb128 0xb
 1011 0091 3A       		.uleb128 0x3a
 1012 0092 0B       		.uleb128 0xb
 1013 0093 3B       		.uleb128 0x3b
 1014 0094 05       		.uleb128 0x5
 1015 0095 01       		.uleb128 0x1
 1016 0096 13       		.uleb128 0x13
 1017 0097 00       		.byte	0
 1018 0098 00       		.byte	0
 1019 0099 0E       		.uleb128 0xe
 1020 009a 0D       		.uleb128 0xd
 1021 009b 00       		.byte	0
 1022 009c 03       		.uleb128 0x3
 1023 009d 0E       		.uleb128 0xe
 1024 009e 3A       		.uleb128 0x3a
 1025 009f 0B       		.uleb128 0xb
 1026 00a0 3B       		.uleb128 0x3b
 1027 00a1 05       		.uleb128 0x5
 1028 00a2 49       		.uleb128 0x49
 1029 00a3 13       		.uleb128 0x13
 1030 00a4 38       		.uleb128 0x38
 1031 00a5 0B       		.uleb128 0xb
 1032 00a6 00       		.byte	0
 1033 00a7 00       		.byte	0
 1034 00a8 0F       		.uleb128 0xf
 1035 00a9 2E       		.uleb128 0x2e
 1036 00aa 01       		.byte	0x1
 1037 00ab 3F       		.uleb128 0x3f
 1038 00ac 19       		.uleb128 0x19
 1039 00ad 03       		.uleb128 0x3
 1040 00ae 0E       		.uleb128 0xe
 1041 00af 3A       		.uleb128 0x3a
 1042 00b0 0B       		.uleb128 0xb
 1043 00b1 3B       		.uleb128 0x3b
 1044 00b2 0B       		.uleb128 0xb
 1045 00b3 49       		.uleb128 0x49
 1046 00b4 13       		.uleb128 0x13
 1047 00b5 11       		.uleb128 0x11
 1048 00b6 01       		.uleb128 0x1
 1049 00b7 12       		.uleb128 0x12
 1050 00b8 06       		.uleb128 0x6
ARM GAS  C:\Users\TTSS\AppData\Local\Temp\ccftBoAu.s 			page 21


 1051 00b9 40       		.uleb128 0x40
 1052 00ba 18       		.uleb128 0x18
 1053 00bb 9642     		.uleb128 0x2116
 1054 00bd 19       		.uleb128 0x19
 1055 00be 01       		.uleb128 0x1
 1056 00bf 13       		.uleb128 0x13
 1057 00c0 00       		.byte	0
 1058 00c1 00       		.byte	0
 1059 00c2 10       		.uleb128 0x10
 1060 00c3 0B       		.uleb128 0xb
 1061 00c4 01       		.byte	0x1
 1062 00c5 11       		.uleb128 0x11
 1063 00c6 01       		.uleb128 0x1
 1064 00c7 12       		.uleb128 0x12
 1065 00c8 06       		.uleb128 0x6
 1066 00c9 00       		.byte	0
 1067 00ca 00       		.byte	0
 1068 00cb 11       		.uleb128 0x11
 1069 00cc 34       		.uleb128 0x34
 1070 00cd 00       		.byte	0
 1071 00ce 03       		.uleb128 0x3
 1072 00cf 08       		.uleb128 0x8
 1073 00d0 3A       		.uleb128 0x3a
 1074 00d1 0B       		.uleb128 0xb
 1075 00d2 3B       		.uleb128 0x3b
 1076 00d3 0B       		.uleb128 0xb
 1077 00d4 49       		.uleb128 0x49
 1078 00d5 13       		.uleb128 0x13
 1079 00d6 02       		.uleb128 0x2
 1080 00d7 18       		.uleb128 0x18
 1081 00d8 00       		.byte	0
 1082 00d9 00       		.byte	0
 1083 00da 12       		.uleb128 0x12
 1084 00db 2E       		.uleb128 0x2e
 1085 00dc 01       		.byte	0x1
 1086 00dd 3F       		.uleb128 0x3f
 1087 00de 19       		.uleb128 0x19
 1088 00df 03       		.uleb128 0x3
 1089 00e0 0E       		.uleb128 0xe
 1090 00e1 3A       		.uleb128 0x3a
 1091 00e2 0B       		.uleb128 0xb
 1092 00e3 3B       		.uleb128 0x3b
 1093 00e4 0B       		.uleb128 0xb
 1094 00e5 27       		.uleb128 0x27
 1095 00e6 19       		.uleb128 0x19
 1096 00e7 11       		.uleb128 0x11
 1097 00e8 01       		.uleb128 0x1
 1098 00e9 12       		.uleb128 0x12
 1099 00ea 06       		.uleb128 0x6
 1100 00eb 40       		.uleb128 0x40
 1101 00ec 18       		.uleb128 0x18
 1102 00ed 9642     		.uleb128 0x2116
 1103 00ef 19       		.uleb128 0x19
 1104 00f0 01       		.uleb128 0x1
 1105 00f1 13       		.uleb128 0x13
 1106 00f2 00       		.byte	0
 1107 00f3 00       		.byte	0
ARM GAS  C:\Users\TTSS\AppData\Local\Temp\ccftBoAu.s 			page 22


 1108 00f4 13       		.uleb128 0x13
 1109 00f5 05       		.uleb128 0x5
 1110 00f6 00       		.byte	0
 1111 00f7 03       		.uleb128 0x3
 1112 00f8 0E       		.uleb128 0xe
 1113 00f9 3A       		.uleb128 0x3a
 1114 00fa 0B       		.uleb128 0xb
 1115 00fb 3B       		.uleb128 0x3b
 1116 00fc 0B       		.uleb128 0xb
 1117 00fd 49       		.uleb128 0x49
 1118 00fe 13       		.uleb128 0x13
 1119 00ff 02       		.uleb128 0x2
 1120 0100 18       		.uleb128 0x18
 1121 0101 00       		.byte	0
 1122 0102 00       		.byte	0
 1123 0103 14       		.uleb128 0x14
 1124 0104 34       		.uleb128 0x34
 1125 0105 00       		.byte	0
 1126 0106 03       		.uleb128 0x3
 1127 0107 0E       		.uleb128 0xe
 1128 0108 3A       		.uleb128 0x3a
 1129 0109 0B       		.uleb128 0xb
 1130 010a 3B       		.uleb128 0x3b
 1131 010b 0B       		.uleb128 0xb
 1132 010c 49       		.uleb128 0x49
 1133 010d 13       		.uleb128 0x13
 1134 010e 02       		.uleb128 0x2
 1135 010f 18       		.uleb128 0x18
 1136 0110 00       		.byte	0
 1137 0111 00       		.byte	0
 1138 0112 15       		.uleb128 0x15
 1139 0113 34       		.uleb128 0x34
 1140 0114 00       		.byte	0
 1141 0115 03       		.uleb128 0x3
 1142 0116 0E       		.uleb128 0xe
 1143 0117 3A       		.uleb128 0x3a
 1144 0118 0B       		.uleb128 0xb
 1145 0119 3B       		.uleb128 0x3b
 1146 011a 0B       		.uleb128 0xb
 1147 011b 49       		.uleb128 0x49
 1148 011c 13       		.uleb128 0x13
 1149 011d 3F       		.uleb128 0x3f
 1150 011e 19       		.uleb128 0x19
 1151 011f 3C       		.uleb128 0x3c
 1152 0120 19       		.uleb128 0x19
 1153 0121 00       		.byte	0
 1154 0122 00       		.byte	0
 1155 0123 00       		.byte	0
 1156              		.section	.debug_aranges,"",%progbits
 1157 0000 2C000000 		.4byte	0x2c
 1158 0004 0200     		.2byte	0x2
 1159 0006 00000000 		.4byte	.Ldebug_info0
 1160 000a 04       		.byte	0x4
 1161 000b 00       		.byte	0
 1162 000c 0000     		.2byte	0
 1163 000e 0000     		.2byte	0
 1164 0010 00000000 		.4byte	.LFB35
ARM GAS  C:\Users\TTSS\AppData\Local\Temp\ccftBoAu.s 			page 23


 1165 0014 A0000000 		.4byte	.LFE35-.LFB35
 1166 0018 00000000 		.4byte	.LFB36
 1167 001c 22000000 		.4byte	.LFE36-.LFB36
 1168 0020 00000000 		.4byte	.LFB37
 1169 0024 50000000 		.4byte	.LFE37-.LFB37
 1170 0028 00000000 		.4byte	0
 1171 002c 00000000 		.4byte	0
 1172              		.section	.debug_ranges,"",%progbits
 1173              	.Ldebug_ranges0:
 1174 0000 00000000 		.4byte	.LFB35
 1175 0004 A0000000 		.4byte	.LFE35
 1176 0008 00000000 		.4byte	.LFB36
 1177 000c 22000000 		.4byte	.LFE36
 1178 0010 00000000 		.4byte	.LFB37
 1179 0014 50000000 		.4byte	.LFE37
 1180 0018 00000000 		.4byte	0
 1181 001c 00000000 		.4byte	0
 1182              		.section	.debug_line,"",%progbits
 1183              	.Ldebug_line0:
 1184 0000 FE000000 		.section	.debug_str,"MS",%progbits,1
 1184      02006200 
 1184      00000201 
 1184      FB0E0D00 
 1184      01010101 
 1185              	.LASF81:
 1186 0000 4359424C 		.ascii	"CYBLE_EVT_L2CAP_CBFC_RX_CREDIT_IND\000"
 1186      455F4556 
 1186      545F4C32 
 1186      4341505F 
 1186      43424643 
 1187              	.LASF22:
 1188 0023 4359424C 		.ascii	"CYBLE_EVT_STACK_BUSY_STATUS\000"
 1188      455F4556 
 1188      545F5354 
 1188      41434B5F 
 1188      42555359 
 1189              	.LASF10:
 1190 003f 75696E74 		.ascii	"uint16\000"
 1190      313600
 1191              	.LASF80:
 1192 0046 4359424C 		.ascii	"CYBLE_EVT_L2CAP_CBFC_DATA_READ\000"
 1192      455F4556 
 1192      545F4C32 
 1192      4341505F 
 1192      43424643 
 1193              	.LASF106:
 1194 0065 4359424C 		.ascii	"CYBLE_GAPP_DISC_DATA_T\000"
 1194      455F4741 
 1194      50505F44 
 1194      4953435F 
 1194      44415441 
 1195              	.LASF34:
 1196 007c 4359424C 		.ascii	"CYBLE_EVT_GAP_CONNECTION_UPDATE_COMPLETE\000"
 1196      455F4556 
 1196      545F4741 
 1196      505F434F 
 1196      4E4E4543 
ARM GAS  C:\Users\TTSS\AppData\Local\Temp\ccftBoAu.s 			page 24


 1197              	.LASF101:
 1198 00a5 61647643 		.ascii	"advChannelMap\000"
 1198      68616E6E 
 1198      656C4D61 
 1198      7000
 1199              	.LASF79:
 1200 00b3 4359424C 		.ascii	"CYBLE_EVT_L2CAP_CBFC_DISCONN_CNF\000"
 1200      455F4556 
 1200      545F4C32 
 1200      4341505F 
 1200      43424643 
 1201              	.LASF90:
 1202 00d4 4359424C 		.ascii	"CYBLE_GAPP_CONNECTABLE_HIGH_DC_DIRECTED_ADV\000"
 1202      455F4741 
 1202      50505F43 
 1202      4F4E4E45 
 1202      43544142 
 1203              	.LASF39:
 1204 0100 4359424C 		.ascii	"CYBLE_EVT_GAP_OOB_GENERATED_NOTIFICATION\000"
 1204      455F4556 
 1204      545F4741 
 1204      505F4F4F 
 1204      425F4745 
 1205              	.LASF59:
 1206 0129 4359424C 		.ascii	"CYBLE_EVT_GATTC_READ_MULTI_RSP\000"
 1206      455F4556 
 1206      545F4741 
 1206      5454435F 
 1206      52454144 
 1207              	.LASF64:
 1208 0148 4359424C 		.ascii	"CYBLE_EVT_GATTS_EXEC_WRITE_REQ\000"
 1208      455F4556 
 1208      545F4741 
 1208      5454535F 
 1208      45584543 
 1209              	.LASF91:
 1210 0167 4359424C 		.ascii	"CYBLE_GAPP_SCANNABLE_UNDIRECTED_ADV\000"
 1210      455F4741 
 1210      50505F53 
 1210      43414E4E 
 1210      41424C45 
 1211              	.LASF19:
 1212 018b 4359424C 		.ascii	"CYBLE_EVT_TIMEOUT\000"
 1212      455F4556 
 1212      545F5449 
 1212      4D454F55 
 1212      5400
 1213              	.LASF4:
 1214 019d 6C6F6E67 		.ascii	"long int\000"
 1214      20696E74 
 1214      00
 1215              	.LASF7:
 1216 01a6 6C6F6E67 		.ascii	"long long unsigned int\000"
 1216      206C6F6E 
 1216      6720756E 
 1216      7369676E 
 1216      65642069 
ARM GAS  C:\Users\TTSS\AppData\Local\Temp\ccftBoAu.s 			page 25


 1217              	.LASF21:
 1218 01bd 4359424C 		.ascii	"CYBLE_EVT_HCI_STATUS\000"
 1218      455F4556 
 1218      545F4843 
 1218      495F5354 
 1218      41545553 
 1219              	.LASF97:
 1220 01d2 61647654 		.ascii	"advType\000"
 1220      79706500 
 1221              	.LASF84:
 1222 01da 4359424C 		.ascii	"CYBLE_EVT_PENDING_FLASH_WRITE\000"
 1222      455F4556 
 1222      545F5045 
 1222      4E44494E 
 1222      475F464C 
 1223              	.LASF122:
 1224 01f8 433A5C55 		.ascii	"C:\\Users\\TTSS\\Documents\\Repositories\\hackAIR-P"
 1224      73657273 
 1224      5C545453 
 1224      535C446F 
 1224      63756D65 
 1225 0226 536F435C 		.ascii	"SoC\\SEN0177 - Laser Dust Sensor\\PSoC Firmware\\PS"
 1225      53454E30 
 1225      31373720 
 1225      2D204C61 
 1225      73657220 
 1226 0256 6F432043 		.ascii	"oC Creator Project\\SerialLaserSensor_SEN0177.cydsn"
 1226      72656174 
 1226      6F722050 
 1226      726F6A65 
 1226      63745C53 
 1227 0288 00       		.ascii	"\000"
 1228              	.LASF89:
 1229 0289 4359424C 		.ascii	"CYBLE_GAPP_CONNECTABLE_UNDIRECTED_ADV\000"
 1229      455F4741 
 1229      50505F43 
 1229      4F4E4E45 
 1229      43544142 
 1230              	.LASF73:
 1231 02af 4359424C 		.ascii	"CYBLE_EVT_L2CAP_CONN_PARAM_UPDATE_REQ\000"
 1231      455F4556 
 1231      545F4C32 
 1231      4341505F 
 1231      434F4E4E 
 1232              	.LASF33:
 1233 02d5 4359424C 		.ascii	"CYBLE_EVT_GAP_ENCRYPT_CHANGE\000"
 1233      455F4556 
 1233      545F4741 
 1233      505F454E 
 1233      43525950 
 1234              	.LASF37:
 1235 02f2 4359424C 		.ascii	"CYBLE_EVT_GAP_NUMERIC_COMPARISON_REQUEST\000"
 1235      455F4556 
 1235      545F4741 
 1235      505F4E55 
 1235      4D455249 
 1236              	.LASF6:
ARM GAS  C:\Users\TTSS\AppData\Local\Temp\ccftBoAu.s 			page 26


 1237 031b 6C6F6E67 		.ascii	"long long int\000"
 1237      206C6F6E 
 1237      6720696E 
 1237      7400
 1238              	.LASF0:
 1239 0329 7369676E 		.ascii	"signed char\000"
 1239      65642063 
 1239      68617200 
 1240              	.LASF18:
 1241 0335 4359424C 		.ascii	"CYBLE_EVT_STACK_ON\000"
 1241      455F4556 
 1241      545F5354 
 1241      41434B5F 
 1241      4F4E00
 1242              	.LASF35:
 1243 0348 4359424C 		.ascii	"CYBLE_EVT_GAPC_SCAN_START_STOP\000"
 1243      455F4556 
 1243      545F4741 
 1243      50435F53 
 1243      43414E5F 
 1244              	.LASF100:
 1245 0367 64697265 		.ascii	"directAddr\000"
 1245      63744164 
 1245      647200
 1246              	.LASF25:
 1247 0372 4359424C 		.ascii	"CYBLE_EVT_GAP_AUTH_REQ\000"
 1247      455F4556 
 1247      545F4741 
 1247      505F4155 
 1247      54485F52 
 1248              	.LASF57:
 1249 0389 4359424C 		.ascii	"CYBLE_EVT_GATTC_READ_RSP\000"
 1249      455F4556 
 1249      545F4741 
 1249      5454435F 
 1249      52454144 
 1250              	.LASF102:
 1251 03a2 61647646 		.ascii	"advFilterPolicy\000"
 1251      696C7465 
 1251      72506F6C 
 1251      69637900 
 1252              	.LASF62:
 1253 03b2 4359424C 		.ascii	"CYBLE_EVT_GATTS_WRITE_CMD_REQ\000"
 1253      455F4556 
 1253      545F4741 
 1253      5454535F 
 1253      57524954 
 1254              	.LASF30:
 1255 03d0 4359424C 		.ascii	"CYBLE_EVT_GAPP_ADVERTISEMENT_START_STOP\000"
 1255      455F4556 
 1255      545F4741 
 1255      50505F41 
 1255      44564552 
 1256              	.LASF9:
 1257 03f8 75696E74 		.ascii	"uint8\000"
 1257      3800
 1258              	.LASF107:
ARM GAS  C:\Users\TTSS\AppData\Local\Temp\ccftBoAu.s 			page 27


 1259 03fe 7363616E 		.ascii	"scanRspData\000"
 1259      52737044 
 1259      61746100 
 1260              	.LASF65:
 1261 040a 4359424C 		.ascii	"CYBLE_EVT_GATTC_EXEC_WRITE_RSP\000"
 1261      455F4556 
 1261      545F4741 
 1261      5454435F 
 1261      45584543 
 1262              	.LASF13:
 1263 0429 646F7562 		.ascii	"double\000"
 1263      6C6500
 1264              	.LASF110:
 1265 0430 64697363 		.ascii	"discMode\000"
 1265      4D6F6465 
 1265      00
 1266              	.LASF11:
 1267 0439 75696E74 		.ascii	"uint32\000"
 1267      333200
 1268              	.LASF88:
 1269 0440 4359424C 		.ascii	"CYBLE_EVT_MAX\000"
 1269      455F4556 
 1269      545F4D41 
 1269      5800
 1270              	.LASF108:
 1271 044e 7363616E 		.ascii	"scanRspDataLen\000"
 1271      52737044 
 1271      6174614C 
 1271      656E00
 1272              	.LASF83:
 1273 045d 4359424C 		.ascii	"CYBLE_EVT_L2CAP_CBFC_DATA_WRITE_IND\000"
 1273      455F4556 
 1273      545F4C32 
 1273      4341505F 
 1273      43424643 
 1274              	.LASF105:
 1275 0481 61647644 		.ascii	"advDataLen\000"
 1275      6174614C 
 1275      656E00
 1276              	.LASF45:
 1277 048c 4359424C 		.ascii	"CYBLE_EVT_GAP_SCAN_REQ_RECVD\000"
 1277      455F4556 
 1277      545F4741 
 1277      505F5343 
 1277      414E5F52 
 1278              	.LASF70:
 1279 04a9 4359424C 		.ascii	"CYBLE_EVT_GATTC_STOP_CMD_COMPLETE\000"
 1279      455F4556 
 1279      545F4741 
 1279      5454435F 
 1279      53544F50 
 1280              	.LASF8:
 1281 04cb 756E7369 		.ascii	"unsigned int\000"
 1281      676E6564 
 1281      20696E74 
 1281      00
 1282              	.LASF85:
ARM GAS  C:\Users\TTSS\AppData\Local\Temp\ccftBoAu.s 			page 28


 1283 04d8 4359424C 		.ascii	"CYBLE_EVT_LE_PING_AUTH_TIMEOUT\000"
 1283      455F4556 
 1283      545F4C45 
 1283      5F50494E 
 1283      475F4155 
 1284              	.LASF112:
 1285 04f7 61647654 		.ascii	"advTo\000"
 1285      6F00
 1286              	.LASF5:
 1287 04fd 6C6F6E67 		.ascii	"long unsigned int\000"
 1287      20756E73 
 1287      69676E65 
 1287      6420696E 
 1287      7400
 1288              	.LASF44:
 1289 050f 4359424C 		.ascii	"CYBLE_EVT_GAP_CONN_ESTB\000"
 1289      455F4556 
 1289      545F4741 
 1289      505F434F 
 1289      4E4E5F45 
 1290              	.LASF60:
 1291 0527 4359424C 		.ascii	"CYBLE_EVT_GATTS_WRITE_REQ\000"
 1291      455F4556 
 1291      545F4741 
 1291      5454535F 
 1291      57524954 
 1292              	.LASF52:
 1293 0541 4359424C 		.ascii	"CYBLE_EVT_GATTC_XCHNG_MTU_RSP\000"
 1293      455F4556 
 1293      545F4741 
 1293      5454435F 
 1293      5843484E 
 1294              	.LASF69:
 1295 055f 4359424C 		.ascii	"CYBLE_EVT_GATTS_DATA_SIGNED_CMD_REQ\000"
 1295      455F4556 
 1295      545F4741 
 1295      5454535F 
 1295      44415441 
 1296              	.LASF72:
 1297 0583 4359424C 		.ascii	"CYBLE_EVT_GATTC_LONG_PROCEDURE_END\000"
 1297      455F4556 
 1297      545F4741 
 1297      5454435F 
 1297      4C4F4E47 
 1298              	.LASF109:
 1299 05a6 4359424C 		.ascii	"CYBLE_GAPP_SCAN_RSP_DATA_T\000"
 1299      455F4741 
 1299      50505F53 
 1299      43414E5F 
 1299      5253505F 
 1300              	.LASF116:
 1301 05c1 6576656E 		.ascii	"event\000"
 1301      7400
 1302              	.LASF3:
 1303 05c7 73686F72 		.ascii	"short unsigned int\000"
 1303      7420756E 
 1303      7369676E 
ARM GAS  C:\Users\TTSS\AppData\Local\Temp\ccftBoAu.s 			page 29


 1303      65642069 
 1303      6E7400
 1304              	.LASF17:
 1305 05da 4359424C 		.ascii	"CYBLE_EVT_HOST_INVALID\000"
 1305      455F4556 
 1305      545F484F 
 1305      53545F49 
 1305      4E56414C 
 1306              	.LASF55:
 1307 05f1 4359424C 		.ascii	"CYBLE_EVT_GATTC_FIND_INFO_RSP\000"
 1307      455F4556 
 1307      545F4741 
 1307      5454435F 
 1307      46494E44 
 1308              	.LASF23:
 1309 060f 4359424C 		.ascii	"CYBLE_EVT_MEMORY_REQUEST\000"
 1309      455F4556 
 1309      545F4D45 
 1309      4D4F5259 
 1309      5F524551 
 1310              	.LASF26:
 1311 0628 4359424C 		.ascii	"CYBLE_EVT_GAP_PASSKEY_ENTRY_REQUEST\000"
 1311      455F4556 
 1311      545F4741 
 1311      505F5041 
 1311      53534B45 
 1312              	.LASF31:
 1313 064c 4359424C 		.ascii	"CYBLE_EVT_GAP_DEVICE_CONNECTED\000"
 1313      455F4556 
 1313      545F4741 
 1313      505F4445 
 1313      56494345 
 1314              	.LASF121:
 1315 066b 6D61696E 		.ascii	"main.c\000"
 1315      2E6300
 1316              	.LASF46:
 1317 0672 4359424C 		.ascii	"CYBLE_EVT_GAP_AUTH_REQ_REPLY_ERR\000"
 1317      455F4556 
 1317      545F4741 
 1317      505F4155 
 1317      54485F52 
 1318              	.LASF120:
 1319 0693 474E5520 		.ascii	"GNU C11 5.4.1 20160609 (release) [ARM/embedded-5-br"
 1319      43313120 
 1319      352E342E 
 1319      31203230 
 1319      31363036 
 1320 06c6 616E6368 		.ascii	"anch revision 237715] -mcpu=cortex-m0 -mthumb -g -O"
 1320      20726576 
 1320      6973696F 
 1320      6E203233 
 1320      37373135 
 1321 06f9 30202D66 		.ascii	"0 -ffunction-sections -ffat-lto-objects\000"
 1321      66756E63 
 1321      74696F6E 
 1321      2D736563 
 1321      74696F6E 
ARM GAS  C:\Users\TTSS\AppData\Local\Temp\ccftBoAu.s 			page 30


 1322              	.LASF49:
 1323 0721 4359424C 		.ascii	"CYBLE_EVT_GATT_CONNECT_IND\000"
 1323      455F4556 
 1323      545F4741 
 1323      54545F43 
 1323      4F4E4E45 
 1324              	.LASF75:
 1325 073c 4359424C 		.ascii	"CYBLE_EVT_L2CAP_COMMAND_REJ\000"
 1325      455F4556 
 1325      545F4C32 
 1325      4341505F 
 1325      434F4D4D 
 1326              	.LASF24:
 1327 0758 4359424C 		.ascii	"CYBLE_EVT_GAPC_SCAN_PROGRESS_RESULT\000"
 1327      455F4556 
 1327      545F4741 
 1327      50435F53 
 1327      43414E5F 
 1328              	.LASF47:
 1329 077c 4359424C 		.ascii	"CYBLE_EVT_GAP_SMP_LOC_P256_KEYS_GEN_AND_SET_COMPLET"
 1329      455F4556 
 1329      545F4741 
 1329      505F534D 
 1329      505F4C4F 
 1330 07af 4500     		.ascii	"E\000"
 1331              	.LASF76:
 1332 07b1 4359424C 		.ascii	"CYBLE_EVT_L2CAP_CBFC_CONN_IND\000"
 1332      455F4556 
 1332      545F4C32 
 1332      4341505F 
 1332      43424643 
 1333              	.LASF54:
 1334 07cf 4359424C 		.ascii	"CYBLE_EVT_GATTC_READ_BY_TYPE_RSP\000"
 1334      455F4556 
 1334      545F4741 
 1334      5454435F 
 1334      52454144 
 1335              	.LASF123:
 1336 07f0 6379426C 		.ascii	"cyBle_discoveryModeInfo\000"
 1336      655F6469 
 1336      73636F76 
 1336      6572794D 
 1336      6F646549 
 1337              	.LASF16:
 1338 0808 73697A65 		.ascii	"sizetype\000"
 1338      74797065 
 1338      00
 1339              	.LASF98:
 1340 0811 6F776E41 		.ascii	"ownAddrType\000"
 1340      64647254 
 1340      79706500 
 1341              	.LASF29:
 1342 081d 4359424C 		.ascii	"CYBLE_EVT_GAP_AUTH_FAILED\000"
 1342      455F4556 
 1342      545F4741 
 1342      505F4155 
 1342      54485F46 
ARM GAS  C:\Users\TTSS\AppData\Local\Temp\ccftBoAu.s 			page 31


 1343              	.LASF61:
 1344 0837 4359424C 		.ascii	"CYBLE_EVT_GATTC_WRITE_RSP\000"
 1344      455F4556 
 1344      545F4741 
 1344      5454435F 
 1344      57524954 
 1345              	.LASF42:
 1346 0851 4359424C 		.ascii	"CYBLE_EVT_GAPC_DIRECT_ADV_REPORT\000"
 1346      455F4556 
 1346      545F4741 
 1346      50435F44 
 1346      49524543 
 1347              	.LASF40:
 1348 0872 4359424C 		.ascii	"CYBLE_EVT_GAP_DATA_LENGTH_CHANGE\000"
 1348      455F4556 
 1348      545F4741 
 1348      505F4441 
 1348      54415F4C 
 1349              	.LASF28:
 1350 0893 4359424C 		.ascii	"CYBLE_EVT_GAP_AUTH_COMPLETE\000"
 1350      455F4556 
 1350      545F4741 
 1350      505F4155 
 1350      54485F43 
 1351              	.LASF66:
 1352 08af 4359424C 		.ascii	"CYBLE_EVT_GATTC_HANDLE_VALUE_NTF\000"
 1352      455F4556 
 1352      545F4741 
 1352      5454435F 
 1352      48414E44 
 1353              	.LASF77:
 1354 08d0 4359424C 		.ascii	"CYBLE_EVT_L2CAP_CBFC_CONN_CNF\000"
 1354      455F4556 
 1354      545F4C32 
 1354      4341505F 
 1354      43424643 
 1355              	.LASF53:
 1356 08ee 4359424C 		.ascii	"CYBLE_EVT_GATTC_READ_BY_GROUP_TYPE_RSP\000"
 1356      455F4556 
 1356      545F4741 
 1356      5454435F 
 1356      52454144 
 1357              	.LASF12:
 1358 0915 666C6F61 		.ascii	"float\000"
 1358      7400
 1359              	.LASF99:
 1360 091b 64697265 		.ascii	"directAddrType\000"
 1360      63744164 
 1360      64725479 
 1360      706500
 1361              	.LASF1:
 1362 092a 756E7369 		.ascii	"unsigned char\000"
 1362      676E6564 
 1362      20636861 
 1362      7200
 1363              	.LASF38:
 1364 0938 4359424C 		.ascii	"CYBLE_EVT_GAP_KEYPRESS_NOTIFICATION\000"
ARM GAS  C:\Users\TTSS\AppData\Local\Temp\ccftBoAu.s 			page 32


 1364      455F4556 
 1364      545F4741 
 1364      505F4B45 
 1364      59505245 
 1365              	.LASF2:
 1366 095c 73686F72 		.ascii	"short int\000"
 1366      7420696E 
 1366      7400
 1367              	.LASF118:
 1368 0966 72656164 		.ascii	"readParticles\000"
 1368      50617274 
 1368      69636C65 
 1368      7300
 1369              	.LASF96:
 1370 0974 61647649 		.ascii	"advIntvMax\000"
 1370      6E74764D 
 1370      617800
 1371              	.LASF119:
 1372 097f 73656E44 		.ascii	"senData\000"
 1372      61746100 
 1373              	.LASF86:
 1374 0987 4359424C 		.ascii	"CYBLE_EVT_HCI_PKT\000"
 1374      455F4556 
 1374      545F4843 
 1374      495F504B 
 1374      5400
 1375              	.LASF63:
 1376 0999 4359424C 		.ascii	"CYBLE_EVT_GATTS_PREP_WRITE_REQ\000"
 1376      455F4556 
 1376      545F4741 
 1376      5454535F 
 1376      50524550 
 1377              	.LASF95:
 1378 09b8 61647649 		.ascii	"advIntvMin\000"
 1378      6E74764D 
 1378      696E00
 1379              	.LASF93:
 1380 09c3 4359424C 		.ascii	"CYBLE_GAPP_CONNECTABLE_LOW_DC_DIRECTED_ADV\000"
 1380      455F4741 
 1380      50505F43 
 1380      4F4E4E45 
 1380      43544142 
 1381              	.LASF104:
 1382 09ee 61647644 		.ascii	"advData\000"
 1382      61746100 
 1383              	.LASF68:
 1384 09f6 4359424C 		.ascii	"CYBLE_EVT_GATTS_HANDLE_VALUE_CNF\000"
 1384      455F4556 
 1384      545F4741 
 1384      5454535F 
 1384      48414E44 
 1385              	.LASF48:
 1386 0a17 4359424C 		.ascii	"CYBLE_EVT_GATTC_ERROR_RSP\000"
 1386      455F4556 
 1386      545F4741 
 1386      5454435F 
 1386      4552524F 
ARM GAS  C:\Users\TTSS\AppData\Local\Temp\ccftBoAu.s 			page 33


 1387              	.LASF43:
 1388 0a31 4359424C 		.ascii	"CYBLE_EVT_GAP_SMP_NEGOTIATED_AUTH_INFO\000"
 1388      455F4556 
 1388      545F4741 
 1388      505F534D 
 1388      505F4E45 
 1389              	.LASF15:
 1390 0a58 6C6F6E67 		.ascii	"long double\000"
 1390      20646F75 
 1390      626C6500 
 1391              	.LASF87:
 1392 0a64 4359424C 		.ascii	"CYBLE_EVT_FLASH_CORRUPT\000"
 1392      455F4556 
 1392      545F464C 
 1392      4153485F 
 1392      434F5252 
 1393              	.LASF14:
 1394 0a7c 63686172 		.ascii	"char\000"
 1394      00
 1395              	.LASF32:
 1396 0a81 4359424C 		.ascii	"CYBLE_EVT_GAP_DEVICE_DISCONNECTED\000"
 1396      455F4556 
 1396      545F4741 
 1396      505F4445 
 1396      56494345 
 1397              	.LASF71:
 1398 0aa3 4359424C 		.ascii	"CYBLE_EVT_GATTS_READ_CHAR_VAL_ACCESS_REQ\000"
 1398      455F4556 
 1398      545F4741 
 1398      5454535F 
 1398      52454144 
 1399              	.LASF103:
 1400 0acc 4359424C 		.ascii	"CYBLE_GAPP_DISC_PARAM_T\000"
 1400      455F4741 
 1400      50505F44 
 1400      4953435F 
 1400      50415241 
 1401              	.LASF82:
 1402 0ae4 4359424C 		.ascii	"CYBLE_EVT_L2CAP_CBFC_TX_CREDIT_IND\000"
 1402      455F4556 
 1402      545F4C32 
 1402      4341505F 
 1402      43424643 
 1403              	.LASF27:
 1404 0b07 4359424C 		.ascii	"CYBLE_EVT_GAP_PASSKEY_DISPLAY_REQUEST\000"
 1404      455F4556 
 1404      545F4741 
 1404      505F5041 
 1404      53534B45 
 1405              	.LASF20:
 1406 0b2d 4359424C 		.ascii	"CYBLE_EVT_HARDWARE_ERROR\000"
 1406      455F4556 
 1406      545F4841 
 1406      52445741 
 1406      52455F45 
 1407              	.LASF51:
 1408 0b46 4359424C 		.ascii	"CYBLE_EVT_GATTS_XCNHG_MTU_REQ\000"
ARM GAS  C:\Users\TTSS\AppData\Local\Temp\ccftBoAu.s 			page 34


 1408      455F4556 
 1408      545F4741 
 1408      5454535F 
 1408      58434E48 
 1409              	.LASF113:
 1410 0b64 4359424C 		.ascii	"CYBLE_GAPP_DISC_MODE_INFO_T\000"
 1410      455F4741 
 1410      50505F44 
 1410      4953435F 
 1410      4D4F4445 
 1411              	.LASF117:
 1412 0b80 6576656E 		.ascii	"eventParam\000"
 1412      74506172 
 1412      616D00
 1413              	.LASF111:
 1414 0b8b 61647650 		.ascii	"advParam\000"
 1414      6172616D 
 1414      00
 1415              	.LASF94:
 1416 0b94 4359424C 		.ascii	"CYBLE_GAPP_ADV_T\000"
 1416      455F4741 
 1416      50505F41 
 1416      44565F54 
 1416      00
 1417              	.LASF92:
 1418 0ba5 4359424C 		.ascii	"CYBLE_GAPP_NON_CONNECTABLE_UNDIRECTED_ADV\000"
 1418      455F4741 
 1418      50505F4E 
 1418      4F4E5F43 
 1418      4F4E4E45 
 1419              	.LASF58:
 1420 0bcf 4359424C 		.ascii	"CYBLE_EVT_GATTC_READ_BLOB_RSP\000"
 1420      455F4556 
 1420      545F4741 
 1420      5454435F 
 1420      52454144 
 1421              	.LASF115:
 1422 0bed 53746163 		.ascii	"StackEventHandler\000"
 1422      6B457665 
 1422      6E744861 
 1422      6E646C65 
 1422      7200
 1423              	.LASF67:
 1424 0bff 4359424C 		.ascii	"CYBLE_EVT_GATTC_HANDLE_VALUE_IND\000"
 1424      455F4556 
 1424      545F4741 
 1424      5454435F 
 1424      48414E44 
 1425              	.LASF56:
 1426 0c20 4359424C 		.ascii	"CYBLE_EVT_GATTC_FIND_BY_TYPE_VALUE_RSP\000"
 1426      455F4556 
 1426      545F4741 
 1426      5454435F 
 1426      46494E44 
 1427              	.LASF36:
 1428 0c47 4359424C 		.ascii	"CYBLE_EVT_GAP_KEYINFO_EXCHNGE_CMPLT\000"
 1428      455F4556 
ARM GAS  C:\Users\TTSS\AppData\Local\Temp\ccftBoAu.s 			page 35


 1428      545F4741 
 1428      505F4B45 
 1428      59494E46 
 1429              	.LASF78:
 1430 0c6b 4359424C 		.ascii	"CYBLE_EVT_L2CAP_CBFC_DISCONN_IND\000"
 1430      455F4556 
 1430      545F4C32 
 1430      4341505F 
 1430      43424643 
 1431              	.LASF74:
 1432 0c8c 4359424C 		.ascii	"CYBLE_EVT_L2CAP_CONN_PARAM_UPDATE_RSP\000"
 1432      455F4556 
 1432      545F4C32 
 1432      4341505F 
 1432      434F4E4E 
 1433              	.LASF114:
 1434 0cb2 6D61696E 		.ascii	"main\000"
 1434      00
 1435              	.LASF41:
 1436 0cb7 4359424C 		.ascii	"CYBLE_EVT_GAP_ENHANCE_CONN_COMPLETE\000"
 1436      455F4556 
 1436      545F4741 
 1436      505F454E 
 1436      48414E43 
 1437              	.LASF50:
 1438 0cdb 4359424C 		.ascii	"CYBLE_EVT_GATT_DISCONNECT_IND\000"
 1438      455F4556 
 1438      545F4741 
 1438      54545F44 
 1438      4953434F 
 1439              		.ident	"GCC: (GNU Tools for ARM Embedded Processors) 5.4.1 20160609 (release) [ARM/embedded-5-bran
