ARM GAS  C:\Users\TTSS\AppData\Local\Temp\ccUxUceh.s 			page 1


   1              		.cpu cortex-m0
   2              		.fpu softvfp
   3              		.eabi_attribute 20, 1
   4              		.eabi_attribute 21, 1
   5              		.eabi_attribute 23, 3
   6              		.eabi_attribute 24, 1
   7              		.eabi_attribute 25, 1
   8              		.eabi_attribute 26, 1
   9              		.eabi_attribute 30, 6
  10              		.eabi_attribute 34, 0
  11              		.eabi_attribute 18, 4
  12              		.code	16
  13              		.file	"cyfitter_cfg.c"
  14              		.text
  15              	.Ltext0:
  16              		.cfi_sections	.debug_frame
  17              		.section	.text.CYMEMZERO,"ax",%progbits
  18              		.align	2
  19              		.code	16
  20              		.thumb_func
  21              		.type	CYMEMZERO, %function
  22              	CYMEMZERO:
  23              	.LFB2:
  24              		.file 1 "Generated_Source\\PSoC4\\cyfitter_cfg.c"
   1:Generated_Source\PSoC4/cyfitter_cfg.c **** /*******************************************************************************
   2:Generated_Source\PSoC4/cyfitter_cfg.c **** * File Name: cyfitter_cfg.c
   3:Generated_Source\PSoC4/cyfitter_cfg.c **** * 
   4:Generated_Source\PSoC4/cyfitter_cfg.c **** * PSoC Creator  4.0
   5:Generated_Source\PSoC4/cyfitter_cfg.c **** *
   6:Generated_Source\PSoC4/cyfitter_cfg.c **** * Description:
   7:Generated_Source\PSoC4/cyfitter_cfg.c **** * This file contains device initialization code.
   8:Generated_Source\PSoC4/cyfitter_cfg.c **** * Except for the user defined sections in CyClockStartupError(), this file should not be modified.
   9:Generated_Source\PSoC4/cyfitter_cfg.c **** * This file is automatically generated by PSoC Creator.
  10:Generated_Source\PSoC4/cyfitter_cfg.c **** *
  11:Generated_Source\PSoC4/cyfitter_cfg.c **** ********************************************************************************
  12:Generated_Source\PSoC4/cyfitter_cfg.c **** * Copyright (c) 2007-2016 Cypress Semiconductor.  All rights reserved.
  13:Generated_Source\PSoC4/cyfitter_cfg.c **** * You may use this file only in accordance with the license, terms, conditions, 
  14:Generated_Source\PSoC4/cyfitter_cfg.c **** * disclaimers, and limitations in the end user license agreement accompanying 
  15:Generated_Source\PSoC4/cyfitter_cfg.c **** * the software package with which this file was provided.
  16:Generated_Source\PSoC4/cyfitter_cfg.c **** ********************************************************************************/
  17:Generated_Source\PSoC4/cyfitter_cfg.c **** 
  18:Generated_Source\PSoC4/cyfitter_cfg.c **** #include <string.h>
  19:Generated_Source\PSoC4/cyfitter_cfg.c **** #include "cytypes.h"
  20:Generated_Source\PSoC4/cyfitter_cfg.c **** #include "cydevice_trm.h"
  21:Generated_Source\PSoC4/cyfitter_cfg.c **** #include "cyfitter.h"
  22:Generated_Source\PSoC4/cyfitter_cfg.c **** #include "CyLib.h"
  23:Generated_Source\PSoC4/cyfitter_cfg.c **** #include "CyLFClk.h"
  24:Generated_Source\PSoC4/cyfitter_cfg.c **** #include "cyfitter_cfg.h"
  25:Generated_Source\PSoC4/cyfitter_cfg.c **** #include "cyapicallbacks.h"
  26:Generated_Source\PSoC4/cyfitter_cfg.c **** 
  27:Generated_Source\PSoC4/cyfitter_cfg.c **** 
  28:Generated_Source\PSoC4/cyfitter_cfg.c **** #if defined(__GNUC__) || defined(__ARMCC_VERSION)
  29:Generated_Source\PSoC4/cyfitter_cfg.c ****     #define CYPACKED 
  30:Generated_Source\PSoC4/cyfitter_cfg.c ****     #define CYPACKED_ATTR __attribute__ ((packed))
  31:Generated_Source\PSoC4/cyfitter_cfg.c ****     #define CYALIGNED __attribute__ ((aligned))
  32:Generated_Source\PSoC4/cyfitter_cfg.c ****     #define CY_CFG_UNUSED __attribute__ ((unused))
  33:Generated_Source\PSoC4/cyfitter_cfg.c ****     #ifndef CY_CFG_SECTION
ARM GAS  C:\Users\TTSS\AppData\Local\Temp\ccUxUceh.s 			page 2


  34:Generated_Source\PSoC4/cyfitter_cfg.c ****         #define CY_CFG_SECTION __attribute__ ((section(".psocinit")))
  35:Generated_Source\PSoC4/cyfitter_cfg.c ****     #endif
  36:Generated_Source\PSoC4/cyfitter_cfg.c ****     
  37:Generated_Source\PSoC4/cyfitter_cfg.c ****     #if defined(__ARMCC_VERSION)
  38:Generated_Source\PSoC4/cyfitter_cfg.c ****         #define CY_CFG_MEMORY_BARRIER() __memory_changed()
  39:Generated_Source\PSoC4/cyfitter_cfg.c ****     #else
  40:Generated_Source\PSoC4/cyfitter_cfg.c ****         #define CY_CFG_MEMORY_BARRIER() __sync_synchronize()
  41:Generated_Source\PSoC4/cyfitter_cfg.c ****     #endif
  42:Generated_Source\PSoC4/cyfitter_cfg.c ****     
  43:Generated_Source\PSoC4/cyfitter_cfg.c **** #elif defined(__ICCARM__)
  44:Generated_Source\PSoC4/cyfitter_cfg.c ****     #include <intrinsics.h>
  45:Generated_Source\PSoC4/cyfitter_cfg.c **** 
  46:Generated_Source\PSoC4/cyfitter_cfg.c ****     #define CYPACKED __packed
  47:Generated_Source\PSoC4/cyfitter_cfg.c ****     #define CYPACKED_ATTR 
  48:Generated_Source\PSoC4/cyfitter_cfg.c ****     #define CYALIGNED _Pragma("data_alignment=4")
  49:Generated_Source\PSoC4/cyfitter_cfg.c ****     #define CY_CFG_UNUSED _Pragma("diag_suppress=Pe177")
  50:Generated_Source\PSoC4/cyfitter_cfg.c ****     #define CY_CFG_SECTION _Pragma("location=\".psocinit\"")
  51:Generated_Source\PSoC4/cyfitter_cfg.c ****     
  52:Generated_Source\PSoC4/cyfitter_cfg.c ****     #define CY_CFG_MEMORY_BARRIER() __DMB()
  53:Generated_Source\PSoC4/cyfitter_cfg.c ****     
  54:Generated_Source\PSoC4/cyfitter_cfg.c **** #else
  55:Generated_Source\PSoC4/cyfitter_cfg.c ****     #error Unsupported toolchain
  56:Generated_Source\PSoC4/cyfitter_cfg.c **** #endif
  57:Generated_Source\PSoC4/cyfitter_cfg.c **** 
  58:Generated_Source\PSoC4/cyfitter_cfg.c **** 
  59:Generated_Source\PSoC4/cyfitter_cfg.c **** CY_CFG_UNUSED
  60:Generated_Source\PSoC4/cyfitter_cfg.c **** static void CYMEMZERO(void *s, size_t n);
  61:Generated_Source\PSoC4/cyfitter_cfg.c **** CY_CFG_UNUSED
  62:Generated_Source\PSoC4/cyfitter_cfg.c **** static void CYMEMZERO(void *s, size_t n)
  63:Generated_Source\PSoC4/cyfitter_cfg.c **** {
  25              		.loc 1 63 0
  26              		.cfi_startproc
  27 0000 80B5     		push	{r7, lr}
  28              		.cfi_def_cfa_offset 8
  29              		.cfi_offset 7, -8
  30              		.cfi_offset 14, -4
  31 0002 82B0     		sub	sp, sp, #8
  32              		.cfi_def_cfa_offset 16
  33 0004 00AF     		add	r7, sp, #0
  34              		.cfi_def_cfa_register 7
  35 0006 7860     		str	r0, [r7, #4]
  36 0008 3960     		str	r1, [r7]
  64:Generated_Source\PSoC4/cyfitter_cfg.c **** 	(void)memset(s, 0, n);
  37              		.loc 1 64 0
  38 000a 7A68     		ldr	r2, [r7, #4]
  39 000c 3B68     		ldr	r3, [r7]
  40 000e 101C     		mov	r0, r2
  41 0010 0021     		mov	r1, #0
  42 0012 1A1C     		mov	r2, r3
  43 0014 FFF7FEFF 		bl	memset
  65:Generated_Source\PSoC4/cyfitter_cfg.c **** }
  44              		.loc 1 65 0
  45 0018 BD46     		mov	sp, r7
  46 001a 02B0     		add	sp, sp, #8
  47              		@ sp needed
  48 001c 80BD     		pop	{r7, pc}
  49              		.cfi_endproc
ARM GAS  C:\Users\TTSS\AppData\Local\Temp\ccUxUceh.s 			page 3


  50              	.LFE2:
  51              		.size	CYMEMZERO, .-CYMEMZERO
  52 001e C046     		.section	.text.CYCONFIGCPY,"ax",%progbits
  53              		.align	2
  54              		.code	16
  55              		.thumb_func
  56              		.type	CYCONFIGCPY, %function
  57              	CYCONFIGCPY:
  58              	.LFB3:
  66:Generated_Source\PSoC4/cyfitter_cfg.c **** CY_CFG_UNUSED
  67:Generated_Source\PSoC4/cyfitter_cfg.c **** static void CYCONFIGCPY(void *dest, const void *src, size_t n);
  68:Generated_Source\PSoC4/cyfitter_cfg.c **** CY_CFG_UNUSED
  69:Generated_Source\PSoC4/cyfitter_cfg.c **** static void CYCONFIGCPY(void *dest, const void *src, size_t n)
  70:Generated_Source\PSoC4/cyfitter_cfg.c **** {
  59              		.loc 1 70 0
  60              		.cfi_startproc
  61 0000 80B5     		push	{r7, lr}
  62              		.cfi_def_cfa_offset 8
  63              		.cfi_offset 7, -8
  64              		.cfi_offset 14, -4
  65 0002 84B0     		sub	sp, sp, #16
  66              		.cfi_def_cfa_offset 24
  67 0004 00AF     		add	r7, sp, #0
  68              		.cfi_def_cfa_register 7
  69 0006 F860     		str	r0, [r7, #12]
  70 0008 B960     		str	r1, [r7, #8]
  71 000a 7A60     		str	r2, [r7, #4]
  71:Generated_Source\PSoC4/cyfitter_cfg.c **** 	(void)memcpy(dest, src, n);
  72              		.loc 1 71 0
  73 000c F968     		ldr	r1, [r7, #12]
  74 000e BA68     		ldr	r2, [r7, #8]
  75 0010 7B68     		ldr	r3, [r7, #4]
  76 0012 081C     		mov	r0, r1
  77 0014 111C     		mov	r1, r2
  78 0016 1A1C     		mov	r2, r3
  79 0018 FFF7FEFF 		bl	memcpy
  72:Generated_Source\PSoC4/cyfitter_cfg.c **** }
  80              		.loc 1 72 0
  81 001c BD46     		mov	sp, r7
  82 001e 04B0     		add	sp, sp, #16
  83              		@ sp needed
  84 0020 80BD     		pop	{r7, pc}
  85              		.cfi_endproc
  86              	.LFE3:
  87              		.size	CYCONFIGCPY, .-CYCONFIGCPY
  88 0022 C046     		.section	.text.CYCONFIGCPYCODE,"ax",%progbits
  89              		.align	2
  90              		.code	16
  91              		.thumb_func
  92              		.type	CYCONFIGCPYCODE, %function
  93              	CYCONFIGCPYCODE:
  94              	.LFB4:
  73:Generated_Source\PSoC4/cyfitter_cfg.c **** CY_CFG_UNUSED
  74:Generated_Source\PSoC4/cyfitter_cfg.c **** static void CYCONFIGCPYCODE(void *dest, const void *src, size_t n);
  75:Generated_Source\PSoC4/cyfitter_cfg.c **** CY_CFG_UNUSED
  76:Generated_Source\PSoC4/cyfitter_cfg.c **** static void CYCONFIGCPYCODE(void *dest, const void *src, size_t n)
  77:Generated_Source\PSoC4/cyfitter_cfg.c **** {
ARM GAS  C:\Users\TTSS\AppData\Local\Temp\ccUxUceh.s 			page 4


  95              		.loc 1 77 0
  96              		.cfi_startproc
  97 0000 80B5     		push	{r7, lr}
  98              		.cfi_def_cfa_offset 8
  99              		.cfi_offset 7, -8
 100              		.cfi_offset 14, -4
 101 0002 84B0     		sub	sp, sp, #16
 102              		.cfi_def_cfa_offset 24
 103 0004 00AF     		add	r7, sp, #0
 104              		.cfi_def_cfa_register 7
 105 0006 F860     		str	r0, [r7, #12]
 106 0008 B960     		str	r1, [r7, #8]
 107 000a 7A60     		str	r2, [r7, #4]
  78:Generated_Source\PSoC4/cyfitter_cfg.c **** 	(void)memcpy(dest, src, n);
 108              		.loc 1 78 0
 109 000c F968     		ldr	r1, [r7, #12]
 110 000e BA68     		ldr	r2, [r7, #8]
 111 0010 7B68     		ldr	r3, [r7, #4]
 112 0012 081C     		mov	r0, r1
 113 0014 111C     		mov	r1, r2
 114 0016 1A1C     		mov	r2, r3
 115 0018 FFF7FEFF 		bl	memcpy
  79:Generated_Source\PSoC4/cyfitter_cfg.c **** }
 116              		.loc 1 79 0
 117 001c BD46     		mov	sp, r7
 118 001e 04B0     		add	sp, sp, #16
 119              		@ sp needed
 120 0020 80BD     		pop	{r7, pc}
 121              		.cfi_endproc
 122              	.LFE4:
 123              		.size	CYCONFIGCPYCODE, .-CYCONFIGCPYCODE
 124 0022 C046     		.section	.psocinit,"ax",%progbits
 125              		.align	2
 126              		.code	16
 127              		.thumb_func
 128              		.type	ClockSetup, %function
 129              	ClockSetup:
 130              	.LFB5:
  80:Generated_Source\PSoC4/cyfitter_cfg.c **** 
  81:Generated_Source\PSoC4/cyfitter_cfg.c **** 
  82:Generated_Source\PSoC4/cyfitter_cfg.c **** 
  83:Generated_Source\PSoC4/cyfitter_cfg.c **** 
  84:Generated_Source\PSoC4/cyfitter_cfg.c **** /* Clock startup error codes                                                   */
  85:Generated_Source\PSoC4/cyfitter_cfg.c **** #define CYCLOCKSTART_NO_ERROR    0u
  86:Generated_Source\PSoC4/cyfitter_cfg.c **** #define CYCLOCKSTART_XTAL_ERROR  1u
  87:Generated_Source\PSoC4/cyfitter_cfg.c **** #define CYCLOCKSTART_32KHZ_ERROR 2u
  88:Generated_Source\PSoC4/cyfitter_cfg.c **** #define CYCLOCKSTART_PLL_ERROR   3u
  89:Generated_Source\PSoC4/cyfitter_cfg.c **** 
  90:Generated_Source\PSoC4/cyfitter_cfg.c **** 
  91:Generated_Source\PSoC4/cyfitter_cfg.c **** #ifdef CY_NEED_CYCLOCKSTARTUPERROR
  92:Generated_Source\PSoC4/cyfitter_cfg.c **** /*******************************************************************************
  93:Generated_Source\PSoC4/cyfitter_cfg.c **** * Function Name: CyClockStartupError
  94:Generated_Source\PSoC4/cyfitter_cfg.c **** ********************************************************************************
  95:Generated_Source\PSoC4/cyfitter_cfg.c **** * Summary:
  96:Generated_Source\PSoC4/cyfitter_cfg.c **** *  If an error is encountered during clock configuration (crystal startup error,
  97:Generated_Source\PSoC4/cyfitter_cfg.c **** *  PLL lock error, etc.), the system will end up here.  Unless reimplemented by
  98:Generated_Source\PSoC4/cyfitter_cfg.c **** *  the customer, this function will stop in an infinite loop.
ARM GAS  C:\Users\TTSS\AppData\Local\Temp\ccUxUceh.s 			page 5


  99:Generated_Source\PSoC4/cyfitter_cfg.c **** *
 100:Generated_Source\PSoC4/cyfitter_cfg.c **** * Parameters:
 101:Generated_Source\PSoC4/cyfitter_cfg.c **** *   void
 102:Generated_Source\PSoC4/cyfitter_cfg.c **** *
 103:Generated_Source\PSoC4/cyfitter_cfg.c **** * Return:
 104:Generated_Source\PSoC4/cyfitter_cfg.c **** *   void
 105:Generated_Source\PSoC4/cyfitter_cfg.c **** *
 106:Generated_Source\PSoC4/cyfitter_cfg.c **** *******************************************************************************/
 107:Generated_Source\PSoC4/cyfitter_cfg.c **** CY_CFG_UNUSED
 108:Generated_Source\PSoC4/cyfitter_cfg.c **** static void CyClockStartupError(uint8 errorCode);
 109:Generated_Source\PSoC4/cyfitter_cfg.c **** CY_CFG_UNUSED
 110:Generated_Source\PSoC4/cyfitter_cfg.c **** static void CyClockStartupError(uint8 errorCode)
 111:Generated_Source\PSoC4/cyfitter_cfg.c **** {
 112:Generated_Source\PSoC4/cyfitter_cfg.c ****     /* To remove the compiler warning if errorCode not used.                */
 113:Generated_Source\PSoC4/cyfitter_cfg.c ****     errorCode = errorCode;
 114:Generated_Source\PSoC4/cyfitter_cfg.c **** 
 115:Generated_Source\PSoC4/cyfitter_cfg.c ****     /* If we have a clock startup error (bad MHz crystal, PLL lock, etc.),  */
 116:Generated_Source\PSoC4/cyfitter_cfg.c ****     /* we will end up here to allow the customer to implement something to  */
 117:Generated_Source\PSoC4/cyfitter_cfg.c ****     /* deal with the clock condition.                                       */
 118:Generated_Source\PSoC4/cyfitter_cfg.c **** 
 119:Generated_Source\PSoC4/cyfitter_cfg.c **** #ifdef CY_CFG_CLOCK_STARTUP_ERROR_CALLBACK
 120:Generated_Source\PSoC4/cyfitter_cfg.c **** 	CY_CFG_Clock_Startup_ErrorCallback();
 121:Generated_Source\PSoC4/cyfitter_cfg.c **** #else
 122:Generated_Source\PSoC4/cyfitter_cfg.c **** 	/*  If not using CY_CFG_CLOCK_STARTUP_ERROR_CALLBACK, place your clock startup code here. */
 123:Generated_Source\PSoC4/cyfitter_cfg.c ****     /* `#START CyClockStartupError` */
 124:Generated_Source\PSoC4/cyfitter_cfg.c **** 
 125:Generated_Source\PSoC4/cyfitter_cfg.c ****     /* If we have a clock startup error (bad MHz crystal, PLL lock, etc.),  */
 126:Generated_Source\PSoC4/cyfitter_cfg.c ****     /* we will end up here to allow the customer to implement something to  */
 127:Generated_Source\PSoC4/cyfitter_cfg.c ****     /* deal with the clock condition.                                       */
 128:Generated_Source\PSoC4/cyfitter_cfg.c **** 
 129:Generated_Source\PSoC4/cyfitter_cfg.c ****     /* `#END` */
 130:Generated_Source\PSoC4/cyfitter_cfg.c **** 
 131:Generated_Source\PSoC4/cyfitter_cfg.c ****     /* If nothing else, stop here since the clocks have not started         */
 132:Generated_Source\PSoC4/cyfitter_cfg.c ****     /* correctly.                                                           */
 133:Generated_Source\PSoC4/cyfitter_cfg.c ****     while(1) {}
 134:Generated_Source\PSoC4/cyfitter_cfg.c **** #endif /* CY_CFG_CLOCK_STARTUP_ERROR_CALLBACK */ 
 135:Generated_Source\PSoC4/cyfitter_cfg.c **** }
 136:Generated_Source\PSoC4/cyfitter_cfg.c **** #endif
 137:Generated_Source\PSoC4/cyfitter_cfg.c **** 
 138:Generated_Source\PSoC4/cyfitter_cfg.c **** 
 139:Generated_Source\PSoC4/cyfitter_cfg.c **** 
 140:Generated_Source\PSoC4/cyfitter_cfg.c **** /*******************************************************************************
 141:Generated_Source\PSoC4/cyfitter_cfg.c **** * Function Name: ClockSetup
 142:Generated_Source\PSoC4/cyfitter_cfg.c **** ********************************************************************************
 143:Generated_Source\PSoC4/cyfitter_cfg.c **** *
 144:Generated_Source\PSoC4/cyfitter_cfg.c **** * Summary:
 145:Generated_Source\PSoC4/cyfitter_cfg.c **** *   Performs the initialization of all of the clocks in the device based on the
 146:Generated_Source\PSoC4/cyfitter_cfg.c **** *   settings in the Clock tab of the DWR.  This includes enabling the requested
 147:Generated_Source\PSoC4/cyfitter_cfg.c **** *   clocks and setting the necessary dividers to produce the desired frequency. 
 148:Generated_Source\PSoC4/cyfitter_cfg.c **** *
 149:Generated_Source\PSoC4/cyfitter_cfg.c **** * Parameters:
 150:Generated_Source\PSoC4/cyfitter_cfg.c **** *   void
 151:Generated_Source\PSoC4/cyfitter_cfg.c **** *
 152:Generated_Source\PSoC4/cyfitter_cfg.c **** * Return:
 153:Generated_Source\PSoC4/cyfitter_cfg.c **** *   void
 154:Generated_Source\PSoC4/cyfitter_cfg.c **** *
 155:Generated_Source\PSoC4/cyfitter_cfg.c **** *******************************************************************************/
ARM GAS  C:\Users\TTSS\AppData\Local\Temp\ccUxUceh.s 			page 6


 156:Generated_Source\PSoC4/cyfitter_cfg.c **** static void ClockSetup(void);
 157:Generated_Source\PSoC4/cyfitter_cfg.c **** CY_CFG_SECTION
 158:Generated_Source\PSoC4/cyfitter_cfg.c **** static void ClockSetup(void)
 159:Generated_Source\PSoC4/cyfitter_cfg.c **** {
 131              		.loc 1 159 0
 132              		.cfi_startproc
 133 0000 80B5     		push	{r7, lr}
 134              		.cfi_def_cfa_offset 8
 135              		.cfi_offset 7, -8
 136              		.cfi_offset 14, -4
 137 0002 00AF     		add	r7, sp, #0
 138              		.cfi_def_cfa_register 7
 160:Generated_Source\PSoC4/cyfitter_cfg.c **** 
 161:Generated_Source\PSoC4/cyfitter_cfg.c **** 	/* Set Flash Cycles based on max possible frequency in case a glitch occurs during ClockSetup(). *
 162:Generated_Source\PSoC4/cyfitter_cfg.c **** 	CY_SET_REG32((void CYXDATA *)(CYREG_CPUSS_FLASH_CTL), (0x0012u));
 139              		.loc 1 162 0
 140 0004 284B     		ldr	r3, .L5
 141 0006 1222     		mov	r2, #18
 142 0008 1A60     		str	r2, [r3]
 163:Generated_Source\PSoC4/cyfitter_cfg.c **** 
 164:Generated_Source\PSoC4/cyfitter_cfg.c **** 	/* Start the WCO */
 165:Generated_Source\PSoC4/cyfitter_cfg.c **** 	CySysClkWcoStart();
 143              		.loc 1 165 0
 144 000a FFF7FEFF 		bl	CySysClkWcoStart
 166:Generated_Source\PSoC4/cyfitter_cfg.c **** 	CyDelayCycles(12000000u); /* WCO may take up to 500ms to start */
 145              		.loc 1 166 0
 146 000e 274B     		ldr	r3, .L5+4
 147 0010 181C     		mov	r0, r3
 148 0012 FFF7FEFF 		bl	CyDelayCycles
 167:Generated_Source\PSoC4/cyfitter_cfg.c **** 	(void)CySysClkWcoSetPowerMode(CY_SYS_CLK_WCO_LPM);    /* Switch to the low power mode */
 149              		.loc 1 167 0
 150 0016 0120     		mov	r0, #1
 151 0018 FFF7FEFF 		bl	CySysClkWcoSetPowerMode
 168:Generated_Source\PSoC4/cyfitter_cfg.c **** 
 169:Generated_Source\PSoC4/cyfitter_cfg.c **** 	/* Setup and trim IMO based on desired frequency. */
 170:Generated_Source\PSoC4/cyfitter_cfg.c **** 	CySysClkWriteImoFreq(48u);
 152              		.loc 1 170 0
 153 001c 3020     		mov	r0, #48
 154 001e FFF7FEFF 		bl	CySysClkWriteImoFreq
 171:Generated_Source\PSoC4/cyfitter_cfg.c **** 	/* CYDEV_CLK_ILO_CONFIG Starting address: CYDEV_CLK_ILO_CONFIG */
 172:Generated_Source\PSoC4/cyfitter_cfg.c **** 	CY_SET_XTND_REG32((void CYFAR *)(CYREG_CLK_ILO_CONFIG), 0x80000006u);
 155              		.loc 1 172 0
 156 0022 234B     		ldr	r3, .L5+8
 157 0024 234A     		ldr	r2, .L5+12
 158 0026 1A60     		str	r2, [r3]
 173:Generated_Source\PSoC4/cyfitter_cfg.c **** 
 174:Generated_Source\PSoC4/cyfitter_cfg.c **** 	/* CYDEV_WDT_CONFIG Starting address: CYDEV_WDT_CONFIG */
 175:Generated_Source\PSoC4/cyfitter_cfg.c **** 	CY_SET_XTND_REG32((void CYFAR *)(CYREG_WDT_CONFIG), 0x40000000u);
 159              		.loc 1 175 0
 160 0028 234B     		ldr	r3, .L5+16
 161 002a 8022     		mov	r2, #128
 162 002c D205     		lsl	r2, r2, #23
 163 002e 1A60     		str	r2, [r3]
 176:Generated_Source\PSoC4/cyfitter_cfg.c **** 
 177:Generated_Source\PSoC4/cyfitter_cfg.c **** 
 178:Generated_Source\PSoC4/cyfitter_cfg.c **** 	/* Enable fast start mode for XO */
 179:Generated_Source\PSoC4/cyfitter_cfg.c **** 	CY_SET_REG32((void*)CYREG_BLE_BLERD_BB_XO, CY_GET_REG32((void*)CYREG_BLE_BLERD_BB_XO) | (uint32)0x
ARM GAS  C:\Users\TTSS\AppData\Local\Temp\ccUxUceh.s 			page 7


 164              		.loc 1 179 0
 165 0030 224B     		ldr	r3, .L5+20
 166 0032 224A     		ldr	r2, .L5+20
 167 0034 1268     		ldr	r2, [r2]
 168 0036 0221     		mov	r1, #2
 169 0038 0A43     		orr	r2, r1
 170 003a 1A60     		str	r2, [r3]
 180:Generated_Source\PSoC4/cyfitter_cfg.c **** 	CY_SET_XTND_REG32((void CYFAR *)(CYREG_BLE_BLERD_BB_XO_CAPTRIM), 0x00003E2Du);
 171              		.loc 1 180 0
 172 003c 204B     		ldr	r3, .L5+24
 173 003e 214A     		ldr	r2, .L5+28
 174 0040 1A60     		str	r2, [r3]
 181:Generated_Source\PSoC4/cyfitter_cfg.c **** 	/*Set XTAL(ECO) divider*/
 182:Generated_Source\PSoC4/cyfitter_cfg.c **** 	CY_SET_XTND_REG32((void CYFAR *)(CYREG_BLE_BLESS_XTAL_CLK_DIV_CONFIG), 0x00000000u);
 175              		.loc 1 182 0
 176 0042 214B     		ldr	r3, .L5+32
 177 0044 0022     		mov	r2, #0
 178 0046 1A60     		str	r2, [r3]
 183:Generated_Source\PSoC4/cyfitter_cfg.c **** 	/* Disable Crystal Stable Interrupt before enabling ECO */
 184:Generated_Source\PSoC4/cyfitter_cfg.c **** 	CY_SET_REG32((void*)CYREG_BLE_BLESS_LL_DSM_CTRL, CY_GET_REG32((void*)CYREG_BLE_BLESS_LL_DSM_CTRL) 
 179              		.loc 1 184 0
 180 0048 204B     		ldr	r3, .L5+36
 181 004a 204A     		ldr	r2, .L5+36
 182 004c 1268     		ldr	r2, [r2]
 183 004e 0821     		mov	r1, #8
 184 0050 8A43     		bic	r2, r1
 185 0052 1A60     		str	r2, [r3]
 185:Generated_Source\PSoC4/cyfitter_cfg.c **** 	/* Start the ECO and do not check status since it is not needed for HFCLK */
 186:Generated_Source\PSoC4/cyfitter_cfg.c **** 	(void)CySysClkEcoStart(2000u);
 186              		.loc 1 186 0
 187 0054 FA23     		mov	r3, #250
 188 0056 DB00     		lsl	r3, r3, #3
 189 0058 181C     		mov	r0, r3
 190 005a FFF7FEFF 		bl	CySysClkEcoStart
 187:Generated_Source\PSoC4/cyfitter_cfg.c **** 	CyDelayUs(1500u); /* Wait to stabalize */
 191              		.loc 1 187 0
 192 005e 1C4B     		ldr	r3, .L5+40
 193 0060 181C     		mov	r0, r3
 194 0062 FFF7FEFF 		bl	CyDelayUs
 188:Generated_Source\PSoC4/cyfitter_cfg.c **** 
 189:Generated_Source\PSoC4/cyfitter_cfg.c **** 	/* Setup phase aligned clocks */
 190:Generated_Source\PSoC4/cyfitter_cfg.c **** 	CY_SET_REG32((void *)CYREG_PERI_DIV_16_CTL0, 0x0001A000u);
 195              		.loc 1 190 0
 196 0066 1B4B     		ldr	r3, .L5+44
 197 0068 D022     		mov	r2, #208
 198 006a 5202     		lsl	r2, r2, #9
 199 006c 1A60     		str	r2, [r3]
 191:Generated_Source\PSoC4/cyfitter_cfg.c **** 	CY_SET_REG32((void *)CYREG_PERI_DIV_CMD, 0x8000FF40u);
 200              		.loc 1 191 0
 201 006e 1A4B     		ldr	r3, .L5+48
 202 0070 1A4A     		ldr	r2, .L5+52
 203 0072 1A60     		str	r2, [r3]
 192:Generated_Source\PSoC4/cyfitter_cfg.c **** 
 193:Generated_Source\PSoC4/cyfitter_cfg.c **** 	/* CYDEV_CLK_IMO_CONFIG Starting address: CYDEV_CLK_IMO_CONFIG */
 194:Generated_Source\PSoC4/cyfitter_cfg.c **** 	CY_SET_XTND_REG32((void CYFAR *)(CYREG_CLK_IMO_CONFIG), 0x80000000u);
 204              		.loc 1 194 0
 205 0074 1A4B     		ldr	r3, .L5+56
ARM GAS  C:\Users\TTSS\AppData\Local\Temp\ccUxUceh.s 			page 8


 206 0076 8022     		mov	r2, #128
 207 0078 1206     		lsl	r2, r2, #24
 208 007a 1A60     		str	r2, [r3]
 195:Generated_Source\PSoC4/cyfitter_cfg.c **** 
 196:Generated_Source\PSoC4/cyfitter_cfg.c **** 	/* CYDEV_CLK_SELECT Starting address: CYDEV_CLK_SELECT */
 197:Generated_Source\PSoC4/cyfitter_cfg.c **** 	CY_SET_XTND_REG32((void CYFAR *)(CYREG_CLK_SELECT), 0x00040000u);
 209              		.loc 1 197 0
 210 007c 194B     		ldr	r3, .L5+60
 211 007e 8022     		mov	r2, #128
 212 0080 D202     		lsl	r2, r2, #11
 213 0082 1A60     		str	r2, [r3]
 198:Generated_Source\PSoC4/cyfitter_cfg.c **** 
 199:Generated_Source\PSoC4/cyfitter_cfg.c **** 	/* CYDEV_PERI_PCLK_CTL1 Starting address: CYDEV_PERI_PCLK_CTL1 */
 200:Generated_Source\PSoC4/cyfitter_cfg.c **** 	CY_SET_XTND_REG32((void CYFAR *)(CYREG_PERI_PCLK_CTL1), 0x00000040u);
 214              		.loc 1 200 0
 215 0084 184B     		ldr	r3, .L5+64
 216 0086 4022     		mov	r2, #64
 217 0088 1A60     		str	r2, [r3]
 201:Generated_Source\PSoC4/cyfitter_cfg.c **** 
 202:Generated_Source\PSoC4/cyfitter_cfg.c **** 	(void)CyIntSetVector(8u, &CySysWdtIsr);
 218              		.loc 1 202 0
 219 008a 184B     		ldr	r3, .L5+68
 220 008c 0820     		mov	r0, #8
 221 008e 191C     		mov	r1, r3
 222 0090 FFF7FEFF 		bl	CyIntSetVector
 203:Generated_Source\PSoC4/cyfitter_cfg.c **** 	CyIntEnable(8u);
 223              		.loc 1 203 0
 224 0094 0820     		mov	r0, #8
 225 0096 FFF7FEFF 		bl	CyIntEnable
 204:Generated_Source\PSoC4/cyfitter_cfg.c **** 	CY_SET_XTND_REG32((void CYFAR *)(CYREG_WDT_CONFIG), 0x40000000u);
 226              		.loc 1 204 0
 227 009a 074B     		ldr	r3, .L5+16
 228 009c 8022     		mov	r2, #128
 229 009e D205     		lsl	r2, r2, #23
 230 00a0 1A60     		str	r2, [r3]
 205:Generated_Source\PSoC4/cyfitter_cfg.c **** }
 231              		.loc 1 205 0
 232 00a2 BD46     		mov	sp, r7
 233              		@ sp needed
 234 00a4 80BD     		pop	{r7, pc}
 235              	.L6:
 236 00a6 C046     		.align	2
 237              	.L5:
 238 00a8 30001040 		.word	1074790448
 239 00ac 001BB700 		.word	12000000
 240 00b0 04010B40 		.word	1074462980
 241 00b4 06000080 		.word	-2147483642
 242 00b8 0C020B40 		.word	1074463244
 243 00bc 78002E40 		.word	1076756600
 244 00c0 7C002E40 		.word	1076756604
 245 00c4 2D3E0000 		.word	15917
 246 00c8 64F02E40 		.word	1076818020
 247 00cc 6CF02E40 		.word	1076818028
 248 00d0 DC050000 		.word	1500
 249 00d4 00030140 		.word	1073808128
 250 00d8 00000140 		.word	1073807360
 251 00dc 40FF0080 		.word	-2147418304
ARM GAS  C:\Users\TTSS\AppData\Local\Temp\ccUxUceh.s 			page 9


 252 00e0 08010B40 		.word	1074462984
 253 00e4 00010B40 		.word	1074462976
 254 00e8 04010140 		.word	1073807620
 255 00ec 00000000 		.word	CySysWdtIsr
 256              		.cfi_endproc
 257              	.LFE5:
 258              		.size	ClockSetup, .-ClockSetup
 259              		.section	.text.AnalogSetDefault,"ax",%progbits
 260              		.align	2
 261              		.code	16
 262              		.thumb_func
 263              		.type	AnalogSetDefault, %function
 264              	AnalogSetDefault:
 265              	.LFB6:
 206:Generated_Source\PSoC4/cyfitter_cfg.c **** 
 207:Generated_Source\PSoC4/cyfitter_cfg.c **** 
 208:Generated_Source\PSoC4/cyfitter_cfg.c **** /* Analog API Functions */
 209:Generated_Source\PSoC4/cyfitter_cfg.c **** 
 210:Generated_Source\PSoC4/cyfitter_cfg.c **** 
 211:Generated_Source\PSoC4/cyfitter_cfg.c **** /*******************************************************************************
 212:Generated_Source\PSoC4/cyfitter_cfg.c **** * Function Name: AnalogSetDefault
 213:Generated_Source\PSoC4/cyfitter_cfg.c **** ********************************************************************************
 214:Generated_Source\PSoC4/cyfitter_cfg.c **** *
 215:Generated_Source\PSoC4/cyfitter_cfg.c **** * Summary:
 216:Generated_Source\PSoC4/cyfitter_cfg.c **** *  Sets up the analog portions of the chip to default values based on chip
 217:Generated_Source\PSoC4/cyfitter_cfg.c **** *  configuration options from the project.
 218:Generated_Source\PSoC4/cyfitter_cfg.c **** *
 219:Generated_Source\PSoC4/cyfitter_cfg.c **** * Parameters:
 220:Generated_Source\PSoC4/cyfitter_cfg.c **** *  void
 221:Generated_Source\PSoC4/cyfitter_cfg.c **** *
 222:Generated_Source\PSoC4/cyfitter_cfg.c **** * Return:
 223:Generated_Source\PSoC4/cyfitter_cfg.c **** *  void
 224:Generated_Source\PSoC4/cyfitter_cfg.c **** *
 225:Generated_Source\PSoC4/cyfitter_cfg.c **** *******************************************************************************/
 226:Generated_Source\PSoC4/cyfitter_cfg.c **** static void AnalogSetDefault(void);
 227:Generated_Source\PSoC4/cyfitter_cfg.c **** static void AnalogSetDefault(void)
 228:Generated_Source\PSoC4/cyfitter_cfg.c **** {
 266              		.loc 1 228 0
 267              		.cfi_startproc
 268 0000 80B5     		push	{r7, lr}
 269              		.cfi_def_cfa_offset 8
 270              		.cfi_offset 7, -8
 271              		.cfi_offset 14, -4
 272 0002 00AF     		add	r7, sp, #0
 273              		.cfi_def_cfa_register 7
 229:Generated_Source\PSoC4/cyfitter_cfg.c **** 	CY_SET_XTND_REG32((void CYFAR *)CYREG_CTBM0_DFT_CTRL, 0x00000003u);
 274              		.loc 1 229 0
 275 0004 054B     		ldr	r3, .L8
 276 0006 0322     		mov	r2, #3
 277 0008 1A60     		str	r2, [r3]
 230:Generated_Source\PSoC4/cyfitter_cfg.c **** 	CY_SET_XTND_REG32((void CYFAR *)CYREG_CTBM1_DFT_CTRL, 0x00000003u);
 278              		.loc 1 230 0
 279 000a 054B     		ldr	r3, .L8+4
 280 000c 0322     		mov	r2, #3
 281 000e 1A60     		str	r2, [r3]
 231:Generated_Source\PSoC4/cyfitter_cfg.c **** 	CY_SET_XTND_REG32((void CYFAR *)CYREG_PASS_DSAB_DSAB_CTRL, 0x00000000u);
 282              		.loc 1 231 0
ARM GAS  C:\Users\TTSS\AppData\Local\Temp\ccUxUceh.s 			page 10


 283 0010 044B     		ldr	r3, .L8+8
 284 0012 0022     		mov	r2, #0
 285 0014 1A60     		str	r2, [r3]
 232:Generated_Source\PSoC4/cyfitter_cfg.c **** }
 286              		.loc 1 232 0
 287 0016 BD46     		mov	sp, r7
 288              		@ sp needed
 289 0018 80BD     		pop	{r7, pc}
 290              	.L9:
 291 001a C046     		.align	2
 292              	.L8:
 293 001c 30003040 		.word	1076887600
 294 0020 30003140 		.word	1076953136
 295 0024 000E3F40 		.word	1077874176
 296              		.cfi_endproc
 297              	.LFE6:
 298              		.size	AnalogSetDefault, .-AnalogSetDefault
 299              		.section	.psocinit
 300              		.align	2
 301              		.global	cyfitter_cfg
 302              		.code	16
 303              		.thumb_func
 304              		.type	cyfitter_cfg, %function
 305              	cyfitter_cfg:
 306              	.LFB7:
 233:Generated_Source\PSoC4/cyfitter_cfg.c **** 
 234:Generated_Source\PSoC4/cyfitter_cfg.c **** #define CY_AMUX_UNUSED CYREG_CM0_ROM_DWT
 235:Generated_Source\PSoC4/cyfitter_cfg.c **** 
 236:Generated_Source\PSoC4/cyfitter_cfg.c **** 
 237:Generated_Source\PSoC4/cyfitter_cfg.c **** /*******************************************************************************
 238:Generated_Source\PSoC4/cyfitter_cfg.c **** * Function Name: cyfitter_cfg
 239:Generated_Source\PSoC4/cyfitter_cfg.c **** ********************************************************************************
 240:Generated_Source\PSoC4/cyfitter_cfg.c **** * Summary:
 241:Generated_Source\PSoC4/cyfitter_cfg.c **** *  This function is called by the start-up code for the selected device. It
 242:Generated_Source\PSoC4/cyfitter_cfg.c **** *  performs all of the necessary device configuration based on the design
 243:Generated_Source\PSoC4/cyfitter_cfg.c **** *  settings.  This includes settings from the Design Wide Resources (DWR) such
 244:Generated_Source\PSoC4/cyfitter_cfg.c **** *  as Clocks and Pins as well as any component configuration that is necessary.
 245:Generated_Source\PSoC4/cyfitter_cfg.c **** *
 246:Generated_Source\PSoC4/cyfitter_cfg.c **** * Parameters:  
 247:Generated_Source\PSoC4/cyfitter_cfg.c **** *   void
 248:Generated_Source\PSoC4/cyfitter_cfg.c **** *
 249:Generated_Source\PSoC4/cyfitter_cfg.c **** * Return:
 250:Generated_Source\PSoC4/cyfitter_cfg.c **** *   void
 251:Generated_Source\PSoC4/cyfitter_cfg.c **** *
 252:Generated_Source\PSoC4/cyfitter_cfg.c **** *******************************************************************************/
 253:Generated_Source\PSoC4/cyfitter_cfg.c **** CY_CFG_SECTION
 254:Generated_Source\PSoC4/cyfitter_cfg.c **** void cyfitter_cfg(void)
 255:Generated_Source\PSoC4/cyfitter_cfg.c **** {
 307              		.loc 1 255 0
 308              		.cfi_startproc
 309 00f0 80B5     		push	{r7, lr}
 310              		.cfi_def_cfa_offset 8
 311              		.cfi_offset 7, -8
 312              		.cfi_offset 14, -4
 313 00f2 82B0     		sub	sp, sp, #8
 314              		.cfi_def_cfa_offset 16
 315 00f4 00AF     		add	r7, sp, #0
ARM GAS  C:\Users\TTSS\AppData\Local\Temp\ccUxUceh.s 			page 11


 316              		.cfi_def_cfa_register 7
 256:Generated_Source\PSoC4/cyfitter_cfg.c **** 	/* Disable interrupts by default. Let user enable if/when they want. */
 257:Generated_Source\PSoC4/cyfitter_cfg.c **** 	CyGlobalIntDisable;
 317              		.loc 1 257 0
 318              	@ 257 "Generated_Source\PSoC4\cyfitter_cfg.c" 1
 319 00f6 72B6     		CPSID   i
 320              	@ 0 "" 2
 258:Generated_Source\PSoC4/cyfitter_cfg.c **** 
 259:Generated_Source\PSoC4/cyfitter_cfg.c **** 	CY_SET_XTND_REG32((void CYFAR *)(CYREG_BLE_BLESS_LL_DSM_CTRL), 0x00000000u);
 321              		.loc 1 259 0
 322              		.code	16
 323 00f8 344B     		ldr	r3, .L13
 324 00fa 0022     		mov	r2, #0
 325 00fc 1A60     		str	r2, [r3]
 326              	.LBB2:
 260:Generated_Source\PSoC4/cyfitter_cfg.c **** 
 261:Generated_Source\PSoC4/cyfitter_cfg.c **** 	{
 262:Generated_Source\PSoC4/cyfitter_cfg.c **** 
 263:Generated_Source\PSoC4/cyfitter_cfg.c **** 		CYPACKED typedef struct {
 264:Generated_Source\PSoC4/cyfitter_cfg.c **** 			void CYFAR *address;
 265:Generated_Source\PSoC4/cyfitter_cfg.c **** 			uint16 size;
 266:Generated_Source\PSoC4/cyfitter_cfg.c **** 		} CYPACKED_ATTR cfg_memset_t;
 267:Generated_Source\PSoC4/cyfitter_cfg.c **** 
 268:Generated_Source\PSoC4/cyfitter_cfg.c **** 		static const cfg_memset_t CYCODE cfg_memset_list [] = {
 269:Generated_Source\PSoC4/cyfitter_cfg.c **** 			/* address, size */
 270:Generated_Source\PSoC4/cyfitter_cfg.c **** 			{(void CYFAR *)(CYDEV_UDB_P0_U0_BASE), 1024u},
 271:Generated_Source\PSoC4/cyfitter_cfg.c **** 			{(void CYFAR *)(CYDEV_UDB_DSI0_BASE), 1024u},
 272:Generated_Source\PSoC4/cyfitter_cfg.c **** 		};
 273:Generated_Source\PSoC4/cyfitter_cfg.c **** 
 274:Generated_Source\PSoC4/cyfitter_cfg.c **** 		uint8 CYDATA i;
 275:Generated_Source\PSoC4/cyfitter_cfg.c **** 
 276:Generated_Source\PSoC4/cyfitter_cfg.c **** 		/* Zero out critical memory blocks before beginning configuration */
 277:Generated_Source\PSoC4/cyfitter_cfg.c **** 		for (i = 0u; i < (sizeof(cfg_memset_list)/sizeof(cfg_memset_list[0])); i++)
 327              		.loc 1 277 0
 328 00fe FB1D     		add	r3, r7, #7
 329 0100 0022     		mov	r2, #0
 330 0102 1A70     		strb	r2, [r3]
 331 0104 23E0     		b	.L11
 332              	.L12:
 333              	.LBB3:
 278:Generated_Source\PSoC4/cyfitter_cfg.c **** 		{
 279:Generated_Source\PSoC4/cyfitter_cfg.c **** 			const cfg_memset_t CYCODE * CYDATA ms = &cfg_memset_list[i];
 334              		.loc 1 279 0 discriminator 3
 335 0106 FB1D     		add	r3, r7, #7
 336 0108 1A78     		ldrb	r2, [r3]
 337 010a 131C     		mov	r3, r2
 338 010c 5B00     		lsl	r3, r3, #1
 339 010e 9B18     		add	r3, r3, r2
 340 0110 5B00     		lsl	r3, r3, #1
 341 0112 2F4A     		ldr	r2, .L13+4
 342 0114 9B18     		add	r3, r3, r2
 343 0116 3B60     		str	r3, [r7]
 280:Generated_Source\PSoC4/cyfitter_cfg.c **** 			CYMEMZERO(ms->address, (size_t)(uint32)(ms->size));
 344              		.loc 1 280 0 discriminator 3
 345 0118 3B68     		ldr	r3, [r7]
 346 011a 1A78     		ldrb	r2, [r3]
 347 011c 5978     		ldrb	r1, [r3, #1]
ARM GAS  C:\Users\TTSS\AppData\Local\Temp\ccUxUceh.s 			page 12


 348 011e 0902     		lsl	r1, r1, #8
 349 0120 0A43     		orr	r2, r1
 350 0122 9978     		ldrb	r1, [r3, #2]
 351 0124 0904     		lsl	r1, r1, #16
 352 0126 0A43     		orr	r2, r1
 353 0128 DB78     		ldrb	r3, [r3, #3]
 354 012a 1B06     		lsl	r3, r3, #24
 355 012c 1343     		orr	r3, r2
 356 012e 191C     		mov	r1, r3
 357 0130 3B68     		ldr	r3, [r7]
 358 0132 1A79     		ldrb	r2, [r3, #4]
 359 0134 5B79     		ldrb	r3, [r3, #5]
 360 0136 1B02     		lsl	r3, r3, #8
 361 0138 1343     		orr	r3, r2
 362 013a 9BB2     		uxth	r3, r3
 363 013c 081C     		mov	r0, r1
 364 013e 191C     		mov	r1, r3
 365 0140 FFF7FEFF 		bl	CYMEMZERO
 366              	.LBE3:
 277:Generated_Source\PSoC4/cyfitter_cfg.c **** 		{
 367              		.loc 1 277 0 discriminator 3
 368 0144 FB1D     		add	r3, r7, #7
 369 0146 1A78     		ldrb	r2, [r3]
 370 0148 FB1D     		add	r3, r7, #7
 371 014a 0132     		add	r2, r2, #1
 372 014c 1A70     		strb	r2, [r3]
 373              	.L11:
 277:Generated_Source\PSoC4/cyfitter_cfg.c **** 		{
 374              		.loc 1 277 0 is_stmt 0 discriminator 1
 375 014e FB1D     		add	r3, r7, #7
 376 0150 1B78     		ldrb	r3, [r3]
 377 0152 012B     		cmp	r3, #1
 378 0154 D7D9     		bls	.L12
 281:Generated_Source\PSoC4/cyfitter_cfg.c **** 		}
 282:Generated_Source\PSoC4/cyfitter_cfg.c **** 
 283:Generated_Source\PSoC4/cyfitter_cfg.c **** 		/* HSIOM Starting address: CYDEV_HSIOM_BASE */
 284:Generated_Source\PSoC4/cyfitter_cfg.c **** 		CY_SET_XTND_REG32((void CYFAR *)(CYDEV_HSIOM_BASE), 0xEE000000u);
 379              		.loc 1 284 0 is_stmt 1
 380 0156 1F4B     		ldr	r3, .L13+8
 381 0158 EE22     		mov	r2, #238
 382 015a 1206     		lsl	r2, r2, #24
 383 015c 1A60     		str	r2, [r3]
 285:Generated_Source\PSoC4/cyfitter_cfg.c **** 		CY_SET_XTND_REG32((void CYFAR *)(CYREG_HSIOM_PORT_SEL1), 0x00090000u);
 384              		.loc 1 285 0
 385 015e 1E4B     		ldr	r3, .L13+12
 386 0160 9022     		mov	r2, #144
 387 0162 1203     		lsl	r2, r2, #12
 388 0164 1A60     		str	r2, [r3]
 286:Generated_Source\PSoC4/cyfitter_cfg.c **** 
 287:Generated_Source\PSoC4/cyfitter_cfg.c **** 		/* UDB_PA_0 Starting address: CYDEV_UDB_PA0_BASE */
 288:Generated_Source\PSoC4/cyfitter_cfg.c **** 		CY_SET_XTND_REG32((void CYFAR *)(CYDEV_UDB_PA0_BASE), 0x00990000u);
 389              		.loc 1 288 0
 390 0166 1D4B     		ldr	r3, .L13+16
 391 0168 9922     		mov	r2, #153
 392 016a 1204     		lsl	r2, r2, #16
 393 016c 1A60     		str	r2, [r3]
 289:Generated_Source\PSoC4/cyfitter_cfg.c **** 
ARM GAS  C:\Users\TTSS\AppData\Local\Temp\ccUxUceh.s 			page 13


 290:Generated_Source\PSoC4/cyfitter_cfg.c **** 		/* UDB_PA_1 Starting address: CYDEV_UDB_PA1_BASE */
 291:Generated_Source\PSoC4/cyfitter_cfg.c **** 		CY_SET_XTND_REG32((void CYFAR *)(CYDEV_UDB_PA1_BASE), 0x00990000u);
 394              		.loc 1 291 0
 395 016e 1C4B     		ldr	r3, .L13+20
 396 0170 9922     		mov	r2, #153
 397 0172 1204     		lsl	r2, r2, #16
 398 0174 1A60     		str	r2, [r3]
 292:Generated_Source\PSoC4/cyfitter_cfg.c **** 
 293:Generated_Source\PSoC4/cyfitter_cfg.c **** 		/* Enable digital routing */
 294:Generated_Source\PSoC4/cyfitter_cfg.c **** 		CY_SET_XTND_REG8((void *)CYREG_UDB_UDBIF_BANK_CTL, CY_GET_XTND_REG8((void *)CYREG_UDB_UDBIF_BANK_
 399              		.loc 1 294 0
 400 0176 1B4A     		ldr	r2, .L13+24
 401 0178 1A4B     		ldr	r3, .L13+24
 402 017a 1B78     		ldrb	r3, [r3]
 403 017c DBB2     		uxtb	r3, r3
 404 017e 0221     		mov	r1, #2
 405 0180 0B43     		orr	r3, r1
 406 0182 DBB2     		uxtb	r3, r3
 407 0184 1370     		strb	r3, [r2]
 295:Generated_Source\PSoC4/cyfitter_cfg.c **** 
 296:Generated_Source\PSoC4/cyfitter_cfg.c **** 		/* Enable UDB array */
 297:Generated_Source\PSoC4/cyfitter_cfg.c **** 		CY_SET_XTND_REG8((void *)CYREG_UDB_UDBIF_WAIT_CFG, (uint8)((CY_GET_XTND_REG8((void *)CYREG_UDB_UD
 408              		.loc 1 297 0
 409 0186 184A     		ldr	r2, .L13+28
 410 0188 174B     		ldr	r3, .L13+28
 411 018a 1B78     		ldrb	r3, [r3]
 412 018c DBB2     		uxtb	r3, r3
 413 018e 3C21     		mov	r1, #60
 414 0190 8B43     		bic	r3, r1
 415 0192 DBB2     		uxtb	r3, r3
 416 0194 1421     		mov	r1, #20
 417 0196 0B43     		orr	r3, r1
 418 0198 DBB2     		uxtb	r3, r3
 419 019a 1370     		strb	r3, [r2]
 298:Generated_Source\PSoC4/cyfitter_cfg.c **** 		CY_SET_XTND_REG8((void *)CYREG_UDB_UDBIF_BANK_CTL, (uint8)(CY_GET_XTND_REG8((void *)CYREG_UDB_UDB
 420              		.loc 1 298 0
 421 019c 114A     		ldr	r2, .L13+24
 422 019e 114B     		ldr	r3, .L13+24
 423 01a0 1B78     		ldrb	r3, [r3]
 424 01a2 DBB2     		uxtb	r3, r3
 425 01a4 1621     		mov	r1, #22
 426 01a6 0B43     		orr	r3, r1
 427 01a8 DBB2     		uxtb	r3, r3
 428 01aa 1370     		strb	r3, [r2]
 429              	.LBE2:
 299:Generated_Source\PSoC4/cyfitter_cfg.c **** 	}
 300:Generated_Source\PSoC4/cyfitter_cfg.c **** 
 301:Generated_Source\PSoC4/cyfitter_cfg.c **** 	/* Perform second pass device configuration. These items must be configured in specific order afte
 302:Generated_Source\PSoC4/cyfitter_cfg.c **** 	/* IOPINS0_0 Starting address: CYDEV_GPIO_PRT0_BASE */
 303:Generated_Source\PSoC4/cyfitter_cfg.c **** 	CY_SET_XTND_REG32((void CYFAR *)(CYREG_GPIO_PRT0_PC), 0x00D80000u);
 430              		.loc 1 303 0
 431 01ac 0F4B     		ldr	r3, .L13+32
 432 01ae D822     		mov	r2, #216
 433 01b0 1204     		lsl	r2, r2, #16
 434 01b2 1A60     		str	r2, [r3]
 304:Generated_Source\PSoC4/cyfitter_cfg.c **** 
 305:Generated_Source\PSoC4/cyfitter_cfg.c **** 	/* IOPINS0_1 Starting address: CYDEV_GPIO_PRT1_BASE */
ARM GAS  C:\Users\TTSS\AppData\Local\Temp\ccUxUceh.s 			page 14


 306:Generated_Source\PSoC4/cyfitter_cfg.c **** 	CY_SET_XTND_REG32((void CYFAR *)(CYREG_GPIO_PRT1_PC), 0x00001000u);
 435              		.loc 1 306 0
 436 01b4 0E4B     		ldr	r3, .L13+36
 437 01b6 8022     		mov	r2, #128
 438 01b8 5201     		lsl	r2, r2, #5
 439 01ba 1A60     		str	r2, [r3]
 307:Generated_Source\PSoC4/cyfitter_cfg.c **** 
 308:Generated_Source\PSoC4/cyfitter_cfg.c **** 
 309:Generated_Source\PSoC4/cyfitter_cfg.c **** 	/* Setup clocks based on selections from Clock DWR */
 310:Generated_Source\PSoC4/cyfitter_cfg.c **** 	ClockSetup();
 440              		.loc 1 310 0
 441 01bc FFF720FF 		bl	ClockSetup
 311:Generated_Source\PSoC4/cyfitter_cfg.c **** 
 312:Generated_Source\PSoC4/cyfitter_cfg.c **** 	/* Perform basic analog initialization to defaults */
 313:Generated_Source\PSoC4/cyfitter_cfg.c **** 	AnalogSetDefault();
 442              		.loc 1 313 0
 443 01c0 FFF7FEFF 		bl	AnalogSetDefault
 314:Generated_Source\PSoC4/cyfitter_cfg.c **** 
 315:Generated_Source\PSoC4/cyfitter_cfg.c **** }
 444              		.loc 1 315 0
 445 01c4 BD46     		mov	sp, r7
 446 01c6 02B0     		add	sp, sp, #8
 447              		@ sp needed
 448 01c8 80BD     		pop	{r7, pc}
 449              	.L14:
 450 01ca C046     		.align	2
 451              	.L13:
 452 01cc 6CF02E40 		.word	1076818028
 453 01d0 00000000 		.word	cfg_memset_list.4742
 454 01d4 00000240 		.word	1073872896
 455 01d8 00010240 		.word	1073873152
 456 01dc 00500F40 		.word	1074745344
 457 01e0 10500F40 		.word	1074745360
 458 01e4 00700F40 		.word	1074753536
 459 01e8 01700F40 		.word	1074753537
 460 01ec 08000440 		.word	1074003976
 461 01f0 08010440 		.word	1074004232
 462              		.cfi_endproc
 463              	.LFE7:
 464              		.size	cyfitter_cfg, .-cyfitter_cfg
 465              		.section	.rodata
 466              		.align	2
 467              		.type	cfg_memset_list.4742, %object
 468              		.size	cfg_memset_list.4742, 12
 469              	cfg_memset_list.4742:
 470 0000 00300F40 		.word	1074737152
 471 0004 0004     		.short	1024
 472 0006 00400F40 		.4byte	1074741248
 473 000a 0004     		.short	1024
 474              		.text
 475              	.Letext0:
 476              		.file 2 "c:\\program files (x86)\\cypress\\psoc creator\\4.0\\psoc creator\\import\\gnu\\arm\\4.9.
 477              		.file 3 "Generated_Source\\PSoC4\\cytypes.h"
 478              		.section	.debug_info,"",%progbits
 479              	.Ldebug_info0:
 480 0000 4D020000 		.4byte	0x24d
 481 0004 0400     		.2byte	0x4
ARM GAS  C:\Users\TTSS\AppData\Local\Temp\ccUxUceh.s 			page 15


 482 0006 00000000 		.4byte	.Ldebug_abbrev0
 483 000a 04       		.byte	0x4
 484 000b 01       		.uleb128 0x1
 485 000c F6000000 		.4byte	.LASF29
 486 0010 01       		.byte	0x1
 487 0011 06020000 		.4byte	.LASF30
 488 0015 39000000 		.4byte	.LASF31
 489 0019 00000000 		.4byte	.Ldebug_ranges0+0
 490 001d 00000000 		.4byte	0
 491 0021 00000000 		.4byte	.Ldebug_line0
 492 0025 02       		.uleb128 0x2
 493 0026 04       		.byte	0x4
 494 0027 05       		.byte	0x5
 495 0028 696E7400 		.ascii	"int\000"
 496 002c 03       		.uleb128 0x3
 497 002d 06000000 		.4byte	.LASF11
 498 0031 02       		.byte	0x2
 499 0032 D4       		.byte	0xd4
 500 0033 37000000 		.4byte	0x37
 501 0037 04       		.uleb128 0x4
 502 0038 04       		.byte	0x4
 503 0039 07       		.byte	0x7
 504 003a 92010000 		.4byte	.LASF0
 505 003e 04       		.uleb128 0x4
 506 003f 01       		.byte	0x1
 507 0040 06       		.byte	0x6
 508 0041 FA010000 		.4byte	.LASF1
 509 0045 04       		.uleb128 0x4
 510 0046 01       		.byte	0x1
 511 0047 08       		.byte	0x8
 512 0048 D4000000 		.4byte	.LASF2
 513 004c 04       		.uleb128 0x4
 514 004d 02       		.byte	0x2
 515 004e 05       		.byte	0x5
 516 004f E7010000 		.4byte	.LASF3
 517 0053 04       		.uleb128 0x4
 518 0054 02       		.byte	0x2
 519 0055 07       		.byte	0x7
 520 0056 8A000000 		.4byte	.LASF4
 521 005a 04       		.uleb128 0x4
 522 005b 04       		.byte	0x4
 523 005c 05       		.byte	0x5
 524 005d F1010000 		.4byte	.LASF5
 525 0061 04       		.uleb128 0x4
 526 0062 04       		.byte	0x4
 527 0063 07       		.byte	0x7
 528 0064 B2000000 		.4byte	.LASF6
 529 0068 04       		.uleb128 0x4
 530 0069 08       		.byte	0x8
 531 006a 05       		.byte	0x5
 532 006b D4010000 		.4byte	.LASF7
 533 006f 04       		.uleb128 0x4
 534 0070 08       		.byte	0x8
 535 0071 07       		.byte	0x7
 536 0072 A7010000 		.4byte	.LASF8
 537 0076 04       		.uleb128 0x4
 538 0077 04       		.byte	0x4
ARM GAS  C:\Users\TTSS\AppData\Local\Temp\ccUxUceh.s 			page 16


 539 0078 07       		.byte	0x7
 540 0079 CB010000 		.4byte	.LASF9
 541 007d 05       		.uleb128 0x5
 542 007e 04       		.byte	0x4
 543 007f 04       		.uleb128 0x4
 544 0080 01       		.byte	0x1
 545 0081 08       		.byte	0x8
 546 0082 E2010000 		.4byte	.LASF10
 547 0086 06       		.uleb128 0x6
 548 0087 C4000000 		.4byte	.LASF12
 549 008b 03       		.byte	0x3
 550 008c 3801     		.2byte	0x138
 551 008e 45000000 		.4byte	0x45
 552 0092 06       		.uleb128 0x6
 553 0093 84010000 		.4byte	.LASF13
 554 0097 03       		.byte	0x3
 555 0098 3901     		.2byte	0x139
 556 009a 53000000 		.4byte	0x53
 557 009e 06       		.uleb128 0x6
 558 009f 8B010000 		.4byte	.LASF14
 559 00a3 03       		.byte	0x3
 560 00a4 3A01     		.2byte	0x13a
 561 00a6 61000000 		.4byte	0x61
 562 00aa 04       		.uleb128 0x4
 563 00ab 04       		.byte	0x4
 564 00ac 04       		.byte	0x4
 565 00ad 9D000000 		.4byte	.LASF15
 566 00b1 04       		.uleb128 0x4
 567 00b2 08       		.byte	0x8
 568 00b3 04       		.byte	0x4
 569 00b4 E2000000 		.4byte	.LASF16
 570 00b8 06       		.uleb128 0x6
 571 00b9 AD000000 		.4byte	.LASF17
 572 00bd 03       		.byte	0x3
 573 00be E201     		.2byte	0x1e2
 574 00c0 C4000000 		.4byte	0xc4
 575 00c4 07       		.uleb128 0x7
 576 00c5 86000000 		.4byte	0x86
 577 00c9 06       		.uleb128 0x6
 578 00ca 00000000 		.4byte	.LASF18
 579 00ce 03       		.byte	0x3
 580 00cf E401     		.2byte	0x1e4
 581 00d1 D5000000 		.4byte	0xd5
 582 00d5 07       		.uleb128 0x7
 583 00d6 9E000000 		.4byte	0x9e
 584 00da 08       		.uleb128 0x8
 585 00db CA000000 		.4byte	.LASF19
 586 00df 01       		.byte	0x1
 587 00e0 3E       		.byte	0x3e
 588 00e1 00000000 		.4byte	.LFB2
 589 00e5 1E000000 		.4byte	.LFE2-.LFB2
 590 00e9 01       		.uleb128 0x1
 591 00ea 9C       		.byte	0x9c
 592 00eb 08010000 		.4byte	0x108
 593 00ef 09       		.uleb128 0x9
 594 00f0 7300     		.ascii	"s\000"
 595 00f2 01       		.byte	0x1
ARM GAS  C:\Users\TTSS\AppData\Local\Temp\ccUxUceh.s 			page 17


 596 00f3 3E       		.byte	0x3e
 597 00f4 7D000000 		.4byte	0x7d
 598 00f8 02       		.uleb128 0x2
 599 00f9 91       		.byte	0x91
 600 00fa 74       		.sleb128 -12
 601 00fb 09       		.uleb128 0x9
 602 00fc 6E00     		.ascii	"n\000"
 603 00fe 01       		.byte	0x1
 604 00ff 3E       		.byte	0x3e
 605 0100 2C000000 		.4byte	0x2c
 606 0104 02       		.uleb128 0x2
 607 0105 91       		.byte	0x91
 608 0106 70       		.sleb128 -16
 609 0107 00       		.byte	0
 610 0108 08       		.uleb128 0x8
 611 0109 3C020000 		.4byte	.LASF20
 612 010d 01       		.byte	0x1
 613 010e 45       		.byte	0x45
 614 010f 00000000 		.4byte	.LFB3
 615 0113 22000000 		.4byte	.LFE3-.LFB3
 616 0117 01       		.uleb128 0x1
 617 0118 9C       		.byte	0x9c
 618 0119 46010000 		.4byte	0x146
 619 011d 0A       		.uleb128 0xa
 620 011e A3000000 		.4byte	.LASF21
 621 0122 01       		.byte	0x1
 622 0123 45       		.byte	0x45
 623 0124 7D000000 		.4byte	0x7d
 624 0128 02       		.uleb128 0x2
 625 0129 91       		.byte	0x91
 626 012a 74       		.sleb128 -12
 627 012b 09       		.uleb128 0x9
 628 012c 73726300 		.ascii	"src\000"
 629 0130 01       		.byte	0x1
 630 0131 45       		.byte	0x45
 631 0132 46010000 		.4byte	0x146
 632 0136 02       		.uleb128 0x2
 633 0137 91       		.byte	0x91
 634 0138 70       		.sleb128 -16
 635 0139 09       		.uleb128 0x9
 636 013a 6E00     		.ascii	"n\000"
 637 013c 01       		.byte	0x1
 638 013d 45       		.byte	0x45
 639 013e 2C000000 		.4byte	0x2c
 640 0142 02       		.uleb128 0x2
 641 0143 91       		.byte	0x91
 642 0144 6C       		.sleb128 -20
 643 0145 00       		.byte	0
 644 0146 0B       		.uleb128 0xb
 645 0147 04       		.byte	0x4
 646 0148 4C010000 		.4byte	0x14c
 647 014c 0C       		.uleb128 0xc
 648 014d 08       		.uleb128 0x8
 649 014e 2C020000 		.4byte	.LASF22
 650 0152 01       		.byte	0x1
 651 0153 4C       		.byte	0x4c
 652 0154 00000000 		.4byte	.LFB4
ARM GAS  C:\Users\TTSS\AppData\Local\Temp\ccUxUceh.s 			page 18


 653 0158 22000000 		.4byte	.LFE4-.LFB4
 654 015c 01       		.uleb128 0x1
 655 015d 9C       		.byte	0x9c
 656 015e 8B010000 		.4byte	0x18b
 657 0162 0A       		.uleb128 0xa
 658 0163 A3000000 		.4byte	.LASF21
 659 0167 01       		.byte	0x1
 660 0168 4C       		.byte	0x4c
 661 0169 7D000000 		.4byte	0x7d
 662 016d 02       		.uleb128 0x2
 663 016e 91       		.byte	0x91
 664 016f 74       		.sleb128 -12
 665 0170 09       		.uleb128 0x9
 666 0171 73726300 		.ascii	"src\000"
 667 0175 01       		.byte	0x1
 668 0176 4C       		.byte	0x4c
 669 0177 46010000 		.4byte	0x146
 670 017b 02       		.uleb128 0x2
 671 017c 91       		.byte	0x91
 672 017d 70       		.sleb128 -16
 673 017e 09       		.uleb128 0x9
 674 017f 6E00     		.ascii	"n\000"
 675 0181 01       		.byte	0x1
 676 0182 4C       		.byte	0x4c
 677 0183 2C000000 		.4byte	0x2c
 678 0187 02       		.uleb128 0x2
 679 0188 91       		.byte	0x91
 680 0189 6C       		.sleb128 -20
 681 018a 00       		.byte	0
 682 018b 0D       		.uleb128 0xd
 683 018c 2E000000 		.4byte	.LASF23
 684 0190 01       		.byte	0x1
 685 0191 9E       		.byte	0x9e
 686 0192 00000000 		.4byte	.LFB5
 687 0196 F0000000 		.4byte	.LFE5-.LFB5
 688 019a 01       		.uleb128 0x1
 689 019b 9C       		.byte	0x9c
 690 019c 0E       		.uleb128 0xe
 691 019d 0D000000 		.4byte	.LASF24
 692 01a1 01       		.byte	0x1
 693 01a2 E3       		.byte	0xe3
 694 01a3 00000000 		.4byte	.LFB6
 695 01a7 28000000 		.4byte	.LFE6-.LFB6
 696 01ab 01       		.uleb128 0x1
 697 01ac 9C       		.byte	0x9c
 698 01ad 0F       		.uleb128 0xf
 699 01ae E9000000 		.4byte	.LASF32
 700 01b2 01       		.byte	0x1
 701 01b3 FE       		.byte	0xfe
 702 01b4 F0000000 		.4byte	.LFB7
 703 01b8 04010000 		.4byte	.LFE7-.LFB7
 704 01bc 01       		.uleb128 0x1
 705 01bd 9C       		.byte	0x9c
 706 01be 10       		.uleb128 0x10
 707 01bf FE000000 		.4byte	.LBB2
 708 01c3 AE000000 		.4byte	.LBE2-.LBB2
 709 01c7 11       		.uleb128 0x11
ARM GAS  C:\Users\TTSS\AppData\Local\Temp\ccUxUceh.s 			page 19


 710 01c8 06       		.byte	0x6
 711 01c9 01       		.byte	0x1
 712 01ca 0701     		.2byte	0x107
 713 01cc EB010000 		.4byte	0x1eb
 714 01d0 12       		.uleb128 0x12
 715 01d1 9F010000 		.4byte	.LASF25
 716 01d5 01       		.byte	0x1
 717 01d6 0801     		.2byte	0x108
 718 01d8 7D000000 		.4byte	0x7d
 719 01dc 00       		.byte	0
 720 01dd 12       		.uleb128 0x12
 721 01de A8000000 		.4byte	.LASF26
 722 01e2 01       		.byte	0x1
 723 01e3 0901     		.2byte	0x109
 724 01e5 92000000 		.4byte	0x92
 725 01e9 04       		.byte	0x4
 726 01ea 00       		.byte	0
 727 01eb 06       		.uleb128 0x6
 728 01ec BE010000 		.4byte	.LASF27
 729 01f0 01       		.byte	0x1
 730 01f1 0A01     		.2byte	0x10a
 731 01f3 C7010000 		.4byte	0x1c7
 732 01f7 13       		.uleb128 0x13
 733 01f8 EB010000 		.4byte	0x1eb
 734 01fc 07020000 		.4byte	0x207
 735 0200 14       		.uleb128 0x14
 736 0201 76000000 		.4byte	0x76
 737 0205 01       		.byte	0x1
 738 0206 00       		.byte	0
 739 0207 15       		.uleb128 0x15
 740 0208 1E000000 		.4byte	.LASF28
 741 020c 01       		.byte	0x1
 742 020d 0C01     		.2byte	0x10c
 743 020f 19020000 		.4byte	0x219
 744 0213 05       		.uleb128 0x5
 745 0214 03       		.byte	0x3
 746 0215 00000000 		.4byte	cfg_memset_list.4742
 747 0219 16       		.uleb128 0x16
 748 021a F7010000 		.4byte	0x1f7
 749 021e 17       		.uleb128 0x17
 750 021f 6900     		.ascii	"i\000"
 751 0221 01       		.byte	0x1
 752 0222 1201     		.2byte	0x112
 753 0224 86000000 		.4byte	0x86
 754 0228 02       		.uleb128 0x2
 755 0229 91       		.byte	0x91
 756 022a 77       		.sleb128 -9
 757 022b 10       		.uleb128 0x10
 758 022c 06010000 		.4byte	.LBB3
 759 0230 3E000000 		.4byte	.LBE3-.LBB3
 760 0234 17       		.uleb128 0x17
 761 0235 6D7300   		.ascii	"ms\000"
 762 0238 01       		.byte	0x1
 763 0239 1701     		.2byte	0x117
 764 023b 42020000 		.4byte	0x242
 765 023f 02       		.uleb128 0x2
 766 0240 91       		.byte	0x91
ARM GAS  C:\Users\TTSS\AppData\Local\Temp\ccUxUceh.s 			page 20


 767 0241 70       		.sleb128 -16
 768 0242 0B       		.uleb128 0xb
 769 0243 04       		.byte	0x4
 770 0244 48020000 		.4byte	0x248
 771 0248 16       		.uleb128 0x16
 772 0249 EB010000 		.4byte	0x1eb
 773 024d 00       		.byte	0
 774 024e 00       		.byte	0
 775 024f 00       		.byte	0
 776 0250 00       		.byte	0
 777              		.section	.debug_abbrev,"",%progbits
 778              	.Ldebug_abbrev0:
 779 0000 01       		.uleb128 0x1
 780 0001 11       		.uleb128 0x11
 781 0002 01       		.byte	0x1
 782 0003 25       		.uleb128 0x25
 783 0004 0E       		.uleb128 0xe
 784 0005 13       		.uleb128 0x13
 785 0006 0B       		.uleb128 0xb
 786 0007 03       		.uleb128 0x3
 787 0008 0E       		.uleb128 0xe
 788 0009 1B       		.uleb128 0x1b
 789 000a 0E       		.uleb128 0xe
 790 000b 55       		.uleb128 0x55
 791 000c 17       		.uleb128 0x17
 792 000d 11       		.uleb128 0x11
 793 000e 01       		.uleb128 0x1
 794 000f 10       		.uleb128 0x10
 795 0010 17       		.uleb128 0x17
 796 0011 00       		.byte	0
 797 0012 00       		.byte	0
 798 0013 02       		.uleb128 0x2
 799 0014 24       		.uleb128 0x24
 800 0015 00       		.byte	0
 801 0016 0B       		.uleb128 0xb
 802 0017 0B       		.uleb128 0xb
 803 0018 3E       		.uleb128 0x3e
 804 0019 0B       		.uleb128 0xb
 805 001a 03       		.uleb128 0x3
 806 001b 08       		.uleb128 0x8
 807 001c 00       		.byte	0
 808 001d 00       		.byte	0
 809 001e 03       		.uleb128 0x3
 810 001f 16       		.uleb128 0x16
 811 0020 00       		.byte	0
 812 0021 03       		.uleb128 0x3
 813 0022 0E       		.uleb128 0xe
 814 0023 3A       		.uleb128 0x3a
 815 0024 0B       		.uleb128 0xb
 816 0025 3B       		.uleb128 0x3b
 817 0026 0B       		.uleb128 0xb
 818 0027 49       		.uleb128 0x49
 819 0028 13       		.uleb128 0x13
 820 0029 00       		.byte	0
 821 002a 00       		.byte	0
 822 002b 04       		.uleb128 0x4
 823 002c 24       		.uleb128 0x24
ARM GAS  C:\Users\TTSS\AppData\Local\Temp\ccUxUceh.s 			page 21


 824 002d 00       		.byte	0
 825 002e 0B       		.uleb128 0xb
 826 002f 0B       		.uleb128 0xb
 827 0030 3E       		.uleb128 0x3e
 828 0031 0B       		.uleb128 0xb
 829 0032 03       		.uleb128 0x3
 830 0033 0E       		.uleb128 0xe
 831 0034 00       		.byte	0
 832 0035 00       		.byte	0
 833 0036 05       		.uleb128 0x5
 834 0037 0F       		.uleb128 0xf
 835 0038 00       		.byte	0
 836 0039 0B       		.uleb128 0xb
 837 003a 0B       		.uleb128 0xb
 838 003b 00       		.byte	0
 839 003c 00       		.byte	0
 840 003d 06       		.uleb128 0x6
 841 003e 16       		.uleb128 0x16
 842 003f 00       		.byte	0
 843 0040 03       		.uleb128 0x3
 844 0041 0E       		.uleb128 0xe
 845 0042 3A       		.uleb128 0x3a
 846 0043 0B       		.uleb128 0xb
 847 0044 3B       		.uleb128 0x3b
 848 0045 05       		.uleb128 0x5
 849 0046 49       		.uleb128 0x49
 850 0047 13       		.uleb128 0x13
 851 0048 00       		.byte	0
 852 0049 00       		.byte	0
 853 004a 07       		.uleb128 0x7
 854 004b 35       		.uleb128 0x35
 855 004c 00       		.byte	0
 856 004d 49       		.uleb128 0x49
 857 004e 13       		.uleb128 0x13
 858 004f 00       		.byte	0
 859 0050 00       		.byte	0
 860 0051 08       		.uleb128 0x8
 861 0052 2E       		.uleb128 0x2e
 862 0053 01       		.byte	0x1
 863 0054 03       		.uleb128 0x3
 864 0055 0E       		.uleb128 0xe
 865 0056 3A       		.uleb128 0x3a
 866 0057 0B       		.uleb128 0xb
 867 0058 3B       		.uleb128 0x3b
 868 0059 0B       		.uleb128 0xb
 869 005a 27       		.uleb128 0x27
 870 005b 19       		.uleb128 0x19
 871 005c 11       		.uleb128 0x11
 872 005d 01       		.uleb128 0x1
 873 005e 12       		.uleb128 0x12
 874 005f 06       		.uleb128 0x6
 875 0060 40       		.uleb128 0x40
 876 0061 18       		.uleb128 0x18
 877 0062 9642     		.uleb128 0x2116
 878 0064 19       		.uleb128 0x19
 879 0065 01       		.uleb128 0x1
 880 0066 13       		.uleb128 0x13
ARM GAS  C:\Users\TTSS\AppData\Local\Temp\ccUxUceh.s 			page 22


 881 0067 00       		.byte	0
 882 0068 00       		.byte	0
 883 0069 09       		.uleb128 0x9
 884 006a 05       		.uleb128 0x5
 885 006b 00       		.byte	0
 886 006c 03       		.uleb128 0x3
 887 006d 08       		.uleb128 0x8
 888 006e 3A       		.uleb128 0x3a
 889 006f 0B       		.uleb128 0xb
 890 0070 3B       		.uleb128 0x3b
 891 0071 0B       		.uleb128 0xb
 892 0072 49       		.uleb128 0x49
 893 0073 13       		.uleb128 0x13
 894 0074 02       		.uleb128 0x2
 895 0075 18       		.uleb128 0x18
 896 0076 00       		.byte	0
 897 0077 00       		.byte	0
 898 0078 0A       		.uleb128 0xa
 899 0079 05       		.uleb128 0x5
 900 007a 00       		.byte	0
 901 007b 03       		.uleb128 0x3
 902 007c 0E       		.uleb128 0xe
 903 007d 3A       		.uleb128 0x3a
 904 007e 0B       		.uleb128 0xb
 905 007f 3B       		.uleb128 0x3b
 906 0080 0B       		.uleb128 0xb
 907 0081 49       		.uleb128 0x49
 908 0082 13       		.uleb128 0x13
 909 0083 02       		.uleb128 0x2
 910 0084 18       		.uleb128 0x18
 911 0085 00       		.byte	0
 912 0086 00       		.byte	0
 913 0087 0B       		.uleb128 0xb
 914 0088 0F       		.uleb128 0xf
 915 0089 00       		.byte	0
 916 008a 0B       		.uleb128 0xb
 917 008b 0B       		.uleb128 0xb
 918 008c 49       		.uleb128 0x49
 919 008d 13       		.uleb128 0x13
 920 008e 00       		.byte	0
 921 008f 00       		.byte	0
 922 0090 0C       		.uleb128 0xc
 923 0091 26       		.uleb128 0x26
 924 0092 00       		.byte	0
 925 0093 00       		.byte	0
 926 0094 00       		.byte	0
 927 0095 0D       		.uleb128 0xd
 928 0096 2E       		.uleb128 0x2e
 929 0097 00       		.byte	0
 930 0098 03       		.uleb128 0x3
 931 0099 0E       		.uleb128 0xe
 932 009a 3A       		.uleb128 0x3a
 933 009b 0B       		.uleb128 0xb
 934 009c 3B       		.uleb128 0x3b
 935 009d 0B       		.uleb128 0xb
 936 009e 27       		.uleb128 0x27
 937 009f 19       		.uleb128 0x19
ARM GAS  C:\Users\TTSS\AppData\Local\Temp\ccUxUceh.s 			page 23


 938 00a0 11       		.uleb128 0x11
 939 00a1 01       		.uleb128 0x1
 940 00a2 12       		.uleb128 0x12
 941 00a3 06       		.uleb128 0x6
 942 00a4 40       		.uleb128 0x40
 943 00a5 18       		.uleb128 0x18
 944 00a6 9642     		.uleb128 0x2116
 945 00a8 19       		.uleb128 0x19
 946 00a9 00       		.byte	0
 947 00aa 00       		.byte	0
 948 00ab 0E       		.uleb128 0xe
 949 00ac 2E       		.uleb128 0x2e
 950 00ad 00       		.byte	0
 951 00ae 03       		.uleb128 0x3
 952 00af 0E       		.uleb128 0xe
 953 00b0 3A       		.uleb128 0x3a
 954 00b1 0B       		.uleb128 0xb
 955 00b2 3B       		.uleb128 0x3b
 956 00b3 0B       		.uleb128 0xb
 957 00b4 27       		.uleb128 0x27
 958 00b5 19       		.uleb128 0x19
 959 00b6 11       		.uleb128 0x11
 960 00b7 01       		.uleb128 0x1
 961 00b8 12       		.uleb128 0x12
 962 00b9 06       		.uleb128 0x6
 963 00ba 40       		.uleb128 0x40
 964 00bb 18       		.uleb128 0x18
 965 00bc 9742     		.uleb128 0x2117
 966 00be 19       		.uleb128 0x19
 967 00bf 00       		.byte	0
 968 00c0 00       		.byte	0
 969 00c1 0F       		.uleb128 0xf
 970 00c2 2E       		.uleb128 0x2e
 971 00c3 01       		.byte	0x1
 972 00c4 3F       		.uleb128 0x3f
 973 00c5 19       		.uleb128 0x19
 974 00c6 03       		.uleb128 0x3
 975 00c7 0E       		.uleb128 0xe
 976 00c8 3A       		.uleb128 0x3a
 977 00c9 0B       		.uleb128 0xb
 978 00ca 3B       		.uleb128 0x3b
 979 00cb 0B       		.uleb128 0xb
 980 00cc 27       		.uleb128 0x27
 981 00cd 19       		.uleb128 0x19
 982 00ce 11       		.uleb128 0x11
 983 00cf 01       		.uleb128 0x1
 984 00d0 12       		.uleb128 0x12
 985 00d1 06       		.uleb128 0x6
 986 00d2 40       		.uleb128 0x40
 987 00d3 18       		.uleb128 0x18
 988 00d4 9642     		.uleb128 0x2116
 989 00d6 19       		.uleb128 0x19
 990 00d7 00       		.byte	0
 991 00d8 00       		.byte	0
 992 00d9 10       		.uleb128 0x10
 993 00da 0B       		.uleb128 0xb
 994 00db 01       		.byte	0x1
ARM GAS  C:\Users\TTSS\AppData\Local\Temp\ccUxUceh.s 			page 24


 995 00dc 11       		.uleb128 0x11
 996 00dd 01       		.uleb128 0x1
 997 00de 12       		.uleb128 0x12
 998 00df 06       		.uleb128 0x6
 999 00e0 00       		.byte	0
 1000 00e1 00       		.byte	0
 1001 00e2 11       		.uleb128 0x11
 1002 00e3 13       		.uleb128 0x13
 1003 00e4 01       		.byte	0x1
 1004 00e5 0B       		.uleb128 0xb
 1005 00e6 0B       		.uleb128 0xb
 1006 00e7 3A       		.uleb128 0x3a
 1007 00e8 0B       		.uleb128 0xb
 1008 00e9 3B       		.uleb128 0x3b
 1009 00ea 05       		.uleb128 0x5
 1010 00eb 01       		.uleb128 0x1
 1011 00ec 13       		.uleb128 0x13
 1012 00ed 00       		.byte	0
 1013 00ee 00       		.byte	0
 1014 00ef 12       		.uleb128 0x12
 1015 00f0 0D       		.uleb128 0xd
 1016 00f1 00       		.byte	0
 1017 00f2 03       		.uleb128 0x3
 1018 00f3 0E       		.uleb128 0xe
 1019 00f4 3A       		.uleb128 0x3a
 1020 00f5 0B       		.uleb128 0xb
 1021 00f6 3B       		.uleb128 0x3b
 1022 00f7 05       		.uleb128 0x5
 1023 00f8 49       		.uleb128 0x49
 1024 00f9 13       		.uleb128 0x13
 1025 00fa 38       		.uleb128 0x38
 1026 00fb 0B       		.uleb128 0xb
 1027 00fc 00       		.byte	0
 1028 00fd 00       		.byte	0
 1029 00fe 13       		.uleb128 0x13
 1030 00ff 01       		.uleb128 0x1
 1031 0100 01       		.byte	0x1
 1032 0101 49       		.uleb128 0x49
 1033 0102 13       		.uleb128 0x13
 1034 0103 01       		.uleb128 0x1
 1035 0104 13       		.uleb128 0x13
 1036 0105 00       		.byte	0
 1037 0106 00       		.byte	0
 1038 0107 14       		.uleb128 0x14
 1039 0108 21       		.uleb128 0x21
 1040 0109 00       		.byte	0
 1041 010a 49       		.uleb128 0x49
 1042 010b 13       		.uleb128 0x13
 1043 010c 2F       		.uleb128 0x2f
 1044 010d 0B       		.uleb128 0xb
 1045 010e 00       		.byte	0
 1046 010f 00       		.byte	0
 1047 0110 15       		.uleb128 0x15
 1048 0111 34       		.uleb128 0x34
 1049 0112 00       		.byte	0
 1050 0113 03       		.uleb128 0x3
 1051 0114 0E       		.uleb128 0xe
ARM GAS  C:\Users\TTSS\AppData\Local\Temp\ccUxUceh.s 			page 25


 1052 0115 3A       		.uleb128 0x3a
 1053 0116 0B       		.uleb128 0xb
 1054 0117 3B       		.uleb128 0x3b
 1055 0118 05       		.uleb128 0x5
 1056 0119 49       		.uleb128 0x49
 1057 011a 13       		.uleb128 0x13
 1058 011b 02       		.uleb128 0x2
 1059 011c 18       		.uleb128 0x18
 1060 011d 00       		.byte	0
 1061 011e 00       		.byte	0
 1062 011f 16       		.uleb128 0x16
 1063 0120 26       		.uleb128 0x26
 1064 0121 00       		.byte	0
 1065 0122 49       		.uleb128 0x49
 1066 0123 13       		.uleb128 0x13
 1067 0124 00       		.byte	0
 1068 0125 00       		.byte	0
 1069 0126 17       		.uleb128 0x17
 1070 0127 34       		.uleb128 0x34
 1071 0128 00       		.byte	0
 1072 0129 03       		.uleb128 0x3
 1073 012a 08       		.uleb128 0x8
 1074 012b 3A       		.uleb128 0x3a
 1075 012c 0B       		.uleb128 0xb
 1076 012d 3B       		.uleb128 0x3b
 1077 012e 05       		.uleb128 0x5
 1078 012f 49       		.uleb128 0x49
 1079 0130 13       		.uleb128 0x13
 1080 0131 02       		.uleb128 0x2
 1081 0132 18       		.uleb128 0x18
 1082 0133 00       		.byte	0
 1083 0134 00       		.byte	0
 1084 0135 00       		.byte	0
 1085              		.section	.debug_aranges,"",%progbits
 1086 0000 44000000 		.4byte	0x44
 1087 0004 0200     		.2byte	0x2
 1088 0006 00000000 		.4byte	.Ldebug_info0
 1089 000a 04       		.byte	0x4
 1090 000b 00       		.byte	0
 1091 000c 0000     		.2byte	0
 1092 000e 0000     		.2byte	0
 1093 0010 00000000 		.4byte	.LFB2
 1094 0014 1E000000 		.4byte	.LFE2-.LFB2
 1095 0018 00000000 		.4byte	.LFB3
 1096 001c 22000000 		.4byte	.LFE3-.LFB3
 1097 0020 00000000 		.4byte	.LFB4
 1098 0024 22000000 		.4byte	.LFE4-.LFB4
 1099 0028 00000000 		.4byte	.LFB5
 1100 002c F0000000 		.4byte	.LFE5-.LFB5
 1101 0030 00000000 		.4byte	.LFB6
 1102 0034 28000000 		.4byte	.LFE6-.LFB6
 1103 0038 F0000000 		.4byte	.LFB7
 1104 003c 04010000 		.4byte	.LFE7-.LFB7
 1105 0040 00000000 		.4byte	0
 1106 0044 00000000 		.4byte	0
 1107              		.section	.debug_ranges,"",%progbits
 1108              	.Ldebug_ranges0:
ARM GAS  C:\Users\TTSS\AppData\Local\Temp\ccUxUceh.s 			page 26


 1109 0000 00000000 		.4byte	.LFB2
 1110 0004 1E000000 		.4byte	.LFE2
 1111 0008 00000000 		.4byte	.LFB3
 1112 000c 22000000 		.4byte	.LFE3
 1113 0010 00000000 		.4byte	.LFB4
 1114 0014 22000000 		.4byte	.LFE4
 1115 0018 00000000 		.4byte	.LFB5
 1116 001c F0000000 		.4byte	.LFE5
 1117 0020 00000000 		.4byte	.LFB6
 1118 0024 28000000 		.4byte	.LFE6
 1119 0028 F0000000 		.4byte	.LFB7
 1120 002c F4010000 		.4byte	.LFE7
 1121 0030 00000000 		.4byte	0
 1122 0034 00000000 		.4byte	0
 1123              		.section	.debug_line,"",%progbits
 1124              	.Ldebug_line0:
 1125 0000 6D010000 		.section	.debug_str,"MS",%progbits,1
 1125      0200CB00 
 1125      00000201 
 1125      FB0E0D00 
 1125      01010101 
 1126              	.LASF18:
 1127 0000 72656733 		.ascii	"reg32\000"
 1127      3200
 1128              	.LASF11:
 1129 0006 73697A65 		.ascii	"size_t\000"
 1129      5F7400
 1130              	.LASF24:
 1131 000d 416E616C 		.ascii	"AnalogSetDefault\000"
 1131      6F675365 
 1131      74446566 
 1131      61756C74 
 1131      00
 1132              	.LASF28:
 1133 001e 6366675F 		.ascii	"cfg_memset_list\000"
 1133      6D656D73 
 1133      65745F6C 
 1133      69737400 
 1134              	.LASF23:
 1135 002e 436C6F63 		.ascii	"ClockSetup\000"
 1135      6B536574 
 1135      757000
 1136              	.LASF31:
 1137 0039 433A5C55 		.ascii	"C:\\Users\\TTSS\\Dropbox\\Projects\\hackAIR\\AirQua"
 1137      73657273 
 1137      5C545453 
 1137      535C4472 
 1137      6F70626F 
 1138 0066 6C697479 		.ascii	"lityBeacons\\SerialLaserSensor.cydsn\000"
 1138      42656163 
 1138      6F6E735C 
 1138      53657269 
 1138      616C4C61 
 1139              	.LASF4:
 1140 008a 73686F72 		.ascii	"short unsigned int\000"
 1140      7420756E 
 1140      7369676E 
ARM GAS  C:\Users\TTSS\AppData\Local\Temp\ccUxUceh.s 			page 27


 1140      65642069 
 1140      6E7400
 1141              	.LASF15:
 1142 009d 666C6F61 		.ascii	"float\000"
 1142      7400
 1143              	.LASF21:
 1144 00a3 64657374 		.ascii	"dest\000"
 1144      00
 1145              	.LASF26:
 1146 00a8 73697A65 		.ascii	"size\000"
 1146      00
 1147              	.LASF17:
 1148 00ad 72656738 		.ascii	"reg8\000"
 1148      00
 1149              	.LASF6:
 1150 00b2 6C6F6E67 		.ascii	"long unsigned int\000"
 1150      20756E73 
 1150      69676E65 
 1150      6420696E 
 1150      7400
 1151              	.LASF12:
 1152 00c4 75696E74 		.ascii	"uint8\000"
 1152      3800
 1153              	.LASF19:
 1154 00ca 43594D45 		.ascii	"CYMEMZERO\000"
 1154      4D5A4552 
 1154      4F00
 1155              	.LASF2:
 1156 00d4 756E7369 		.ascii	"unsigned char\000"
 1156      676E6564 
 1156      20636861 
 1156      7200
 1157              	.LASF16:
 1158 00e2 646F7562 		.ascii	"double\000"
 1158      6C6500
 1159              	.LASF32:
 1160 00e9 63796669 		.ascii	"cyfitter_cfg\000"
 1160      74746572 
 1160      5F636667 
 1160      00
 1161              	.LASF29:
 1162 00f6 474E5520 		.ascii	"GNU C 4.9.3 20150303 (release) [ARM/embedded-4_9-br"
 1162      4320342E 
 1162      392E3320 
 1162      32303135 
 1162      30333033 
 1163 0129 616E6368 		.ascii	"anch revision 221220] -mcpu=cortex-m0 -mthumb -g -O"
 1163      20726576 
 1163      6973696F 
 1163      6E203232 
 1163      31323230 
 1164 015c 30202D66 		.ascii	"0 -ffunction-sections -ffat-lto-objects\000"
 1164      66756E63 
 1164      74696F6E 
 1164      2D736563 
 1164      74696F6E 
 1165              	.LASF13:
ARM GAS  C:\Users\TTSS\AppData\Local\Temp\ccUxUceh.s 			page 28


 1166 0184 75696E74 		.ascii	"uint16\000"
 1166      313600
 1167              	.LASF14:
 1168 018b 75696E74 		.ascii	"uint32\000"
 1168      333200
 1169              	.LASF0:
 1170 0192 756E7369 		.ascii	"unsigned int\000"
 1170      676E6564 
 1170      20696E74 
 1170      00
 1171              	.LASF25:
 1172 019f 61646472 		.ascii	"address\000"
 1172      65737300 
 1173              	.LASF8:
 1174 01a7 6C6F6E67 		.ascii	"long long unsigned int\000"
 1174      206C6F6E 
 1174      6720756E 
 1174      7369676E 
 1174      65642069 
 1175              	.LASF27:
 1176 01be 6366675F 		.ascii	"cfg_memset_t\000"
 1176      6D656D73 
 1176      65745F74 
 1176      00
 1177              	.LASF9:
 1178 01cb 73697A65 		.ascii	"sizetype\000"
 1178      74797065 
 1178      00
 1179              	.LASF7:
 1180 01d4 6C6F6E67 		.ascii	"long long int\000"
 1180      206C6F6E 
 1180      6720696E 
 1180      7400
 1181              	.LASF10:
 1182 01e2 63686172 		.ascii	"char\000"
 1182      00
 1183              	.LASF3:
 1184 01e7 73686F72 		.ascii	"short int\000"
 1184      7420696E 
 1184      7400
 1185              	.LASF5:
 1186 01f1 6C6F6E67 		.ascii	"long int\000"
 1186      20696E74 
 1186      00
 1187              	.LASF1:
 1188 01fa 7369676E 		.ascii	"signed char\000"
 1188      65642063 
 1188      68617200 
 1189              	.LASF30:
 1190 0206 47656E65 		.ascii	"Generated_Source\\PSoC4\\cyfitter_cfg.c\000"
 1190      72617465 
 1190      645F536F 
 1190      75726365 
 1190      5C50536F 
 1191              	.LASF22:
 1192 022c 4359434F 		.ascii	"CYCONFIGCPYCODE\000"
 1192      4E464947 
ARM GAS  C:\Users\TTSS\AppData\Local\Temp\ccUxUceh.s 			page 29


 1192      43505943 
 1192      4F444500 
 1193              	.LASF20:
 1194 023c 4359434F 		.ascii	"CYCONFIGCPY\000"
 1194      4E464947 
 1194      43505900 
 1195              		.ident	"GCC: (GNU Tools for ARM Embedded Processors) 4.9.3 20150303 (release) [ARM/embedded-4_9-br
