ARM GAS  C:\Users\TTSS\AppData\Local\Temp\ccoXf1ha.s 			page 1


   1              		.cpu cortex-m0
   2              		.fpu softvfp
   3              		.eabi_attribute 20, 1
   4              		.eabi_attribute 21, 1
   5              		.eabi_attribute 23, 3
   6              		.eabi_attribute 24, 1
   7              		.eabi_attribute 25, 1
   8              		.eabi_attribute 26, 1
   9              		.eabi_attribute 30, 6
  10              		.eabi_attribute 34, 0
  11              		.eabi_attribute 18, 4
  12              		.code	16
  13              		.file	"main.c"
  14              		.text
  15              	.Ltext0:
  16              		.cfi_sections	.debug_frame
  17              		.section	.text.main,"ax",%progbits
  18              		.align	2
  19              		.global	main
  20              		.code	16
  21              		.thumb_func
  22              		.type	main, %function
  23              	main:
  24              	.LFB37:
  25              		.file 1 "main.c"
   1:main.c        **** /* ========================================
   2:main.c        ****  * Air Quality Beacon, part of the hackAIR project.
   3:main.c        ****  * Freely available under CC BY 4.0
   4:main.c        ****  *
   5:main.c        ****  *
   6:main.c        ****  * Author: George Doxastakis gdoxastakis.ee@gmail.com
   7:main.c        ****  * Technology Transfer & Smart Solutions
   8:main.c        ****  * TEI of Athens
   9:main.c        ****  * http://research.ee.teiath.gr/ttss/
  10:main.c        ****  *
  11:main.c        ****  * http://www.hackair.eu/
  12:main.c        **** */
  13:main.c        **** #include <project.h>
  14:main.c        **** 
  15:main.c        **** /* Function prototypes */  
  16:main.c        **** void StackEventHandler(uint32 event, void* eventParam);
  17:main.c        **** char* readParticles();
  18:main.c        **** 
  19:main.c        **** /* ADV payload dta structure */  
  20:main.c        **** extern CYBLE_GAPP_DISC_MODE_INFO_T cyBle_discoveryModeInfo;
  21:main.c        **** #define advPayload   (cyBle_discoveryModeInfo.advData->advData) 
  22:main.c        **** 
  23:main.c        **** 
  24:main.c        **** int main()
  25:main.c        **** {
  26              		.loc 1 25 0
  27              		.cfi_startproc
  28 0000 80B5     		push	{r7, lr}
  29              		.cfi_def_cfa_offset 8
  30              		.cfi_offset 7, -8
  31              		.cfi_offset 14, -4
  32 0002 82B0     		sub	sp, sp, #8
ARM GAS  C:\Users\TTSS\AppData\Local\Temp\ccoXf1ha.s 			page 2


  33              		.cfi_def_cfa_offset 16
  34 0004 00AF     		add	r7, sp, #0
  35              		.cfi_def_cfa_register 7
  26:main.c        ****     CyGlobalIntEnable; /* Enable global interrupts. */
  36              		.loc 1 26 0
  37              	@ 26 "main.c" 1
  38 0006 62B6     		CPSIE   i
  39              	@ 0 "" 2
  27:main.c        ****     Serial_Start();
  40              		.loc 1 27 0
  41              		.code	16
  42 0008 FFF7FEFF 		bl	Serial_Start
  28:main.c        ****     /* Start CYBLE component and register the generic event handler */
  29:main.c        ****     CyBle_Start(StackEventHandler);
  43              		.loc 1 29 0
  44 000c 1D4B     		ldr	r3, .L3
  45 000e 181C     		mov	r0, r3
  46 0010 FFF7FEFF 		bl	CyBle_Start
  47              	.L2:
  48              	.LBB2:
  30:main.c        ****     
  31:main.c        ****     for(;;)
  32:main.c        ****     {
  33:main.c        ****         char *val=readParticles(); //Perform sensor measurement (waits for result)
  49              		.loc 1 33 0 discriminator 1
  50 0014 FFF7FEFF 		bl	readParticles
  51 0018 031C     		mov	r3, r0
  52 001a 7B60     		str	r3, [r7, #4]
  34:main.c        ****          
  35:main.c        ****         /* Dynamic payload will be continuously updated */
  36:main.c        ****         advPayload[19] =  0x01; //Sensor ID: 0x01 for SEN0177
  53              		.loc 1 36 0 discriminator 1
  54 001c 1A4B     		ldr	r3, .L3+4
  55 001e 9B68     		ldr	r3, [r3, #8]
  56 0020 0122     		mov	r2, #1
  57 0022 DA74     		strb	r2, [r3, #19]
  37:main.c        ****         advPayload[23] =  val[4]; //High byte of PM1 value
  58              		.loc 1 37 0 discriminator 1
  59 0024 184B     		ldr	r3, .L3+4
  60 0026 9B68     		ldr	r3, [r3, #8]
  61 0028 7A68     		ldr	r2, [r7, #4]
  62 002a 0432     		add	r2, r2, #4
  63 002c 1278     		ldrb	r2, [r2]
  64 002e DA75     		strb	r2, [r3, #23]
  38:main.c        ****         advPayload[24] =  val[5]; //Low byte of PM1 value
  65              		.loc 1 38 0 discriminator 1
  66 0030 154B     		ldr	r3, .L3+4
  67 0032 9B68     		ldr	r3, [r3, #8]
  68 0034 7A68     		ldr	r2, [r7, #4]
  69 0036 0532     		add	r2, r2, #5
  70 0038 1278     		ldrb	r2, [r2]
  71 003a 1A76     		strb	r2, [r3, #24]
  39:main.c        ****         advPayload[25] =  val[6]; //High byte of PM2.5 value
  72              		.loc 1 39 0 discriminator 1
  73 003c 124B     		ldr	r3, .L3+4
  74 003e 9B68     		ldr	r3, [r3, #8]
  75 0040 7A68     		ldr	r2, [r7, #4]
ARM GAS  C:\Users\TTSS\AppData\Local\Temp\ccoXf1ha.s 			page 3


  76 0042 0632     		add	r2, r2, #6
  77 0044 1278     		ldrb	r2, [r2]
  78 0046 5A76     		strb	r2, [r3, #25]
  40:main.c        ****         advPayload[26] =  val[7]; //Low byte of PM2.5 value
  79              		.loc 1 40 0 discriminator 1
  80 0048 0F4B     		ldr	r3, .L3+4
  81 004a 9B68     		ldr	r3, [r3, #8]
  82 004c 7A68     		ldr	r2, [r7, #4]
  83 004e 0732     		add	r2, r2, #7
  84 0050 1278     		ldrb	r2, [r2]
  85 0052 9A76     		strb	r2, [r3, #26]
  41:main.c        ****         advPayload[27] =  val[8]; //High byte of PM10 value
  86              		.loc 1 41 0 discriminator 1
  87 0054 0C4B     		ldr	r3, .L3+4
  88 0056 9B68     		ldr	r3, [r3, #8]
  89 0058 7A68     		ldr	r2, [r7, #4]
  90 005a 0832     		add	r2, r2, #8
  91 005c 1278     		ldrb	r2, [r2]
  92 005e DA76     		strb	r2, [r3, #27]
  42:main.c        ****         advPayload[28] =  val[9]; //Low byte of PM10 value
  93              		.loc 1 42 0 discriminator 1
  94 0060 094B     		ldr	r3, .L3+4
  95 0062 9B68     		ldr	r3, [r3, #8]
  96 0064 7A68     		ldr	r2, [r7, #4]
  97 0066 0932     		add	r2, r2, #9
  98 0068 1278     		ldrb	r2, [r2]
  99 006a 1A77     		strb	r2, [r3, #28]
  43:main.c        ****         CyBle_GapUpdateAdvData(cyBle_discoveryModeInfo.advData, cyBle_discoveryModeInfo.scanRspData
 100              		.loc 1 43 0 discriminator 1
 101 006c 064B     		ldr	r3, .L3+4
 102 006e 9A68     		ldr	r2, [r3, #8]
 103 0070 054B     		ldr	r3, .L3+4
 104 0072 DB68     		ldr	r3, [r3, #12]
 105 0074 101C     		mov	r0, r2
 106 0076 191C     		mov	r1, r3
 107 0078 FFF7FEFF 		bl	CyBle_GapUpdateAdvData
  44:main.c        ****         CyBle_ProcessEvents();
 108              		.loc 1 44 0 discriminator 1
 109 007c FFF7FEFF 		bl	CyBle_ProcessEvents
 110              	.LBE2:
  45:main.c        ****     }
 111              		.loc 1 45 0 discriminator 1
 112 0080 C8E7     		b	.L2
 113              	.L4:
 114 0082 C046     		.align	2
 115              	.L3:
 116 0084 00000000 		.word	StackEventHandler
 117 0088 00000000 		.word	cyBle_discoveryModeInfo
 118              		.cfi_endproc
 119              	.LFE37:
 120              		.size	main, .-main
 121              		.section	.text.StackEventHandler,"ax",%progbits
 122              		.align	2
 123              		.global	StackEventHandler
 124              		.code	16
 125              		.thumb_func
 126              		.type	StackEventHandler, %function
ARM GAS  C:\Users\TTSS\AppData\Local\Temp\ccoXf1ha.s 			page 4


 127              	StackEventHandler:
 128              	.LFB38:
  46:main.c        **** }
  47:main.c        **** 
  48:main.c        **** void StackEventHandler(uint32 event, void *eventParam)
  49:main.c        **** {
 129              		.loc 1 49 0
 130              		.cfi_startproc
 131 0000 80B5     		push	{r7, lr}
 132              		.cfi_def_cfa_offset 8
 133              		.cfi_offset 7, -8
 134              		.cfi_offset 14, -4
 135 0002 82B0     		sub	sp, sp, #8
 136              		.cfi_def_cfa_offset 16
 137 0004 00AF     		add	r7, sp, #0
 138              		.cfi_def_cfa_register 7
 139 0006 7860     		str	r0, [r7, #4]
 140 0008 3960     		str	r1, [r7]
  50:main.c        ****     switch(event)
 141              		.loc 1 50 0
 142 000a 7B68     		ldr	r3, [r7, #4]
 143 000c 012B     		cmp	r3, #1
 144 000e 00D0     		beq	.L7
  51:main.c        ****     {
  52:main.c        ****         
  53:main.c        **** 		case CYBLE_EVT_STACK_ON:
  54:main.c        **** 			/* BLE stack is on. Start BLE advertisement */   
  55:main.c        **** 			CyBle_GappStartAdvertisement(CYBLE_ADVERTISING_FAST);
  56:main.c        **** 		    break;
  57:main.c        **** 		
  58:main.c        ****         default:
  59:main.c        ****             break;
 145              		.loc 1 59 0
 146 0010 03E0     		b	.L5
 147              	.L7:
  55:main.c        **** 		    break;
 148              		.loc 1 55 0
 149 0012 0020     		mov	r0, #0
 150 0014 FFF7FEFF 		bl	CyBle_GappStartAdvertisement
  56:main.c        **** 		
 151              		.loc 1 56 0
 152 0018 C046     		mov	r8, r8
 153              	.L5:
  60:main.c        ****     }   	
  61:main.c        **** 
  62:main.c        **** }
 154              		.loc 1 62 0
 155 001a BD46     		mov	sp, r7
 156 001c 02B0     		add	sp, sp, #8
 157              		@ sp needed
 158 001e 80BD     		pop	{r7, pc}
 159              		.cfi_endproc
 160              	.LFE38:
 161              		.size	StackEventHandler, .-StackEventHandler
 162              		.section	.text.readParticles,"ax",%progbits
 163              		.align	2
 164              		.global	readParticles
ARM GAS  C:\Users\TTSS\AppData\Local\Temp\ccoXf1ha.s 			page 5


 165              		.code	16
 166              		.thumb_func
 167              		.type	readParticles, %function
 168              	readParticles:
 169              	.LFB39:
  63:main.c        **** 
  64:main.c        **** /*******************************************************************
  65:main.c        **** * NAME :            char* readParticles()
  66:main.c        **** *
  67:main.c        **** * DESCRIPTION :     Read sensor measurement
  68:main.c        **** * OUTPUTS :
  69:main.c        **** *       char* Sensor TX packet
  70:main.c        **** */
  71:main.c        **** char* readParticles(){
 170              		.loc 1 71 0
 171              		.cfi_startproc
 172 0000 80B5     		push	{r7, lr}
 173              		.cfi_def_cfa_offset 8
 174              		.cfi_offset 7, -8
 175              		.cfi_offset 14, -4
 176 0002 82B0     		sub	sp, sp, #8
 177              		.cfi_def_cfa_offset 16
 178 0004 00AF     		add	r7, sp, #0
 179              		.cfi_def_cfa_register 7
  72:main.c        ****     int idx;
  73:main.c        ****     static char senData[32];
  74:main.c        ****     senData[0]=0x42;
 180              		.loc 1 74 0
 181 0006 114B     		ldr	r3, .L14
 182 0008 4222     		mov	r2, #66
 183 000a 1A70     		strb	r2, [r3]
  75:main.c        ****     while(Serial_UartGetChar()!= 0x42); // Wait for start character
 184              		.loc 1 75 0
 185 000c C046     		mov	r8, r8
 186              	.L10:
 187              		.loc 1 75 0 is_stmt 0 discriminator 1
 188 000e FFF7FEFF 		bl	Serial_UartGetChar
 189 0012 031E     		sub	r3, r0, #0
 190 0014 422B     		cmp	r3, #66
 191 0016 FAD1     		bne	.L10
  76:main.c        ****     for(idx=1;idx<32;idx++){ // Read TX packet
 192              		.loc 1 76 0 is_stmt 1
 193 0018 0123     		mov	r3, #1
 194 001a 7B60     		str	r3, [r7, #4]
 195 001c 0EE0     		b	.L11
 196              	.L12:
  77:main.c        ****         CyDelay(10); // Wait for data
 197              		.loc 1 77 0 discriminator 3
 198 001e 0A20     		mov	r0, #10
 199 0020 FFF7FEFF 		bl	CyDelay
  78:main.c        ****         senData[idx]=Serial_UartGetChar();// Get next byte
 200              		.loc 1 78 0 discriminator 3
 201 0024 FFF7FEFF 		bl	Serial_UartGetChar
 202 0028 031C     		mov	r3, r0
 203 002a D9B2     		uxtb	r1, r3
 204 002c 074A     		ldr	r2, .L14
 205 002e 7B68     		ldr	r3, [r7, #4]
ARM GAS  C:\Users\TTSS\AppData\Local\Temp\ccoXf1ha.s 			page 6


 206 0030 D318     		add	r3, r2, r3
 207 0032 0A1C     		add	r2, r1, #0
 208 0034 1A70     		strb	r2, [r3]
  76:main.c        ****     for(idx=1;idx<32;idx++){ // Read TX packet
 209              		.loc 1 76 0 discriminator 3
 210 0036 7B68     		ldr	r3, [r7, #4]
 211 0038 0133     		add	r3, r3, #1
 212 003a 7B60     		str	r3, [r7, #4]
 213              	.L11:
  76:main.c        ****     for(idx=1;idx<32;idx++){ // Read TX packet
 214              		.loc 1 76 0 is_stmt 0 discriminator 1
 215 003c 7B68     		ldr	r3, [r7, #4]
 216 003e 1F2B     		cmp	r3, #31
 217 0040 EDDD     		ble	.L12
  79:main.c        ****     }
  80:main.c        ****     return senData;
 218              		.loc 1 80 0 is_stmt 1
 219 0042 024B     		ldr	r3, .L14
  81:main.c        **** }
 220              		.loc 1 81 0
 221 0044 181C     		mov	r0, r3
 222 0046 BD46     		mov	sp, r7
 223 0048 02B0     		add	sp, sp, #8
 224              		@ sp needed
 225 004a 80BD     		pop	{r7, pc}
 226              	.L15:
 227              		.align	2
 228              	.L14:
 229 004c 00000000 		.word	senData.6512
 230              		.cfi_endproc
 231              	.LFE39:
 232              		.size	readParticles, .-readParticles
 233              		.bss
 234              		.align	2
 235              	senData.6512:
 236 0000 00000000 		.space	32
 236      00000000 
 236      00000000 
 236      00000000 
 236      00000000 
 237              		.text
 238              	.Letext0:
 239              		.file 2 "Generated_Source\\PSoC4/cytypes.h"
 240              		.file 3 "Generated_Source\\PSoC4/BLE_Stack.h"
 241              		.file 4 "Generated_Source\\PSoC4/BLE_StackGap.h"
 242              		.section	.debug_info,"",%progbits
 243              	.Ldebug_info0:
 244 0000 86040000 		.4byte	0x486
 245 0004 0400     		.2byte	0x4
 246 0006 00000000 		.4byte	.Ldebug_abbrev0
 247 000a 04       		.byte	0x4
 248 000b 01       		.uleb128 0x1
 249 000c C1060000 		.4byte	.LASF104
 250 0010 01       		.byte	0x1
 251 0011 E6070000 		.4byte	.LASF105
 252 0015 63030000 		.4byte	.LASF106
 253 0019 00000000 		.4byte	.Ldebug_ranges0+0
ARM GAS  C:\Users\TTSS\AppData\Local\Temp\ccoXf1ha.s 			page 7


 254 001d 00000000 		.4byte	0
 255 0021 00000000 		.4byte	.Ldebug_line0
 256 0025 02       		.uleb128 0x2
 257 0026 01       		.byte	0x1
 258 0027 06       		.byte	0x6
 259 0028 61050000 		.4byte	.LASF0
 260 002c 02       		.uleb128 0x2
 261 002d 01       		.byte	0x1
 262 002e 08       		.byte	0x8
 263 002f CC040000 		.4byte	.LASF1
 264 0033 02       		.uleb128 0x2
 265 0034 02       		.byte	0x2
 266 0035 05       		.byte	0x5
 267 0036 C9000000 		.4byte	.LASF2
 268 003a 02       		.uleb128 0x2
 269 003b 02       		.byte	0x2
 270 003c 07       		.byte	0x7
 271 003d 6B070000 		.4byte	.LASF3
 272 0041 02       		.uleb128 0x2
 273 0042 04       		.byte	0x4
 274 0043 05       		.byte	0x5
 275 0044 39030000 		.4byte	.LASF4
 276 0048 02       		.uleb128 0x2
 277 0049 04       		.byte	0x4
 278 004a 07       		.byte	0x7
 279 004b 01060000 		.4byte	.LASF5
 280 004f 02       		.uleb128 0x2
 281 0050 08       		.byte	0x8
 282 0051 05       		.byte	0x5
 283 0052 5E080000 		.4byte	.LASF6
 284 0056 02       		.uleb128 0x2
 285 0057 08       		.byte	0x8
 286 0058 07       		.byte	0x7
 287 0059 22030000 		.4byte	.LASF7
 288 005d 03       		.uleb128 0x3
 289 005e 04       		.byte	0x4
 290 005f 05       		.byte	0x5
 291 0060 696E7400 		.ascii	"int\000"
 292 0064 02       		.uleb128 0x2
 293 0065 04       		.byte	0x4
 294 0066 07       		.byte	0x7
 295 0067 D0050000 		.4byte	.LASF8
 296 006b 04       		.uleb128 0x4
 297 006c 92040000 		.4byte	.LASF9
 298 0070 02       		.byte	0x2
 299 0071 3801     		.2byte	0x138
 300 0073 2C000000 		.4byte	0x2c
 301 0077 04       		.uleb128 0x4
 302 0078 E8010000 		.4byte	.LASF10
 303 007c 02       		.byte	0x2
 304 007d 3901     		.2byte	0x139
 305 007f 3A000000 		.4byte	0x3a
 306 0083 04       		.uleb128 0x4
 307 0084 DF070000 		.4byte	.LASF11
 308 0088 02       		.byte	0x2
 309 0089 3A01     		.2byte	0x13a
 310 008b 48000000 		.4byte	0x48
ARM GAS  C:\Users\TTSS\AppData\Local\Temp\ccoXf1ha.s 			page 8


 311 008f 02       		.uleb128 0x2
 312 0090 04       		.byte	0x4
 313 0091 04       		.byte	0x4
 314 0092 B7020000 		.4byte	.LASF12
 315 0096 02       		.uleb128 0x2
 316 0097 08       		.byte	0x8
 317 0098 04       		.byte	0x4
 318 0099 34080000 		.4byte	.LASF13
 319 009d 02       		.uleb128 0x2
 320 009e 01       		.byte	0x1
 321 009f 08       		.byte	0x8
 322 00a0 B3060000 		.4byte	.LASF14
 323 00a4 02       		.uleb128 0x2
 324 00a5 04       		.byte	0x4
 325 00a6 07       		.byte	0x7
 326 00a7 ED000000 		.4byte	.LASF15
 327 00ab 05       		.uleb128 0x5
 328 00ac 04       		.byte	0x4
 329 00ad 06       		.uleb128 0x6
 330 00ae 04       		.byte	0x4
 331 00af 9D000000 		.4byte	0x9d
 332 00b3 07       		.uleb128 0x7
 333 00b4 01       		.byte	0x1
 334 00b5 03       		.byte	0x3
 335 00b6 7A       		.byte	0x7a
 336 00b7 38020000 		.4byte	0x238
 337 00bb 08       		.uleb128 0x8
 338 00bc 53020000 		.4byte	.LASF16
 339 00c0 00       		.sleb128 0
 340 00c1 08       		.uleb128 0x8
 341 00c2 9C010000 		.4byte	.LASF17
 342 00c6 01       		.sleb128 1
 343 00c7 08       		.uleb128 0x8
 344 00c8 57090000 		.4byte	.LASF18
 345 00cc 02       		.sleb128 2
 346 00cd 08       		.uleb128 0x8
 347 00ce 6C080000 		.4byte	.LASF19
 348 00d2 03       		.sleb128 3
 349 00d3 08       		.uleb128 0x8
 350 00d4 48010000 		.4byte	.LASF20
 351 00d8 04       		.sleb128 4
 352 00d9 08       		.uleb128 0x8
 353 00da 1C040000 		.4byte	.LASF21
 354 00de 05       		.sleb128 5
 355 00df 08       		.uleb128 0x8
 356 00e0 7E070000 		.4byte	.LASF22
 357 00e4 20       		.sleb128 32
 358 00e5 08       		.uleb128 0x8
 359 00e6 13060000 		.4byte	.LASF23
 360 00ea 21       		.sleb128 33
 361 00eb 08       		.uleb128 0x8
 362 00ec 27000000 		.4byte	.LASF24
 363 00f0 22       		.sleb128 34
 364 00f1 08       		.uleb128 0x8
 365 00f2 40040000 		.4byte	.LASF25
 366 00f6 23       		.sleb128 35
 367 00f7 08       		.uleb128 0x8
ARM GAS  C:\Users\TTSS\AppData\Local\Temp\ccoXf1ha.s 			page 9


 368 00f8 B4050000 		.4byte	.LASF26
 369 00fc 24       		.sleb128 36
 370 00fd 08       		.uleb128 0x8
 371 00fe D3000000 		.4byte	.LASF27
 372 0102 25       		.sleb128 37
 373 0103 08       		.uleb128 0x8
 374 0104 D3030000 		.4byte	.LASF28
 375 0108 26       		.sleb128 38
 376 0109 08       		.uleb128 0x8
 377 010a B4030000 		.4byte	.LASF29
 378 010e 27       		.sleb128 39
 379 010f 08       		.uleb128 0x8
 380 0110 4A0A0000 		.4byte	.LASF30
 381 0114 28       		.sleb128 40
 382 0115 08       		.uleb128 0x8
 383 0116 4B060000 		.4byte	.LASF31
 384 011a 29       		.sleb128 41
 385 011b 08       		.uleb128 0x8
 386 011c 8A060000 		.4byte	.LASF32
 387 0120 2A       		.sleb128 42
 388 0121 08       		.uleb128 0x8
 389 0122 8D090000 		.4byte	.LASF33
 390 0126 2B       		.sleb128 43
 391 0127 08       		.uleb128 0x8
 392 0128 EF010000 		.4byte	.LASF34
 393 012c 2C       		.sleb128 44
 394 012d 08       		.uleb128 0x8
 395 012e 6B000000 		.4byte	.LASF35
 396 0132 C000     		.sleb128 64
 397 0134 08       		.uleb128 0x8
 398 0135 E6050000 		.4byte	.LASF36
 399 0139 C100     		.sleb128 65
 400 013b 08       		.uleb128 0x8
 401 013c 9B0A0000 		.4byte	.LASF37
 402 0140 C200     		.sleb128 66
 403 0142 08       		.uleb128 0x8
 404 0143 CA010000 		.4byte	.LASF38
 405 0147 C300     		.sleb128 67
 406 0149 08       		.uleb128 0x8
 407 014a 39090000 		.4byte	.LASF39
 408 014e C400     		.sleb128 68
 409 0150 08       		.uleb128 0x8
 410 0151 F4080000 		.4byte	.LASF40
 411 0155 C500     		.sleb128 69
 412 0157 08       		.uleb128 0x8
 413 0158 5D010000 		.4byte	.LASF41
 414 015c C600     		.sleb128 70
 415 015e 08       		.uleb128 0x8
 416 015f 43050000 		.4byte	.LASF42
 417 0163 C700     		.sleb128 71
 418 0165 08       		.uleb128 0x8
 419 0166 8D050000 		.4byte	.LASF43
 420 016a C800     		.sleb128 72
 421 016c 08       		.uleb128 0x8
 422 016d BD020000 		.4byte	.LASF44
 423 0171 C900     		.sleb128 73
 424 0173 08       		.uleb128 0x8
ARM GAS  C:\Users\TTSS\AppData\Local\Temp\ccoXf1ha.s 			page 10


 425 0174 A2070000 		.4byte	.LASF45
 426 0178 CA00     		.sleb128 74
 427 017a 08       		.uleb128 0x8
 428 017b 13020000 		.4byte	.LASF46
 429 017f CB00     		.sleb128 75
 430 0181 08       		.uleb128 0x8
 431 0182 73050000 		.4byte	.LASF47
 432 0186 CC00     		.sleb128 76
 433 0188 08       		.uleb128 0x8
 434 0189 FC020000 		.4byte	.LASF48
 435 018d CD00     		.sleb128 77
 436 018f 08       		.uleb128 0x8
 437 0190 1B090000 		.4byte	.LASF49
 438 0194 CE00     		.sleb128 78
 439 0196 08       		.uleb128 0x8
 440 0197 DA040000 		.4byte	.LASF50
 441 019b CF00     		.sleb128 79
 442 019d 08       		.uleb128 0x8
 443 019e 1A0A0000 		.4byte	.LASF51
 444 01a2 D000     		.sleb128 80
 445 01a4 08       		.uleb128 0x8
 446 01a5 C0070000 		.4byte	.LASF52
 447 01a9 D100     		.sleb128 81
 448 01ab 08       		.uleb128 0x8
 449 01ac FB030000 		.4byte	.LASF53
 450 01b0 D200     		.sleb128 82
 451 01b2 08       		.uleb128 0x8
 452 01b3 42030000 		.4byte	.LASF54
 453 01b7 D300     		.sleb128 83
 454 01b9 08       		.uleb128 0x8
 455 01ba 32020000 		.4byte	.LASF55
 456 01be D400     		.sleb128 84
 457 01c0 08       		.uleb128 0x8
 458 01c1 770A0000 		.4byte	.LASF56
 459 01c5 D500     		.sleb128 85
 460 01c7 08       		.uleb128 0x8
 461 01c8 F8090000 		.4byte	.LASF57
 462 01cc D600     		.sleb128 86
 463 01ce 08       		.uleb128 0x8
 464 01cf CF090000 		.4byte	.LASF58
 465 01d3 D700     		.sleb128 87
 466 01d5 08       		.uleb128 0x8
 467 01d6 A6040000 		.4byte	.LASF59
 468 01da F000     		.sleb128 112
 469 01dc 08       		.uleb128 0x8
 470 01dd A4080000 		.4byte	.LASF60
 471 01e1 F100     		.sleb128 113
 472 01e3 08       		.uleb128 0x8
 473 01e4 4F070000 		.4byte	.LASF61
 474 01e8 F200     		.sleb128 114
 475 01ea 08       		.uleb128 0x8
 476 01eb 6A020000 		.4byte	.LASF62
 477 01ef F300     		.sleb128 115
 478 01f1 08       		.uleb128 0x8
 479 01f2 66040000 		.4byte	.LASF63
 480 01f6 F400     		.sleb128 116
 481 01f8 08       		.uleb128 0x8
ARM GAS  C:\Users\TTSS\AppData\Local\Temp\ccoXf1ha.s 			page 11


 482 01f9 2A060000 		.4byte	.LASF64
 483 01fd F500     		.sleb128 117
 484 01ff 08       		.uleb128 0x8
 485 0200 88020000 		.4byte	.LASF65
 486 0204 F600     		.sleb128 118
 487 0206 08       		.uleb128 0x8
 488 0207 85080000 		.4byte	.LASF66
 489 020b F700     		.sleb128 119
 490 020d 08       		.uleb128 0x8
 491 020e ED070000 		.4byte	.LASF67
 492 0212 F800     		.sleb128 120
 493 0214 08       		.uleb128 0x8
 494 0215 3B080000 		.4byte	.LASF68
 495 0219 F900     		.sleb128 121
 496 021b 08       		.uleb128 0x8
 497 021c 69090000 		.4byte	.LASF69
 498 0220 FA00     		.sleb128 122
 499 0222 08       		.uleb128 0x8
 500 0223 7E010000 		.4byte	.LASF70
 501 0227 FA01     		.sleb128 250
 502 0229 08       		.uleb128 0x8
 503 022a F9040000 		.4byte	.LASF71
 504 022e FB01     		.sleb128 251
 505 0230 08       		.uleb128 0x8
 506 0231 84040000 		.4byte	.LASF72
 507 0235 FF01     		.sleb128 255
 508 0237 00       		.byte	0
 509 0238 09       		.uleb128 0x9
 510 0239 6B000000 		.4byte	0x6b
 511 023d 48020000 		.4byte	0x248
 512 0241 0A       		.uleb128 0xa
 513 0242 A4000000 		.4byte	0xa4
 514 0246 05       		.byte	0x5
 515 0247 00       		.byte	0
 516 0248 07       		.uleb128 0x7
 517 0249 01       		.byte	0x1
 518 024a 04       		.byte	0x4
 519 024b 8A       		.byte	0x8a
 520 024c 6F020000 		.4byte	0x26f
 521 0250 08       		.uleb128 0x8
 522 0251 D6020000 		.4byte	.LASF73
 523 0255 00       		.sleb128 0
 524 0256 08       		.uleb128 0x8
 525 0257 16010000 		.4byte	.LASF74
 526 025b 01       		.sleb128 1
 527 025c 08       		.uleb128 0x8
 528 025d 10080000 		.4byte	.LASF75
 529 0261 02       		.sleb128 2
 530 0262 08       		.uleb128 0x8
 531 0263 CA080000 		.4byte	.LASF76
 532 0267 03       		.sleb128 3
 533 0268 08       		.uleb128 0x8
 534 0269 18050000 		.4byte	.LASF77
 535 026d 04       		.sleb128 4
 536 026e 00       		.byte	0
 537 026f 0B       		.uleb128 0xb
 538 0270 390A0000 		.4byte	.LASF78
ARM GAS  C:\Users\TTSS\AppData\Local\Temp\ccoXf1ha.s 			page 12


 539 0274 04       		.byte	0x4
 540 0275 9A       		.byte	0x9a
 541 0276 48020000 		.4byte	0x248
 542 027a 0C       		.uleb128 0xc
 543 027b 10       		.byte	0x10
 544 027c 04       		.byte	0x4
 545 027d 6801     		.2byte	0x168
 546 027f EC020000 		.4byte	0x2ec
 547 0283 0D       		.uleb128 0xd
 548 0284 00000000 		.4byte	.LASF79
 549 0288 04       		.byte	0x4
 550 0289 6E01     		.2byte	0x16e
 551 028b 77000000 		.4byte	0x77
 552 028f 00       		.byte	0
 553 0290 0D       		.uleb128 0xd
 554 0291 B4090000 		.4byte	.LASF80
 555 0295 04       		.byte	0x4
 556 0296 7401     		.2byte	0x174
 557 0298 77000000 		.4byte	0x77
 558 029c 02       		.byte	0x2
 559 029d 0D       		.uleb128 0xd
 560 029e AC090000 		.4byte	.LASF81
 561 02a2 04       		.byte	0x4
 562 02a3 7D01     		.2byte	0x17d
 563 02a5 6F020000 		.4byte	0x26f
 564 02a9 04       		.byte	0x4
 565 02aa 0D       		.uleb128 0xd
 566 02ab F6000000 		.4byte	.LASF82
 567 02af 04       		.byte	0x4
 568 02b0 8301     		.2byte	0x183
 569 02b2 6B000000 		.4byte	0x6b
 570 02b6 05       		.byte	0x5
 571 02b7 0D       		.uleb128 0xd
 572 02b8 85000000 		.4byte	.LASF83
 573 02bc 04       		.byte	0x4
 574 02bd 8A01     		.2byte	0x18a
 575 02bf 6B000000 		.4byte	0x6b
 576 02c3 06       		.byte	0x6
 577 02c4 0D       		.uleb128 0xd
 578 02c5 94000000 		.4byte	.LASF84
 579 02c9 04       		.byte	0x4
 580 02ca 9001     		.2byte	0x190
 581 02cc 38020000 		.4byte	0x238
 582 02d0 07       		.byte	0x7
 583 02d1 0D       		.uleb128 0xd
 584 02d2 A9020000 		.4byte	.LASF85
 585 02d6 04       		.byte	0x4
 586 02d7 9801     		.2byte	0x198
 587 02d9 6B000000 		.4byte	0x6b
 588 02dd 0D       		.byte	0xd
 589 02de 0D       		.uleb128 0xd
 590 02df BF090000 		.4byte	.LASF86
 591 02e3 04       		.byte	0x4
 592 02e4 A401     		.2byte	0x1a4
 593 02e6 6B000000 		.4byte	0x6b
 594 02ea 0E       		.byte	0xe
 595 02eb 00       		.byte	0
ARM GAS  C:\Users\TTSS\AppData\Local\Temp\ccoXf1ha.s 			page 13


 596 02ec 04       		.uleb128 0x4
 597 02ed B1000000 		.4byte	.LASF87
 598 02f1 04       		.byte	0x4
 599 02f2 A601     		.2byte	0x1a6
 600 02f4 7A020000 		.4byte	0x27a
 601 02f8 0C       		.uleb128 0xc
 602 02f9 20       		.byte	0x20
 603 02fa 04       		.byte	0x4
 604 02fb A901     		.2byte	0x1a9
 605 02fd 1C030000 		.4byte	0x31c
 606 0301 0D       		.uleb128 0xd
 607 0302 38040000 		.4byte	.LASF88
 608 0306 04       		.byte	0x4
 609 0307 AC01     		.2byte	0x1ac
 610 0309 1C030000 		.4byte	0x31c
 611 030d 00       		.byte	0
 612 030e 0D       		.uleb128 0xd
 613 030f 68060000 		.4byte	.LASF89
 614 0313 04       		.byte	0x4
 615 0314 AF01     		.2byte	0x1af
 616 0316 6B000000 		.4byte	0x6b
 617 031a 1F       		.byte	0x1f
 618 031b 00       		.byte	0
 619 031c 09       		.uleb128 0x9
 620 031d 6B000000 		.4byte	0x6b
 621 0321 2C030000 		.4byte	0x32c
 622 0325 0A       		.uleb128 0xa
 623 0326 A4000000 		.4byte	0xa4
 624 032a 1E       		.byte	0x1e
 625 032b 00       		.byte	0
 626 032c 04       		.uleb128 0x4
 627 032d 73060000 		.4byte	.LASF90
 628 0331 04       		.byte	0x4
 629 0332 B101     		.2byte	0x1b1
 630 0334 F8020000 		.4byte	0x2f8
 631 0338 0C       		.uleb128 0xc
 632 0339 20       		.byte	0x20
 633 033a 04       		.byte	0x4
 634 033b B401     		.2byte	0x1b4
 635 033d 5C030000 		.4byte	0x35c
 636 0341 0D       		.uleb128 0xd
 637 0342 16030000 		.4byte	.LASF91
 638 0346 04       		.byte	0x4
 639 0347 B801     		.2byte	0x1b8
 640 0349 1C030000 		.4byte	0x31c
 641 034d 00       		.byte	0
 642 034e 0D       		.uleb128 0xd
 643 034f 07010000 		.4byte	.LASF92
 644 0353 04       		.byte	0x4
 645 0354 BB01     		.2byte	0x1bb
 646 0356 6B000000 		.4byte	0x6b
 647 035a 1F       		.byte	0x1f
 648 035b 00       		.byte	0
 649 035c 04       		.uleb128 0x4
 650 035d AF010000 		.4byte	.LASF93
 651 0361 04       		.byte	0x4
 652 0362 BD01     		.2byte	0x1bd
ARM GAS  C:\Users\TTSS\AppData\Local\Temp\ccoXf1ha.s 			page 14


 653 0364 38030000 		.4byte	0x338
 654 0368 0C       		.uleb128 0xc
 655 0369 14       		.byte	0x14
 656 036a 04       		.byte	0x4
 657 036b C001     		.2byte	0x1c0
 658 036d B3030000 		.4byte	0x3b3
 659 0371 0D       		.uleb128 0xd
 660 0372 B8060000 		.4byte	.LASF94
 661 0376 04       		.byte	0x4
 662 0377 C801     		.2byte	0x1c8
 663 0379 6B000000 		.4byte	0x6b
 664 037d 00       		.byte	0
 665 037e 0D       		.uleb128 0xd
 666 037f DD050000 		.4byte	.LASF95
 667 0383 04       		.byte	0x4
 668 0384 CB01     		.2byte	0x1cb
 669 0386 B3030000 		.4byte	0x3b3
 670 038a 04       		.byte	0x4
 671 038b 0D       		.uleb128 0xd
 672 038c 38040000 		.4byte	.LASF88
 673 0390 04       		.byte	0x4
 674 0391 CD01     		.2byte	0x1cd
 675 0393 B9030000 		.4byte	0x3b9
 676 0397 08       		.byte	0x8
 677 0398 0D       		.uleb128 0xd
 678 0399 16030000 		.4byte	.LASF91
 679 039d 04       		.byte	0x4
 680 039e CF01     		.2byte	0x1cf
 681 03a0 BF030000 		.4byte	0x3bf
 682 03a4 0C       		.byte	0xc
 683 03a5 0D       		.uleb128 0xd
 684 03a6 6D050000 		.4byte	.LASF96
 685 03aa 04       		.byte	0x4
 686 03ab D901     		.2byte	0x1d9
 687 03ad 77000000 		.4byte	0x77
 688 03b1 10       		.byte	0x10
 689 03b2 00       		.byte	0
 690 03b3 06       		.uleb128 0x6
 691 03b4 04       		.byte	0x4
 692 03b5 EC020000 		.4byte	0x2ec
 693 03b9 06       		.uleb128 0x6
 694 03ba 04       		.byte	0x4
 695 03bb 2C030000 		.4byte	0x32c
 696 03bf 06       		.uleb128 0x6
 697 03c0 04       		.byte	0x4
 698 03c1 5C030000 		.4byte	0x35c
 699 03c5 04       		.uleb128 0x4
 700 03c6 0B000000 		.4byte	.LASF97
 701 03ca 04       		.byte	0x4
 702 03cb DB01     		.2byte	0x1db
 703 03cd 68030000 		.4byte	0x368
 704 03d1 0E       		.uleb128 0xe
 705 03d2 02010000 		.4byte	.LASF98
 706 03d6 01       		.byte	0x1
 707 03d7 18       		.byte	0x18
 708 03d8 5D000000 		.4byte	0x5d
 709 03dc 00000000 		.4byte	.LFB37
ARM GAS  C:\Users\TTSS\AppData\Local\Temp\ccoXf1ha.s 			page 15


 710 03e0 8C000000 		.4byte	.LFE37-.LFB37
 711 03e4 01       		.uleb128 0x1
 712 03e5 9C       		.byte	0x9c
 713 03e6 03040000 		.4byte	0x403
 714 03ea 0F       		.uleb128 0xf
 715 03eb 14000000 		.4byte	.LBB2
 716 03ef 6C000000 		.4byte	.LBE2-.LBB2
 717 03f3 10       		.uleb128 0x10
 718 03f4 76616C00 		.ascii	"val\000"
 719 03f8 01       		.byte	0x1
 720 03f9 21       		.byte	0x21
 721 03fa AD000000 		.4byte	0xad
 722 03fe 02       		.uleb128 0x2
 723 03ff 91       		.byte	0x91
 724 0400 74       		.sleb128 -12
 725 0401 00       		.byte	0
 726 0402 00       		.byte	0
 727 0403 11       		.uleb128 0x11
 728 0404 9F000000 		.4byte	.LASF99
 729 0408 01       		.byte	0x1
 730 0409 30       		.byte	0x30
 731 040a 00000000 		.4byte	.LFB38
 732 040e 20000000 		.4byte	.LFE38-.LFB38
 733 0412 01       		.uleb128 0x1
 734 0413 9C       		.byte	0x9c
 735 0414 35040000 		.4byte	0x435
 736 0418 12       		.uleb128 0x12
 737 0419 42010000 		.4byte	.LASF100
 738 041d 01       		.byte	0x1
 739 041e 30       		.byte	0x30
 740 041f 83000000 		.4byte	0x83
 741 0423 02       		.uleb128 0x2
 742 0424 91       		.byte	0x91
 743 0425 74       		.sleb128 -12
 744 0426 12       		.uleb128 0x12
 745 0427 6C0A0000 		.4byte	.LASF101
 746 042b 01       		.byte	0x1
 747 042c 30       		.byte	0x30
 748 042d AB000000 		.4byte	0xab
 749 0431 02       		.uleb128 0x2
 750 0432 91       		.byte	0x91
 751 0433 70       		.sleb128 -16
 752 0434 00       		.byte	0
 753 0435 0E       		.uleb128 0xe
 754 0436 98040000 		.4byte	.LASF102
 755 043a 01       		.byte	0x1
 756 043b 47       		.byte	0x47
 757 043c AD000000 		.4byte	0xad
 758 0440 00000000 		.4byte	.LFB39
 759 0444 50000000 		.4byte	.LFE39-.LFB39
 760 0448 01       		.uleb128 0x1
 761 0449 9C       		.byte	0x9c
 762 044a 6E040000 		.4byte	0x46e
 763 044e 10       		.uleb128 0x10
 764 044f 69647800 		.ascii	"idx\000"
 765 0453 01       		.byte	0x1
 766 0454 48       		.byte	0x48
ARM GAS  C:\Users\TTSS\AppData\Local\Temp\ccoXf1ha.s 			page 16


 767 0455 5D000000 		.4byte	0x5d
 768 0459 02       		.uleb128 0x2
 769 045a 91       		.byte	0x91
 770 045b 74       		.sleb128 -12
 771 045c 13       		.uleb128 0x13
 772 045d 63000000 		.4byte	.LASF103
 773 0461 01       		.byte	0x1
 774 0462 49       		.byte	0x49
 775 0463 6E040000 		.4byte	0x46e
 776 0467 05       		.uleb128 0x5
 777 0468 03       		.byte	0x3
 778 0469 00000000 		.4byte	senData.6512
 779 046d 00       		.byte	0
 780 046e 09       		.uleb128 0x9
 781 046f 9D000000 		.4byte	0x9d
 782 0473 7E040000 		.4byte	0x47e
 783 0477 0A       		.uleb128 0xa
 784 0478 A4000000 		.4byte	0xa4
 785 047c 1F       		.byte	0x1f
 786 047d 00       		.byte	0
 787 047e 14       		.uleb128 0x14
 788 047f 4B000000 		.4byte	.LASF107
 789 0483 01       		.byte	0x1
 790 0484 14       		.byte	0x14
 791 0485 C5030000 		.4byte	0x3c5
 792 0489 00       		.byte	0
 793              		.section	.debug_abbrev,"",%progbits
 794              	.Ldebug_abbrev0:
 795 0000 01       		.uleb128 0x1
 796 0001 11       		.uleb128 0x11
 797 0002 01       		.byte	0x1
 798 0003 25       		.uleb128 0x25
 799 0004 0E       		.uleb128 0xe
 800 0005 13       		.uleb128 0x13
 801 0006 0B       		.uleb128 0xb
 802 0007 03       		.uleb128 0x3
 803 0008 0E       		.uleb128 0xe
 804 0009 1B       		.uleb128 0x1b
 805 000a 0E       		.uleb128 0xe
 806 000b 55       		.uleb128 0x55
 807 000c 17       		.uleb128 0x17
 808 000d 11       		.uleb128 0x11
 809 000e 01       		.uleb128 0x1
 810 000f 10       		.uleb128 0x10
 811 0010 17       		.uleb128 0x17
 812 0011 00       		.byte	0
 813 0012 00       		.byte	0
 814 0013 02       		.uleb128 0x2
 815 0014 24       		.uleb128 0x24
 816 0015 00       		.byte	0
 817 0016 0B       		.uleb128 0xb
 818 0017 0B       		.uleb128 0xb
 819 0018 3E       		.uleb128 0x3e
 820 0019 0B       		.uleb128 0xb
 821 001a 03       		.uleb128 0x3
 822 001b 0E       		.uleb128 0xe
 823 001c 00       		.byte	0
ARM GAS  C:\Users\TTSS\AppData\Local\Temp\ccoXf1ha.s 			page 17


 824 001d 00       		.byte	0
 825 001e 03       		.uleb128 0x3
 826 001f 24       		.uleb128 0x24
 827 0020 00       		.byte	0
 828 0021 0B       		.uleb128 0xb
 829 0022 0B       		.uleb128 0xb
 830 0023 3E       		.uleb128 0x3e
 831 0024 0B       		.uleb128 0xb
 832 0025 03       		.uleb128 0x3
 833 0026 08       		.uleb128 0x8
 834 0027 00       		.byte	0
 835 0028 00       		.byte	0
 836 0029 04       		.uleb128 0x4
 837 002a 16       		.uleb128 0x16
 838 002b 00       		.byte	0
 839 002c 03       		.uleb128 0x3
 840 002d 0E       		.uleb128 0xe
 841 002e 3A       		.uleb128 0x3a
 842 002f 0B       		.uleb128 0xb
 843 0030 3B       		.uleb128 0x3b
 844 0031 05       		.uleb128 0x5
 845 0032 49       		.uleb128 0x49
 846 0033 13       		.uleb128 0x13
 847 0034 00       		.byte	0
 848 0035 00       		.byte	0
 849 0036 05       		.uleb128 0x5
 850 0037 0F       		.uleb128 0xf
 851 0038 00       		.byte	0
 852 0039 0B       		.uleb128 0xb
 853 003a 0B       		.uleb128 0xb
 854 003b 00       		.byte	0
 855 003c 00       		.byte	0
 856 003d 06       		.uleb128 0x6
 857 003e 0F       		.uleb128 0xf
 858 003f 00       		.byte	0
 859 0040 0B       		.uleb128 0xb
 860 0041 0B       		.uleb128 0xb
 861 0042 49       		.uleb128 0x49
 862 0043 13       		.uleb128 0x13
 863 0044 00       		.byte	0
 864 0045 00       		.byte	0
 865 0046 07       		.uleb128 0x7
 866 0047 04       		.uleb128 0x4
 867 0048 01       		.byte	0x1
 868 0049 0B       		.uleb128 0xb
 869 004a 0B       		.uleb128 0xb
 870 004b 3A       		.uleb128 0x3a
 871 004c 0B       		.uleb128 0xb
 872 004d 3B       		.uleb128 0x3b
 873 004e 0B       		.uleb128 0xb
 874 004f 01       		.uleb128 0x1
 875 0050 13       		.uleb128 0x13
 876 0051 00       		.byte	0
 877 0052 00       		.byte	0
 878 0053 08       		.uleb128 0x8
 879 0054 28       		.uleb128 0x28
 880 0055 00       		.byte	0
ARM GAS  C:\Users\TTSS\AppData\Local\Temp\ccoXf1ha.s 			page 18


 881 0056 03       		.uleb128 0x3
 882 0057 0E       		.uleb128 0xe
 883 0058 1C       		.uleb128 0x1c
 884 0059 0D       		.uleb128 0xd
 885 005a 00       		.byte	0
 886 005b 00       		.byte	0
 887 005c 09       		.uleb128 0x9
 888 005d 01       		.uleb128 0x1
 889 005e 01       		.byte	0x1
 890 005f 49       		.uleb128 0x49
 891 0060 13       		.uleb128 0x13
 892 0061 01       		.uleb128 0x1
 893 0062 13       		.uleb128 0x13
 894 0063 00       		.byte	0
 895 0064 00       		.byte	0
 896 0065 0A       		.uleb128 0xa
 897 0066 21       		.uleb128 0x21
 898 0067 00       		.byte	0
 899 0068 49       		.uleb128 0x49
 900 0069 13       		.uleb128 0x13
 901 006a 2F       		.uleb128 0x2f
 902 006b 0B       		.uleb128 0xb
 903 006c 00       		.byte	0
 904 006d 00       		.byte	0
 905 006e 0B       		.uleb128 0xb
 906 006f 16       		.uleb128 0x16
 907 0070 00       		.byte	0
 908 0071 03       		.uleb128 0x3
 909 0072 0E       		.uleb128 0xe
 910 0073 3A       		.uleb128 0x3a
 911 0074 0B       		.uleb128 0xb
 912 0075 3B       		.uleb128 0x3b
 913 0076 0B       		.uleb128 0xb
 914 0077 49       		.uleb128 0x49
 915 0078 13       		.uleb128 0x13
 916 0079 00       		.byte	0
 917 007a 00       		.byte	0
 918 007b 0C       		.uleb128 0xc
 919 007c 13       		.uleb128 0x13
 920 007d 01       		.byte	0x1
 921 007e 0B       		.uleb128 0xb
 922 007f 0B       		.uleb128 0xb
 923 0080 3A       		.uleb128 0x3a
 924 0081 0B       		.uleb128 0xb
 925 0082 3B       		.uleb128 0x3b
 926 0083 05       		.uleb128 0x5
 927 0084 01       		.uleb128 0x1
 928 0085 13       		.uleb128 0x13
 929 0086 00       		.byte	0
 930 0087 00       		.byte	0
 931 0088 0D       		.uleb128 0xd
 932 0089 0D       		.uleb128 0xd
 933 008a 00       		.byte	0
 934 008b 03       		.uleb128 0x3
 935 008c 0E       		.uleb128 0xe
 936 008d 3A       		.uleb128 0x3a
 937 008e 0B       		.uleb128 0xb
ARM GAS  C:\Users\TTSS\AppData\Local\Temp\ccoXf1ha.s 			page 19


 938 008f 3B       		.uleb128 0x3b
 939 0090 05       		.uleb128 0x5
 940 0091 49       		.uleb128 0x49
 941 0092 13       		.uleb128 0x13
 942 0093 38       		.uleb128 0x38
 943 0094 0B       		.uleb128 0xb
 944 0095 00       		.byte	0
 945 0096 00       		.byte	0
 946 0097 0E       		.uleb128 0xe
 947 0098 2E       		.uleb128 0x2e
 948 0099 01       		.byte	0x1
 949 009a 3F       		.uleb128 0x3f
 950 009b 19       		.uleb128 0x19
 951 009c 03       		.uleb128 0x3
 952 009d 0E       		.uleb128 0xe
 953 009e 3A       		.uleb128 0x3a
 954 009f 0B       		.uleb128 0xb
 955 00a0 3B       		.uleb128 0x3b
 956 00a1 0B       		.uleb128 0xb
 957 00a2 49       		.uleb128 0x49
 958 00a3 13       		.uleb128 0x13
 959 00a4 11       		.uleb128 0x11
 960 00a5 01       		.uleb128 0x1
 961 00a6 12       		.uleb128 0x12
 962 00a7 06       		.uleb128 0x6
 963 00a8 40       		.uleb128 0x40
 964 00a9 18       		.uleb128 0x18
 965 00aa 9642     		.uleb128 0x2116
 966 00ac 19       		.uleb128 0x19
 967 00ad 01       		.uleb128 0x1
 968 00ae 13       		.uleb128 0x13
 969 00af 00       		.byte	0
 970 00b0 00       		.byte	0
 971 00b1 0F       		.uleb128 0xf
 972 00b2 0B       		.uleb128 0xb
 973 00b3 01       		.byte	0x1
 974 00b4 11       		.uleb128 0x11
 975 00b5 01       		.uleb128 0x1
 976 00b6 12       		.uleb128 0x12
 977 00b7 06       		.uleb128 0x6
 978 00b8 00       		.byte	0
 979 00b9 00       		.byte	0
 980 00ba 10       		.uleb128 0x10
 981 00bb 34       		.uleb128 0x34
 982 00bc 00       		.byte	0
 983 00bd 03       		.uleb128 0x3
 984 00be 08       		.uleb128 0x8
 985 00bf 3A       		.uleb128 0x3a
 986 00c0 0B       		.uleb128 0xb
 987 00c1 3B       		.uleb128 0x3b
 988 00c2 0B       		.uleb128 0xb
 989 00c3 49       		.uleb128 0x49
 990 00c4 13       		.uleb128 0x13
 991 00c5 02       		.uleb128 0x2
 992 00c6 18       		.uleb128 0x18
 993 00c7 00       		.byte	0
 994 00c8 00       		.byte	0
ARM GAS  C:\Users\TTSS\AppData\Local\Temp\ccoXf1ha.s 			page 20


 995 00c9 11       		.uleb128 0x11
 996 00ca 2E       		.uleb128 0x2e
 997 00cb 01       		.byte	0x1
 998 00cc 3F       		.uleb128 0x3f
 999 00cd 19       		.uleb128 0x19
 1000 00ce 03       		.uleb128 0x3
 1001 00cf 0E       		.uleb128 0xe
 1002 00d0 3A       		.uleb128 0x3a
 1003 00d1 0B       		.uleb128 0xb
 1004 00d2 3B       		.uleb128 0x3b
 1005 00d3 0B       		.uleb128 0xb
 1006 00d4 27       		.uleb128 0x27
 1007 00d5 19       		.uleb128 0x19
 1008 00d6 11       		.uleb128 0x11
 1009 00d7 01       		.uleb128 0x1
 1010 00d8 12       		.uleb128 0x12
 1011 00d9 06       		.uleb128 0x6
 1012 00da 40       		.uleb128 0x40
 1013 00db 18       		.uleb128 0x18
 1014 00dc 9642     		.uleb128 0x2116
 1015 00de 19       		.uleb128 0x19
 1016 00df 01       		.uleb128 0x1
 1017 00e0 13       		.uleb128 0x13
 1018 00e1 00       		.byte	0
 1019 00e2 00       		.byte	0
 1020 00e3 12       		.uleb128 0x12
 1021 00e4 05       		.uleb128 0x5
 1022 00e5 00       		.byte	0
 1023 00e6 03       		.uleb128 0x3
 1024 00e7 0E       		.uleb128 0xe
 1025 00e8 3A       		.uleb128 0x3a
 1026 00e9 0B       		.uleb128 0xb
 1027 00ea 3B       		.uleb128 0x3b
 1028 00eb 0B       		.uleb128 0xb
 1029 00ec 49       		.uleb128 0x49
 1030 00ed 13       		.uleb128 0x13
 1031 00ee 02       		.uleb128 0x2
 1032 00ef 18       		.uleb128 0x18
 1033 00f0 00       		.byte	0
 1034 00f1 00       		.byte	0
 1035 00f2 13       		.uleb128 0x13
 1036 00f3 34       		.uleb128 0x34
 1037 00f4 00       		.byte	0
 1038 00f5 03       		.uleb128 0x3
 1039 00f6 0E       		.uleb128 0xe
 1040 00f7 3A       		.uleb128 0x3a
 1041 00f8 0B       		.uleb128 0xb
 1042 00f9 3B       		.uleb128 0x3b
 1043 00fa 0B       		.uleb128 0xb
 1044 00fb 49       		.uleb128 0x49
 1045 00fc 13       		.uleb128 0x13
 1046 00fd 02       		.uleb128 0x2
 1047 00fe 18       		.uleb128 0x18
 1048 00ff 00       		.byte	0
 1049 0100 00       		.byte	0
 1050 0101 14       		.uleb128 0x14
 1051 0102 34       		.uleb128 0x34
ARM GAS  C:\Users\TTSS\AppData\Local\Temp\ccoXf1ha.s 			page 21


 1052 0103 00       		.byte	0
 1053 0104 03       		.uleb128 0x3
 1054 0105 0E       		.uleb128 0xe
 1055 0106 3A       		.uleb128 0x3a
 1056 0107 0B       		.uleb128 0xb
 1057 0108 3B       		.uleb128 0x3b
 1058 0109 0B       		.uleb128 0xb
 1059 010a 49       		.uleb128 0x49
 1060 010b 13       		.uleb128 0x13
 1061 010c 3F       		.uleb128 0x3f
 1062 010d 19       		.uleb128 0x19
 1063 010e 3C       		.uleb128 0x3c
 1064 010f 19       		.uleb128 0x19
 1065 0110 00       		.byte	0
 1066 0111 00       		.byte	0
 1067 0112 00       		.byte	0
 1068              		.section	.debug_aranges,"",%progbits
 1069 0000 2C000000 		.4byte	0x2c
 1070 0004 0200     		.2byte	0x2
 1071 0006 00000000 		.4byte	.Ldebug_info0
 1072 000a 04       		.byte	0x4
 1073 000b 00       		.byte	0
 1074 000c 0000     		.2byte	0
 1075 000e 0000     		.2byte	0
 1076 0010 00000000 		.4byte	.LFB37
 1077 0014 8C000000 		.4byte	.LFE37-.LFB37
 1078 0018 00000000 		.4byte	.LFB38
 1079 001c 20000000 		.4byte	.LFE38-.LFB38
 1080 0020 00000000 		.4byte	.LFB39
 1081 0024 50000000 		.4byte	.LFE39-.LFB39
 1082 0028 00000000 		.4byte	0
 1083 002c 00000000 		.4byte	0
 1084              		.section	.debug_ranges,"",%progbits
 1085              	.Ldebug_ranges0:
 1086 0000 00000000 		.4byte	.LFB37
 1087 0004 8C000000 		.4byte	.LFE37
 1088 0008 00000000 		.4byte	.LFB38
 1089 000c 20000000 		.4byte	.LFE38
 1090 0010 00000000 		.4byte	.LFB39
 1091 0014 50000000 		.4byte	.LFE39
 1092 0018 00000000 		.4byte	0
 1093 001c 00000000 		.4byte	0
 1094              		.section	.debug_line,"",%progbits
 1095              	.Ldebug_line0:
 1096 0000 F9000000 		.section	.debug_str,"MS",%progbits,1
 1096      02006200 
 1096      00000201 
 1096      FB0E0D00 
 1096      01010101 
 1097              	.LASF79:
 1098 0000 61647649 		.ascii	"advIntvMin\000"
 1098      6E74764D 
 1098      696E00
 1099              	.LASF97:
 1100 000b 4359424C 		.ascii	"CYBLE_GAPP_DISC_MODE_INFO_T\000"
 1100      455F4741 
 1100      50505F44 
ARM GAS  C:\Users\TTSS\AppData\Local\Temp\ccoXf1ha.s 			page 22


 1100      4953435F 
 1100      4D4F4445 
 1101              	.LASF24:
 1102 0027 4359424C 		.ascii	"CYBLE_EVT_GAP_PASSKEY_ENTRY_REQUEST\000"
 1102      455F4556 
 1102      545F4741 
 1102      505F5041 
 1102      53534B45 
 1103              	.LASF107:
 1104 004b 6379426C 		.ascii	"cyBle_discoveryModeInfo\000"
 1104      655F6469 
 1104      73636F76 
 1104      6572794D 
 1104      6F646549 
 1105              	.LASF103:
 1106 0063 73656E44 		.ascii	"senData\000"
 1106      61746100 
 1107              	.LASF35:
 1108 006b 4359424C 		.ascii	"CYBLE_EVT_GATTC_ERROR_RSP\000"
 1108      455F4556 
 1108      545F4741 
 1108      5454435F 
 1108      4552524F 
 1109              	.LASF83:
 1110 0085 64697265 		.ascii	"directAddrType\000"
 1110      63744164 
 1110      64725479 
 1110      706500
 1111              	.LASF84:
 1112 0094 64697265 		.ascii	"directAddr\000"
 1112      63744164 
 1112      647200
 1113              	.LASF99:
 1114 009f 53746163 		.ascii	"StackEventHandler\000"
 1114      6B457665 
 1114      6E744861 
 1114      6E646C65 
 1114      7200
 1115              	.LASF87:
 1116 00b1 4359424C 		.ascii	"CYBLE_GAPP_DISC_PARAM_T\000"
 1116      455F4741 
 1116      50505F44 
 1116      4953435F 
 1116      50415241 
 1117              	.LASF2:
 1118 00c9 73686F72 		.ascii	"short int\000"
 1118      7420696E 
 1118      7400
 1119              	.LASF27:
 1120 00d3 4359424C 		.ascii	"CYBLE_EVT_GAP_AUTH_FAILED\000"
 1120      455F4556 
 1120      545F4741 
 1120      505F4155 
 1120      54485F46 
 1121              	.LASF15:
 1122 00ed 73697A65 		.ascii	"sizetype\000"
 1122      74797065 
ARM GAS  C:\Users\TTSS\AppData\Local\Temp\ccoXf1ha.s 			page 23


 1122      00
 1123              	.LASF82:
 1124 00f6 6F776E41 		.ascii	"ownAddrType\000"
 1124      64647254 
 1124      79706500 
 1125              	.LASF98:
 1126 0102 6D61696E 		.ascii	"main\000"
 1126      00
 1127              	.LASF92:
 1128 0107 7363616E 		.ascii	"scanRspDataLen\000"
 1128      52737044 
 1128      6174614C 
 1128      656E00
 1129              	.LASF74:
 1130 0116 4359424C 		.ascii	"CYBLE_GAPP_CONNECTABLE_HIGH_DC_DIRECTED_ADV\000"
 1130      455F4741 
 1130      50505F43 
 1130      4F4E4E45 
 1130      43544142 
 1131              	.LASF100:
 1132 0142 6576656E 		.ascii	"event\000"
 1132      7400
 1133              	.LASF20:
 1134 0148 4359424C 		.ascii	"CYBLE_EVT_HCI_STATUS\000"
 1134      455F4556 
 1134      545F4843 
 1134      495F5354 
 1134      41545553 
 1135              	.LASF41:
 1136 015d 4359424C 		.ascii	"CYBLE_EVT_GATTC_READ_BY_TYPE_RSP\000"
 1136      455F4556 
 1136      545F4741 
 1136      5454435F 
 1136      52454144 
 1137              	.LASF70:
 1138 017e 4359424C 		.ascii	"CYBLE_EVT_PENDING_FLASH_WRITE\000"
 1138      455F4556 
 1138      545F5045 
 1138      4E44494E 
 1138      475F464C 
 1139              	.LASF17:
 1140 019c 4359424C 		.ascii	"CYBLE_EVT_STACK_ON\000"
 1140      455F4556 
 1140      545F5354 
 1140      41434B5F 
 1140      4F4E00
 1141              	.LASF93:
 1142 01af 4359424C 		.ascii	"CYBLE_GAPP_SCAN_RSP_DATA_T\000"
 1142      455F4741 
 1142      50505F53 
 1142      43414E5F 
 1142      5253505F 
 1143              	.LASF38:
 1144 01ca 4359424C 		.ascii	"CYBLE_EVT_GATTS_XCNHG_MTU_REQ\000"
 1144      455F4556 
 1144      545F4741 
 1144      5454535F 
ARM GAS  C:\Users\TTSS\AppData\Local\Temp\ccoXf1ha.s 			page 24


 1144      58434E48 
 1145              	.LASF10:
 1146 01e8 75696E74 		.ascii	"uint16\000"
 1146      313600
 1147              	.LASF34:
 1148 01ef 4359424C 		.ascii	"CYBLE_EVT_GAP_KEYINFO_EXCHNGE_CMPLT\000"
 1148      455F4556 
 1148      545F4741 
 1148      505F4B45 
 1148      59494E46 
 1149              	.LASF46:
 1150 0213 4359424C 		.ascii	"CYBLE_EVT_GATTC_READ_MULTI_RSP\000"
 1150      455F4556 
 1150      545F4741 
 1150      5454435F 
 1150      52454144 
 1151              	.LASF55:
 1152 0232 4359424C 		.ascii	"CYBLE_EVT_GATTS_HANDLE_VALUE_CNF\000"
 1152      455F4556 
 1152      545F4741 
 1152      5454535F 
 1152      48414E44 
 1153              	.LASF16:
 1154 0253 4359424C 		.ascii	"CYBLE_EVT_HOST_INVALID\000"
 1154      455F4556 
 1154      545F484F 
 1154      53545F49 
 1154      4E56414C 
 1155              	.LASF62:
 1156 026a 4359424C 		.ascii	"CYBLE_EVT_L2CAP_CBFC_CONN_IND\000"
 1156      455F4556 
 1156      545F4C32 
 1156      4341505F 
 1156      43424643 
 1157              	.LASF65:
 1158 0288 4359424C 		.ascii	"CYBLE_EVT_L2CAP_CBFC_DISCONN_CNF\000"
 1158      455F4556 
 1158      545F4C32 
 1158      4341505F 
 1158      43424643 
 1159              	.LASF85:
 1160 02a9 61647643 		.ascii	"advChannelMap\000"
 1160      68616E6E 
 1160      656C4D61 
 1160      7000
 1161              	.LASF12:
 1162 02b7 666C6F61 		.ascii	"float\000"
 1162      7400
 1163              	.LASF44:
 1164 02bd 4359424C 		.ascii	"CYBLE_EVT_GATTC_READ_RSP\000"
 1164      455F4556 
 1164      545F4741 
 1164      5454435F 
 1164      52454144 
 1165              	.LASF73:
 1166 02d6 4359424C 		.ascii	"CYBLE_GAPP_CONNECTABLE_UNDIRECTED_ADV\000"
 1166      455F4741 
ARM GAS  C:\Users\TTSS\AppData\Local\Temp\ccoXf1ha.s 			page 25


 1166      50505F43 
 1166      4F4E4E45 
 1166      43544142 
 1167              	.LASF48:
 1168 02fc 4359424C 		.ascii	"CYBLE_EVT_GATTC_WRITE_RSP\000"
 1168      455F4556 
 1168      545F4741 
 1168      5454435F 
 1168      57524954 
 1169              	.LASF91:
 1170 0316 7363616E 		.ascii	"scanRspData\000"
 1170      52737044 
 1170      61746100 
 1171              	.LASF7:
 1172 0322 6C6F6E67 		.ascii	"long long unsigned int\000"
 1172      206C6F6E 
 1172      6720756E 
 1172      7369676E 
 1172      65642069 
 1173              	.LASF4:
 1174 0339 6C6F6E67 		.ascii	"long int\000"
 1174      20696E74 
 1174      00
 1175              	.LASF54:
 1176 0342 4359424C 		.ascii	"CYBLE_EVT_GATTC_HANDLE_VALUE_IND\000"
 1176      455F4556 
 1176      545F4741 
 1176      5454435F 
 1176      48414E44 
 1177              	.LASF106:
 1178 0363 433A5C55 		.ascii	"C:\\Users\\TTSS\\Dropbox\\Projects\\hackAIR\\AirQua"
 1178      73657273 
 1178      5C545453 
 1178      535C4472 
 1178      6F70626F 
 1179 0390 6C697479 		.ascii	"lityBeacons\\SerialLaserSensor.cydsn\000"
 1179      42656163 
 1179      6F6E735C 
 1179      53657269 
 1179      616C4C61 
 1180              	.LASF29:
 1181 03b4 4359424C 		.ascii	"CYBLE_EVT_GAP_DEVICE_CONNECTED\000"
 1181      455F4556 
 1181      545F4741 
 1181      505F4445 
 1181      56494345 
 1182              	.LASF28:
 1183 03d3 4359424C 		.ascii	"CYBLE_EVT_GAPP_ADVERTISEMENT_START_STOP\000"
 1183      455F4556 
 1183      545F4741 
 1183      50505F41 
 1183      44564552 
 1184              	.LASF53:
 1185 03fb 4359424C 		.ascii	"CYBLE_EVT_GATTC_HANDLE_VALUE_NTF\000"
 1185      455F4556 
 1185      545F4741 
 1185      5454435F 
ARM GAS  C:\Users\TTSS\AppData\Local\Temp\ccoXf1ha.s 			page 26


 1185      48414E44 
 1186              	.LASF21:
 1187 041c 4359424C 		.ascii	"CYBLE_EVT_STACK_BUSY_STATUS\000"
 1187      455F4556 
 1187      545F5354 
 1187      41434B5F 
 1187      42555359 
 1188              	.LASF88:
 1189 0438 61647644 		.ascii	"advData\000"
 1189      61746100 
 1190              	.LASF25:
 1191 0440 4359424C 		.ascii	"CYBLE_EVT_GAP_PASSKEY_DISPLAY_REQUEST\000"
 1191      455F4556 
 1191      545F4741 
 1191      505F5041 
 1191      53534B45 
 1192              	.LASF63:
 1193 0466 4359424C 		.ascii	"CYBLE_EVT_L2CAP_CBFC_CONN_CNF\000"
 1193      455F4556 
 1193      545F4C32 
 1193      4341505F 
 1193      43424643 
 1194              	.LASF72:
 1195 0484 4359424C 		.ascii	"CYBLE_EVT_MAX\000"
 1195      455F4556 
 1195      545F4D41 
 1195      5800
 1196              	.LASF9:
 1197 0492 75696E74 		.ascii	"uint8\000"
 1197      3800
 1198              	.LASF102:
 1199 0498 72656164 		.ascii	"readParticles\000"
 1199      50617274 
 1199      69636C65 
 1199      7300
 1200              	.LASF59:
 1201 04a6 4359424C 		.ascii	"CYBLE_EVT_L2CAP_CONN_PARAM_UPDATE_REQ\000"
 1201      455F4556 
 1201      545F4C32 
 1201      4341505F 
 1201      434F4E4E 
 1202              	.LASF1:
 1203 04cc 756E7369 		.ascii	"unsigned char\000"
 1203      676E6564 
 1203      20636861 
 1203      7200
 1204              	.LASF50:
 1205 04da 4359424C 		.ascii	"CYBLE_EVT_GATTS_PREP_WRITE_REQ\000"
 1205      455F4556 
 1205      545F4741 
 1205      5454535F 
 1205      50524550 
 1206              	.LASF71:
 1207 04f9 4359424C 		.ascii	"CYBLE_EVT_LE_PING_AUTH_TIMEOUT\000"
 1207      455F4556 
 1207      545F4C45 
 1207      5F50494E 
ARM GAS  C:\Users\TTSS\AppData\Local\Temp\ccoXf1ha.s 			page 27


 1207      475F4155 
 1208              	.LASF77:
 1209 0518 4359424C 		.ascii	"CYBLE_GAPP_CONNECTABLE_LOW_DC_DIRECTED_ADV\000"
 1209      455F4741 
 1209      50505F43 
 1209      4F4E4E45 
 1209      43544142 
 1210              	.LASF42:
 1211 0543 4359424C 		.ascii	"CYBLE_EVT_GATTC_FIND_INFO_RSP\000"
 1211      455F4556 
 1211      545F4741 
 1211      5454435F 
 1211      46494E44 
 1212              	.LASF0:
 1213 0561 7369676E 		.ascii	"signed char\000"
 1213      65642063 
 1213      68617200 
 1214              	.LASF96:
 1215 056d 61647654 		.ascii	"advTo\000"
 1215      6F00
 1216              	.LASF47:
 1217 0573 4359424C 		.ascii	"CYBLE_EVT_GATTS_WRITE_REQ\000"
 1217      455F4556 
 1217      545F4741 
 1217      5454535F 
 1217      57524954 
 1218              	.LASF43:
 1219 058d 4359424C 		.ascii	"CYBLE_EVT_GATTC_FIND_BY_TYPE_VALUE_RSP\000"
 1219      455F4556 
 1219      545F4741 
 1219      5454435F 
 1219      46494E44 
 1220              	.LASF26:
 1221 05b4 4359424C 		.ascii	"CYBLE_EVT_GAP_AUTH_COMPLETE\000"
 1221      455F4556 
 1221      545F4741 
 1221      505F4155 
 1221      54485F43 
 1222              	.LASF8:
 1223 05d0 756E7369 		.ascii	"unsigned int\000"
 1223      676E6564 
 1223      20696E74 
 1223      00
 1224              	.LASF95:
 1225 05dd 61647650 		.ascii	"advParam\000"
 1225      6172616D 
 1225      00
 1226              	.LASF36:
 1227 05e6 4359424C 		.ascii	"CYBLE_EVT_GATT_CONNECT_IND\000"
 1227      455F4556 
 1227      545F4741 
 1227      54545F43 
 1227      4F4E4E45 
 1228              	.LASF5:
 1229 0601 6C6F6E67 		.ascii	"long unsigned int\000"
 1229      20756E73 
 1229      69676E65 
ARM GAS  C:\Users\TTSS\AppData\Local\Temp\ccoXf1ha.s 			page 28


 1229      6420696E 
 1229      7400
 1230              	.LASF23:
 1231 0613 4359424C 		.ascii	"CYBLE_EVT_GAP_AUTH_REQ\000"
 1231      455F4556 
 1231      545F4741 
 1231      505F4155 
 1231      54485F52 
 1232              	.LASF64:
 1233 062a 4359424C 		.ascii	"CYBLE_EVT_L2CAP_CBFC_DISCONN_IND\000"
 1233      455F4556 
 1233      545F4C32 
 1233      4341505F 
 1233      43424643 
 1234              	.LASF31:
 1235 064b 4359424C 		.ascii	"CYBLE_EVT_GAP_ENCRYPT_CHANGE\000"
 1235      455F4556 
 1235      545F4741 
 1235      505F454E 
 1235      43525950 
 1236              	.LASF89:
 1237 0668 61647644 		.ascii	"advDataLen\000"
 1237      6174614C 
 1237      656E00
 1238              	.LASF90:
 1239 0673 4359424C 		.ascii	"CYBLE_GAPP_DISC_DATA_T\000"
 1239      455F4741 
 1239      50505F44 
 1239      4953435F 
 1239      44415441 
 1240              	.LASF32:
 1241 068a 4359424C 		.ascii	"CYBLE_EVT_GAP_CONNECTION_UPDATE_COMPLETE\000"
 1241      455F4556 
 1241      545F4741 
 1241      505F434F 
 1241      4E4E4543 
 1242              	.LASF14:
 1243 06b3 63686172 		.ascii	"char\000"
 1243      00
 1244              	.LASF94:
 1245 06b8 64697363 		.ascii	"discMode\000"
 1245      4D6F6465 
 1245      00
 1246              	.LASF104:
 1247 06c1 474E5520 		.ascii	"GNU C 4.9.3 20150303 (release) [ARM/embedded-4_9-br"
 1247      4320342E 
 1247      392E3320 
 1247      32303135 
 1247      30333033 
 1248 06f4 616E6368 		.ascii	"anch revision 221220] -mcpu=cortex-m0 -mthumb -g -O"
 1248      20726576 
 1248      6973696F 
 1248      6E203232 
 1248      31323230 
 1249 0727 30202D66 		.ascii	"0 -ffunction-sections -ffat-lto-objects\000"
 1249      66756E63 
 1249      74696F6E 
ARM GAS  C:\Users\TTSS\AppData\Local\Temp\ccoXf1ha.s 			page 29


 1249      2D736563 
 1249      74696F6E 
 1250              	.LASF61:
 1251 074f 4359424C 		.ascii	"CYBLE_EVT_L2CAP_COMMAND_REJ\000"
 1251      455F4556 
 1251      545F4C32 
 1251      4341505F 
 1251      434F4D4D 
 1252              	.LASF3:
 1253 076b 73686F72 		.ascii	"short unsigned int\000"
 1253      7420756E 
 1253      7369676E 
 1253      65642069 
 1253      6E7400
 1254              	.LASF22:
 1255 077e 4359424C 		.ascii	"CYBLE_EVT_GAPC_SCAN_PROGRESS_RESULT\000"
 1255      455F4556 
 1255      545F4741 
 1255      50435F53 
 1255      43414E5F 
 1256              	.LASF45:
 1257 07a2 4359424C 		.ascii	"CYBLE_EVT_GATTC_READ_BLOB_RSP\000"
 1257      455F4556 
 1257      545F4741 
 1257      5454435F 
 1257      52454144 
 1258              	.LASF52:
 1259 07c0 4359424C 		.ascii	"CYBLE_EVT_GATTC_EXEC_WRITE_RSP\000"
 1259      455F4556 
 1259      545F4741 
 1259      5454435F 
 1259      45584543 
 1260              	.LASF11:
 1261 07df 75696E74 		.ascii	"uint32\000"
 1261      333200
 1262              	.LASF105:
 1263 07e6 6D61696E 		.ascii	"main.c\000"
 1263      2E6300
 1264              	.LASF67:
 1265 07ed 4359424C 		.ascii	"CYBLE_EVT_L2CAP_CBFC_RX_CREDIT_IND\000"
 1265      455F4556 
 1265      545F4C32 
 1265      4341505F 
 1265      43424643 
 1266              	.LASF75:
 1267 0810 4359424C 		.ascii	"CYBLE_GAPP_SCANNABLE_UNDIRECTED_ADV\000"
 1267      455F4741 
 1267      50505F53 
 1267      43414E4E 
 1267      41424C45 
 1268              	.LASF13:
 1269 0834 646F7562 		.ascii	"double\000"
 1269      6C6500
 1270              	.LASF68:
 1271 083b 4359424C 		.ascii	"CYBLE_EVT_L2CAP_CBFC_TX_CREDIT_IND\000"
 1271      455F4556 
 1271      545F4C32 
ARM GAS  C:\Users\TTSS\AppData\Local\Temp\ccoXf1ha.s 			page 30


 1271      4341505F 
 1271      43424643 
 1272              	.LASF6:
 1273 085e 6C6F6E67 		.ascii	"long long int\000"
 1273      206C6F6E 
 1273      6720696E 
 1273      7400
 1274              	.LASF19:
 1275 086c 4359424C 		.ascii	"CYBLE_EVT_HARDWARE_ERROR\000"
 1275      455F4556 
 1275      545F4841 
 1275      52445741 
 1275      52455F45 
 1276              	.LASF66:
 1277 0885 4359424C 		.ascii	"CYBLE_EVT_L2CAP_CBFC_DATA_READ\000"
 1277      455F4556 
 1277      545F4C32 
 1277      4341505F 
 1277      43424643 
 1278              	.LASF60:
 1279 08a4 4359424C 		.ascii	"CYBLE_EVT_L2CAP_CONN_PARAM_UPDATE_RSP\000"
 1279      455F4556 
 1279      545F4C32 
 1279      4341505F 
 1279      434F4E4E 
 1280              	.LASF76:
 1281 08ca 4359424C 		.ascii	"CYBLE_GAPP_NON_CONNECTABLE_UNDIRECTED_ADV\000"
 1281      455F4741 
 1281      50505F4E 
 1281      4F4E5F43 
 1281      4F4E4E45 
 1282              	.LASF40:
 1283 08f4 4359424C 		.ascii	"CYBLE_EVT_GATTC_READ_BY_GROUP_TYPE_RSP\000"
 1283      455F4556 
 1283      545F4741 
 1283      5454435F 
 1283      52454144 
 1284              	.LASF49:
 1285 091b 4359424C 		.ascii	"CYBLE_EVT_GATTS_WRITE_CMD_REQ\000"
 1285      455F4556 
 1285      545F4741 
 1285      5454535F 
 1285      57524954 
 1286              	.LASF39:
 1287 0939 4359424C 		.ascii	"CYBLE_EVT_GATTC_XCHNG_MTU_RSP\000"
 1287      455F4556 
 1287      545F4741 
 1287      5454435F 
 1287      5843484E 
 1288              	.LASF18:
 1289 0957 4359424C 		.ascii	"CYBLE_EVT_TIMEOUT\000"
 1289      455F4556 
 1289      545F5449 
 1289      4D454F55 
 1289      5400
 1290              	.LASF69:
 1291 0969 4359424C 		.ascii	"CYBLE_EVT_L2CAP_CBFC_DATA_WRITE_IND\000"
ARM GAS  C:\Users\TTSS\AppData\Local\Temp\ccoXf1ha.s 			page 31


 1291      455F4556 
 1291      545F4C32 
 1291      4341505F 
 1291      43424643 
 1292              	.LASF33:
 1293 098d 4359424C 		.ascii	"CYBLE_EVT_GAPC_SCAN_START_STOP\000"
 1293      455F4556 
 1293      545F4741 
 1293      50435F53 
 1293      43414E5F 
 1294              	.LASF81:
 1295 09ac 61647654 		.ascii	"advType\000"
 1295      79706500 
 1296              	.LASF80:
 1297 09b4 61647649 		.ascii	"advIntvMax\000"
 1297      6E74764D 
 1297      617800
 1298              	.LASF86:
 1299 09bf 61647646 		.ascii	"advFilterPolicy\000"
 1299      696C7465 
 1299      72506F6C 
 1299      69637900 
 1300              	.LASF58:
 1301 09cf 4359424C 		.ascii	"CYBLE_EVT_GATTS_READ_CHAR_VAL_ACCESS_REQ\000"
 1301      455F4556 
 1301      545F4741 
 1301      5454535F 
 1301      52454144 
 1302              	.LASF57:
 1303 09f8 4359424C 		.ascii	"CYBLE_EVT_GATTC_STOP_CMD_COMPLETE\000"
 1303      455F4556 
 1303      545F4741 
 1303      5454435F 
 1303      53544F50 
 1304              	.LASF51:
 1305 0a1a 4359424C 		.ascii	"CYBLE_EVT_GATTS_EXEC_WRITE_REQ\000"
 1305      455F4556 
 1305      545F4741 
 1305      5454535F 
 1305      45584543 
 1306              	.LASF78:
 1307 0a39 4359424C 		.ascii	"CYBLE_GAPP_ADV_T\000"
 1307      455F4741 
 1307      50505F41 
 1307      44565F54 
 1307      00
 1308              	.LASF30:
 1309 0a4a 4359424C 		.ascii	"CYBLE_EVT_GAP_DEVICE_DISCONNECTED\000"
 1309      455F4556 
 1309      545F4741 
 1309      505F4445 
 1309      56494345 
 1310              	.LASF101:
 1311 0a6c 6576656E 		.ascii	"eventParam\000"
 1311      74506172 
 1311      616D00
 1312              	.LASF56:
ARM GAS  C:\Users\TTSS\AppData\Local\Temp\ccoXf1ha.s 			page 32


 1313 0a77 4359424C 		.ascii	"CYBLE_EVT_GATTS_DATA_SIGNED_CMD_REQ\000"
 1313      455F4556 
 1313      545F4741 
 1313      5454535F 
 1313      44415441 
 1314              	.LASF37:
 1315 0a9b 4359424C 		.ascii	"CYBLE_EVT_GATT_DISCONNECT_IND\000"
 1315      455F4556 
 1315      545F4741 
 1315      54545F44 
 1315      4953434F 
 1316              		.ident	"GCC: (GNU Tools for ARM Embedded Processors) 4.9.3 20150303 (release) [ARM/embedded-4_9-br
