ARM GAS  C:\Users\TTSS\AppData\Local\Temp\ccuhG4vd.s 			page 1


   1              		.syntax unified
   2              		.cpu cortex-m0
   3              		.fpu softvfp
   4              		.eabi_attribute 20, 1
   5              		.eabi_attribute 21, 1
   6              		.eabi_attribute 23, 3
   7              		.eabi_attribute 24, 1
   8              		.eabi_attribute 25, 1
   9              		.eabi_attribute 26, 1
  10              		.eabi_attribute 30, 6
  11              		.eabi_attribute 34, 0
  12              		.eabi_attribute 18, 4
  13              		.thumb
  14              		.syntax unified
  15              		.file	"cyfitter_cfg.c"
  16              		.text
  17              	.Ltext0:
  18              		.cfi_sections	.debug_frame
  19              		.section	.text.CYMEMZERO,"ax",%progbits
  20              		.align	2
  21              		.code	16
  22              		.thumb_func
  23              		.type	CYMEMZERO, %function
  24              	CYMEMZERO:
  25              	.LFB2:
  26              		.file 1 "Generated_Source\\PSoC4\\cyfitter_cfg.c"
   1:Generated_Source\PSoC4/cyfitter_cfg.c **** 
   2:Generated_Source\PSoC4/cyfitter_cfg.c **** /*******************************************************************************
   3:Generated_Source\PSoC4/cyfitter_cfg.c **** * File Name: cyfitter_cfg.c
   4:Generated_Source\PSoC4/cyfitter_cfg.c **** * 
   5:Generated_Source\PSoC4/cyfitter_cfg.c **** * PSoC Creator  4.2
   6:Generated_Source\PSoC4/cyfitter_cfg.c **** *
   7:Generated_Source\PSoC4/cyfitter_cfg.c **** * Description:
   8:Generated_Source\PSoC4/cyfitter_cfg.c **** * This file contains device initialization code.
   9:Generated_Source\PSoC4/cyfitter_cfg.c **** * Except for the user defined sections in CyClockStartupError(), this file should not be modified.
  10:Generated_Source\PSoC4/cyfitter_cfg.c **** * This file is automatically generated by PSoC Creator.
  11:Generated_Source\PSoC4/cyfitter_cfg.c **** *
  12:Generated_Source\PSoC4/cyfitter_cfg.c **** ********************************************************************************
  13:Generated_Source\PSoC4/cyfitter_cfg.c **** * Copyright (c) 2007-2018 Cypress Semiconductor.  All rights reserved.
  14:Generated_Source\PSoC4/cyfitter_cfg.c **** * You may use this file only in accordance with the license, terms, conditions, 
  15:Generated_Source\PSoC4/cyfitter_cfg.c **** * disclaimers, and limitations in the end user license agreement accompanying 
  16:Generated_Source\PSoC4/cyfitter_cfg.c **** * the software package with which this file was provided.
  17:Generated_Source\PSoC4/cyfitter_cfg.c **** ********************************************************************************/
  18:Generated_Source\PSoC4/cyfitter_cfg.c **** 
  19:Generated_Source\PSoC4/cyfitter_cfg.c **** #include <string.h>
  20:Generated_Source\PSoC4/cyfitter_cfg.c **** #include "cytypes.h"
  21:Generated_Source\PSoC4/cyfitter_cfg.c **** #include "cydevice_trm.h"
  22:Generated_Source\PSoC4/cyfitter_cfg.c **** #include "cyfitter.h"
  23:Generated_Source\PSoC4/cyfitter_cfg.c **** #include "CyLib.h"
  24:Generated_Source\PSoC4/cyfitter_cfg.c **** #include "CyLFClk.h"
  25:Generated_Source\PSoC4/cyfitter_cfg.c **** #include "cyfitter_cfg.h"
  26:Generated_Source\PSoC4/cyfitter_cfg.c **** #include "cyapicallbacks.h"
  27:Generated_Source\PSoC4/cyfitter_cfg.c **** 
  28:Generated_Source\PSoC4/cyfitter_cfg.c **** 
  29:Generated_Source\PSoC4/cyfitter_cfg.c **** #if defined(__GNUC__) || defined(__ARMCC_VERSION)
  30:Generated_Source\PSoC4/cyfitter_cfg.c ****     #define CYPACKED 
  31:Generated_Source\PSoC4/cyfitter_cfg.c ****     #define CYPACKED_ATTR __attribute__ ((packed))
ARM GAS  C:\Users\TTSS\AppData\Local\Temp\ccuhG4vd.s 			page 2


  32:Generated_Source\PSoC4/cyfitter_cfg.c ****     #define CYALIGNED __attribute__ ((aligned))
  33:Generated_Source\PSoC4/cyfitter_cfg.c ****     #define CY_CFG_UNUSED __attribute__ ((unused))
  34:Generated_Source\PSoC4/cyfitter_cfg.c ****     #ifndef CY_CFG_SECTION
  35:Generated_Source\PSoC4/cyfitter_cfg.c ****         #define CY_CFG_SECTION __attribute__ ((section(".psocinit")))
  36:Generated_Source\PSoC4/cyfitter_cfg.c ****     #endif
  37:Generated_Source\PSoC4/cyfitter_cfg.c ****     
  38:Generated_Source\PSoC4/cyfitter_cfg.c ****     #if defined(__ARMCC_VERSION)
  39:Generated_Source\PSoC4/cyfitter_cfg.c ****         #define CY_CFG_MEMORY_BARRIER() __memory_changed()
  40:Generated_Source\PSoC4/cyfitter_cfg.c ****     #else
  41:Generated_Source\PSoC4/cyfitter_cfg.c ****         #define CY_CFG_MEMORY_BARRIER() __sync_synchronize()
  42:Generated_Source\PSoC4/cyfitter_cfg.c ****     #endif
  43:Generated_Source\PSoC4/cyfitter_cfg.c ****     
  44:Generated_Source\PSoC4/cyfitter_cfg.c **** #elif defined(__ICCARM__)
  45:Generated_Source\PSoC4/cyfitter_cfg.c ****     #include <intrinsics.h>
  46:Generated_Source\PSoC4/cyfitter_cfg.c **** 
  47:Generated_Source\PSoC4/cyfitter_cfg.c ****     #define CYPACKED __packed
  48:Generated_Source\PSoC4/cyfitter_cfg.c ****     #define CYPACKED_ATTR 
  49:Generated_Source\PSoC4/cyfitter_cfg.c ****     #define CYALIGNED _Pragma("data_alignment=4")
  50:Generated_Source\PSoC4/cyfitter_cfg.c ****     #define CY_CFG_UNUSED _Pragma("diag_suppress=Pe177")
  51:Generated_Source\PSoC4/cyfitter_cfg.c ****     #define CY_CFG_SECTION _Pragma("location=\".psocinit\"")
  52:Generated_Source\PSoC4/cyfitter_cfg.c ****     
  53:Generated_Source\PSoC4/cyfitter_cfg.c ****     #define CY_CFG_MEMORY_BARRIER() __DMB()
  54:Generated_Source\PSoC4/cyfitter_cfg.c ****     
  55:Generated_Source\PSoC4/cyfitter_cfg.c **** #else
  56:Generated_Source\PSoC4/cyfitter_cfg.c ****     #error Unsupported toolchain
  57:Generated_Source\PSoC4/cyfitter_cfg.c **** #endif
  58:Generated_Source\PSoC4/cyfitter_cfg.c **** 
  59:Generated_Source\PSoC4/cyfitter_cfg.c **** #ifndef CYCODE
  60:Generated_Source\PSoC4/cyfitter_cfg.c ****     #define CYCODE
  61:Generated_Source\PSoC4/cyfitter_cfg.c **** #endif
  62:Generated_Source\PSoC4/cyfitter_cfg.c **** #ifndef CYDATA
  63:Generated_Source\PSoC4/cyfitter_cfg.c ****     #define CYDATA
  64:Generated_Source\PSoC4/cyfitter_cfg.c **** #endif
  65:Generated_Source\PSoC4/cyfitter_cfg.c **** #ifndef CYFAR
  66:Generated_Source\PSoC4/cyfitter_cfg.c ****     #define CYFAR
  67:Generated_Source\PSoC4/cyfitter_cfg.c **** #endif
  68:Generated_Source\PSoC4/cyfitter_cfg.c **** #ifndef CYXDATA
  69:Generated_Source\PSoC4/cyfitter_cfg.c ****     #define CYXDATA
  70:Generated_Source\PSoC4/cyfitter_cfg.c **** #endif
  71:Generated_Source\PSoC4/cyfitter_cfg.c **** 
  72:Generated_Source\PSoC4/cyfitter_cfg.c **** 
  73:Generated_Source\PSoC4/cyfitter_cfg.c **** CY_CFG_UNUSED
  74:Generated_Source\PSoC4/cyfitter_cfg.c **** static void CYMEMZERO(void *s, size_t n);
  75:Generated_Source\PSoC4/cyfitter_cfg.c **** CY_CFG_UNUSED
  76:Generated_Source\PSoC4/cyfitter_cfg.c **** static void CYMEMZERO(void *s, size_t n)
  77:Generated_Source\PSoC4/cyfitter_cfg.c **** {
  27              		.loc 1 77 0
  28              		.cfi_startproc
  29              		@ args = 0, pretend = 0, frame = 8
  30              		@ frame_needed = 1, uses_anonymous_args = 0
  31 0000 80B5     		push	{r7, lr}
  32              		.cfi_def_cfa_offset 8
  33              		.cfi_offset 7, -8
  34              		.cfi_offset 14, -4
  35 0002 82B0     		sub	sp, sp, #8
  36              		.cfi_def_cfa_offset 16
  37 0004 00AF     		add	r7, sp, #0
ARM GAS  C:\Users\TTSS\AppData\Local\Temp\ccuhG4vd.s 			page 3


  38              		.cfi_def_cfa_register 7
  39 0006 7860     		str	r0, [r7, #4]
  40 0008 3960     		str	r1, [r7]
  78:Generated_Source\PSoC4/cyfitter_cfg.c **** 	(void)memset(s, 0, n);
  41              		.loc 1 78 0
  42 000a 3A68     		ldr	r2, [r7]
  43 000c 7B68     		ldr	r3, [r7, #4]
  44 000e 0021     		movs	r1, #0
  45 0010 1800     		movs	r0, r3
  46 0012 FFF7FEFF 		bl	memset
  79:Generated_Source\PSoC4/cyfitter_cfg.c **** }
  47              		.loc 1 79 0
  48 0016 C046     		nop
  49 0018 BD46     		mov	sp, r7
  50 001a 02B0     		add	sp, sp, #8
  51              		@ sp needed
  52 001c 80BD     		pop	{r7, pc}
  53              		.cfi_endproc
  54              	.LFE2:
  55              		.size	CYMEMZERO, .-CYMEMZERO
  56 001e C046     		.section	.text.CYCONFIGCPY,"ax",%progbits
  57              		.align	2
  58              		.code	16
  59              		.thumb_func
  60              		.type	CYCONFIGCPY, %function
  61              	CYCONFIGCPY:
  62              	.LFB3:
  80:Generated_Source\PSoC4/cyfitter_cfg.c **** CY_CFG_UNUSED
  81:Generated_Source\PSoC4/cyfitter_cfg.c **** static void CYCONFIGCPY(void *dest, const void *src, size_t n);
  82:Generated_Source\PSoC4/cyfitter_cfg.c **** CY_CFG_UNUSED
  83:Generated_Source\PSoC4/cyfitter_cfg.c **** static void CYCONFIGCPY(void *dest, const void *src, size_t n)
  84:Generated_Source\PSoC4/cyfitter_cfg.c **** {
  63              		.loc 1 84 0
  64              		.cfi_startproc
  65              		@ args = 0, pretend = 0, frame = 16
  66              		@ frame_needed = 1, uses_anonymous_args = 0
  67 0000 80B5     		push	{r7, lr}
  68              		.cfi_def_cfa_offset 8
  69              		.cfi_offset 7, -8
  70              		.cfi_offset 14, -4
  71 0002 84B0     		sub	sp, sp, #16
  72              		.cfi_def_cfa_offset 24
  73 0004 00AF     		add	r7, sp, #0
  74              		.cfi_def_cfa_register 7
  75 0006 F860     		str	r0, [r7, #12]
  76 0008 B960     		str	r1, [r7, #8]
  77 000a 7A60     		str	r2, [r7, #4]
  85:Generated_Source\PSoC4/cyfitter_cfg.c **** 	(void)memcpy(dest, src, n);
  78              		.loc 1 85 0
  79 000c 7A68     		ldr	r2, [r7, #4]
  80 000e B968     		ldr	r1, [r7, #8]
  81 0010 FB68     		ldr	r3, [r7, #12]
  82 0012 1800     		movs	r0, r3
  83 0014 FFF7FEFF 		bl	memcpy
  86:Generated_Source\PSoC4/cyfitter_cfg.c **** }
  84              		.loc 1 86 0
  85 0018 C046     		nop
ARM GAS  C:\Users\TTSS\AppData\Local\Temp\ccuhG4vd.s 			page 4


  86 001a BD46     		mov	sp, r7
  87 001c 04B0     		add	sp, sp, #16
  88              		@ sp needed
  89 001e 80BD     		pop	{r7, pc}
  90              		.cfi_endproc
  91              	.LFE3:
  92              		.size	CYCONFIGCPY, .-CYCONFIGCPY
  93              		.section	.text.CYCONFIGCPYCODE,"ax",%progbits
  94              		.align	2
  95              		.code	16
  96              		.thumb_func
  97              		.type	CYCONFIGCPYCODE, %function
  98              	CYCONFIGCPYCODE:
  99              	.LFB4:
  87:Generated_Source\PSoC4/cyfitter_cfg.c **** CY_CFG_UNUSED
  88:Generated_Source\PSoC4/cyfitter_cfg.c **** static void CYCONFIGCPYCODE(void *dest, const void *src, size_t n);
  89:Generated_Source\PSoC4/cyfitter_cfg.c **** CY_CFG_UNUSED
  90:Generated_Source\PSoC4/cyfitter_cfg.c **** static void CYCONFIGCPYCODE(void *dest, const void *src, size_t n)
  91:Generated_Source\PSoC4/cyfitter_cfg.c **** {
 100              		.loc 1 91 0
 101              		.cfi_startproc
 102              		@ args = 0, pretend = 0, frame = 16
 103              		@ frame_needed = 1, uses_anonymous_args = 0
 104 0000 80B5     		push	{r7, lr}
 105              		.cfi_def_cfa_offset 8
 106              		.cfi_offset 7, -8
 107              		.cfi_offset 14, -4
 108 0002 84B0     		sub	sp, sp, #16
 109              		.cfi_def_cfa_offset 24
 110 0004 00AF     		add	r7, sp, #0
 111              		.cfi_def_cfa_register 7
 112 0006 F860     		str	r0, [r7, #12]
 113 0008 B960     		str	r1, [r7, #8]
 114 000a 7A60     		str	r2, [r7, #4]
  92:Generated_Source\PSoC4/cyfitter_cfg.c **** 	(void)memcpy(dest, src, n);
 115              		.loc 1 92 0
 116 000c 7A68     		ldr	r2, [r7, #4]
 117 000e B968     		ldr	r1, [r7, #8]
 118 0010 FB68     		ldr	r3, [r7, #12]
 119 0012 1800     		movs	r0, r3
 120 0014 FFF7FEFF 		bl	memcpy
  93:Generated_Source\PSoC4/cyfitter_cfg.c **** }
 121              		.loc 1 93 0
 122 0018 C046     		nop
 123 001a BD46     		mov	sp, r7
 124 001c 04B0     		add	sp, sp, #16
 125              		@ sp needed
 126 001e 80BD     		pop	{r7, pc}
 127              		.cfi_endproc
 128              	.LFE4:
 129              		.size	CYCONFIGCPYCODE, .-CYCONFIGCPYCODE
 130              		.section	.psocinit,"ax",%progbits
 131              		.align	2
 132              		.code	16
 133              		.thumb_func
 134              		.type	ClockSetup, %function
 135              	ClockSetup:
ARM GAS  C:\Users\TTSS\AppData\Local\Temp\ccuhG4vd.s 			page 5


 136              	.LFB5:
  94:Generated_Source\PSoC4/cyfitter_cfg.c **** 
  95:Generated_Source\PSoC4/cyfitter_cfg.c **** 
  96:Generated_Source\PSoC4/cyfitter_cfg.c **** 
  97:Generated_Source\PSoC4/cyfitter_cfg.c **** 
  98:Generated_Source\PSoC4/cyfitter_cfg.c **** /* Clock startup error codes                                                   */
  99:Generated_Source\PSoC4/cyfitter_cfg.c **** #define CYCLOCKSTART_NO_ERROR    0u
 100:Generated_Source\PSoC4/cyfitter_cfg.c **** #define CYCLOCKSTART_XTAL_ERROR  1u
 101:Generated_Source\PSoC4/cyfitter_cfg.c **** #define CYCLOCKSTART_32KHZ_ERROR 2u
 102:Generated_Source\PSoC4/cyfitter_cfg.c **** #define CYCLOCKSTART_PLL_ERROR   3u
 103:Generated_Source\PSoC4/cyfitter_cfg.c **** #define CYCLOCKSTART_FLL_ERROR   4u
 104:Generated_Source\PSoC4/cyfitter_cfg.c **** #define CYCLOCKSTART_WCO_ERROR   5u
 105:Generated_Source\PSoC4/cyfitter_cfg.c **** 
 106:Generated_Source\PSoC4/cyfitter_cfg.c **** 
 107:Generated_Source\PSoC4/cyfitter_cfg.c **** #ifdef CY_NEED_CYCLOCKSTARTUPERROR
 108:Generated_Source\PSoC4/cyfitter_cfg.c **** /*******************************************************************************
 109:Generated_Source\PSoC4/cyfitter_cfg.c **** * Function Name: CyClockStartupError
 110:Generated_Source\PSoC4/cyfitter_cfg.c **** ********************************************************************************
 111:Generated_Source\PSoC4/cyfitter_cfg.c **** * Summary:
 112:Generated_Source\PSoC4/cyfitter_cfg.c **** *  If an error is encountered during clock configuration (crystal startup error,
 113:Generated_Source\PSoC4/cyfitter_cfg.c **** *  PLL lock error, etc.), the system will end up here.  Unless reimplemented by
 114:Generated_Source\PSoC4/cyfitter_cfg.c **** *  the customer, this function will stop in an infinite loop.
 115:Generated_Source\PSoC4/cyfitter_cfg.c **** *
 116:Generated_Source\PSoC4/cyfitter_cfg.c **** * Parameters:
 117:Generated_Source\PSoC4/cyfitter_cfg.c **** *   void
 118:Generated_Source\PSoC4/cyfitter_cfg.c **** *
 119:Generated_Source\PSoC4/cyfitter_cfg.c **** * Return:
 120:Generated_Source\PSoC4/cyfitter_cfg.c **** *   void
 121:Generated_Source\PSoC4/cyfitter_cfg.c **** *
 122:Generated_Source\PSoC4/cyfitter_cfg.c **** *******************************************************************************/
 123:Generated_Source\PSoC4/cyfitter_cfg.c **** CY_CFG_UNUSED
 124:Generated_Source\PSoC4/cyfitter_cfg.c **** static void CyClockStartupError(uint8 errorCode);
 125:Generated_Source\PSoC4/cyfitter_cfg.c **** CY_CFG_UNUSED
 126:Generated_Source\PSoC4/cyfitter_cfg.c **** static void CyClockStartupError(uint8 errorCode)
 127:Generated_Source\PSoC4/cyfitter_cfg.c **** {
 128:Generated_Source\PSoC4/cyfitter_cfg.c ****     /* To remove the compiler warning if errorCode not used.                */
 129:Generated_Source\PSoC4/cyfitter_cfg.c ****     errorCode = errorCode;
 130:Generated_Source\PSoC4/cyfitter_cfg.c **** 
 131:Generated_Source\PSoC4/cyfitter_cfg.c ****     /* If we have a clock startup error (bad MHz crystal, PLL lock, etc.),  */
 132:Generated_Source\PSoC4/cyfitter_cfg.c ****     /* we will end up here to allow the customer to implement something to  */
 133:Generated_Source\PSoC4/cyfitter_cfg.c ****     /* deal with the clock condition.                                       */
 134:Generated_Source\PSoC4/cyfitter_cfg.c **** 
 135:Generated_Source\PSoC4/cyfitter_cfg.c **** #ifdef CY_CFG_CLOCK_STARTUP_ERROR_CALLBACK
 136:Generated_Source\PSoC4/cyfitter_cfg.c ****     CY_CFG_Clock_Startup_ErrorCallback();
 137:Generated_Source\PSoC4/cyfitter_cfg.c **** #else
 138:Generated_Source\PSoC4/cyfitter_cfg.c ****     /*  If not using CY_CFG_CLOCK_STARTUP_ERROR_CALLBACK, place your clock startup code here. */
 139:Generated_Source\PSoC4/cyfitter_cfg.c ****     /* `#START CyClockStartupError` */
 140:Generated_Source\PSoC4/cyfitter_cfg.c **** 
 141:Generated_Source\PSoC4/cyfitter_cfg.c ****     /* If we have a clock startup error (bad MHz crystal, PLL lock, etc.),  */
 142:Generated_Source\PSoC4/cyfitter_cfg.c ****     /* we will end up here to allow the customer to implement something to  */
 143:Generated_Source\PSoC4/cyfitter_cfg.c ****     /* deal with the clock condition.                                       */
 144:Generated_Source\PSoC4/cyfitter_cfg.c **** 
 145:Generated_Source\PSoC4/cyfitter_cfg.c ****     /* `#END` */
 146:Generated_Source\PSoC4/cyfitter_cfg.c **** 
 147:Generated_Source\PSoC4/cyfitter_cfg.c ****     while(1) {}
 148:Generated_Source\PSoC4/cyfitter_cfg.c **** #endif /* CY_CFG_CLOCK_STARTUP_ERROR_CALLBACK */
 149:Generated_Source\PSoC4/cyfitter_cfg.c **** }
ARM GAS  C:\Users\TTSS\AppData\Local\Temp\ccuhG4vd.s 			page 6


 150:Generated_Source\PSoC4/cyfitter_cfg.c **** #endif
 151:Generated_Source\PSoC4/cyfitter_cfg.c **** 
 152:Generated_Source\PSoC4/cyfitter_cfg.c **** 
 153:Generated_Source\PSoC4/cyfitter_cfg.c **** 
 154:Generated_Source\PSoC4/cyfitter_cfg.c **** /*******************************************************************************
 155:Generated_Source\PSoC4/cyfitter_cfg.c **** * Function Name: ClockSetup
 156:Generated_Source\PSoC4/cyfitter_cfg.c **** ********************************************************************************
 157:Generated_Source\PSoC4/cyfitter_cfg.c **** *
 158:Generated_Source\PSoC4/cyfitter_cfg.c **** * Summary:
 159:Generated_Source\PSoC4/cyfitter_cfg.c **** *   Performs the initialization of all of the clocks in the device based on the
 160:Generated_Source\PSoC4/cyfitter_cfg.c **** *   settings in the Clock tab of the DWR.  This includes enabling the requested
 161:Generated_Source\PSoC4/cyfitter_cfg.c **** *   clocks and setting the necessary dividers to produce the desired frequency. 
 162:Generated_Source\PSoC4/cyfitter_cfg.c **** *
 163:Generated_Source\PSoC4/cyfitter_cfg.c **** * Parameters:
 164:Generated_Source\PSoC4/cyfitter_cfg.c **** *   void
 165:Generated_Source\PSoC4/cyfitter_cfg.c **** *
 166:Generated_Source\PSoC4/cyfitter_cfg.c **** * Return:
 167:Generated_Source\PSoC4/cyfitter_cfg.c **** *   void
 168:Generated_Source\PSoC4/cyfitter_cfg.c **** *
 169:Generated_Source\PSoC4/cyfitter_cfg.c **** *******************************************************************************/
 170:Generated_Source\PSoC4/cyfitter_cfg.c **** static void ClockSetup(void);
 171:Generated_Source\PSoC4/cyfitter_cfg.c **** CY_CFG_SECTION
 172:Generated_Source\PSoC4/cyfitter_cfg.c **** static void ClockSetup(void)
 173:Generated_Source\PSoC4/cyfitter_cfg.c **** {
 137              		.loc 1 173 0
 138              		.cfi_startproc
 139              		@ args = 0, pretend = 0, frame = 0
 140              		@ frame_needed = 1, uses_anonymous_args = 0
 141 0000 80B5     		push	{r7, lr}
 142              		.cfi_def_cfa_offset 8
 143              		.cfi_offset 7, -8
 144              		.cfi_offset 14, -4
 145 0002 00AF     		add	r7, sp, #0
 146              		.cfi_def_cfa_register 7
 174:Generated_Source\PSoC4/cyfitter_cfg.c **** 
 175:Generated_Source\PSoC4/cyfitter_cfg.c **** 	/* Set Flash Cycles based on max possible frequency in case a glitch occurs during ClockSetup(). *
 176:Generated_Source\PSoC4/cyfitter_cfg.c **** 	CY_SET_REG32((void CYXDATA *)(CYREG_CPUSS_FLASH_CTL), (0x0012u));
 147              		.loc 1 176 0
 148 0004 284B     		ldr	r3, .L5
 149 0006 1222     		movs	r2, #18
 150 0008 1A60     		str	r2, [r3]
 177:Generated_Source\PSoC4/cyfitter_cfg.c **** 
 178:Generated_Source\PSoC4/cyfitter_cfg.c **** 	/* Start the WCO */
 179:Generated_Source\PSoC4/cyfitter_cfg.c **** 	CySysClkWcoStart();
 151              		.loc 1 179 0
 152 000a FFF7FEFF 		bl	CySysClkWcoStart
 180:Generated_Source\PSoC4/cyfitter_cfg.c **** 	CyDelayCycles(12000000u); /* WCO may take up to 500ms to start */
 153              		.loc 1 180 0
 154 000e 274B     		ldr	r3, .L5+4
 155 0010 1800     		movs	r0, r3
 156 0012 FFF7FEFF 		bl	CyDelayCycles
 181:Generated_Source\PSoC4/cyfitter_cfg.c **** 	(void)CySysClkWcoSetPowerMode(CY_SYS_CLK_WCO_LPM);    /* Switch to the low power mode */
 157              		.loc 1 181 0
 158 0016 0120     		movs	r0, #1
 159 0018 FFF7FEFF 		bl	CySysClkWcoSetPowerMode
 182:Generated_Source\PSoC4/cyfitter_cfg.c **** 
 183:Generated_Source\PSoC4/cyfitter_cfg.c **** 	/* Setup and trim IMO based on desired frequency. */
ARM GAS  C:\Users\TTSS\AppData\Local\Temp\ccuhG4vd.s 			page 7


 184:Generated_Source\PSoC4/cyfitter_cfg.c **** 	CySysClkWriteImoFreq(48u);
 160              		.loc 1 184 0
 161 001c 3020     		movs	r0, #48
 162 001e FFF7FEFF 		bl	CySysClkWriteImoFreq
 185:Generated_Source\PSoC4/cyfitter_cfg.c **** 	/* CYDEV_CLK_ILO_CONFIG Starting address: CYDEV_CLK_ILO_CONFIG */
 186:Generated_Source\PSoC4/cyfitter_cfg.c **** 	CY_SET_REG32((void *)(CYREG_CLK_ILO_CONFIG), 0x80000006u);
 163              		.loc 1 186 0
 164 0022 234B     		ldr	r3, .L5+8
 165 0024 234A     		ldr	r2, .L5+12
 166 0026 1A60     		str	r2, [r3]
 187:Generated_Source\PSoC4/cyfitter_cfg.c **** 
 188:Generated_Source\PSoC4/cyfitter_cfg.c **** 	/* CYDEV_WDT_CONFIG Starting address: CYDEV_WDT_CONFIG */
 189:Generated_Source\PSoC4/cyfitter_cfg.c **** 	CY_SET_REG32((void *)(CYREG_WDT_CONFIG), 0x40000000u);
 167              		.loc 1 189 0
 168 0028 234B     		ldr	r3, .L5+16
 169 002a 8022     		movs	r2, #128
 170 002c D205     		lsls	r2, r2, #23
 171 002e 1A60     		str	r2, [r3]
 190:Generated_Source\PSoC4/cyfitter_cfg.c **** 
 191:Generated_Source\PSoC4/cyfitter_cfg.c **** 
 192:Generated_Source\PSoC4/cyfitter_cfg.c **** 	/* Enable fast start mode for XO */
 193:Generated_Source\PSoC4/cyfitter_cfg.c **** 	CY_SET_REG32((void*)CYREG_BLE_BLERD_BB_XO, CY_GET_REG32((void*)CYREG_BLE_BLERD_BB_XO) | (uint32)0x
 172              		.loc 1 193 0
 173 0030 224B     		ldr	r3, .L5+20
 174 0032 224A     		ldr	r2, .L5+20
 175 0034 1268     		ldr	r2, [r2]
 176 0036 0221     		movs	r1, #2
 177 0038 0A43     		orrs	r2, r1
 178 003a 1A60     		str	r2, [r3]
 194:Generated_Source\PSoC4/cyfitter_cfg.c **** 	CY_SET_REG32((void *)(CYREG_BLE_BLERD_BB_XO_CAPTRIM), 0x00003E2Du);
 179              		.loc 1 194 0
 180 003c 204B     		ldr	r3, .L5+24
 181 003e 214A     		ldr	r2, .L5+28
 182 0040 1A60     		str	r2, [r3]
 195:Generated_Source\PSoC4/cyfitter_cfg.c **** 	/*Set XTAL(ECO) divider*/
 196:Generated_Source\PSoC4/cyfitter_cfg.c **** 	CY_SET_REG32((void *)(CYREG_BLE_BLESS_XTAL_CLK_DIV_CONFIG), 0x00000000u);
 183              		.loc 1 196 0
 184 0042 214B     		ldr	r3, .L5+32
 185 0044 0022     		movs	r2, #0
 186 0046 1A60     		str	r2, [r3]
 197:Generated_Source\PSoC4/cyfitter_cfg.c **** 	/* Disable Crystal Stable Interrupt before enabling ECO */
 198:Generated_Source\PSoC4/cyfitter_cfg.c **** 	CY_SET_REG32((void*)CYREG_BLE_BLESS_LL_DSM_CTRL, CY_GET_REG32((void*)CYREG_BLE_BLESS_LL_DSM_CTRL) 
 187              		.loc 1 198 0
 188 0048 204B     		ldr	r3, .L5+36
 189 004a 204A     		ldr	r2, .L5+36
 190 004c 1268     		ldr	r2, [r2]
 191 004e 0821     		movs	r1, #8
 192 0050 8A43     		bics	r2, r1
 193 0052 1A60     		str	r2, [r3]
 199:Generated_Source\PSoC4/cyfitter_cfg.c **** 	/* Start the ECO and do not check status since it is not needed for HFCLK */
 200:Generated_Source\PSoC4/cyfitter_cfg.c **** 	(void)CySysClkEcoStart(2000u);
 194              		.loc 1 200 0
 195 0054 FA23     		movs	r3, #250
 196 0056 DB00     		lsls	r3, r3, #3
 197 0058 1800     		movs	r0, r3
 198 005a FFF7FEFF 		bl	CySysClkEcoStart
 201:Generated_Source\PSoC4/cyfitter_cfg.c **** 	CyDelayUs(1500u); /* Wait to stabilize */
ARM GAS  C:\Users\TTSS\AppData\Local\Temp\ccuhG4vd.s 			page 8


 199              		.loc 1 201 0
 200 005e 1C4B     		ldr	r3, .L5+40
 201 0060 1800     		movs	r0, r3
 202 0062 FFF7FEFF 		bl	CyDelayUs
 202:Generated_Source\PSoC4/cyfitter_cfg.c **** 
 203:Generated_Source\PSoC4/cyfitter_cfg.c **** 	/* Setup phase aligned clocks */
 204:Generated_Source\PSoC4/cyfitter_cfg.c **** 	CY_SET_REG32((void *)CYREG_PERI_DIV_16_CTL0, 0x0001A000u);
 203              		.loc 1 204 0
 204 0066 1B4B     		ldr	r3, .L5+44
 205 0068 D022     		movs	r2, #208
 206 006a 5202     		lsls	r2, r2, #9
 207 006c 1A60     		str	r2, [r3]
 205:Generated_Source\PSoC4/cyfitter_cfg.c **** 	CY_SET_REG32((void *)CYREG_PERI_DIV_CMD, 0x8000FF40u);
 208              		.loc 1 205 0
 209 006e 1A4B     		ldr	r3, .L5+48
 210 0070 1A4A     		ldr	r2, .L5+52
 211 0072 1A60     		str	r2, [r3]
 206:Generated_Source\PSoC4/cyfitter_cfg.c **** 
 207:Generated_Source\PSoC4/cyfitter_cfg.c **** 	/* CYDEV_CLK_IMO_CONFIG Starting address: CYDEV_CLK_IMO_CONFIG */
 208:Generated_Source\PSoC4/cyfitter_cfg.c **** 	CY_SET_REG32((void *)(CYREG_CLK_IMO_CONFIG), 0x80000000u);
 212              		.loc 1 208 0
 213 0074 1A4B     		ldr	r3, .L5+56
 214 0076 8022     		movs	r2, #128
 215 0078 1206     		lsls	r2, r2, #24
 216 007a 1A60     		str	r2, [r3]
 209:Generated_Source\PSoC4/cyfitter_cfg.c **** 
 210:Generated_Source\PSoC4/cyfitter_cfg.c **** 	/* CYDEV_CLK_SELECT Starting address: CYDEV_CLK_SELECT */
 211:Generated_Source\PSoC4/cyfitter_cfg.c **** 	CY_SET_REG32((void *)(CYREG_CLK_SELECT), 0x00040000u);
 217              		.loc 1 211 0
 218 007c 194B     		ldr	r3, .L5+60
 219 007e 8022     		movs	r2, #128
 220 0080 D202     		lsls	r2, r2, #11
 221 0082 1A60     		str	r2, [r3]
 212:Generated_Source\PSoC4/cyfitter_cfg.c **** 
 213:Generated_Source\PSoC4/cyfitter_cfg.c **** 	/* CYDEV_PERI_PCLK_CTL1 Starting address: CYDEV_PERI_PCLK_CTL1 */
 214:Generated_Source\PSoC4/cyfitter_cfg.c **** 	CY_SET_REG32((void *)(CYREG_PERI_PCLK_CTL1), 0x00000040u);
 222              		.loc 1 214 0
 223 0084 184B     		ldr	r3, .L5+64
 224 0086 4022     		movs	r2, #64
 225 0088 1A60     		str	r2, [r3]
 215:Generated_Source\PSoC4/cyfitter_cfg.c **** 
 216:Generated_Source\PSoC4/cyfitter_cfg.c **** 	(void)CyIntSetVector(8u, &CySysWdtIsr);
 226              		.loc 1 216 0
 227 008a 184B     		ldr	r3, .L5+68
 228 008c 1900     		movs	r1, r3
 229 008e 0820     		movs	r0, #8
 230 0090 FFF7FEFF 		bl	CyIntSetVector
 217:Generated_Source\PSoC4/cyfitter_cfg.c **** 	CyIntEnable(8u);
 231              		.loc 1 217 0
 232 0094 0820     		movs	r0, #8
 233 0096 FFF7FEFF 		bl	CyIntEnable
 218:Generated_Source\PSoC4/cyfitter_cfg.c **** 	CY_SET_REG32((void *)(CYREG_WDT_CONFIG), 0x40000000u);
 234              		.loc 1 218 0
 235 009a 074B     		ldr	r3, .L5+16
 236 009c 8022     		movs	r2, #128
 237 009e D205     		lsls	r2, r2, #23
 238 00a0 1A60     		str	r2, [r3]
ARM GAS  C:\Users\TTSS\AppData\Local\Temp\ccuhG4vd.s 			page 9


 219:Generated_Source\PSoC4/cyfitter_cfg.c **** }
 239              		.loc 1 219 0
 240 00a2 C046     		nop
 241 00a4 BD46     		mov	sp, r7
 242              		@ sp needed
 243 00a6 80BD     		pop	{r7, pc}
 244              	.L6:
 245              		.align	2
 246              	.L5:
 247 00a8 30001040 		.word	1074790448
 248 00ac 001BB700 		.word	12000000
 249 00b0 04010B40 		.word	1074462980
 250 00b4 06000080 		.word	-2147483642
 251 00b8 0C020B40 		.word	1074463244
 252 00bc 78002E40 		.word	1076756600
 253 00c0 7C002E40 		.word	1076756604
 254 00c4 2D3E0000 		.word	15917
 255 00c8 64F02E40 		.word	1076818020
 256 00cc 6CF02E40 		.word	1076818028
 257 00d0 DC050000 		.word	1500
 258 00d4 00030140 		.word	1073808128
 259 00d8 00000140 		.word	1073807360
 260 00dc 40FF0080 		.word	-2147418304
 261 00e0 08010B40 		.word	1074462984
 262 00e4 00010B40 		.word	1074462976
 263 00e8 04010140 		.word	1073807620
 264 00ec 00000000 		.word	CySysWdtIsr
 265              		.cfi_endproc
 266              	.LFE5:
 267              		.size	ClockSetup, .-ClockSetup
 268              		.section	.text.AnalogSetDefault,"ax",%progbits
 269              		.align	2
 270              		.code	16
 271              		.thumb_func
 272              		.type	AnalogSetDefault, %function
 273              	AnalogSetDefault:
 274              	.LFB6:
 220:Generated_Source\PSoC4/cyfitter_cfg.c **** 
 221:Generated_Source\PSoC4/cyfitter_cfg.c **** 
 222:Generated_Source\PSoC4/cyfitter_cfg.c **** /* Analog API Functions */
 223:Generated_Source\PSoC4/cyfitter_cfg.c **** 
 224:Generated_Source\PSoC4/cyfitter_cfg.c **** 
 225:Generated_Source\PSoC4/cyfitter_cfg.c **** /*******************************************************************************
 226:Generated_Source\PSoC4/cyfitter_cfg.c **** * Function Name: AnalogSetDefault
 227:Generated_Source\PSoC4/cyfitter_cfg.c **** ********************************************************************************
 228:Generated_Source\PSoC4/cyfitter_cfg.c **** *
 229:Generated_Source\PSoC4/cyfitter_cfg.c **** * Summary:
 230:Generated_Source\PSoC4/cyfitter_cfg.c **** *  Sets up the analog portions of the chip to default values based on chip
 231:Generated_Source\PSoC4/cyfitter_cfg.c **** *  configuration options from the project.
 232:Generated_Source\PSoC4/cyfitter_cfg.c **** *
 233:Generated_Source\PSoC4/cyfitter_cfg.c **** * Parameters:
 234:Generated_Source\PSoC4/cyfitter_cfg.c **** *  void
 235:Generated_Source\PSoC4/cyfitter_cfg.c **** *
 236:Generated_Source\PSoC4/cyfitter_cfg.c **** * Return:
 237:Generated_Source\PSoC4/cyfitter_cfg.c **** *  void
 238:Generated_Source\PSoC4/cyfitter_cfg.c **** *
 239:Generated_Source\PSoC4/cyfitter_cfg.c **** *******************************************************************************/
ARM GAS  C:\Users\TTSS\AppData\Local\Temp\ccuhG4vd.s 			page 10


 240:Generated_Source\PSoC4/cyfitter_cfg.c **** static void AnalogSetDefault(void);
 241:Generated_Source\PSoC4/cyfitter_cfg.c **** static void AnalogSetDefault(void)
 242:Generated_Source\PSoC4/cyfitter_cfg.c **** {
 275              		.loc 1 242 0
 276              		.cfi_startproc
 277              		@ args = 0, pretend = 0, frame = 0
 278              		@ frame_needed = 1, uses_anonymous_args = 0
 279 0000 80B5     		push	{r7, lr}
 280              		.cfi_def_cfa_offset 8
 281              		.cfi_offset 7, -8
 282              		.cfi_offset 14, -4
 283 0002 00AF     		add	r7, sp, #0
 284              		.cfi_def_cfa_register 7
 243:Generated_Source\PSoC4/cyfitter_cfg.c **** 	CY_SET_XTND_REG32((void CYFAR *)CYREG_CTBM0_DFT_CTRL, 0x00000003u);
 285              		.loc 1 243 0
 286 0004 054B     		ldr	r3, .L8
 287 0006 0322     		movs	r2, #3
 288 0008 1A60     		str	r2, [r3]
 244:Generated_Source\PSoC4/cyfitter_cfg.c **** 	CY_SET_XTND_REG32((void CYFAR *)CYREG_CTBM1_DFT_CTRL, 0x00000003u);
 289              		.loc 1 244 0
 290 000a 054B     		ldr	r3, .L8+4
 291 000c 0322     		movs	r2, #3
 292 000e 1A60     		str	r2, [r3]
 245:Generated_Source\PSoC4/cyfitter_cfg.c **** 	CY_SET_XTND_REG32((void CYFAR *)CYREG_PASS_DSAB_DSAB_CTRL, 0x00000000u);
 293              		.loc 1 245 0
 294 0010 044B     		ldr	r3, .L8+8
 295 0012 0022     		movs	r2, #0
 296 0014 1A60     		str	r2, [r3]
 246:Generated_Source\PSoC4/cyfitter_cfg.c **** }
 297              		.loc 1 246 0
 298 0016 C046     		nop
 299 0018 BD46     		mov	sp, r7
 300              		@ sp needed
 301 001a 80BD     		pop	{r7, pc}
 302              	.L9:
 303              		.align	2
 304              	.L8:
 305 001c 30003040 		.word	1076887600
 306 0020 30003140 		.word	1076953136
 307 0024 000E3F40 		.word	1077874176
 308              		.cfi_endproc
 309              	.LFE6:
 310              		.size	AnalogSetDefault, .-AnalogSetDefault
 311              		.section	.psocinit
 312              		.align	2
 313              		.global	cyfitter_cfg
 314              		.code	16
 315              		.thumb_func
 316              		.type	cyfitter_cfg, %function
 317              	cyfitter_cfg:
 318              	.LFB7:
 247:Generated_Source\PSoC4/cyfitter_cfg.c **** 
 248:Generated_Source\PSoC4/cyfitter_cfg.c **** 
 249:Generated_Source\PSoC4/cyfitter_cfg.c **** 
 250:Generated_Source\PSoC4/cyfitter_cfg.c **** 
 251:Generated_Source\PSoC4/cyfitter_cfg.c **** /*******************************************************************************
 252:Generated_Source\PSoC4/cyfitter_cfg.c **** * Function Name: cyfitter_cfg
ARM GAS  C:\Users\TTSS\AppData\Local\Temp\ccuhG4vd.s 			page 11


 253:Generated_Source\PSoC4/cyfitter_cfg.c **** ********************************************************************************
 254:Generated_Source\PSoC4/cyfitter_cfg.c **** * Summary:
 255:Generated_Source\PSoC4/cyfitter_cfg.c **** *  This function is called by the start-up code for the selected device. It
 256:Generated_Source\PSoC4/cyfitter_cfg.c **** *  performs all of the necessary device configuration based on the design
 257:Generated_Source\PSoC4/cyfitter_cfg.c **** *  settings.  This includes settings from the Design Wide Resources (DWR) such
 258:Generated_Source\PSoC4/cyfitter_cfg.c **** *  as Clocks and Pins as well as any component configuration that is necessary.
 259:Generated_Source\PSoC4/cyfitter_cfg.c **** *
 260:Generated_Source\PSoC4/cyfitter_cfg.c **** * Parameters:
 261:Generated_Source\PSoC4/cyfitter_cfg.c **** *   void
 262:Generated_Source\PSoC4/cyfitter_cfg.c **** *
 263:Generated_Source\PSoC4/cyfitter_cfg.c **** * Return:
 264:Generated_Source\PSoC4/cyfitter_cfg.c **** *   void
 265:Generated_Source\PSoC4/cyfitter_cfg.c **** *
 266:Generated_Source\PSoC4/cyfitter_cfg.c **** *******************************************************************************/
 267:Generated_Source\PSoC4/cyfitter_cfg.c **** CY_CFG_SECTION
 268:Generated_Source\PSoC4/cyfitter_cfg.c **** void cyfitter_cfg(void)
 269:Generated_Source\PSoC4/cyfitter_cfg.c **** {
 319              		.loc 1 269 0
 320              		.cfi_startproc
 321              		@ args = 0, pretend = 0, frame = 8
 322              		@ frame_needed = 1, uses_anonymous_args = 0
 323 00f0 80B5     		push	{r7, lr}
 324              		.cfi_def_cfa_offset 8
 325              		.cfi_offset 7, -8
 326              		.cfi_offset 14, -4
 327 00f2 82B0     		sub	sp, sp, #8
 328              		.cfi_def_cfa_offset 16
 329 00f4 00AF     		add	r7, sp, #0
 330              		.cfi_def_cfa_register 7
 270:Generated_Source\PSoC4/cyfitter_cfg.c **** 	/* Disable interrupts by default. Let user enable if/when they want. */
 271:Generated_Source\PSoC4/cyfitter_cfg.c **** 	CyGlobalIntDisable;
 331              		.loc 1 271 0
 332              		.syntax divided
 333              	@ 271 "Generated_Source\PSoC4\cyfitter_cfg.c" 1
 334 00f6 72B6     		CPSID   i
 335              	@ 0 "" 2
 272:Generated_Source\PSoC4/cyfitter_cfg.c **** 
 273:Generated_Source\PSoC4/cyfitter_cfg.c **** 	CY_SET_REG32((void *)(CYREG_BLE_BLESS_LL_DSM_CTRL), 0x00000000u);
 336              		.loc 1 273 0
 337              		.thumb
 338              		.syntax unified
 339 00f8 2E4B     		ldr	r3, .L13
 340 00fa 0022     		movs	r2, #0
 341 00fc 1A60     		str	r2, [r3]
 342              	.LBB2:
 274:Generated_Source\PSoC4/cyfitter_cfg.c **** 
 275:Generated_Source\PSoC4/cyfitter_cfg.c **** 	{
 276:Generated_Source\PSoC4/cyfitter_cfg.c **** 
 277:Generated_Source\PSoC4/cyfitter_cfg.c **** 		CYPACKED typedef struct {
 278:Generated_Source\PSoC4/cyfitter_cfg.c **** 			void CYFAR *address;
 279:Generated_Source\PSoC4/cyfitter_cfg.c **** 			uint16 size;
 280:Generated_Source\PSoC4/cyfitter_cfg.c **** 		} CYPACKED_ATTR cfg_memset_t;
 281:Generated_Source\PSoC4/cyfitter_cfg.c **** 
 282:Generated_Source\PSoC4/cyfitter_cfg.c **** 		static const cfg_memset_t CYCODE cfg_memset_list[] = {
 283:Generated_Source\PSoC4/cyfitter_cfg.c **** 			/* address, size */
 284:Generated_Source\PSoC4/cyfitter_cfg.c **** 			{(void CYFAR *)(CYDEV_UDB_P0_U0_BASE), 1024u},
 285:Generated_Source\PSoC4/cyfitter_cfg.c **** 			{(void CYFAR *)(CYDEV_UDB_DSI0_BASE), 1024u},
ARM GAS  C:\Users\TTSS\AppData\Local\Temp\ccuhG4vd.s 			page 12


 286:Generated_Source\PSoC4/cyfitter_cfg.c **** 		};
 287:Generated_Source\PSoC4/cyfitter_cfg.c **** 
 288:Generated_Source\PSoC4/cyfitter_cfg.c **** 		uint8 CYDATA i;
 289:Generated_Source\PSoC4/cyfitter_cfg.c **** 
 290:Generated_Source\PSoC4/cyfitter_cfg.c **** 		/* Zero out critical memory blocks before beginning configuration */
 291:Generated_Source\PSoC4/cyfitter_cfg.c **** 		for (i = 0u; i < (sizeof(cfg_memset_list)/sizeof(cfg_memset_list[0])); i++)
 343              		.loc 1 291 0
 344 00fe FB1D     		adds	r3, r7, #7
 345 0100 0022     		movs	r2, #0
 346 0102 1A70     		strb	r2, [r3]
 347 0104 22E0     		b	.L11
 348              	.L12:
 349              	.LBB3:
 292:Generated_Source\PSoC4/cyfitter_cfg.c **** 		{
 293:Generated_Source\PSoC4/cyfitter_cfg.c **** 			const cfg_memset_t CYCODE * CYDATA ms = &cfg_memset_list[i];
 350              		.loc 1 293 0 discriminator 3
 351 0106 FB1D     		adds	r3, r7, #7
 352 0108 1A78     		ldrb	r2, [r3]
 353 010a 1300     		movs	r3, r2
 354 010c 5B00     		lsls	r3, r3, #1
 355 010e 9B18     		adds	r3, r3, r2
 356 0110 5B00     		lsls	r3, r3, #1
 357 0112 294A     		ldr	r2, .L13+4
 358 0114 9B18     		adds	r3, r3, r2
 359 0116 3B60     		str	r3, [r7]
 294:Generated_Source\PSoC4/cyfitter_cfg.c **** 			CYMEMZERO(ms->address, (size_t)(uint32)(ms->size));
 360              		.loc 1 294 0 discriminator 3
 361 0118 3B68     		ldr	r3, [r7]
 362 011a 1A78     		ldrb	r2, [r3]
 363 011c 5978     		ldrb	r1, [r3, #1]
 364 011e 0902     		lsls	r1, r1, #8
 365 0120 0A43     		orrs	r2, r1
 366 0122 9978     		ldrb	r1, [r3, #2]
 367 0124 0904     		lsls	r1, r1, #16
 368 0126 0A43     		orrs	r2, r1
 369 0128 DB78     		ldrb	r3, [r3, #3]
 370 012a 1B06     		lsls	r3, r3, #24
 371 012c 1343     		orrs	r3, r2
 372 012e 1800     		movs	r0, r3
 373 0130 3B68     		ldr	r3, [r7]
 374 0132 1A79     		ldrb	r2, [r3, #4]
 375 0134 5B79     		ldrb	r3, [r3, #5]
 376 0136 1B02     		lsls	r3, r3, #8
 377 0138 1343     		orrs	r3, r2
 378 013a 9BB2     		uxth	r3, r3
 379 013c 1900     		movs	r1, r3
 380 013e FFF7FEFF 		bl	CYMEMZERO
 381              	.LBE3:
 291:Generated_Source\PSoC4/cyfitter_cfg.c **** 		{
 382              		.loc 1 291 0 discriminator 3
 383 0142 FB1D     		adds	r3, r7, #7
 384 0144 1A78     		ldrb	r2, [r3]
 385 0146 FB1D     		adds	r3, r7, #7
 386 0148 0132     		adds	r2, r2, #1
 387 014a 1A70     		strb	r2, [r3]
 388              	.L11:
 291:Generated_Source\PSoC4/cyfitter_cfg.c **** 		{
ARM GAS  C:\Users\TTSS\AppData\Local\Temp\ccuhG4vd.s 			page 13


 389              		.loc 1 291 0 is_stmt 0 discriminator 1
 390 014c FB1D     		adds	r3, r7, #7
 391 014e 1B78     		ldrb	r3, [r3]
 392 0150 012B     		cmp	r3, #1
 393 0152 D8D9     		bls	.L12
 295:Generated_Source\PSoC4/cyfitter_cfg.c **** 		}
 296:Generated_Source\PSoC4/cyfitter_cfg.c **** 
 297:Generated_Source\PSoC4/cyfitter_cfg.c **** 		/* HSIOM Starting address: CYDEV_HSIOM_BASE */
 298:Generated_Source\PSoC4/cyfitter_cfg.c **** 		CY_SET_REG32((void *)(CYDEV_HSIOM_BASE), 0xEE000000u);
 394              		.loc 1 298 0 is_stmt 1
 395 0154 194B     		ldr	r3, .L13+8
 396 0156 EE22     		movs	r2, #238
 397 0158 1206     		lsls	r2, r2, #24
 398 015a 1A60     		str	r2, [r3]
 299:Generated_Source\PSoC4/cyfitter_cfg.c **** 		CY_SET_REG32((void *)(CYREG_HSIOM_PORT_SEL1), 0x00090000u);
 399              		.loc 1 299 0
 400 015c 184B     		ldr	r3, .L13+12
 401 015e 9022     		movs	r2, #144
 402 0160 1203     		lsls	r2, r2, #12
 403 0162 1A60     		str	r2, [r3]
 300:Generated_Source\PSoC4/cyfitter_cfg.c **** 
 301:Generated_Source\PSoC4/cyfitter_cfg.c **** 		/* UDB_PA_0 Starting address: CYDEV_UDB_PA0_BASE */
 302:Generated_Source\PSoC4/cyfitter_cfg.c **** 		CY_SET_REG32((void *)(CYDEV_UDB_PA0_BASE), 0x00990000u);
 404              		.loc 1 302 0
 405 0164 174B     		ldr	r3, .L13+16
 406 0166 9922     		movs	r2, #153
 407 0168 1204     		lsls	r2, r2, #16
 408 016a 1A60     		str	r2, [r3]
 303:Generated_Source\PSoC4/cyfitter_cfg.c **** 
 304:Generated_Source\PSoC4/cyfitter_cfg.c **** 		/* UDB_PA_1 Starting address: CYDEV_UDB_PA1_BASE */
 305:Generated_Source\PSoC4/cyfitter_cfg.c **** 		CY_SET_REG32((void *)(CYDEV_UDB_PA1_BASE), 0x00990000u);
 409              		.loc 1 305 0
 410 016c 164B     		ldr	r3, .L13+20
 411 016e 9922     		movs	r2, #153
 412 0170 1204     		lsls	r2, r2, #16
 413 0172 1A60     		str	r2, [r3]
 306:Generated_Source\PSoC4/cyfitter_cfg.c **** 
 307:Generated_Source\PSoC4/cyfitter_cfg.c **** 		/* UDB_PA_2 Starting address: CYDEV_UDB_PA2_BASE */
 308:Generated_Source\PSoC4/cyfitter_cfg.c **** 		CY_SET_REG32((void *)(CYDEV_UDB_PA2_BASE), 0x00990000u);
 414              		.loc 1 308 0
 415 0174 154B     		ldr	r3, .L13+24
 416 0176 9922     		movs	r2, #153
 417 0178 1204     		lsls	r2, r2, #16
 418 017a 1A60     		str	r2, [r3]
 309:Generated_Source\PSoC4/cyfitter_cfg.c **** 
 310:Generated_Source\PSoC4/cyfitter_cfg.c **** 		/* Enable digital routing */
 311:Generated_Source\PSoC4/cyfitter_cfg.c **** 		CY_SET_XTND_REG8((void *)CYREG_UDB_UDBIF_BANK_CTL, (uint8)(CY_GET_XTND_REG8((void *)CYREG_UDB_UDB
 419              		.loc 1 311 0
 420 017c 144A     		ldr	r2, .L13+28
 421 017e 144B     		ldr	r3, .L13+28
 422 0180 1B78     		ldrb	r3, [r3]
 423 0182 DBB2     		uxtb	r3, r3
 424 0184 0621     		movs	r1, #6
 425 0186 0B43     		orrs	r3, r1
 426 0188 DBB2     		uxtb	r3, r3
 427 018a 1370     		strb	r3, [r2]
 428              	.LBE2:
ARM GAS  C:\Users\TTSS\AppData\Local\Temp\ccuhG4vd.s 			page 14


 312:Generated_Source\PSoC4/cyfitter_cfg.c **** 	}
 313:Generated_Source\PSoC4/cyfitter_cfg.c **** 
 314:Generated_Source\PSoC4/cyfitter_cfg.c **** 	/* Perform second pass device configuration. These items must be configured in specific order afte
 315:Generated_Source\PSoC4/cyfitter_cfg.c **** 	/* IOPINS0_0 Starting address: CYDEV_GPIO_PRT0_BASE */
 316:Generated_Source\PSoC4/cyfitter_cfg.c **** 	CY_SET_REG32((void *)(CYREG_GPIO_PRT0_PC), 0x00D80000u);
 429              		.loc 1 316 0
 430 018c 114B     		ldr	r3, .L13+32
 431 018e D822     		movs	r2, #216
 432 0190 1204     		lsls	r2, r2, #16
 433 0192 1A60     		str	r2, [r3]
 317:Generated_Source\PSoC4/cyfitter_cfg.c **** 
 318:Generated_Source\PSoC4/cyfitter_cfg.c **** 	/* IOPINS0_1 Starting address: CYDEV_GPIO_PRT1_BASE */
 319:Generated_Source\PSoC4/cyfitter_cfg.c **** 	CY_SET_REG32((void *)(CYREG_GPIO_PRT1_PC), 0x00001000u);
 434              		.loc 1 319 0
 435 0194 104B     		ldr	r3, .L13+36
 436 0196 8022     		movs	r2, #128
 437 0198 5201     		lsls	r2, r2, #5
 438 019a 1A60     		str	r2, [r3]
 320:Generated_Source\PSoC4/cyfitter_cfg.c **** 
 321:Generated_Source\PSoC4/cyfitter_cfg.c **** 	/* IOPINS0_2 Starting address: CYDEV_GPIO_PRT2_BASE */
 322:Generated_Source\PSoC4/cyfitter_cfg.c **** 	CY_SET_REG32((void *)(CYREG_GPIO_PRT2_PC), 0x00000030u);
 439              		.loc 1 322 0
 440 019c 0F4B     		ldr	r3, .L13+40
 441 019e 3022     		movs	r2, #48
 442 01a0 1A60     		str	r2, [r3]
 323:Generated_Source\PSoC4/cyfitter_cfg.c **** 
 324:Generated_Source\PSoC4/cyfitter_cfg.c **** 
 325:Generated_Source\PSoC4/cyfitter_cfg.c **** 	/* Setup clocks based on selections from Clock DWR */
 326:Generated_Source\PSoC4/cyfitter_cfg.c **** 	ClockSetup();
 443              		.loc 1 326 0
 444 01a2 FFF72DFF 		bl	ClockSetup
 327:Generated_Source\PSoC4/cyfitter_cfg.c **** 
 328:Generated_Source\PSoC4/cyfitter_cfg.c **** 	/* Perform basic analog initialization to defaults */
 329:Generated_Source\PSoC4/cyfitter_cfg.c **** 	AnalogSetDefault();
 445              		.loc 1 329 0
 446 01a6 FFF7FEFF 		bl	AnalogSetDefault
 330:Generated_Source\PSoC4/cyfitter_cfg.c **** 
 331:Generated_Source\PSoC4/cyfitter_cfg.c **** }
 447              		.loc 1 331 0
 448 01aa C046     		nop
 449 01ac BD46     		mov	sp, r7
 450 01ae 02B0     		add	sp, sp, #8
 451              		@ sp needed
 452 01b0 80BD     		pop	{r7, pc}
 453              	.L14:
 454 01b2 C046     		.align	2
 455              	.L13:
 456 01b4 6CF02E40 		.word	1076818028
 457 01b8 00000000 		.word	cfg_memset_list.4884
 458 01bc 00000240 		.word	1073872896
 459 01c0 00010240 		.word	1073873152
 460 01c4 00500F40 		.word	1074745344
 461 01c8 10500F40 		.word	1074745360
 462 01cc 20500F40 		.word	1074745376
 463 01d0 00700F40 		.word	1074753536
 464 01d4 08000440 		.word	1074003976
 465 01d8 08010440 		.word	1074004232
ARM GAS  C:\Users\TTSS\AppData\Local\Temp\ccuhG4vd.s 			page 15


 466 01dc 08020440 		.word	1074004488
 467              		.cfi_endproc
 468              	.LFE7:
 469              		.size	cyfitter_cfg, .-cyfitter_cfg
 470              		.section	.rodata
 471              		.align	2
 472              		.type	cfg_memset_list.4884, %object
 473              		.size	cfg_memset_list.4884, 12
 474              	cfg_memset_list.4884:
 475 0000 00300F40 		.word	1074737152
 476 0004 0004     		.short	1024
 477 0006 00400F40 		.4byte	1074741248
 478 000a 0004     		.short	1024
 479              		.text
 480              	.Letext0:
 481              		.file 2 "c:\\program files (x86)\\cypress\\psoc creator\\4.2\\psoc creator\\import\\gnu\\arm\\5.4.
 482              		.file 3 "Generated_Source\\PSoC4\\cytypes.h"
 483              		.section	.debug_info,"",%progbits
 484              	.Ldebug_info0:
 485 0000 55020000 		.4byte	0x255
 486 0004 0400     		.2byte	0x4
 487 0006 00000000 		.4byte	.Ldebug_abbrev0
 488 000a 04       		.byte	0x4
 489 000b 01       		.uleb128 0x1
 490 000c 83000000 		.4byte	.LASF30
 491 0010 0C       		.byte	0xc
 492 0011 50020000 		.4byte	.LASF31
 493 0015 A0010000 		.4byte	.LASF32
 494 0019 00000000 		.4byte	.Ldebug_ranges0+0
 495 001d 00000000 		.4byte	0
 496 0021 00000000 		.4byte	.Ldebug_line0
 497 0025 02       		.uleb128 0x2
 498 0026 04       		.byte	0x4
 499 0027 05       		.byte	0x5
 500 0028 696E7400 		.ascii	"int\000"
 501 002c 03       		.uleb128 0x3
 502 002d 06000000 		.4byte	.LASF12
 503 0031 02       		.byte	0x2
 504 0032 D8       		.byte	0xd8
 505 0033 37000000 		.4byte	0x37
 506 0037 04       		.uleb128 0x4
 507 0038 04       		.byte	0x4
 508 0039 07       		.byte	0x7
 509 003a 41010000 		.4byte	.LASF0
 510 003e 04       		.uleb128 0x4
 511 003f 08       		.byte	0x8
 512 0040 05       		.byte	0x5
 513 0041 83010000 		.4byte	.LASF1
 514 0045 04       		.uleb128 0x4
 515 0046 08       		.byte	0x8
 516 0047 04       		.byte	0x4
 517 0048 38020000 		.4byte	.LASF2
 518 004c 04       		.uleb128 0x4
 519 004d 01       		.byte	0x1
 520 004e 06       		.byte	0x6
 521 004f 44020000 		.4byte	.LASF3
 522 0053 04       		.uleb128 0x4
ARM GAS  C:\Users\TTSS\AppData\Local\Temp\ccuhG4vd.s 			page 16


 523 0054 01       		.byte	0x1
 524 0055 08       		.byte	0x8
 525 0056 11010000 		.4byte	.LASF4
 526 005a 04       		.uleb128 0x4
 527 005b 02       		.byte	0x2
 528 005c 05       		.byte	0x5
 529 005d 96010000 		.4byte	.LASF5
 530 0061 04       		.uleb128 0x4
 531 0062 02       		.byte	0x2
 532 0063 07       		.byte	0x7
 533 0064 39000000 		.4byte	.LASF6
 534 0068 04       		.uleb128 0x4
 535 0069 04       		.byte	0x4
 536 006a 05       		.byte	0x5
 537 006b 2F020000 		.4byte	.LASF7
 538 006f 04       		.uleb128 0x4
 539 0070 04       		.byte	0x4
 540 0071 07       		.byte	0x7
 541 0072 61000000 		.4byte	.LASF8
 542 0076 04       		.uleb128 0x4
 543 0077 08       		.byte	0x8
 544 0078 07       		.byte	0x7
 545 0079 56010000 		.4byte	.LASF9
 546 007d 04       		.uleb128 0x4
 547 007e 04       		.byte	0x4
 548 007f 07       		.byte	0x7
 549 0080 7A010000 		.4byte	.LASF10
 550 0084 05       		.uleb128 0x5
 551 0085 04       		.byte	0x4
 552 0086 04       		.uleb128 0x4
 553 0087 01       		.byte	0x1
 554 0088 08       		.byte	0x8
 555 0089 91010000 		.4byte	.LASF11
 556 008d 06       		.uleb128 0x6
 557 008e 73000000 		.4byte	.LASF13
 558 0092 03       		.byte	0x3
 559 0093 D201     		.2byte	0x1d2
 560 0095 53000000 		.4byte	0x53
 561 0099 06       		.uleb128 0x6
 562 009a 33010000 		.4byte	.LASF14
 563 009e 03       		.byte	0x3
 564 009f D301     		.2byte	0x1d3
 565 00a1 61000000 		.4byte	0x61
 566 00a5 06       		.uleb128 0x6
 567 00a6 3A010000 		.4byte	.LASF15
 568 00aa 03       		.byte	0x3
 569 00ab D401     		.2byte	0x1d4
 570 00ad 6F000000 		.4byte	0x6f
 571 00b1 04       		.uleb128 0x4
 572 00b2 04       		.byte	0x4
 573 00b3 04       		.byte	0x4
 574 00b4 4C000000 		.4byte	.LASF16
 575 00b8 04       		.uleb128 0x4
 576 00b9 08       		.byte	0x8
 577 00ba 04       		.byte	0x4
 578 00bb 1F010000 		.4byte	.LASF17
 579 00bf 06       		.uleb128 0x6
ARM GAS  C:\Users\TTSS\AppData\Local\Temp\ccuhG4vd.s 			page 17


 580 00c0 5C000000 		.4byte	.LASF18
 581 00c4 03       		.byte	0x3
 582 00c5 7C02     		.2byte	0x27c
 583 00c7 CB000000 		.4byte	0xcb
 584 00cb 07       		.uleb128 0x7
 585 00cc 8D000000 		.4byte	0x8d
 586 00d0 06       		.uleb128 0x6
 587 00d1 00000000 		.4byte	.LASF19
 588 00d5 03       		.byte	0x3
 589 00d6 7E02     		.2byte	0x27e
 590 00d8 DC000000 		.4byte	0xdc
 591 00dc 07       		.uleb128 0x7
 592 00dd A5000000 		.4byte	0xa5
 593 00e1 08       		.uleb128 0x8
 594 00e2 79000000 		.4byte	.LASF20
 595 00e6 01       		.byte	0x1
 596 00e7 4C       		.byte	0x4c
 597 00e8 00000000 		.4byte	.LFB2
 598 00ec 1E000000 		.4byte	.LFE2-.LFB2
 599 00f0 01       		.uleb128 0x1
 600 00f1 9C       		.byte	0x9c
 601 00f2 0F010000 		.4byte	0x10f
 602 00f6 09       		.uleb128 0x9
 603 00f7 7300     		.ascii	"s\000"
 604 00f9 01       		.byte	0x1
 605 00fa 4C       		.byte	0x4c
 606 00fb 84000000 		.4byte	0x84
 607 00ff 02       		.uleb128 0x2
 608 0100 91       		.byte	0x91
 609 0101 74       		.sleb128 -12
 610 0102 09       		.uleb128 0x9
 611 0103 6E00     		.ascii	"n\000"
 612 0105 01       		.byte	0x1
 613 0106 4C       		.byte	0x4c
 614 0107 2C000000 		.4byte	0x2c
 615 010b 02       		.uleb128 0x2
 616 010c 91       		.byte	0x91
 617 010d 70       		.sleb128 -16
 618 010e 00       		.byte	0
 619 010f 08       		.uleb128 0x8
 620 0110 86020000 		.4byte	.LASF21
 621 0114 01       		.byte	0x1
 622 0115 53       		.byte	0x53
 623 0116 00000000 		.4byte	.LFB3
 624 011a 20000000 		.4byte	.LFE3-.LFB3
 625 011e 01       		.uleb128 0x1
 626 011f 9C       		.byte	0x9c
 627 0120 4D010000 		.4byte	0x14d
 628 0124 0A       		.uleb128 0xa
 629 0125 52000000 		.4byte	.LASF22
 630 0129 01       		.byte	0x1
 631 012a 53       		.byte	0x53
 632 012b 84000000 		.4byte	0x84
 633 012f 02       		.uleb128 0x2
 634 0130 91       		.byte	0x91
 635 0131 74       		.sleb128 -12
 636 0132 09       		.uleb128 0x9
ARM GAS  C:\Users\TTSS\AppData\Local\Temp\ccuhG4vd.s 			page 18


 637 0133 73726300 		.ascii	"src\000"
 638 0137 01       		.byte	0x1
 639 0138 53       		.byte	0x53
 640 0139 4D010000 		.4byte	0x14d
 641 013d 02       		.uleb128 0x2
 642 013e 91       		.byte	0x91
 643 013f 70       		.sleb128 -16
 644 0140 09       		.uleb128 0x9
 645 0141 6E00     		.ascii	"n\000"
 646 0143 01       		.byte	0x1
 647 0144 53       		.byte	0x53
 648 0145 2C000000 		.4byte	0x2c
 649 0149 02       		.uleb128 0x2
 650 014a 91       		.byte	0x91
 651 014b 6C       		.sleb128 -20
 652 014c 00       		.byte	0
 653 014d 0B       		.uleb128 0xb
 654 014e 04       		.byte	0x4
 655 014f 53010000 		.4byte	0x153
 656 0153 0C       		.uleb128 0xc
 657 0154 08       		.uleb128 0x8
 658 0155 76020000 		.4byte	.LASF23
 659 0159 01       		.byte	0x1
 660 015a 5A       		.byte	0x5a
 661 015b 00000000 		.4byte	.LFB4
 662 015f 20000000 		.4byte	.LFE4-.LFB4
 663 0163 01       		.uleb128 0x1
 664 0164 9C       		.byte	0x9c
 665 0165 92010000 		.4byte	0x192
 666 0169 0A       		.uleb128 0xa
 667 016a 52000000 		.4byte	.LASF22
 668 016e 01       		.byte	0x1
 669 016f 5A       		.byte	0x5a
 670 0170 84000000 		.4byte	0x84
 671 0174 02       		.uleb128 0x2
 672 0175 91       		.byte	0x91
 673 0176 74       		.sleb128 -12
 674 0177 09       		.uleb128 0x9
 675 0178 73726300 		.ascii	"src\000"
 676 017c 01       		.byte	0x1
 677 017d 5A       		.byte	0x5a
 678 017e 4D010000 		.4byte	0x14d
 679 0182 02       		.uleb128 0x2
 680 0183 91       		.byte	0x91
 681 0184 70       		.sleb128 -16
 682 0185 09       		.uleb128 0x9
 683 0186 6E00     		.ascii	"n\000"
 684 0188 01       		.byte	0x1
 685 0189 5A       		.byte	0x5a
 686 018a 2C000000 		.4byte	0x2c
 687 018e 02       		.uleb128 0x2
 688 018f 91       		.byte	0x91
 689 0190 6C       		.sleb128 -20
 690 0191 00       		.byte	0
 691 0192 0D       		.uleb128 0xd
 692 0193 2E000000 		.4byte	.LASF24
 693 0197 01       		.byte	0x1
ARM GAS  C:\Users\TTSS\AppData\Local\Temp\ccuhG4vd.s 			page 19


 694 0198 AC       		.byte	0xac
 695 0199 00000000 		.4byte	.LFB5
 696 019d F0000000 		.4byte	.LFE5-.LFB5
 697 01a1 01       		.uleb128 0x1
 698 01a2 9C       		.byte	0x9c
 699 01a3 0E       		.uleb128 0xe
 700 01a4 0D000000 		.4byte	.LASF25
 701 01a8 01       		.byte	0x1
 702 01a9 F1       		.byte	0xf1
 703 01aa 00000000 		.4byte	.LFB6
 704 01ae 28000000 		.4byte	.LFE6-.LFB6
 705 01b2 01       		.uleb128 0x1
 706 01b3 9C       		.byte	0x9c
 707 01b4 0F       		.uleb128 0xf
 708 01b5 26010000 		.4byte	.LASF33
 709 01b9 01       		.byte	0x1
 710 01ba 0C01     		.2byte	0x10c
 711 01bc F0000000 		.4byte	.LFB7
 712 01c0 F0000000 		.4byte	.LFE7-.LFB7
 713 01c4 01       		.uleb128 0x1
 714 01c5 9C       		.byte	0x9c
 715 01c6 10       		.uleb128 0x10
 716 01c7 FE000000 		.4byte	.LBB2
 717 01cb 8E000000 		.4byte	.LBE2-.LBB2
 718 01cf 11       		.uleb128 0x11
 719 01d0 06       		.byte	0x6
 720 01d1 01       		.byte	0x1
 721 01d2 1501     		.2byte	0x115
 722 01d4 F3010000 		.4byte	0x1f3
 723 01d8 12       		.uleb128 0x12
 724 01d9 4E010000 		.4byte	.LASF26
 725 01dd 01       		.byte	0x1
 726 01de 1601     		.2byte	0x116
 727 01e0 84000000 		.4byte	0x84
 728 01e4 00       		.byte	0
 729 01e5 12       		.uleb128 0x12
 730 01e6 57000000 		.4byte	.LASF27
 731 01ea 01       		.byte	0x1
 732 01eb 1701     		.2byte	0x117
 733 01ed 99000000 		.4byte	0x99
 734 01f1 04       		.byte	0x4
 735 01f2 00       		.byte	0
 736 01f3 06       		.uleb128 0x6
 737 01f4 6D010000 		.4byte	.LASF28
 738 01f8 01       		.byte	0x1
 739 01f9 1801     		.2byte	0x118
 740 01fb CF010000 		.4byte	0x1cf
 741 01ff 13       		.uleb128 0x13
 742 0200 0F020000 		.4byte	0x20f
 743 0204 0F020000 		.4byte	0x20f
 744 0208 14       		.uleb128 0x14
 745 0209 7D000000 		.4byte	0x7d
 746 020d 01       		.byte	0x1
 747 020e 00       		.byte	0
 748 020f 15       		.uleb128 0x15
 749 0210 F3010000 		.4byte	0x1f3
 750 0214 16       		.uleb128 0x16
ARM GAS  C:\Users\TTSS\AppData\Local\Temp\ccuhG4vd.s 			page 20


 751 0215 1E000000 		.4byte	.LASF29
 752 0219 01       		.byte	0x1
 753 021a 1A01     		.2byte	0x11a
 754 021c 26020000 		.4byte	0x226
 755 0220 05       		.uleb128 0x5
 756 0221 03       		.byte	0x3
 757 0222 00000000 		.4byte	cfg_memset_list.4884
 758 0226 15       		.uleb128 0x15
 759 0227 FF010000 		.4byte	0x1ff
 760 022b 17       		.uleb128 0x17
 761 022c 6900     		.ascii	"i\000"
 762 022e 01       		.byte	0x1
 763 022f 2001     		.2byte	0x120
 764 0231 8D000000 		.4byte	0x8d
 765 0235 02       		.uleb128 0x2
 766 0236 91       		.byte	0x91
 767 0237 77       		.sleb128 -9
 768 0238 10       		.uleb128 0x10
 769 0239 06010000 		.4byte	.LBB3
 770 023d 3C000000 		.4byte	.LBE3-.LBB3
 771 0241 17       		.uleb128 0x17
 772 0242 6D7300   		.ascii	"ms\000"
 773 0245 01       		.byte	0x1
 774 0246 2501     		.2byte	0x125
 775 0248 4F020000 		.4byte	0x24f
 776 024c 02       		.uleb128 0x2
 777 024d 91       		.byte	0x91
 778 024e 70       		.sleb128 -16
 779 024f 0B       		.uleb128 0xb
 780 0250 04       		.byte	0x4
 781 0251 0F020000 		.4byte	0x20f
 782 0255 00       		.byte	0
 783 0256 00       		.byte	0
 784 0257 00       		.byte	0
 785 0258 00       		.byte	0
 786              		.section	.debug_abbrev,"",%progbits
 787              	.Ldebug_abbrev0:
 788 0000 01       		.uleb128 0x1
 789 0001 11       		.uleb128 0x11
 790 0002 01       		.byte	0x1
 791 0003 25       		.uleb128 0x25
 792 0004 0E       		.uleb128 0xe
 793 0005 13       		.uleb128 0x13
 794 0006 0B       		.uleb128 0xb
 795 0007 03       		.uleb128 0x3
 796 0008 0E       		.uleb128 0xe
 797 0009 1B       		.uleb128 0x1b
 798 000a 0E       		.uleb128 0xe
 799 000b 55       		.uleb128 0x55
 800 000c 17       		.uleb128 0x17
 801 000d 11       		.uleb128 0x11
 802 000e 01       		.uleb128 0x1
 803 000f 10       		.uleb128 0x10
 804 0010 17       		.uleb128 0x17
 805 0011 00       		.byte	0
 806 0012 00       		.byte	0
 807 0013 02       		.uleb128 0x2
ARM GAS  C:\Users\TTSS\AppData\Local\Temp\ccuhG4vd.s 			page 21


 808 0014 24       		.uleb128 0x24
 809 0015 00       		.byte	0
 810 0016 0B       		.uleb128 0xb
 811 0017 0B       		.uleb128 0xb
 812 0018 3E       		.uleb128 0x3e
 813 0019 0B       		.uleb128 0xb
 814 001a 03       		.uleb128 0x3
 815 001b 08       		.uleb128 0x8
 816 001c 00       		.byte	0
 817 001d 00       		.byte	0
 818 001e 03       		.uleb128 0x3
 819 001f 16       		.uleb128 0x16
 820 0020 00       		.byte	0
 821 0021 03       		.uleb128 0x3
 822 0022 0E       		.uleb128 0xe
 823 0023 3A       		.uleb128 0x3a
 824 0024 0B       		.uleb128 0xb
 825 0025 3B       		.uleb128 0x3b
 826 0026 0B       		.uleb128 0xb
 827 0027 49       		.uleb128 0x49
 828 0028 13       		.uleb128 0x13
 829 0029 00       		.byte	0
 830 002a 00       		.byte	0
 831 002b 04       		.uleb128 0x4
 832 002c 24       		.uleb128 0x24
 833 002d 00       		.byte	0
 834 002e 0B       		.uleb128 0xb
 835 002f 0B       		.uleb128 0xb
 836 0030 3E       		.uleb128 0x3e
 837 0031 0B       		.uleb128 0xb
 838 0032 03       		.uleb128 0x3
 839 0033 0E       		.uleb128 0xe
 840 0034 00       		.byte	0
 841 0035 00       		.byte	0
 842 0036 05       		.uleb128 0x5
 843 0037 0F       		.uleb128 0xf
 844 0038 00       		.byte	0
 845 0039 0B       		.uleb128 0xb
 846 003a 0B       		.uleb128 0xb
 847 003b 00       		.byte	0
 848 003c 00       		.byte	0
 849 003d 06       		.uleb128 0x6
 850 003e 16       		.uleb128 0x16
 851 003f 00       		.byte	0
 852 0040 03       		.uleb128 0x3
 853 0041 0E       		.uleb128 0xe
 854 0042 3A       		.uleb128 0x3a
 855 0043 0B       		.uleb128 0xb
 856 0044 3B       		.uleb128 0x3b
 857 0045 05       		.uleb128 0x5
 858 0046 49       		.uleb128 0x49
 859 0047 13       		.uleb128 0x13
 860 0048 00       		.byte	0
 861 0049 00       		.byte	0
 862 004a 07       		.uleb128 0x7
 863 004b 35       		.uleb128 0x35
 864 004c 00       		.byte	0
ARM GAS  C:\Users\TTSS\AppData\Local\Temp\ccuhG4vd.s 			page 22


 865 004d 49       		.uleb128 0x49
 866 004e 13       		.uleb128 0x13
 867 004f 00       		.byte	0
 868 0050 00       		.byte	0
 869 0051 08       		.uleb128 0x8
 870 0052 2E       		.uleb128 0x2e
 871 0053 01       		.byte	0x1
 872 0054 03       		.uleb128 0x3
 873 0055 0E       		.uleb128 0xe
 874 0056 3A       		.uleb128 0x3a
 875 0057 0B       		.uleb128 0xb
 876 0058 3B       		.uleb128 0x3b
 877 0059 0B       		.uleb128 0xb
 878 005a 27       		.uleb128 0x27
 879 005b 19       		.uleb128 0x19
 880 005c 11       		.uleb128 0x11
 881 005d 01       		.uleb128 0x1
 882 005e 12       		.uleb128 0x12
 883 005f 06       		.uleb128 0x6
 884 0060 40       		.uleb128 0x40
 885 0061 18       		.uleb128 0x18
 886 0062 9642     		.uleb128 0x2116
 887 0064 19       		.uleb128 0x19
 888 0065 01       		.uleb128 0x1
 889 0066 13       		.uleb128 0x13
 890 0067 00       		.byte	0
 891 0068 00       		.byte	0
 892 0069 09       		.uleb128 0x9
 893 006a 05       		.uleb128 0x5
 894 006b 00       		.byte	0
 895 006c 03       		.uleb128 0x3
 896 006d 08       		.uleb128 0x8
 897 006e 3A       		.uleb128 0x3a
 898 006f 0B       		.uleb128 0xb
 899 0070 3B       		.uleb128 0x3b
 900 0071 0B       		.uleb128 0xb
 901 0072 49       		.uleb128 0x49
 902 0073 13       		.uleb128 0x13
 903 0074 02       		.uleb128 0x2
 904 0075 18       		.uleb128 0x18
 905 0076 00       		.byte	0
 906 0077 00       		.byte	0
 907 0078 0A       		.uleb128 0xa
 908 0079 05       		.uleb128 0x5
 909 007a 00       		.byte	0
 910 007b 03       		.uleb128 0x3
 911 007c 0E       		.uleb128 0xe
 912 007d 3A       		.uleb128 0x3a
 913 007e 0B       		.uleb128 0xb
 914 007f 3B       		.uleb128 0x3b
 915 0080 0B       		.uleb128 0xb
 916 0081 49       		.uleb128 0x49
 917 0082 13       		.uleb128 0x13
 918 0083 02       		.uleb128 0x2
 919 0084 18       		.uleb128 0x18
 920 0085 00       		.byte	0
 921 0086 00       		.byte	0
ARM GAS  C:\Users\TTSS\AppData\Local\Temp\ccuhG4vd.s 			page 23


 922 0087 0B       		.uleb128 0xb
 923 0088 0F       		.uleb128 0xf
 924 0089 00       		.byte	0
 925 008a 0B       		.uleb128 0xb
 926 008b 0B       		.uleb128 0xb
 927 008c 49       		.uleb128 0x49
 928 008d 13       		.uleb128 0x13
 929 008e 00       		.byte	0
 930 008f 00       		.byte	0
 931 0090 0C       		.uleb128 0xc
 932 0091 26       		.uleb128 0x26
 933 0092 00       		.byte	0
 934 0093 00       		.byte	0
 935 0094 00       		.byte	0
 936 0095 0D       		.uleb128 0xd
 937 0096 2E       		.uleb128 0x2e
 938 0097 00       		.byte	0
 939 0098 03       		.uleb128 0x3
 940 0099 0E       		.uleb128 0xe
 941 009a 3A       		.uleb128 0x3a
 942 009b 0B       		.uleb128 0xb
 943 009c 3B       		.uleb128 0x3b
 944 009d 0B       		.uleb128 0xb
 945 009e 27       		.uleb128 0x27
 946 009f 19       		.uleb128 0x19
 947 00a0 11       		.uleb128 0x11
 948 00a1 01       		.uleb128 0x1
 949 00a2 12       		.uleb128 0x12
 950 00a3 06       		.uleb128 0x6
 951 00a4 40       		.uleb128 0x40
 952 00a5 18       		.uleb128 0x18
 953 00a6 9642     		.uleb128 0x2116
 954 00a8 19       		.uleb128 0x19
 955 00a9 00       		.byte	0
 956 00aa 00       		.byte	0
 957 00ab 0E       		.uleb128 0xe
 958 00ac 2E       		.uleb128 0x2e
 959 00ad 00       		.byte	0
 960 00ae 03       		.uleb128 0x3
 961 00af 0E       		.uleb128 0xe
 962 00b0 3A       		.uleb128 0x3a
 963 00b1 0B       		.uleb128 0xb
 964 00b2 3B       		.uleb128 0x3b
 965 00b3 0B       		.uleb128 0xb
 966 00b4 27       		.uleb128 0x27
 967 00b5 19       		.uleb128 0x19
 968 00b6 11       		.uleb128 0x11
 969 00b7 01       		.uleb128 0x1
 970 00b8 12       		.uleb128 0x12
 971 00b9 06       		.uleb128 0x6
 972 00ba 40       		.uleb128 0x40
 973 00bb 18       		.uleb128 0x18
 974 00bc 9742     		.uleb128 0x2117
 975 00be 19       		.uleb128 0x19
 976 00bf 00       		.byte	0
 977 00c0 00       		.byte	0
 978 00c1 0F       		.uleb128 0xf
ARM GAS  C:\Users\TTSS\AppData\Local\Temp\ccuhG4vd.s 			page 24


 979 00c2 2E       		.uleb128 0x2e
 980 00c3 01       		.byte	0x1
 981 00c4 3F       		.uleb128 0x3f
 982 00c5 19       		.uleb128 0x19
 983 00c6 03       		.uleb128 0x3
 984 00c7 0E       		.uleb128 0xe
 985 00c8 3A       		.uleb128 0x3a
 986 00c9 0B       		.uleb128 0xb
 987 00ca 3B       		.uleb128 0x3b
 988 00cb 05       		.uleb128 0x5
 989 00cc 27       		.uleb128 0x27
 990 00cd 19       		.uleb128 0x19
 991 00ce 11       		.uleb128 0x11
 992 00cf 01       		.uleb128 0x1
 993 00d0 12       		.uleb128 0x12
 994 00d1 06       		.uleb128 0x6
 995 00d2 40       		.uleb128 0x40
 996 00d3 18       		.uleb128 0x18
 997 00d4 9642     		.uleb128 0x2116
 998 00d6 19       		.uleb128 0x19
 999 00d7 00       		.byte	0
 1000 00d8 00       		.byte	0
 1001 00d9 10       		.uleb128 0x10
 1002 00da 0B       		.uleb128 0xb
 1003 00db 01       		.byte	0x1
 1004 00dc 11       		.uleb128 0x11
 1005 00dd 01       		.uleb128 0x1
 1006 00de 12       		.uleb128 0x12
 1007 00df 06       		.uleb128 0x6
 1008 00e0 00       		.byte	0
 1009 00e1 00       		.byte	0
 1010 00e2 11       		.uleb128 0x11
 1011 00e3 13       		.uleb128 0x13
 1012 00e4 01       		.byte	0x1
 1013 00e5 0B       		.uleb128 0xb
 1014 00e6 0B       		.uleb128 0xb
 1015 00e7 3A       		.uleb128 0x3a
 1016 00e8 0B       		.uleb128 0xb
 1017 00e9 3B       		.uleb128 0x3b
 1018 00ea 05       		.uleb128 0x5
 1019 00eb 01       		.uleb128 0x1
 1020 00ec 13       		.uleb128 0x13
 1021 00ed 00       		.byte	0
 1022 00ee 00       		.byte	0
 1023 00ef 12       		.uleb128 0x12
 1024 00f0 0D       		.uleb128 0xd
 1025 00f1 00       		.byte	0
 1026 00f2 03       		.uleb128 0x3
 1027 00f3 0E       		.uleb128 0xe
 1028 00f4 3A       		.uleb128 0x3a
 1029 00f5 0B       		.uleb128 0xb
 1030 00f6 3B       		.uleb128 0x3b
 1031 00f7 05       		.uleb128 0x5
 1032 00f8 49       		.uleb128 0x49
 1033 00f9 13       		.uleb128 0x13
 1034 00fa 38       		.uleb128 0x38
 1035 00fb 0B       		.uleb128 0xb
ARM GAS  C:\Users\TTSS\AppData\Local\Temp\ccuhG4vd.s 			page 25


 1036 00fc 00       		.byte	0
 1037 00fd 00       		.byte	0
 1038 00fe 13       		.uleb128 0x13
 1039 00ff 01       		.uleb128 0x1
 1040 0100 01       		.byte	0x1
 1041 0101 49       		.uleb128 0x49
 1042 0102 13       		.uleb128 0x13
 1043 0103 01       		.uleb128 0x1
 1044 0104 13       		.uleb128 0x13
 1045 0105 00       		.byte	0
 1046 0106 00       		.byte	0
 1047 0107 14       		.uleb128 0x14
 1048 0108 21       		.uleb128 0x21
 1049 0109 00       		.byte	0
 1050 010a 49       		.uleb128 0x49
 1051 010b 13       		.uleb128 0x13
 1052 010c 2F       		.uleb128 0x2f
 1053 010d 0B       		.uleb128 0xb
 1054 010e 00       		.byte	0
 1055 010f 00       		.byte	0
 1056 0110 15       		.uleb128 0x15
 1057 0111 26       		.uleb128 0x26
 1058 0112 00       		.byte	0
 1059 0113 49       		.uleb128 0x49
 1060 0114 13       		.uleb128 0x13
 1061 0115 00       		.byte	0
 1062 0116 00       		.byte	0
 1063 0117 16       		.uleb128 0x16
 1064 0118 34       		.uleb128 0x34
 1065 0119 00       		.byte	0
 1066 011a 03       		.uleb128 0x3
 1067 011b 0E       		.uleb128 0xe
 1068 011c 3A       		.uleb128 0x3a
 1069 011d 0B       		.uleb128 0xb
 1070 011e 3B       		.uleb128 0x3b
 1071 011f 05       		.uleb128 0x5
 1072 0120 49       		.uleb128 0x49
 1073 0121 13       		.uleb128 0x13
 1074 0122 02       		.uleb128 0x2
 1075 0123 18       		.uleb128 0x18
 1076 0124 00       		.byte	0
 1077 0125 00       		.byte	0
 1078 0126 17       		.uleb128 0x17
 1079 0127 34       		.uleb128 0x34
 1080 0128 00       		.byte	0
 1081 0129 03       		.uleb128 0x3
 1082 012a 08       		.uleb128 0x8
 1083 012b 3A       		.uleb128 0x3a
 1084 012c 0B       		.uleb128 0xb
 1085 012d 3B       		.uleb128 0x3b
 1086 012e 05       		.uleb128 0x5
 1087 012f 49       		.uleb128 0x49
 1088 0130 13       		.uleb128 0x13
 1089 0131 02       		.uleb128 0x2
 1090 0132 18       		.uleb128 0x18
 1091 0133 00       		.byte	0
 1092 0134 00       		.byte	0
ARM GAS  C:\Users\TTSS\AppData\Local\Temp\ccuhG4vd.s 			page 26


 1093 0135 00       		.byte	0
 1094              		.section	.debug_aranges,"",%progbits
 1095 0000 44000000 		.4byte	0x44
 1096 0004 0200     		.2byte	0x2
 1097 0006 00000000 		.4byte	.Ldebug_info0
 1098 000a 04       		.byte	0x4
 1099 000b 00       		.byte	0
 1100 000c 0000     		.2byte	0
 1101 000e 0000     		.2byte	0
 1102 0010 00000000 		.4byte	.LFB2
 1103 0014 1E000000 		.4byte	.LFE2-.LFB2
 1104 0018 00000000 		.4byte	.LFB3
 1105 001c 20000000 		.4byte	.LFE3-.LFB3
 1106 0020 00000000 		.4byte	.LFB4
 1107 0024 20000000 		.4byte	.LFE4-.LFB4
 1108 0028 00000000 		.4byte	.LFB5
 1109 002c F0000000 		.4byte	.LFE5-.LFB5
 1110 0030 00000000 		.4byte	.LFB6
 1111 0034 28000000 		.4byte	.LFE6-.LFB6
 1112 0038 F0000000 		.4byte	.LFB7
 1113 003c F0000000 		.4byte	.LFE7-.LFB7
 1114 0040 00000000 		.4byte	0
 1115 0044 00000000 		.4byte	0
 1116              		.section	.debug_ranges,"",%progbits
 1117              	.Ldebug_ranges0:
 1118 0000 00000000 		.4byte	.LFB2
 1119 0004 1E000000 		.4byte	.LFE2
 1120 0008 00000000 		.4byte	.LFB3
 1121 000c 20000000 		.4byte	.LFE3
 1122 0010 00000000 		.4byte	.LFB4
 1123 0014 20000000 		.4byte	.LFE4
 1124 0018 00000000 		.4byte	.LFB5
 1125 001c F0000000 		.4byte	.LFE5
 1126 0020 00000000 		.4byte	.LFB6
 1127 0024 28000000 		.4byte	.LFE6
 1128 0028 F0000000 		.4byte	.LFB7
 1129 002c E0010000 		.4byte	.LFE7
 1130 0030 00000000 		.4byte	0
 1131 0034 00000000 		.4byte	0
 1132              		.section	.debug_line,"",%progbits
 1133              	.Ldebug_line0:
 1134 0000 6E010000 		.section	.debug_str,"MS",%progbits,1
 1134      0200CB00 
 1134      00000201 
 1134      FB0E0D00 
 1134      01010101 
 1135              	.LASF19:
 1136 0000 72656733 		.ascii	"reg32\000"
 1136      3200
 1137              	.LASF12:
 1138 0006 73697A65 		.ascii	"size_t\000"
 1138      5F7400
 1139              	.LASF25:
 1140 000d 416E616C 		.ascii	"AnalogSetDefault\000"
 1140      6F675365 
 1140      74446566 
 1140      61756C74 
ARM GAS  C:\Users\TTSS\AppData\Local\Temp\ccuhG4vd.s 			page 27


 1140      00
 1141              	.LASF29:
 1142 001e 6366675F 		.ascii	"cfg_memset_list\000"
 1142      6D656D73 
 1142      65745F6C 
 1142      69737400 
 1143              	.LASF24:
 1144 002e 436C6F63 		.ascii	"ClockSetup\000"
 1144      6B536574 
 1144      757000
 1145              	.LASF6:
 1146 0039 73686F72 		.ascii	"short unsigned int\000"
 1146      7420756E 
 1146      7369676E 
 1146      65642069 
 1146      6E7400
 1147              	.LASF16:
 1148 004c 666C6F61 		.ascii	"float\000"
 1148      7400
 1149              	.LASF22:
 1150 0052 64657374 		.ascii	"dest\000"
 1150      00
 1151              	.LASF27:
 1152 0057 73697A65 		.ascii	"size\000"
 1152      00
 1153              	.LASF18:
 1154 005c 72656738 		.ascii	"reg8\000"
 1154      00
 1155              	.LASF8:
 1156 0061 6C6F6E67 		.ascii	"long unsigned int\000"
 1156      20756E73 
 1156      69676E65 
 1156      6420696E 
 1156      7400
 1157              	.LASF13:
 1158 0073 75696E74 		.ascii	"uint8\000"
 1158      3800
 1159              	.LASF20:
 1160 0079 43594D45 		.ascii	"CYMEMZERO\000"
 1160      4D5A4552 
 1160      4F00
 1161              	.LASF30:
 1162 0083 474E5520 		.ascii	"GNU C11 5.4.1 20160609 (release) [ARM/embedded-5-br"
 1162      43313120 
 1162      352E342E 
 1162      31203230 
 1162      31363036 
 1163 00b6 616E6368 		.ascii	"anch revision 237715] -mcpu=cortex-m0 -mthumb -g -O"
 1163      20726576 
 1163      6973696F 
 1163      6E203233 
 1163      37373135 
 1164 00e9 30202D66 		.ascii	"0 -ffunction-sections -ffat-lto-objects\000"
 1164      66756E63 
 1164      74696F6E 
 1164      2D736563 
 1164      74696F6E 
ARM GAS  C:\Users\TTSS\AppData\Local\Temp\ccuhG4vd.s 			page 28


 1165              	.LASF4:
 1166 0111 756E7369 		.ascii	"unsigned char\000"
 1166      676E6564 
 1166      20636861 
 1166      7200
 1167              	.LASF17:
 1168 011f 646F7562 		.ascii	"double\000"
 1168      6C6500
 1169              	.LASF33:
 1170 0126 63796669 		.ascii	"cyfitter_cfg\000"
 1170      74746572 
 1170      5F636667 
 1170      00
 1171              	.LASF14:
 1172 0133 75696E74 		.ascii	"uint16\000"
 1172      313600
 1173              	.LASF15:
 1174 013a 75696E74 		.ascii	"uint32\000"
 1174      333200
 1175              	.LASF0:
 1176 0141 756E7369 		.ascii	"unsigned int\000"
 1176      676E6564 
 1176      20696E74 
 1176      00
 1177              	.LASF26:
 1178 014e 61646472 		.ascii	"address\000"
 1178      65737300 
 1179              	.LASF9:
 1180 0156 6C6F6E67 		.ascii	"long long unsigned int\000"
 1180      206C6F6E 
 1180      6720756E 
 1180      7369676E 
 1180      65642069 
 1181              	.LASF28:
 1182 016d 6366675F 		.ascii	"cfg_memset_t\000"
 1182      6D656D73 
 1182      65745F74 
 1182      00
 1183              	.LASF10:
 1184 017a 73697A65 		.ascii	"sizetype\000"
 1184      74797065 
 1184      00
 1185              	.LASF1:
 1186 0183 6C6F6E67 		.ascii	"long long int\000"
 1186      206C6F6E 
 1186      6720696E 
 1186      7400
 1187              	.LASF11:
 1188 0191 63686172 		.ascii	"char\000"
 1188      00
 1189              	.LASF5:
 1190 0196 73686F72 		.ascii	"short int\000"
 1190      7420696E 
 1190      7400
 1191              	.LASF32:
 1192 01a0 433A5C55 		.ascii	"C:\\Users\\TTSS\\Documents\\Repositories\\hackAIR-P"
 1192      73657273 
ARM GAS  C:\Users\TTSS\AppData\Local\Temp\ccuhG4vd.s 			page 29


 1192      5C545453 
 1192      535C446F 
 1192      63756D65 
 1193 01ce 536F435C 		.ascii	"SoC\\SDS011 - Laser Dust Sensor\\PSoC Firmware\\PSo"
 1193      53445330 
 1193      3131202D 
 1193      204C6173 
 1193      65722044 
 1194 01fe 43204372 		.ascii	"C Creator Project\\SerialLaserSensor_SDS011.cydsn\000"
 1194      6561746F 
 1194      72205072 
 1194      6F6A6563 
 1194      745C5365 
 1195              	.LASF7:
 1196 022f 6C6F6E67 		.ascii	"long int\000"
 1196      20696E74 
 1196      00
 1197              	.LASF2:
 1198 0238 6C6F6E67 		.ascii	"long double\000"
 1198      20646F75 
 1198      626C6500 
 1199              	.LASF3:
 1200 0244 7369676E 		.ascii	"signed char\000"
 1200      65642063 
 1200      68617200 
 1201              	.LASF31:
 1202 0250 47656E65 		.ascii	"Generated_Source\\PSoC4\\cyfitter_cfg.c\000"
 1202      72617465 
 1202      645F536F 
 1202      75726365 
 1202      5C50536F 
 1203              	.LASF23:
 1204 0276 4359434F 		.ascii	"CYCONFIGCPYCODE\000"
 1204      4E464947 
 1204      43505943 
 1204      4F444500 
 1205              	.LASF21:
 1206 0286 4359434F 		.ascii	"CYCONFIGCPY\000"
 1206      4E464947 
 1206      43505900 
 1207              		.ident	"GCC: (GNU Tools for ARM Embedded Processors) 5.4.1 20160609 (release) [ARM/embedded-5-bran
