ARM GAS  C:\Users\TTSS\AppData\Local\Temp\ccWZh6cO.s 			page 1


   1              		.syntax unified
   2              		.cpu cortex-m0
   3              		.fpu softvfp
   4              		.eabi_attribute 20, 1
   5              		.eabi_attribute 21, 1
   6              		.eabi_attribute 23, 3
   7              		.eabi_attribute 24, 1
   8              		.eabi_attribute 25, 1
   9              		.eabi_attribute 26, 1
  10              		.eabi_attribute 30, 6
  11              		.eabi_attribute 34, 0
  12              		.eabi_attribute 18, 4
  13              		.thumb
  14              		.syntax unified
  15              		.file	"main.c"
  16              		.text
  17              	.Ltext0:
  18              		.cfi_sections	.debug_frame
  19              		.global	__aeabi_idiv
  20              		.section	.text.main,"ax",%progbits
  21              		.align	2
  22              		.global	main
  23              		.code	16
  24              		.thumb_func
  25              		.type	main, %function
  26              	main:
  27              	.LFB35:
  28              		.file 1 "main.c"
   1:main.c        **** /* ========================================
   2:main.c        ****  * Air Quality Beacon, part of the hackAIR project.
   3:main.c        ****  * Freely available under CC BY 4.0
   4:main.c        ****  *
   5:main.c        ****  *
   6:main.c        ****  * Author: George Doxastakis gdoxastakis.ee@gmail.com
   7:main.c        ****  * Technology Transfer & Smart Solutions
   8:main.c        ****  * TEI of Athens
   9:main.c        ****  * http://research.ee.teiath.gr/ttss/
  10:main.c        ****  *
  11:main.c        ****  * http://www.hackair.eu/
  12:main.c        **** */
  13:main.c        **** #include <project.h>
  14:main.c        **** 
  15:main.c        **** /* Function prototypes */  
  16:main.c        **** void StackEventHandler(uint32 event, void* eventParam);
  17:main.c        **** char* readParticles();
  18:main.c        **** 
  19:main.c        **** /* ADV payload dta structure */  
  20:main.c        **** extern CYBLE_GAPP_DISC_MODE_INFO_T cyBle_discoveryModeInfo;
  21:main.c        **** #define advPayload   (cyBle_discoveryModeInfo.advData->advData) 
  22:main.c        **** 
  23:main.c        **** 
  24:main.c        **** int main()
  25:main.c        **** {
  29              		.loc 1 25 0
  30              		.cfi_startproc
  31              		@ args = 0, pretend = 0, frame = 8
  32              		@ frame_needed = 1, uses_anonymous_args = 0
ARM GAS  C:\Users\TTSS\AppData\Local\Temp\ccWZh6cO.s 			page 2


  33 0000 80B5     		push	{r7, lr}
  34              		.cfi_def_cfa_offset 8
  35              		.cfi_offset 7, -8
  36              		.cfi_offset 14, -4
  37 0002 82B0     		sub	sp, sp, #8
  38              		.cfi_def_cfa_offset 16
  39 0004 00AF     		add	r7, sp, #0
  40              		.cfi_def_cfa_register 7
  26:main.c        ****     CyGlobalIntEnable; /* Enable global interrupts. */
  41              		.loc 1 26 0
  42              		.syntax divided
  43              	@ 26 "main.c" 1
  44 0006 62B6     		CPSIE   i
  45              	@ 0 "" 2
  27:main.c        ****     Serial_Start();
  46              		.loc 1 27 0
  47              		.thumb
  48              		.syntax unified
  49 0008 FFF7FEFF 		bl	Serial_Start
  28:main.c        ****     /* Start CYBLE component and register the generic event handler */
  29:main.c        ****     CyBle_Start(StackEventHandler);
  50              		.loc 1 29 0
  51 000c 324B     		ldr	r3, .L3
  52 000e 1800     		movs	r0, r3
  53 0010 FFF7FEFF 		bl	CyBle_Start
  54              	.L2:
  55              	.LBB2:
  30:main.c        ****     
  31:main.c        ****     for(;;)
  32:main.c        ****     {
  33:main.c        ****         STATUS_Write(1);CyDelay(300);STATUS_Write(0);
  56              		.loc 1 33 0 discriminator 1
  57 0014 0120     		movs	r0, #1
  58 0016 FFF7FEFF 		bl	STATUS_Write
  59 001a 9623     		movs	r3, #150
  60 001c 5B00     		lsls	r3, r3, #1
  61 001e 1800     		movs	r0, r3
  62 0020 FFF7FEFF 		bl	CyDelay
  63 0024 0020     		movs	r0, #0
  64 0026 FFF7FEFF 		bl	STATUS_Write
  34:main.c        ****         char *val=readParticles(); //Perform sensor measurement (waits for result)
  65              		.loc 1 34 0 discriminator 1
  66 002a FFF7FEFF 		bl	readParticles
  67 002e 0300     		movs	r3, r0
  68 0030 7B60     		str	r3, [r7, #4]
  35:main.c        ****         uint16 pmsmall= (val[3]*256 + val[2])/10; //PM2.5 value
  69              		.loc 1 35 0 discriminator 1
  70 0032 7B68     		ldr	r3, [r7, #4]
  71 0034 0333     		adds	r3, r3, #3
  72 0036 1B78     		ldrb	r3, [r3]
  73 0038 1B02     		lsls	r3, r3, #8
  74 003a 7A68     		ldr	r2, [r7, #4]
  75 003c 0232     		adds	r2, r2, #2
  76 003e 1278     		ldrb	r2, [r2]
  77 0040 9B18     		adds	r3, r3, r2
  78 0042 0A21     		movs	r1, #10
  79 0044 1800     		movs	r0, r3
ARM GAS  C:\Users\TTSS\AppData\Local\Temp\ccWZh6cO.s 			page 3


  80 0046 FFF7FEFF 		bl	__aeabi_idiv
  81 004a 0300     		movs	r3, r0
  82 004c 1A00     		movs	r2, r3
  83 004e BB1C     		adds	r3, r7, #2
  84 0050 1A80     		strh	r2, [r3]
  36:main.c        ****         uint16 pmlarge= (val[5]*256 + val[4])/10; //PM10 value
  85              		.loc 1 36 0 discriminator 1
  86 0052 7B68     		ldr	r3, [r7, #4]
  87 0054 0533     		adds	r3, r3, #5
  88 0056 1B78     		ldrb	r3, [r3]
  89 0058 1B02     		lsls	r3, r3, #8
  90 005a 7A68     		ldr	r2, [r7, #4]
  91 005c 0432     		adds	r2, r2, #4
  92 005e 1278     		ldrb	r2, [r2]
  93 0060 9B18     		adds	r3, r3, r2
  94 0062 0A21     		movs	r1, #10
  95 0064 1800     		movs	r0, r3
  96 0066 FFF7FEFF 		bl	__aeabi_idiv
  97 006a 0300     		movs	r3, r0
  98 006c 1A00     		movs	r2, r3
  99 006e 3B00     		movs	r3, r7
 100 0070 1A80     		strh	r2, [r3]
  37:main.c        ****         /* Dynamic payload will be continuously updated */
  38:main.c        ****         advPayload[19] =  0x02; //Sensor ID: 0x02 for SDS011
 101              		.loc 1 38 0 discriminator 1
 102 0072 1A4B     		ldr	r3, .L3+4
 103 0074 9B68     		ldr	r3, [r3, #8]
 104 0076 0222     		movs	r2, #2
 105 0078 DA74     		strb	r2, [r3, #19]
  39:main.c        ****         advPayload[21] =  0x00; //High byte of PM1 value - Not Available
 106              		.loc 1 39 0 discriminator 1
 107 007a 184B     		ldr	r3, .L3+4
 108 007c 9B68     		ldr	r3, [r3, #8]
 109 007e 0022     		movs	r2, #0
 110 0080 5A75     		strb	r2, [r3, #21]
  40:main.c        ****         advPayload[22] =  0x00; //Low byte of PM1 value - Not Available
 111              		.loc 1 40 0 discriminator 1
 112 0082 164B     		ldr	r3, .L3+4
 113 0084 9B68     		ldr	r3, [r3, #8]
 114 0086 0022     		movs	r2, #0
 115 0088 9A75     		strb	r2, [r3, #22]
  41:main.c        ****         advPayload[23] =  pmsmall>>8; //High byte of PM2.5 value
 116              		.loc 1 41 0 discriminator 1
 117 008a 144B     		ldr	r3, .L3+4
 118 008c 9B68     		ldr	r3, [r3, #8]
 119 008e BA1C     		adds	r2, r7, #2
 120 0090 1288     		ldrh	r2, [r2]
 121 0092 120A     		lsrs	r2, r2, #8
 122 0094 92B2     		uxth	r2, r2
 123 0096 D2B2     		uxtb	r2, r2
 124 0098 DA75     		strb	r2, [r3, #23]
  42:main.c        ****         advPayload[24] =  pmsmall&0xFF; //Low byte of PM2.5 value
 125              		.loc 1 42 0 discriminator 1
 126 009a 104B     		ldr	r3, .L3+4
 127 009c 9B68     		ldr	r3, [r3, #8]
 128 009e BA1C     		adds	r2, r7, #2
 129 00a0 1288     		ldrh	r2, [r2]
ARM GAS  C:\Users\TTSS\AppData\Local\Temp\ccWZh6cO.s 			page 4


 130 00a2 D2B2     		uxtb	r2, r2
 131 00a4 1A76     		strb	r2, [r3, #24]
  43:main.c        ****         advPayload[25] =  pmlarge>>8; //High byte of PM10 value
 132              		.loc 1 43 0 discriminator 1
 133 00a6 0D4B     		ldr	r3, .L3+4
 134 00a8 9B68     		ldr	r3, [r3, #8]
 135 00aa 3A00     		movs	r2, r7
 136 00ac 1288     		ldrh	r2, [r2]
 137 00ae 120A     		lsrs	r2, r2, #8
 138 00b0 92B2     		uxth	r2, r2
 139 00b2 D2B2     		uxtb	r2, r2
 140 00b4 5A76     		strb	r2, [r3, #25]
  44:main.c        ****         advPayload[26] =  pmlarge&0xFF; //Low byte of PM10 value
 141              		.loc 1 44 0 discriminator 1
 142 00b6 094B     		ldr	r3, .L3+4
 143 00b8 9B68     		ldr	r3, [r3, #8]
 144 00ba 3A00     		movs	r2, r7
 145 00bc 1288     		ldrh	r2, [r2]
 146 00be D2B2     		uxtb	r2, r2
 147 00c0 9A76     		strb	r2, [r3, #26]
  45:main.c        ****         CyBle_GapUpdateAdvData(cyBle_discoveryModeInfo.advData, cyBle_discoveryModeInfo.scanRspData
 148              		.loc 1 45 0 discriminator 1
 149 00c2 064B     		ldr	r3, .L3+4
 150 00c4 9A68     		ldr	r2, [r3, #8]
 151 00c6 054B     		ldr	r3, .L3+4
 152 00c8 DB68     		ldr	r3, [r3, #12]
 153 00ca 1900     		movs	r1, r3
 154 00cc 1000     		movs	r0, r2
 155 00ce FFF7FEFF 		bl	CyBle_GapUpdateAdvData
  46:main.c        ****         CyBle_ProcessEvents();
 156              		.loc 1 46 0 discriminator 1
 157 00d2 FFF7FEFF 		bl	CyBle_ProcessEvents
 158              	.LBE2:
  47:main.c        ****     }
 159              		.loc 1 47 0 discriminator 1
 160 00d6 9DE7     		b	.L2
 161              	.L4:
 162              		.align	2
 163              	.L3:
 164 00d8 00000000 		.word	StackEventHandler
 165 00dc 00000000 		.word	cyBle_discoveryModeInfo
 166              		.cfi_endproc
 167              	.LFE35:
 168              		.size	main, .-main
 169              		.section	.text.StackEventHandler,"ax",%progbits
 170              		.align	2
 171              		.global	StackEventHandler
 172              		.code	16
 173              		.thumb_func
 174              		.type	StackEventHandler, %function
 175              	StackEventHandler:
 176              	.LFB36:
  48:main.c        **** }
  49:main.c        **** 
  50:main.c        **** void StackEventHandler(uint32 event, void *eventParam)
  51:main.c        **** {
 177              		.loc 1 51 0
ARM GAS  C:\Users\TTSS\AppData\Local\Temp\ccWZh6cO.s 			page 5


 178              		.cfi_startproc
 179              		@ args = 0, pretend = 0, frame = 8
 180              		@ frame_needed = 1, uses_anonymous_args = 0
 181 0000 80B5     		push	{r7, lr}
 182              		.cfi_def_cfa_offset 8
 183              		.cfi_offset 7, -8
 184              		.cfi_offset 14, -4
 185 0002 82B0     		sub	sp, sp, #8
 186              		.cfi_def_cfa_offset 16
 187 0004 00AF     		add	r7, sp, #0
 188              		.cfi_def_cfa_register 7
 189 0006 7860     		str	r0, [r7, #4]
 190 0008 3960     		str	r1, [r7]
  52:main.c        ****     switch(event)
 191              		.loc 1 52 0
 192 000a 7B68     		ldr	r3, [r7, #4]
 193 000c 012B     		cmp	r3, #1
 194 000e 00D0     		beq	.L7
  53:main.c        ****     {
  54:main.c        ****         
  55:main.c        **** 		case CYBLE_EVT_STACK_ON:
  56:main.c        **** 			/* BLE stack is on. Start BLE advertisement */   
  57:main.c        **** 			CyBle_GappStartAdvertisement(CYBLE_ADVERTISING_FAST);
  58:main.c        **** 		    break;
  59:main.c        **** 		
  60:main.c        ****         default:
  61:main.c        ****             break;
 195              		.loc 1 61 0
 196 0010 03E0     		b	.L8
 197              	.L7:
  57:main.c        **** 		    break;
 198              		.loc 1 57 0
 199 0012 0020     		movs	r0, #0
 200 0014 FFF7FEFF 		bl	CyBle_GappStartAdvertisement
  58:main.c        **** 		
 201              		.loc 1 58 0
 202 0018 C046     		nop
 203              	.L8:
  62:main.c        ****     }   	
  63:main.c        **** 
  64:main.c        **** }
 204              		.loc 1 64 0
 205 001a C046     		nop
 206 001c BD46     		mov	sp, r7
 207 001e 02B0     		add	sp, sp, #8
 208              		@ sp needed
 209 0020 80BD     		pop	{r7, pc}
 210              		.cfi_endproc
 211              	.LFE36:
 212              		.size	StackEventHandler, .-StackEventHandler
 213 0022 C046     		.section	.text.readParticles,"ax",%progbits
 214              		.align	2
 215              		.global	readParticles
 216              		.code	16
 217              		.thumb_func
 218              		.type	readParticles, %function
 219              	readParticles:
ARM GAS  C:\Users\TTSS\AppData\Local\Temp\ccWZh6cO.s 			page 6


 220              	.LFB37:
  65:main.c        **** 
  66:main.c        **** /*******************************************************************
  67:main.c        **** * NAME :            char* readParticles()
  68:main.c        **** *
  69:main.c        **** * DESCRIPTION :     Read sensor measurement
  70:main.c        **** * OUTPUTS :
  71:main.c        **** *       char* Sensor TX packet
  72:main.c        **** */
  73:main.c        **** char* readParticles(){
 221              		.loc 1 73 0
 222              		.cfi_startproc
 223              		@ args = 0, pretend = 0, frame = 8
 224              		@ frame_needed = 1, uses_anonymous_args = 0
 225 0000 80B5     		push	{r7, lr}
 226              		.cfi_def_cfa_offset 8
 227              		.cfi_offset 7, -8
 228              		.cfi_offset 14, -4
 229 0002 82B0     		sub	sp, sp, #8
 230              		.cfi_def_cfa_offset 16
 231 0004 00AF     		add	r7, sp, #0
 232              		.cfi_def_cfa_register 7
  74:main.c        ****     int idx;
  75:main.c        ****     static char senData[10];
  76:main.c        ****     senData[0]=0xAA;
 233              		.loc 1 76 0
 234 0006 114B     		ldr	r3, .L14
 235 0008 AA22     		movs	r2, #170
 236 000a 1A70     		strb	r2, [r3]
  77:main.c        ****     while(Serial_UartGetChar()!= 0xAA); // Wait for start character
 237              		.loc 1 77 0
 238 000c C046     		nop
 239              	.L10:
 240              		.loc 1 77 0 is_stmt 0 discriminator 1
 241 000e FFF7FEFF 		bl	Serial_UartGetChar
 242 0012 0300     		movs	r3, r0
 243 0014 AA2B     		cmp	r3, #170
 244 0016 FAD1     		bne	.L10
  78:main.c        ****     for(idx=1;idx<10;idx++){ // Read TX packet
 245              		.loc 1 78 0 is_stmt 1
 246 0018 0123     		movs	r3, #1
 247 001a 7B60     		str	r3, [r7, #4]
 248 001c 0EE0     		b	.L11
 249              	.L12:
  79:main.c        ****         CyDelay(10); // Wait for data
 250              		.loc 1 79 0 discriminator 3
 251 001e 0A20     		movs	r0, #10
 252 0020 FFF7FEFF 		bl	CyDelay
  80:main.c        ****         senData[idx]=Serial_UartGetChar();// Get next byte
 253              		.loc 1 80 0 discriminator 3
 254 0024 FFF7FEFF 		bl	Serial_UartGetChar
 255 0028 0300     		movs	r3, r0
 256 002a D9B2     		uxtb	r1, r3
 257 002c 074A     		ldr	r2, .L14
 258 002e 7B68     		ldr	r3, [r7, #4]
 259 0030 D318     		adds	r3, r2, r3
 260 0032 0A1C     		adds	r2, r1, #0
ARM GAS  C:\Users\TTSS\AppData\Local\Temp\ccWZh6cO.s 			page 7


 261 0034 1A70     		strb	r2, [r3]
  78:main.c        ****     for(idx=1;idx<10;idx++){ // Read TX packet
 262              		.loc 1 78 0 discriminator 3
 263 0036 7B68     		ldr	r3, [r7, #4]
 264 0038 0133     		adds	r3, r3, #1
 265 003a 7B60     		str	r3, [r7, #4]
 266              	.L11:
  78:main.c        ****     for(idx=1;idx<10;idx++){ // Read TX packet
 267              		.loc 1 78 0 is_stmt 0 discriminator 1
 268 003c 7B68     		ldr	r3, [r7, #4]
 269 003e 092B     		cmp	r3, #9
 270 0040 EDDD     		ble	.L12
  81:main.c        ****     }
  82:main.c        ****     return senData;
 271              		.loc 1 82 0 is_stmt 1
 272 0042 024B     		ldr	r3, .L14
  83:main.c        **** }
 273              		.loc 1 83 0
 274 0044 1800     		movs	r0, r3
 275 0046 BD46     		mov	sp, r7
 276 0048 02B0     		add	sp, sp, #8
 277              		@ sp needed
 278 004a 80BD     		pop	{r7, pc}
 279              	.L15:
 280              		.align	2
 281              	.L14:
 282 004c 00000000 		.word	senData.7184
 283              		.cfi_endproc
 284              	.LFE37:
 285              		.size	readParticles, .-readParticles
 286              		.bss
 287              		.align	2
 288              	senData.7184:
 289 0000 00000000 		.space	10
 289      00000000 
 289      0000
 290              		.text
 291              	.Letext0:
 292              		.file 2 "Generated_Source\\PSoC4/cytypes.h"
 293              		.file 3 "Generated_Source\\PSoC4/BLE_Stack.h"
 294              		.file 4 "Generated_Source\\PSoC4/BLE_StackGap.h"
 295              		.section	.debug_info,"",%progbits
 296              	.Ldebug_info0:
 297 0000 E6040000 		.4byte	0x4e6
 298 0004 0400     		.2byte	0x4
 299 0006 00000000 		.4byte	.Ldebug_abbrev0
 300 000a 04       		.byte	0x4
 301 000b 01       		.uleb128 0x1
 302 000c 0A060000 		.4byte	.LASF122
 303 0010 0C       		.byte	0xc
 304 0011 E2050000 		.4byte	.LASF123
 305 0015 220A0000 		.4byte	.LASF124
 306 0019 00000000 		.4byte	.Ldebug_ranges0+0
 307 001d 00000000 		.4byte	0
 308 0021 00000000 		.4byte	.Ldebug_line0
 309 0025 02       		.uleb128 0x2
 310 0026 01       		.byte	0x1
ARM GAS  C:\Users\TTSS\AppData\Local\Temp\ccWZh6cO.s 			page 8


 311 0027 06       		.byte	0x6
 312 0028 98020000 		.4byte	.LASF0
 313 002c 02       		.uleb128 0x2
 314 002d 01       		.byte	0x1
 315 002e 08       		.byte	0x8
 316 002f A9080000 		.4byte	.LASF1
 317 0033 02       		.uleb128 0x2
 318 0034 02       		.byte	0x2
 319 0035 05       		.byte	0x5
 320 0036 DB080000 		.4byte	.LASF2
 321 003a 02       		.uleb128 0x2
 322 003b 02       		.byte	0x2
 323 003c 07       		.byte	0x7
 324 003d 3E050000 		.4byte	.LASF3
 325 0041 02       		.uleb128 0x2
 326 0042 04       		.byte	0x4
 327 0043 05       		.byte	0x5
 328 0044 9D010000 		.4byte	.LASF4
 329 0048 02       		.uleb128 0x2
 330 0049 04       		.byte	0x4
 331 004a 07       		.byte	0x7
 332 004b 74040000 		.4byte	.LASF5
 333 004f 02       		.uleb128 0x2
 334 0050 08       		.byte	0x8
 335 0051 05       		.byte	0x5
 336 0052 8A020000 		.4byte	.LASF6
 337 0056 02       		.uleb128 0x2
 338 0057 08       		.byte	0x8
 339 0058 07       		.byte	0x7
 340 0059 A6010000 		.4byte	.LASF7
 341 005d 03       		.uleb128 0x3
 342 005e 04       		.byte	0x4
 343 005f 05       		.byte	0x5
 344 0060 696E7400 		.ascii	"int\000"
 345 0064 02       		.uleb128 0x2
 346 0065 04       		.byte	0x4
 347 0066 07       		.byte	0x7
 348 0067 42040000 		.4byte	.LASF8
 349 006b 04       		.uleb128 0x4
 350 006c 67030000 		.4byte	.LASF9
 351 0070 02       		.byte	0x2
 352 0071 D201     		.2byte	0x1d2
 353 0073 2C000000 		.4byte	0x2c
 354 0077 04       		.uleb128 0x4
 355 0078 3F000000 		.4byte	.LASF10
 356 007c 02       		.byte	0x2
 357 007d D301     		.2byte	0x1d3
 358 007f 3A000000 		.4byte	0x3a
 359 0083 04       		.uleb128 0x4
 360 0084 A8030000 		.4byte	.LASF11
 361 0088 02       		.byte	0x2
 362 0089 D401     		.2byte	0x1d4
 363 008b 48000000 		.4byte	0x48
 364 008f 02       		.uleb128 0x2
 365 0090 04       		.byte	0x4
 366 0091 04       		.byte	0x4
 367 0092 76080000 		.4byte	.LASF12
ARM GAS  C:\Users\TTSS\AppData\Local\Temp\ccWZh6cO.s 			page 9


 368 0096 02       		.uleb128 0x2
 369 0097 08       		.byte	0x8
 370 0098 04       		.byte	0x4
 371 0099 98030000 		.4byte	.LASF13
 372 009d 02       		.uleb128 0x2
 373 009e 01       		.byte	0x1
 374 009f 08       		.byte	0x8
 375 00a0 FB090000 		.4byte	.LASF14
 376 00a4 02       		.uleb128 0x2
 377 00a5 08       		.byte	0x8
 378 00a6 04       		.byte	0x4
 379 00a7 D7090000 		.4byte	.LASF15
 380 00ab 02       		.uleb128 0x2
 381 00ac 04       		.byte	0x4
 382 00ad 07       		.byte	0x7
 383 00ae 69070000 		.4byte	.LASF16
 384 00b2 05       		.uleb128 0x5
 385 00b3 04       		.byte	0x4
 386 00b4 06       		.uleb128 0x6
 387 00b5 04       		.byte	0x4
 388 00b6 9D000000 		.4byte	0x9d
 389 00ba 07       		.uleb128 0x7
 390 00bb 01       		.byte	0x1
 391 00bc 2C000000 		.4byte	0x2c
 392 00c0 03       		.byte	0x3
 393 00c1 3501     		.2byte	0x135
 394 00c3 78020000 		.4byte	0x278
 395 00c7 08       		.uleb128 0x8
 396 00c8 51050000 		.4byte	.LASF17
 397 00cc 00       		.byte	0
 398 00cd 08       		.uleb128 0x8
 399 00ce A4020000 		.4byte	.LASF18
 400 00d2 01       		.byte	0x1
 401 00d3 08       		.uleb128 0x8
 402 00d4 8B010000 		.4byte	.LASF19
 403 00d8 02       		.byte	0x2
 404 00d9 08       		.uleb128 0x8
 405 00da 3B0B0000 		.4byte	.LASF20
 406 00de 03       		.byte	0x3
 407 00df 08       		.uleb128 0x8
 408 00e0 BD010000 		.4byte	.LASF21
 409 00e4 04       		.byte	0x4
 410 00e5 08       		.uleb128 0x8
 411 00e6 23000000 		.4byte	.LASF22
 412 00ea 05       		.byte	0x5
 413 00eb 08       		.uleb128 0x8
 414 00ec 86050000 		.4byte	.LASF23
 415 00f0 06       		.byte	0x6
 416 00f1 08       		.uleb128 0x8
 417 00f2 CF060000 		.4byte	.LASF24
 418 00f6 20       		.byte	0x20
 419 00f7 08       		.uleb128 0x8
 420 00f8 E1020000 		.4byte	.LASF25
 421 00fc 21       		.byte	0x21
 422 00fd 08       		.uleb128 0x8
 423 00fe 9F050000 		.4byte	.LASF26
 424 0102 22       		.byte	0x22
ARM GAS  C:\Users\TTSS\AppData\Local\Temp\ccWZh6cO.s 			page 10


 425 0103 08       		.uleb128 0x8
 426 0104 150B0000 		.4byte	.LASF27
 427 0108 23       		.byte	0x23
 428 0109 08       		.uleb128 0x8
 429 010a F4070000 		.4byte	.LASF28
 430 010e 24       		.byte	0x24
 431 010f 08       		.uleb128 0x8
 432 0110 7E070000 		.4byte	.LASF29
 433 0114 25       		.byte	0x25
 434 0115 08       		.uleb128 0x8
 435 0116 3F030000 		.4byte	.LASF30
 436 011a 26       		.byte	0x26
 437 011b 08       		.uleb128 0x8
 438 011c C3050000 		.4byte	.LASF31
 439 0120 27       		.byte	0x27
 440 0121 08       		.uleb128 0x8
 441 0122 000A0000 		.4byte	.LASF32
 442 0126 28       		.byte	0x28
 443 0127 08       		.uleb128 0x8
 444 0128 44020000 		.4byte	.LASF33
 445 012c 29       		.byte	0x29
 446 012d 08       		.uleb128 0x8
 447 012e 7C000000 		.4byte	.LASF34
 448 0132 2A       		.byte	0x2a
 449 0133 08       		.uleb128 0x8
 450 0134 B7020000 		.4byte	.LASF35
 451 0138 2B       		.byte	0x2b
 452 0139 08       		.uleb128 0x8
 453 013a 550C0000 		.4byte	.LASF36
 454 013e 2C       		.byte	0x2c
 455 013f 08       		.uleb128 0x8
 456 0140 61020000 		.4byte	.LASF37
 457 0144 2D       		.byte	0x2d
 458 0145 08       		.uleb128 0x8
 459 0146 B7080000 		.4byte	.LASF38
 460 014a 2E       		.byte	0x2e
 461 014b 08       		.uleb128 0x8
 462 014c 00010000 		.4byte	.LASF39
 463 0150 2F       		.byte	0x2f
 464 0151 08       		.uleb128 0x8
 465 0152 D3070000 		.4byte	.LASF40
 466 0156 30       		.byte	0x30
 467 0157 08       		.uleb128 0x8
 468 0158 C50C0000 		.4byte	.LASF41
 469 015c 31       		.byte	0x31
 470 015d 08       		.uleb128 0x8
 471 015e B2070000 		.4byte	.LASF42
 472 0162 32       		.byte	0x32
 473 0163 08       		.uleb128 0x8
 474 0164 B0090000 		.4byte	.LASF43
 475 0168 33       		.byte	0x33
 476 0169 08       		.uleb128 0x8
 477 016a 86040000 		.4byte	.LASF44
 478 016e 34       		.byte	0x34
 479 016f 08       		.uleb128 0x8
 480 0170 FB030000 		.4byte	.LASF45
 481 0174 35       		.byte	0x35
ARM GAS  C:\Users\TTSS\AppData\Local\Temp\ccWZh6cO.s 			page 11


 482 0175 08       		.uleb128 0x8
 483 0176 E9050000 		.4byte	.LASF46
 484 017a 36       		.byte	0x36
 485 017b 08       		.uleb128 0x8
 486 017c F3060000 		.4byte	.LASF47
 487 0180 37       		.byte	0x37
 488 0181 08       		.uleb128 0x8
 489 0182 96090000 		.4byte	.LASF48
 490 0186 40       		.byte	0x40
 491 0187 08       		.uleb128 0x8
 492 0188 98060000 		.4byte	.LASF49
 493 018c 41       		.byte	0x41
 494 018d 08       		.uleb128 0x8
 495 018e E90C0000 		.4byte	.LASF50
 496 0192 42       		.byte	0x42
 497 0193 08       		.uleb128 0x8
 498 0194 540B0000 		.4byte	.LASF51
 499 0198 43       		.byte	0x43
 500 0199 08       		.uleb128 0x8
 501 019a B8040000 		.4byte	.LASF52
 502 019e 44       		.byte	0x44
 503 019f 08       		.uleb128 0x8
 504 01a0 4F080000 		.4byte	.LASF53
 505 01a4 45       		.byte	0x45
 506 01a5 08       		.uleb128 0x8
 507 01a6 30070000 		.4byte	.LASF54
 508 01aa 46       		.byte	0x46
 509 01ab 08       		.uleb128 0x8
 510 01ac 68050000 		.4byte	.LASF55
 511 01b0 47       		.byte	0x47
 512 01b1 08       		.uleb128 0x8
 513 01b2 2E0C0000 		.4byte	.LASF56
 514 01b6 48       		.byte	0x48
 515 01b7 08       		.uleb128 0x8
 516 01b8 F8020000 		.4byte	.LASF57
 517 01bc 49       		.byte	0x49
 518 01bd 08       		.uleb128 0x8
 519 01be DD0B0000 		.4byte	.LASF58
 520 01c2 4A       		.byte	0x4a
 521 01c3 08       		.uleb128 0x8
 522 01c4 29010000 		.4byte	.LASF59
 523 01c8 4B       		.byte	0x4b
 524 01c9 08       		.uleb128 0x8
 525 01ca 9E040000 		.4byte	.LASF60
 526 01ce 4C       		.byte	0x4c
 527 01cf 08       		.uleb128 0x8
 528 01d0 98070000 		.4byte	.LASF61
 529 01d4 4D       		.byte	0x4d
 530 01d5 08       		.uleb128 0x8
 531 01d6 21030000 		.4byte	.LASF62
 532 01da 4E       		.byte	0x4e
 533 01db 08       		.uleb128 0x8
 534 01dc 18090000 		.4byte	.LASF63
 535 01e0 4F       		.byte	0x4f
 536 01e1 08       		.uleb128 0x8
 537 01e2 48010000 		.4byte	.LASF64
 538 01e6 50       		.byte	0x50
ARM GAS  C:\Users\TTSS\AppData\Local\Temp\ccWZh6cO.s 			page 12


 539 01e7 08       		.uleb128 0x8
 540 01e8 79030000 		.4byte	.LASF65
 541 01ec 51       		.byte	0x51
 542 01ed 08       		.uleb128 0x8
 543 01ee 10080000 		.4byte	.LASF66
 544 01f2 52       		.byte	0x52
 545 01f3 08       		.uleb128 0x8
 546 01f4 0D0C0000 		.4byte	.LASF67
 547 01f8 53       		.byte	0x53
 548 01f9 08       		.uleb128 0x8
 549 01fa 75090000 		.4byte	.LASF68
 550 01fe 54       		.byte	0x54
 551 01ff 08       		.uleb128 0x8
 552 0200 D6040000 		.4byte	.LASF69
 553 0204 55       		.byte	0x55
 554 0205 08       		.uleb128 0x8
 555 0206 20040000 		.4byte	.LASF70
 556 020a 56       		.byte	0x56
 557 020b 08       		.uleb128 0x8
 558 020c B10A0000 		.4byte	.LASF71
 559 0210 57       		.byte	0x57
 560 0211 08       		.uleb128 0x8
 561 0212 FA040000 		.4byte	.LASF72
 562 0216 58       		.byte	0x58
 563 0217 08       		.uleb128 0x8
 564 0218 1E020000 		.4byte	.LASF73
 565 021c 70       		.byte	0x70
 566 021d 08       		.uleb128 0x8
 567 021e 9A0C0000 		.4byte	.LASF74
 568 0222 71       		.byte	0x71
 569 0223 08       		.uleb128 0x8
 570 0224 B3060000 		.4byte	.LASF75
 571 0228 72       		.byte	0x72
 572 0229 08       		.uleb128 0x8
 573 022a 8B080000 		.4byte	.LASF76
 574 022e 73       		.byte	0x73
 575 022f 08       		.uleb128 0x8
 576 0230 31080000 		.4byte	.LASF77
 577 0234 74       		.byte	0x74
 578 0235 08       		.uleb128 0x8
 579 0236 790C0000 		.4byte	.LASF78
 580 023a 75       		.byte	0x75
 581 023b 08       		.uleb128 0x8
 582 023c B3000000 		.4byte	.LASF79
 583 0240 76       		.byte	0x76
 584 0241 08       		.uleb128 0x8
 585 0242 46000000 		.4byte	.LASF80
 586 0246 77       		.byte	0x77
 587 0247 08       		.uleb128 0x8
 588 0248 00000000 		.4byte	.LASF81
 589 024c 78       		.byte	0x78
 590 024d 08       		.uleb128 0x8
 591 024e F20A0000 		.4byte	.LASF82
 592 0252 79       		.byte	0x79
 593 0253 08       		.uleb128 0x8
 594 0254 CC030000 		.4byte	.LASF83
 595 0258 7A       		.byte	0x7a
ARM GAS  C:\Users\TTSS\AppData\Local\Temp\ccWZh6cO.s 			page 13


 596 0259 08       		.uleb128 0x8
 597 025a DA010000 		.4byte	.LASF84
 598 025e FA       		.byte	0xfa
 599 025f 08       		.uleb128 0x8
 600 0260 4F040000 		.4byte	.LASF85
 601 0264 FB       		.byte	0xfb
 602 0265 08       		.uleb128 0x8
 603 0266 06090000 		.4byte	.LASF86
 604 026a FC       		.byte	0xfc
 605 026b 08       		.uleb128 0x8
 606 026c E3090000 		.4byte	.LASF87
 607 0270 FD       		.byte	0xfd
 608 0271 08       		.uleb128 0x8
 609 0272 AF030000 		.4byte	.LASF88
 610 0276 FF       		.byte	0xff
 611 0277 00       		.byte	0
 612 0278 09       		.uleb128 0x9
 613 0279 6B000000 		.4byte	0x6b
 614 027d 88020000 		.4byte	0x288
 615 0281 0A       		.uleb128 0xa
 616 0282 AB000000 		.4byte	0xab
 617 0286 05       		.byte	0x5
 618 0287 00       		.byte	0
 619 0288 0B       		.uleb128 0xb
 620 0289 01       		.byte	0x1
 621 028a 2C000000 		.4byte	0x2c
 622 028e 04       		.byte	0x4
 623 028f E0       		.byte	0xe0
 624 0290 B3020000 		.4byte	0x2b3
 625 0294 08       		.uleb128 0x8
 626 0295 F8010000 		.4byte	.LASF89
 627 0299 00       		.byte	0
 628 029a 08       		.uleb128 0x8
 629 029b D4000000 		.4byte	.LASF90
 630 029f 01       		.byte	0x1
 631 02a0 08       		.uleb128 0x8
 632 02a1 67010000 		.4byte	.LASF91
 633 02a5 02       		.byte	0x2
 634 02a6 08       		.uleb128 0x8
 635 02a7 B30B0000 		.4byte	.LASF92
 636 02ab 03       		.byte	0x3
 637 02ac 08       		.uleb128 0x8
 638 02ad 42090000 		.4byte	.LASF93
 639 02b1 04       		.byte	0x4
 640 02b2 00       		.byte	0
 641 02b3 0C       		.uleb128 0xc
 642 02b4 A20B0000 		.4byte	.LASF94
 643 02b8 04       		.byte	0x4
 644 02b9 F0       		.byte	0xf0
 645 02ba 88020000 		.4byte	0x288
 646 02be 0D       		.uleb128 0xd
 647 02bf 10       		.byte	0x10
 648 02c0 04       		.byte	0x4
 649 02c1 2102     		.2byte	0x221
 650 02c3 30030000 		.4byte	0x330
 651 02c7 0E       		.uleb128 0xe
 652 02c8 37090000 		.4byte	.LASF95
ARM GAS  C:\Users\TTSS\AppData\Local\Temp\ccWZh6cO.s 			page 14


 653 02cc 04       		.byte	0x4
 654 02cd 2702     		.2byte	0x227
 655 02cf 77000000 		.4byte	0x77
 656 02d3 00       		.byte	0
 657 02d4 0E       		.uleb128 0xe
 658 02d5 F3080000 		.4byte	.LASF96
 659 02d9 04       		.byte	0x4
 660 02da 2D02     		.2byte	0x22d
 661 02dc 77000000 		.4byte	0x77
 662 02e0 02       		.byte	0x2
 663 02e1 0E       		.uleb128 0xe
 664 02e2 D2010000 		.4byte	.LASF97
 665 02e6 04       		.byte	0x4
 666 02e7 3602     		.2byte	0x236
 667 02e9 B3020000 		.4byte	0x2b3
 668 02ed 04       		.byte	0x4
 669 02ee 0E       		.uleb128 0xe
 670 02ef 72070000 		.4byte	.LASF98
 671 02f3 04       		.byte	0x4
 672 02f4 3E02     		.2byte	0x23e
 673 02f6 6B000000 		.4byte	0x6b
 674 02fa 05       		.byte	0x5
 675 02fb 0E       		.uleb128 0xe
 676 02fc 7C080000 		.4byte	.LASF99
 677 0300 04       		.byte	0x4
 678 0301 4502     		.2byte	0x245
 679 0303 6B000000 		.4byte	0x6b
 680 0307 06       		.byte	0x6
 681 0308 0E       		.uleb128 0xe
 682 0309 D6020000 		.4byte	.LASF100
 683 030d 04       		.byte	0x4
 684 030e 4B02     		.2byte	0x24b
 685 0310 78020000 		.4byte	0x278
 686 0314 07       		.byte	0x7
 687 0315 0E       		.uleb128 0xe
 688 0316 A5000000 		.4byte	.LASF101
 689 031a 04       		.byte	0x4
 690 031b 5302     		.2byte	0x253
 691 031d 6B000000 		.4byte	0x6b
 692 0321 0D       		.byte	0xd
 693 0322 0E       		.uleb128 0xe
 694 0323 11030000 		.4byte	.LASF102
 695 0327 04       		.byte	0x4
 696 0328 5F02     		.2byte	0x25f
 697 032a 6B000000 		.4byte	0x6b
 698 032e 0E       		.byte	0xe
 699 032f 00       		.byte	0
 700 0330 04       		.uleb128 0x4
 701 0331 DA0A0000 		.4byte	.LASF103
 702 0335 04       		.byte	0x4
 703 0336 6102     		.2byte	0x261
 704 0338 BE020000 		.4byte	0x2be
 705 033c 0D       		.uleb128 0xd
 706 033d 20       		.byte	0x20
 707 033e 04       		.byte	0x4
 708 033f 6402     		.2byte	0x264
 709 0341 60030000 		.4byte	0x360
ARM GAS  C:\Users\TTSS\AppData\Local\Temp\ccWZh6cO.s 			page 15


 710 0345 0E       		.uleb128 0xe
 711 0346 6D090000 		.4byte	.LASF104
 712 034a 04       		.byte	0x4
 713 034b 6702     		.2byte	0x267
 714 034d 60030000 		.4byte	0x360
 715 0351 00       		.byte	0
 716 0352 0E       		.uleb128 0xe
 717 0353 F0030000 		.4byte	.LASF105
 718 0357 04       		.byte	0x4
 719 0358 6A02     		.2byte	0x26a
 720 035a 6B000000 		.4byte	0x6b
 721 035e 1F       		.byte	0x1f
 722 035f 00       		.byte	0
 723 0360 09       		.uleb128 0x9
 724 0361 6B000000 		.4byte	0x6b
 725 0365 70030000 		.4byte	0x370
 726 0369 0A       		.uleb128 0xa
 727 036a AB000000 		.4byte	0xab
 728 036e 1E       		.byte	0x1e
 729 036f 00       		.byte	0
 730 0370 04       		.uleb128 0x4
 731 0371 65000000 		.4byte	.LASF106
 732 0375 04       		.byte	0x4
 733 0376 6C02     		.2byte	0x26c
 734 0378 3C030000 		.4byte	0x33c
 735 037c 0D       		.uleb128 0xd
 736 037d 20       		.byte	0x20
 737 037e 04       		.byte	0x4
 738 037f 6F02     		.2byte	0x26f
 739 0381 A0030000 		.4byte	0x3a0
 740 0385 0E       		.uleb128 0xe
 741 0386 6D030000 		.4byte	.LASF107
 742 038a 04       		.byte	0x4
 743 038b 7302     		.2byte	0x273
 744 038d 60030000 		.4byte	0x360
 745 0391 00       		.byte	0
 746 0392 0E       		.uleb128 0xe
 747 0393 BD030000 		.4byte	.LASF108
 748 0397 04       		.byte	0x4
 749 0398 7602     		.2byte	0x276
 750 039a 6B000000 		.4byte	0x6b
 751 039e 1F       		.byte	0x1f
 752 039f 00       		.byte	0
 753 03a0 04       		.uleb128 0x4
 754 03a1 1D050000 		.4byte	.LASF109
 755 03a5 04       		.byte	0x4
 756 03a6 7802     		.2byte	0x278
 757 03a8 7C030000 		.4byte	0x37c
 758 03ac 0D       		.uleb128 0xd
 759 03ad 14       		.byte	0x14
 760 03ae 04       		.byte	0x4
 761 03af 7B02     		.2byte	0x27b
 762 03b1 F7030000 		.4byte	0x3f7
 763 03b5 0E       		.uleb128 0xe
 764 03b6 9F030000 		.4byte	.LASF110
 765 03ba 04       		.byte	0x4
 766 03bb 8302     		.2byte	0x283
ARM GAS  C:\Users\TTSS\AppData\Local\Temp\ccWZh6cO.s 			page 16


 767 03bd 6B000000 		.4byte	0x6b
 768 03c1 00       		.byte	0
 769 03c2 0E       		.uleb128 0xe
 770 03c3 990B0000 		.4byte	.LASF111
 771 03c7 04       		.byte	0x4
 772 03c8 8602     		.2byte	0x286
 773 03ca F7030000 		.4byte	0x3f7
 774 03ce 04       		.byte	0x4
 775 03cf 0E       		.uleb128 0xe
 776 03d0 6D090000 		.4byte	.LASF104
 777 03d4 04       		.byte	0x4
 778 03d5 8802     		.2byte	0x288
 779 03d7 FD030000 		.4byte	0x3fd
 780 03db 08       		.byte	0x8
 781 03dc 0E       		.uleb128 0xe
 782 03dd 6D030000 		.4byte	.LASF107
 783 03e1 04       		.byte	0x4
 784 03e2 8A02     		.2byte	0x28a
 785 03e4 03040000 		.4byte	0x403
 786 03e8 0C       		.byte	0xc
 787 03e9 0E       		.uleb128 0xe
 788 03ea 6E040000 		.4byte	.LASF112
 789 03ee 04       		.byte	0x4
 790 03ef 9402     		.2byte	0x294
 791 03f1 77000000 		.4byte	0x77
 792 03f5 10       		.byte	0x10
 793 03f6 00       		.byte	0
 794 03f7 06       		.uleb128 0x6
 795 03f8 04       		.byte	0x4
 796 03f9 30030000 		.4byte	0x330
 797 03fd 06       		.uleb128 0x6
 798 03fe 04       		.byte	0x4
 799 03ff 70030000 		.4byte	0x370
 800 0403 06       		.uleb128 0x6
 801 0404 04       		.byte	0x4
 802 0405 A0030000 		.4byte	0x3a0
 803 0409 04       		.uleb128 0x4
 804 040a 720B0000 		.4byte	.LASF113
 805 040e 04       		.byte	0x4
 806 040f 9602     		.2byte	0x296
 807 0411 AC030000 		.4byte	0x3ac
 808 0415 0F       		.uleb128 0xf
 809 0416 C00C0000 		.4byte	.LASF116
 810 041a 01       		.byte	0x1
 811 041b 18       		.byte	0x18
 812 041c 5D000000 		.4byte	0x5d
 813 0420 00000000 		.4byte	.LFB35
 814 0424 E0000000 		.4byte	.LFE35-.LFB35
 815 0428 01       		.uleb128 0x1
 816 0429 9C       		.byte	0x9c
 817 042a 63040000 		.4byte	0x463
 818 042e 10       		.uleb128 0x10
 819 042f 14000000 		.4byte	.LBB2
 820 0433 C2000000 		.4byte	.LBE2-.LBB2
 821 0437 11       		.uleb128 0x11
 822 0438 76616C00 		.ascii	"val\000"
 823 043c 01       		.byte	0x1
ARM GAS  C:\Users\TTSS\AppData\Local\Temp\ccWZh6cO.s 			page 17


 824 043d 22       		.byte	0x22
 825 043e B4000000 		.4byte	0xb4
 826 0442 02       		.uleb128 0x2
 827 0443 91       		.byte	0x91
 828 0444 74       		.sleb128 -12
 829 0445 12       		.uleb128 0x12
 830 0446 18040000 		.4byte	.LASF114
 831 044a 01       		.byte	0x1
 832 044b 23       		.byte	0x23
 833 044c 77000000 		.4byte	0x77
 834 0450 02       		.uleb128 0x2
 835 0451 91       		.byte	0x91
 836 0452 72       		.sleb128 -14
 837 0453 12       		.uleb128 0x12
 838 0454 28070000 		.4byte	.LASF115
 839 0458 01       		.byte	0x1
 840 0459 24       		.byte	0x24
 841 045a 77000000 		.4byte	0x77
 842 045e 02       		.uleb128 0x2
 843 045f 91       		.byte	0x91
 844 0460 70       		.sleb128 -16
 845 0461 00       		.byte	0
 846 0462 00       		.byte	0
 847 0463 13       		.uleb128 0x13
 848 0464 FB0B0000 		.4byte	.LASF117
 849 0468 01       		.byte	0x1
 850 0469 32       		.byte	0x32
 851 046a 00000000 		.4byte	.LFB36
 852 046e 22000000 		.4byte	.LFE36-.LFB36
 853 0472 01       		.uleb128 0x1
 854 0473 9C       		.byte	0x9c
 855 0474 95040000 		.4byte	0x495
 856 0478 14       		.uleb128 0x14
 857 0479 38050000 		.4byte	.LASF118
 858 047d 01       		.byte	0x1
 859 047e 32       		.byte	0x32
 860 047f 83000000 		.4byte	0x83
 861 0483 02       		.uleb128 0x2
 862 0484 91       		.byte	0x91
 863 0485 74       		.sleb128 -12
 864 0486 14       		.uleb128 0x14
 865 0487 8E0B0000 		.4byte	.LASF119
 866 048b 01       		.byte	0x1
 867 048c 32       		.byte	0x32
 868 048d B2000000 		.4byte	0xb2
 869 0491 02       		.uleb128 0x2
 870 0492 91       		.byte	0x91
 871 0493 70       		.sleb128 -16
 872 0494 00       		.byte	0
 873 0495 0F       		.uleb128 0xf
 874 0496 E5080000 		.4byte	.LASF120
 875 049a 01       		.byte	0x1
 876 049b 49       		.byte	0x49
 877 049c B4000000 		.4byte	0xb4
 878 04a0 00000000 		.4byte	.LFB37
 879 04a4 50000000 		.4byte	.LFE37-.LFB37
 880 04a8 01       		.uleb128 0x1
ARM GAS  C:\Users\TTSS\AppData\Local\Temp\ccWZh6cO.s 			page 18


 881 04a9 9C       		.byte	0x9c
 882 04aa CE040000 		.4byte	0x4ce
 883 04ae 11       		.uleb128 0x11
 884 04af 69647800 		.ascii	"idx\000"
 885 04b3 01       		.byte	0x1
 886 04b4 4A       		.byte	0x4a
 887 04b5 5D000000 		.4byte	0x5d
 888 04b9 02       		.uleb128 0x2
 889 04ba 91       		.byte	0x91
 890 04bb 74       		.sleb128 -12
 891 04bc 12       		.uleb128 0x12
 892 04bd FE080000 		.4byte	.LASF121
 893 04c1 01       		.byte	0x1
 894 04c2 4B       		.byte	0x4b
 895 04c3 CE040000 		.4byte	0x4ce
 896 04c7 05       		.uleb128 0x5
 897 04c8 03       		.byte	0x3
 898 04c9 00000000 		.4byte	senData.7184
 899 04cd 00       		.byte	0
 900 04ce 09       		.uleb128 0x9
 901 04cf 9D000000 		.4byte	0x9d
 902 04d3 DE040000 		.4byte	0x4de
 903 04d7 0A       		.uleb128 0xa
 904 04d8 AB000000 		.4byte	0xab
 905 04dc 09       		.byte	0x9
 906 04dd 00       		.byte	0
 907 04de 15       		.uleb128 0x15
 908 04df 51070000 		.4byte	.LASF125
 909 04e3 01       		.byte	0x1
 910 04e4 14       		.byte	0x14
 911 04e5 09040000 		.4byte	0x409
 912 04e9 00       		.byte	0
 913              		.section	.debug_abbrev,"",%progbits
 914              	.Ldebug_abbrev0:
 915 0000 01       		.uleb128 0x1
 916 0001 11       		.uleb128 0x11
 917 0002 01       		.byte	0x1
 918 0003 25       		.uleb128 0x25
 919 0004 0E       		.uleb128 0xe
 920 0005 13       		.uleb128 0x13
 921 0006 0B       		.uleb128 0xb
 922 0007 03       		.uleb128 0x3
 923 0008 0E       		.uleb128 0xe
 924 0009 1B       		.uleb128 0x1b
 925 000a 0E       		.uleb128 0xe
 926 000b 55       		.uleb128 0x55
 927 000c 17       		.uleb128 0x17
 928 000d 11       		.uleb128 0x11
 929 000e 01       		.uleb128 0x1
 930 000f 10       		.uleb128 0x10
 931 0010 17       		.uleb128 0x17
 932 0011 00       		.byte	0
 933 0012 00       		.byte	0
 934 0013 02       		.uleb128 0x2
 935 0014 24       		.uleb128 0x24
 936 0015 00       		.byte	0
 937 0016 0B       		.uleb128 0xb
ARM GAS  C:\Users\TTSS\AppData\Local\Temp\ccWZh6cO.s 			page 19


 938 0017 0B       		.uleb128 0xb
 939 0018 3E       		.uleb128 0x3e
 940 0019 0B       		.uleb128 0xb
 941 001a 03       		.uleb128 0x3
 942 001b 0E       		.uleb128 0xe
 943 001c 00       		.byte	0
 944 001d 00       		.byte	0
 945 001e 03       		.uleb128 0x3
 946 001f 24       		.uleb128 0x24
 947 0020 00       		.byte	0
 948 0021 0B       		.uleb128 0xb
 949 0022 0B       		.uleb128 0xb
 950 0023 3E       		.uleb128 0x3e
 951 0024 0B       		.uleb128 0xb
 952 0025 03       		.uleb128 0x3
 953 0026 08       		.uleb128 0x8
 954 0027 00       		.byte	0
 955 0028 00       		.byte	0
 956 0029 04       		.uleb128 0x4
 957 002a 16       		.uleb128 0x16
 958 002b 00       		.byte	0
 959 002c 03       		.uleb128 0x3
 960 002d 0E       		.uleb128 0xe
 961 002e 3A       		.uleb128 0x3a
 962 002f 0B       		.uleb128 0xb
 963 0030 3B       		.uleb128 0x3b
 964 0031 05       		.uleb128 0x5
 965 0032 49       		.uleb128 0x49
 966 0033 13       		.uleb128 0x13
 967 0034 00       		.byte	0
 968 0035 00       		.byte	0
 969 0036 05       		.uleb128 0x5
 970 0037 0F       		.uleb128 0xf
 971 0038 00       		.byte	0
 972 0039 0B       		.uleb128 0xb
 973 003a 0B       		.uleb128 0xb
 974 003b 00       		.byte	0
 975 003c 00       		.byte	0
 976 003d 06       		.uleb128 0x6
 977 003e 0F       		.uleb128 0xf
 978 003f 00       		.byte	0
 979 0040 0B       		.uleb128 0xb
 980 0041 0B       		.uleb128 0xb
 981 0042 49       		.uleb128 0x49
 982 0043 13       		.uleb128 0x13
 983 0044 00       		.byte	0
 984 0045 00       		.byte	0
 985 0046 07       		.uleb128 0x7
 986 0047 04       		.uleb128 0x4
 987 0048 01       		.byte	0x1
 988 0049 0B       		.uleb128 0xb
 989 004a 0B       		.uleb128 0xb
 990 004b 49       		.uleb128 0x49
 991 004c 13       		.uleb128 0x13
 992 004d 3A       		.uleb128 0x3a
 993 004e 0B       		.uleb128 0xb
 994 004f 3B       		.uleb128 0x3b
ARM GAS  C:\Users\TTSS\AppData\Local\Temp\ccWZh6cO.s 			page 20


 995 0050 05       		.uleb128 0x5
 996 0051 01       		.uleb128 0x1
 997 0052 13       		.uleb128 0x13
 998 0053 00       		.byte	0
 999 0054 00       		.byte	0
 1000 0055 08       		.uleb128 0x8
 1001 0056 28       		.uleb128 0x28
 1002 0057 00       		.byte	0
 1003 0058 03       		.uleb128 0x3
 1004 0059 0E       		.uleb128 0xe
 1005 005a 1C       		.uleb128 0x1c
 1006 005b 0B       		.uleb128 0xb
 1007 005c 00       		.byte	0
 1008 005d 00       		.byte	0
 1009 005e 09       		.uleb128 0x9
 1010 005f 01       		.uleb128 0x1
 1011 0060 01       		.byte	0x1
 1012 0061 49       		.uleb128 0x49
 1013 0062 13       		.uleb128 0x13
 1014 0063 01       		.uleb128 0x1
 1015 0064 13       		.uleb128 0x13
 1016 0065 00       		.byte	0
 1017 0066 00       		.byte	0
 1018 0067 0A       		.uleb128 0xa
 1019 0068 21       		.uleb128 0x21
 1020 0069 00       		.byte	0
 1021 006a 49       		.uleb128 0x49
 1022 006b 13       		.uleb128 0x13
 1023 006c 2F       		.uleb128 0x2f
 1024 006d 0B       		.uleb128 0xb
 1025 006e 00       		.byte	0
 1026 006f 00       		.byte	0
 1027 0070 0B       		.uleb128 0xb
 1028 0071 04       		.uleb128 0x4
 1029 0072 01       		.byte	0x1
 1030 0073 0B       		.uleb128 0xb
 1031 0074 0B       		.uleb128 0xb
 1032 0075 49       		.uleb128 0x49
 1033 0076 13       		.uleb128 0x13
 1034 0077 3A       		.uleb128 0x3a
 1035 0078 0B       		.uleb128 0xb
 1036 0079 3B       		.uleb128 0x3b
 1037 007a 0B       		.uleb128 0xb
 1038 007b 01       		.uleb128 0x1
 1039 007c 13       		.uleb128 0x13
 1040 007d 00       		.byte	0
 1041 007e 00       		.byte	0
 1042 007f 0C       		.uleb128 0xc
 1043 0080 16       		.uleb128 0x16
 1044 0081 00       		.byte	0
 1045 0082 03       		.uleb128 0x3
 1046 0083 0E       		.uleb128 0xe
 1047 0084 3A       		.uleb128 0x3a
 1048 0085 0B       		.uleb128 0xb
 1049 0086 3B       		.uleb128 0x3b
 1050 0087 0B       		.uleb128 0xb
 1051 0088 49       		.uleb128 0x49
ARM GAS  C:\Users\TTSS\AppData\Local\Temp\ccWZh6cO.s 			page 21


 1052 0089 13       		.uleb128 0x13
 1053 008a 00       		.byte	0
 1054 008b 00       		.byte	0
 1055 008c 0D       		.uleb128 0xd
 1056 008d 13       		.uleb128 0x13
 1057 008e 01       		.byte	0x1
 1058 008f 0B       		.uleb128 0xb
 1059 0090 0B       		.uleb128 0xb
 1060 0091 3A       		.uleb128 0x3a
 1061 0092 0B       		.uleb128 0xb
 1062 0093 3B       		.uleb128 0x3b
 1063 0094 05       		.uleb128 0x5
 1064 0095 01       		.uleb128 0x1
 1065 0096 13       		.uleb128 0x13
 1066 0097 00       		.byte	0
 1067 0098 00       		.byte	0
 1068 0099 0E       		.uleb128 0xe
 1069 009a 0D       		.uleb128 0xd
 1070 009b 00       		.byte	0
 1071 009c 03       		.uleb128 0x3
 1072 009d 0E       		.uleb128 0xe
 1073 009e 3A       		.uleb128 0x3a
 1074 009f 0B       		.uleb128 0xb
 1075 00a0 3B       		.uleb128 0x3b
 1076 00a1 05       		.uleb128 0x5
 1077 00a2 49       		.uleb128 0x49
 1078 00a3 13       		.uleb128 0x13
 1079 00a4 38       		.uleb128 0x38
 1080 00a5 0B       		.uleb128 0xb
 1081 00a6 00       		.byte	0
 1082 00a7 00       		.byte	0
 1083 00a8 0F       		.uleb128 0xf
 1084 00a9 2E       		.uleb128 0x2e
 1085 00aa 01       		.byte	0x1
 1086 00ab 3F       		.uleb128 0x3f
 1087 00ac 19       		.uleb128 0x19
 1088 00ad 03       		.uleb128 0x3
 1089 00ae 0E       		.uleb128 0xe
 1090 00af 3A       		.uleb128 0x3a
 1091 00b0 0B       		.uleb128 0xb
 1092 00b1 3B       		.uleb128 0x3b
 1093 00b2 0B       		.uleb128 0xb
 1094 00b3 49       		.uleb128 0x49
 1095 00b4 13       		.uleb128 0x13
 1096 00b5 11       		.uleb128 0x11
 1097 00b6 01       		.uleb128 0x1
 1098 00b7 12       		.uleb128 0x12
 1099 00b8 06       		.uleb128 0x6
 1100 00b9 40       		.uleb128 0x40
 1101 00ba 18       		.uleb128 0x18
 1102 00bb 9642     		.uleb128 0x2116
 1103 00bd 19       		.uleb128 0x19
 1104 00be 01       		.uleb128 0x1
 1105 00bf 13       		.uleb128 0x13
 1106 00c0 00       		.byte	0
 1107 00c1 00       		.byte	0
 1108 00c2 10       		.uleb128 0x10
ARM GAS  C:\Users\TTSS\AppData\Local\Temp\ccWZh6cO.s 			page 22


 1109 00c3 0B       		.uleb128 0xb
 1110 00c4 01       		.byte	0x1
 1111 00c5 11       		.uleb128 0x11
 1112 00c6 01       		.uleb128 0x1
 1113 00c7 12       		.uleb128 0x12
 1114 00c8 06       		.uleb128 0x6
 1115 00c9 00       		.byte	0
 1116 00ca 00       		.byte	0
 1117 00cb 11       		.uleb128 0x11
 1118 00cc 34       		.uleb128 0x34
 1119 00cd 00       		.byte	0
 1120 00ce 03       		.uleb128 0x3
 1121 00cf 08       		.uleb128 0x8
 1122 00d0 3A       		.uleb128 0x3a
 1123 00d1 0B       		.uleb128 0xb
 1124 00d2 3B       		.uleb128 0x3b
 1125 00d3 0B       		.uleb128 0xb
 1126 00d4 49       		.uleb128 0x49
 1127 00d5 13       		.uleb128 0x13
 1128 00d6 02       		.uleb128 0x2
 1129 00d7 18       		.uleb128 0x18
 1130 00d8 00       		.byte	0
 1131 00d9 00       		.byte	0
 1132 00da 12       		.uleb128 0x12
 1133 00db 34       		.uleb128 0x34
 1134 00dc 00       		.byte	0
 1135 00dd 03       		.uleb128 0x3
 1136 00de 0E       		.uleb128 0xe
 1137 00df 3A       		.uleb128 0x3a
 1138 00e0 0B       		.uleb128 0xb
 1139 00e1 3B       		.uleb128 0x3b
 1140 00e2 0B       		.uleb128 0xb
 1141 00e3 49       		.uleb128 0x49
 1142 00e4 13       		.uleb128 0x13
 1143 00e5 02       		.uleb128 0x2
 1144 00e6 18       		.uleb128 0x18
 1145 00e7 00       		.byte	0
 1146 00e8 00       		.byte	0
 1147 00e9 13       		.uleb128 0x13
 1148 00ea 2E       		.uleb128 0x2e
 1149 00eb 01       		.byte	0x1
 1150 00ec 3F       		.uleb128 0x3f
 1151 00ed 19       		.uleb128 0x19
 1152 00ee 03       		.uleb128 0x3
 1153 00ef 0E       		.uleb128 0xe
 1154 00f0 3A       		.uleb128 0x3a
 1155 00f1 0B       		.uleb128 0xb
 1156 00f2 3B       		.uleb128 0x3b
 1157 00f3 0B       		.uleb128 0xb
 1158 00f4 27       		.uleb128 0x27
 1159 00f5 19       		.uleb128 0x19
 1160 00f6 11       		.uleb128 0x11
 1161 00f7 01       		.uleb128 0x1
 1162 00f8 12       		.uleb128 0x12
 1163 00f9 06       		.uleb128 0x6
 1164 00fa 40       		.uleb128 0x40
 1165 00fb 18       		.uleb128 0x18
ARM GAS  C:\Users\TTSS\AppData\Local\Temp\ccWZh6cO.s 			page 23


 1166 00fc 9642     		.uleb128 0x2116
 1167 00fe 19       		.uleb128 0x19
 1168 00ff 01       		.uleb128 0x1
 1169 0100 13       		.uleb128 0x13
 1170 0101 00       		.byte	0
 1171 0102 00       		.byte	0
 1172 0103 14       		.uleb128 0x14
 1173 0104 05       		.uleb128 0x5
 1174 0105 00       		.byte	0
 1175 0106 03       		.uleb128 0x3
 1176 0107 0E       		.uleb128 0xe
 1177 0108 3A       		.uleb128 0x3a
 1178 0109 0B       		.uleb128 0xb
 1179 010a 3B       		.uleb128 0x3b
 1180 010b 0B       		.uleb128 0xb
 1181 010c 49       		.uleb128 0x49
 1182 010d 13       		.uleb128 0x13
 1183 010e 02       		.uleb128 0x2
 1184 010f 18       		.uleb128 0x18
 1185 0110 00       		.byte	0
 1186 0111 00       		.byte	0
 1187 0112 15       		.uleb128 0x15
 1188 0113 34       		.uleb128 0x34
 1189 0114 00       		.byte	0
 1190 0115 03       		.uleb128 0x3
 1191 0116 0E       		.uleb128 0xe
 1192 0117 3A       		.uleb128 0x3a
 1193 0118 0B       		.uleb128 0xb
 1194 0119 3B       		.uleb128 0x3b
 1195 011a 0B       		.uleb128 0xb
 1196 011b 49       		.uleb128 0x49
 1197 011c 13       		.uleb128 0x13
 1198 011d 3F       		.uleb128 0x3f
 1199 011e 19       		.uleb128 0x19
 1200 011f 3C       		.uleb128 0x3c
 1201 0120 19       		.uleb128 0x19
 1202 0121 00       		.byte	0
 1203 0122 00       		.byte	0
 1204 0123 00       		.byte	0
 1205              		.section	.debug_aranges,"",%progbits
 1206 0000 2C000000 		.4byte	0x2c
 1207 0004 0200     		.2byte	0x2
 1208 0006 00000000 		.4byte	.Ldebug_info0
 1209 000a 04       		.byte	0x4
 1210 000b 00       		.byte	0
 1211 000c 0000     		.2byte	0
 1212 000e 0000     		.2byte	0
 1213 0010 00000000 		.4byte	.LFB35
 1214 0014 E0000000 		.4byte	.LFE35-.LFB35
 1215 0018 00000000 		.4byte	.LFB36
 1216 001c 22000000 		.4byte	.LFE36-.LFB36
 1217 0020 00000000 		.4byte	.LFB37
 1218 0024 50000000 		.4byte	.LFE37-.LFB37
 1219 0028 00000000 		.4byte	0
 1220 002c 00000000 		.4byte	0
 1221              		.section	.debug_ranges,"",%progbits
 1222              	.Ldebug_ranges0:
ARM GAS  C:\Users\TTSS\AppData\Local\Temp\ccWZh6cO.s 			page 24


 1223 0000 00000000 		.4byte	.LFB35
 1224 0004 E0000000 		.4byte	.LFE35
 1225 0008 00000000 		.4byte	.LFB36
 1226 000c 22000000 		.4byte	.LFE36
 1227 0010 00000000 		.4byte	.LFB37
 1228 0014 50000000 		.4byte	.LFE37
 1229 0018 00000000 		.4byte	0
 1230 001c 00000000 		.4byte	0
 1231              		.section	.debug_line,"",%progbits
 1232              	.Ldebug_line0:
 1233 0000 08010000 		.section	.debug_str,"MS",%progbits,1
 1233      02006200 
 1233      00000201 
 1233      FB0E0D00 
 1233      01010101 
 1234              	.LASF81:
 1235 0000 4359424C 		.ascii	"CYBLE_EVT_L2CAP_CBFC_RX_CREDIT_IND\000"
 1235      455F4556 
 1235      545F4C32 
 1235      4341505F 
 1235      43424643 
 1236              	.LASF22:
 1237 0023 4359424C 		.ascii	"CYBLE_EVT_STACK_BUSY_STATUS\000"
 1237      455F4556 
 1237      545F5354 
 1237      41434B5F 
 1237      42555359 
 1238              	.LASF10:
 1239 003f 75696E74 		.ascii	"uint16\000"
 1239      313600
 1240              	.LASF80:
 1241 0046 4359424C 		.ascii	"CYBLE_EVT_L2CAP_CBFC_DATA_READ\000"
 1241      455F4556 
 1241      545F4C32 
 1241      4341505F 
 1241      43424643 
 1242              	.LASF106:
 1243 0065 4359424C 		.ascii	"CYBLE_GAPP_DISC_DATA_T\000"
 1243      455F4741 
 1243      50505F44 
 1243      4953435F 
 1243      44415441 
 1244              	.LASF34:
 1245 007c 4359424C 		.ascii	"CYBLE_EVT_GAP_CONNECTION_UPDATE_COMPLETE\000"
 1245      455F4556 
 1245      545F4741 
 1245      505F434F 
 1245      4E4E4543 
 1246              	.LASF101:
 1247 00a5 61647643 		.ascii	"advChannelMap\000"
 1247      68616E6E 
 1247      656C4D61 
 1247      7000
 1248              	.LASF79:
 1249 00b3 4359424C 		.ascii	"CYBLE_EVT_L2CAP_CBFC_DISCONN_CNF\000"
 1249      455F4556 
 1249      545F4C32 
ARM GAS  C:\Users\TTSS\AppData\Local\Temp\ccWZh6cO.s 			page 25


 1249      4341505F 
 1249      43424643 
 1250              	.LASF90:
 1251 00d4 4359424C 		.ascii	"CYBLE_GAPP_CONNECTABLE_HIGH_DC_DIRECTED_ADV\000"
 1251      455F4741 
 1251      50505F43 
 1251      4F4E4E45 
 1251      43544142 
 1252              	.LASF39:
 1253 0100 4359424C 		.ascii	"CYBLE_EVT_GAP_OOB_GENERATED_NOTIFICATION\000"
 1253      455F4556 
 1253      545F4741 
 1253      505F4F4F 
 1253      425F4745 
 1254              	.LASF59:
 1255 0129 4359424C 		.ascii	"CYBLE_EVT_GATTC_READ_MULTI_RSP\000"
 1255      455F4556 
 1255      545F4741 
 1255      5454435F 
 1255      52454144 
 1256              	.LASF64:
 1257 0148 4359424C 		.ascii	"CYBLE_EVT_GATTS_EXEC_WRITE_REQ\000"
 1257      455F4556 
 1257      545F4741 
 1257      5454535F 
 1257      45584543 
 1258              	.LASF91:
 1259 0167 4359424C 		.ascii	"CYBLE_GAPP_SCANNABLE_UNDIRECTED_ADV\000"
 1259      455F4741 
 1259      50505F53 
 1259      43414E4E 
 1259      41424C45 
 1260              	.LASF19:
 1261 018b 4359424C 		.ascii	"CYBLE_EVT_TIMEOUT\000"
 1261      455F4556 
 1261      545F5449 
 1261      4D454F55 
 1261      5400
 1262              	.LASF4:
 1263 019d 6C6F6E67 		.ascii	"long int\000"
 1263      20696E74 
 1263      00
 1264              	.LASF7:
 1265 01a6 6C6F6E67 		.ascii	"long long unsigned int\000"
 1265      206C6F6E 
 1265      6720756E 
 1265      7369676E 
 1265      65642069 
 1266              	.LASF21:
 1267 01bd 4359424C 		.ascii	"CYBLE_EVT_HCI_STATUS\000"
 1267      455F4556 
 1267      545F4843 
 1267      495F5354 
 1267      41545553 
 1268              	.LASF97:
 1269 01d2 61647654 		.ascii	"advType\000"
 1269      79706500 
ARM GAS  C:\Users\TTSS\AppData\Local\Temp\ccWZh6cO.s 			page 26


 1270              	.LASF84:
 1271 01da 4359424C 		.ascii	"CYBLE_EVT_PENDING_FLASH_WRITE\000"
 1271      455F4556 
 1271      545F5045 
 1271      4E44494E 
 1271      475F464C 
 1272              	.LASF89:
 1273 01f8 4359424C 		.ascii	"CYBLE_GAPP_CONNECTABLE_UNDIRECTED_ADV\000"
 1273      455F4741 
 1273      50505F43 
 1273      4F4E4E45 
 1273      43544142 
 1274              	.LASF73:
 1275 021e 4359424C 		.ascii	"CYBLE_EVT_L2CAP_CONN_PARAM_UPDATE_REQ\000"
 1275      455F4556 
 1275      545F4C32 
 1275      4341505F 
 1275      434F4E4E 
 1276              	.LASF33:
 1277 0244 4359424C 		.ascii	"CYBLE_EVT_GAP_ENCRYPT_CHANGE\000"
 1277      455F4556 
 1277      545F4741 
 1277      505F454E 
 1277      43525950 
 1278              	.LASF37:
 1279 0261 4359424C 		.ascii	"CYBLE_EVT_GAP_NUMERIC_COMPARISON_REQUEST\000"
 1279      455F4556 
 1279      545F4741 
 1279      505F4E55 
 1279      4D455249 
 1280              	.LASF6:
 1281 028a 6C6F6E67 		.ascii	"long long int\000"
 1281      206C6F6E 
 1281      6720696E 
 1281      7400
 1282              	.LASF0:
 1283 0298 7369676E 		.ascii	"signed char\000"
 1283      65642063 
 1283      68617200 
 1284              	.LASF18:
 1285 02a4 4359424C 		.ascii	"CYBLE_EVT_STACK_ON\000"
 1285      455F4556 
 1285      545F5354 
 1285      41434B5F 
 1285      4F4E00
 1286              	.LASF35:
 1287 02b7 4359424C 		.ascii	"CYBLE_EVT_GAPC_SCAN_START_STOP\000"
 1287      455F4556 
 1287      545F4741 
 1287      50435F53 
 1287      43414E5F 
 1288              	.LASF100:
 1289 02d6 64697265 		.ascii	"directAddr\000"
 1289      63744164 
 1289      647200
 1290              	.LASF25:
 1291 02e1 4359424C 		.ascii	"CYBLE_EVT_GAP_AUTH_REQ\000"
ARM GAS  C:\Users\TTSS\AppData\Local\Temp\ccWZh6cO.s 			page 27


 1291      455F4556 
 1291      545F4741 
 1291      505F4155 
 1291      54485F52 
 1292              	.LASF57:
 1293 02f8 4359424C 		.ascii	"CYBLE_EVT_GATTC_READ_RSP\000"
 1293      455F4556 
 1293      545F4741 
 1293      5454435F 
 1293      52454144 
 1294              	.LASF102:
 1295 0311 61647646 		.ascii	"advFilterPolicy\000"
 1295      696C7465 
 1295      72506F6C 
 1295      69637900 
 1296              	.LASF62:
 1297 0321 4359424C 		.ascii	"CYBLE_EVT_GATTS_WRITE_CMD_REQ\000"
 1297      455F4556 
 1297      545F4741 
 1297      5454535F 
 1297      57524954 
 1298              	.LASF30:
 1299 033f 4359424C 		.ascii	"CYBLE_EVT_GAPP_ADVERTISEMENT_START_STOP\000"
 1299      455F4556 
 1299      545F4741 
 1299      50505F41 
 1299      44564552 
 1300              	.LASF9:
 1301 0367 75696E74 		.ascii	"uint8\000"
 1301      3800
 1302              	.LASF107:
 1303 036d 7363616E 		.ascii	"scanRspData\000"
 1303      52737044 
 1303      61746100 
 1304              	.LASF65:
 1305 0379 4359424C 		.ascii	"CYBLE_EVT_GATTC_EXEC_WRITE_RSP\000"
 1305      455F4556 
 1305      545F4741 
 1305      5454435F 
 1305      45584543 
 1306              	.LASF13:
 1307 0398 646F7562 		.ascii	"double\000"
 1307      6C6500
 1308              	.LASF110:
 1309 039f 64697363 		.ascii	"discMode\000"
 1309      4D6F6465 
 1309      00
 1310              	.LASF11:
 1311 03a8 75696E74 		.ascii	"uint32\000"
 1311      333200
 1312              	.LASF88:
 1313 03af 4359424C 		.ascii	"CYBLE_EVT_MAX\000"
 1313      455F4556 
 1313      545F4D41 
 1313      5800
 1314              	.LASF108:
 1315 03bd 7363616E 		.ascii	"scanRspDataLen\000"
ARM GAS  C:\Users\TTSS\AppData\Local\Temp\ccWZh6cO.s 			page 28


 1315      52737044 
 1315      6174614C 
 1315      656E00
 1316              	.LASF83:
 1317 03cc 4359424C 		.ascii	"CYBLE_EVT_L2CAP_CBFC_DATA_WRITE_IND\000"
 1317      455F4556 
 1317      545F4C32 
 1317      4341505F 
 1317      43424643 
 1318              	.LASF105:
 1319 03f0 61647644 		.ascii	"advDataLen\000"
 1319      6174614C 
 1319      656E00
 1320              	.LASF45:
 1321 03fb 4359424C 		.ascii	"CYBLE_EVT_GAP_SCAN_REQ_RECVD\000"
 1321      455F4556 
 1321      545F4741 
 1321      505F5343 
 1321      414E5F52 
 1322              	.LASF114:
 1323 0418 706D736D 		.ascii	"pmsmall\000"
 1323      616C6C00 
 1324              	.LASF70:
 1325 0420 4359424C 		.ascii	"CYBLE_EVT_GATTC_STOP_CMD_COMPLETE\000"
 1325      455F4556 
 1325      545F4741 
 1325      5454435F 
 1325      53544F50 
 1326              	.LASF8:
 1327 0442 756E7369 		.ascii	"unsigned int\000"
 1327      676E6564 
 1327      20696E74 
 1327      00
 1328              	.LASF85:
 1329 044f 4359424C 		.ascii	"CYBLE_EVT_LE_PING_AUTH_TIMEOUT\000"
 1329      455F4556 
 1329      545F4C45 
 1329      5F50494E 
 1329      475F4155 
 1330              	.LASF112:
 1331 046e 61647654 		.ascii	"advTo\000"
 1331      6F00
 1332              	.LASF5:
 1333 0474 6C6F6E67 		.ascii	"long unsigned int\000"
 1333      20756E73 
 1333      69676E65 
 1333      6420696E 
 1333      7400
 1334              	.LASF44:
 1335 0486 4359424C 		.ascii	"CYBLE_EVT_GAP_CONN_ESTB\000"
 1335      455F4556 
 1335      545F4741 
 1335      505F434F 
 1335      4E4E5F45 
 1336              	.LASF60:
 1337 049e 4359424C 		.ascii	"CYBLE_EVT_GATTS_WRITE_REQ\000"
 1337      455F4556 
ARM GAS  C:\Users\TTSS\AppData\Local\Temp\ccWZh6cO.s 			page 29


 1337      545F4741 
 1337      5454535F 
 1337      57524954 
 1338              	.LASF52:
 1339 04b8 4359424C 		.ascii	"CYBLE_EVT_GATTC_XCHNG_MTU_RSP\000"
 1339      455F4556 
 1339      545F4741 
 1339      5454435F 
 1339      5843484E 
 1340              	.LASF69:
 1341 04d6 4359424C 		.ascii	"CYBLE_EVT_GATTS_DATA_SIGNED_CMD_REQ\000"
 1341      455F4556 
 1341      545F4741 
 1341      5454535F 
 1341      44415441 
 1342              	.LASF72:
 1343 04fa 4359424C 		.ascii	"CYBLE_EVT_GATTC_LONG_PROCEDURE_END\000"
 1343      455F4556 
 1343      545F4741 
 1343      5454435F 
 1343      4C4F4E47 
 1344              	.LASF109:
 1345 051d 4359424C 		.ascii	"CYBLE_GAPP_SCAN_RSP_DATA_T\000"
 1345      455F4741 
 1345      50505F53 
 1345      43414E5F 
 1345      5253505F 
 1346              	.LASF118:
 1347 0538 6576656E 		.ascii	"event\000"
 1347      7400
 1348              	.LASF3:
 1349 053e 73686F72 		.ascii	"short unsigned int\000"
 1349      7420756E 
 1349      7369676E 
 1349      65642069 
 1349      6E7400
 1350              	.LASF17:
 1351 0551 4359424C 		.ascii	"CYBLE_EVT_HOST_INVALID\000"
 1351      455F4556 
 1351      545F484F 
 1351      53545F49 
 1351      4E56414C 
 1352              	.LASF55:
 1353 0568 4359424C 		.ascii	"CYBLE_EVT_GATTC_FIND_INFO_RSP\000"
 1353      455F4556 
 1353      545F4741 
 1353      5454435F 
 1353      46494E44 
 1354              	.LASF23:
 1355 0586 4359424C 		.ascii	"CYBLE_EVT_MEMORY_REQUEST\000"
 1355      455F4556 
 1355      545F4D45 
 1355      4D4F5259 
 1355      5F524551 
 1356              	.LASF26:
 1357 059f 4359424C 		.ascii	"CYBLE_EVT_GAP_PASSKEY_ENTRY_REQUEST\000"
 1357      455F4556 
ARM GAS  C:\Users\TTSS\AppData\Local\Temp\ccWZh6cO.s 			page 30


 1357      545F4741 
 1357      505F5041 
 1357      53534B45 
 1358              	.LASF31:
 1359 05c3 4359424C 		.ascii	"CYBLE_EVT_GAP_DEVICE_CONNECTED\000"
 1359      455F4556 
 1359      545F4741 
 1359      505F4445 
 1359      56494345 
 1360              	.LASF123:
 1361 05e2 6D61696E 		.ascii	"main.c\000"
 1361      2E6300
 1362              	.LASF46:
 1363 05e9 4359424C 		.ascii	"CYBLE_EVT_GAP_AUTH_REQ_REPLY_ERR\000"
 1363      455F4556 
 1363      545F4741 
 1363      505F4155 
 1363      54485F52 
 1364              	.LASF122:
 1365 060a 474E5520 		.ascii	"GNU C11 5.4.1 20160609 (release) [ARM/embedded-5-br"
 1365      43313120 
 1365      352E342E 
 1365      31203230 
 1365      31363036 
 1366 063d 616E6368 		.ascii	"anch revision 237715] -mcpu=cortex-m0 -mthumb -g -O"
 1366      20726576 
 1366      6973696F 
 1366      6E203233 
 1366      37373135 
 1367 0670 30202D66 		.ascii	"0 -ffunction-sections -ffat-lto-objects\000"
 1367      66756E63 
 1367      74696F6E 
 1367      2D736563 
 1367      74696F6E 
 1368              	.LASF49:
 1369 0698 4359424C 		.ascii	"CYBLE_EVT_GATT_CONNECT_IND\000"
 1369      455F4556 
 1369      545F4741 
 1369      54545F43 
 1369      4F4E4E45 
 1370              	.LASF75:
 1371 06b3 4359424C 		.ascii	"CYBLE_EVT_L2CAP_COMMAND_REJ\000"
 1371      455F4556 
 1371      545F4C32 
 1371      4341505F 
 1371      434F4D4D 
 1372              	.LASF24:
 1373 06cf 4359424C 		.ascii	"CYBLE_EVT_GAPC_SCAN_PROGRESS_RESULT\000"
 1373      455F4556 
 1373      545F4741 
 1373      50435F53 
 1373      43414E5F 
 1374              	.LASF47:
 1375 06f3 4359424C 		.ascii	"CYBLE_EVT_GAP_SMP_LOC_P256_KEYS_GEN_AND_SET_COMPLET"
 1375      455F4556 
 1375      545F4741 
 1375      505F534D 
ARM GAS  C:\Users\TTSS\AppData\Local\Temp\ccWZh6cO.s 			page 31


 1375      505F4C4F 
 1376 0726 4500     		.ascii	"E\000"
 1377              	.LASF115:
 1378 0728 706D6C61 		.ascii	"pmlarge\000"
 1378      72676500 
 1379              	.LASF54:
 1380 0730 4359424C 		.ascii	"CYBLE_EVT_GATTC_READ_BY_TYPE_RSP\000"
 1380      455F4556 
 1380      545F4741 
 1380      5454435F 
 1380      52454144 
 1381              	.LASF125:
 1382 0751 6379426C 		.ascii	"cyBle_discoveryModeInfo\000"
 1382      655F6469 
 1382      73636F76 
 1382      6572794D 
 1382      6F646549 
 1383              	.LASF16:
 1384 0769 73697A65 		.ascii	"sizetype\000"
 1384      74797065 
 1384      00
 1385              	.LASF98:
 1386 0772 6F776E41 		.ascii	"ownAddrType\000"
 1386      64647254 
 1386      79706500 
 1387              	.LASF29:
 1388 077e 4359424C 		.ascii	"CYBLE_EVT_GAP_AUTH_FAILED\000"
 1388      455F4556 
 1388      545F4741 
 1388      505F4155 
 1388      54485F46 
 1389              	.LASF61:
 1390 0798 4359424C 		.ascii	"CYBLE_EVT_GATTC_WRITE_RSP\000"
 1390      455F4556 
 1390      545F4741 
 1390      5454435F 
 1390      57524954 
 1391              	.LASF42:
 1392 07b2 4359424C 		.ascii	"CYBLE_EVT_GAPC_DIRECT_ADV_REPORT\000"
 1392      455F4556 
 1392      545F4741 
 1392      50435F44 
 1392      49524543 
 1393              	.LASF40:
 1394 07d3 4359424C 		.ascii	"CYBLE_EVT_GAP_DATA_LENGTH_CHANGE\000"
 1394      455F4556 
 1394      545F4741 
 1394      505F4441 
 1394      54415F4C 
 1395              	.LASF28:
 1396 07f4 4359424C 		.ascii	"CYBLE_EVT_GAP_AUTH_COMPLETE\000"
 1396      455F4556 
 1396      545F4741 
 1396      505F4155 
 1396      54485F43 
 1397              	.LASF66:
 1398 0810 4359424C 		.ascii	"CYBLE_EVT_GATTC_HANDLE_VALUE_NTF\000"
ARM GAS  C:\Users\TTSS\AppData\Local\Temp\ccWZh6cO.s 			page 32


 1398      455F4556 
 1398      545F4741 
 1398      5454435F 
 1398      48414E44 
 1399              	.LASF77:
 1400 0831 4359424C 		.ascii	"CYBLE_EVT_L2CAP_CBFC_CONN_CNF\000"
 1400      455F4556 
 1400      545F4C32 
 1400      4341505F 
 1400      43424643 
 1401              	.LASF53:
 1402 084f 4359424C 		.ascii	"CYBLE_EVT_GATTC_READ_BY_GROUP_TYPE_RSP\000"
 1402      455F4556 
 1402      545F4741 
 1402      5454435F 
 1402      52454144 
 1403              	.LASF12:
 1404 0876 666C6F61 		.ascii	"float\000"
 1404      7400
 1405              	.LASF99:
 1406 087c 64697265 		.ascii	"directAddrType\000"
 1406      63744164 
 1406      64725479 
 1406      706500
 1407              	.LASF76:
 1408 088b 4359424C 		.ascii	"CYBLE_EVT_L2CAP_CBFC_CONN_IND\000"
 1408      455F4556 
 1408      545F4C32 
 1408      4341505F 
 1408      43424643 
 1409              	.LASF1:
 1410 08a9 756E7369 		.ascii	"unsigned char\000"
 1410      676E6564 
 1410      20636861 
 1410      7200
 1411              	.LASF38:
 1412 08b7 4359424C 		.ascii	"CYBLE_EVT_GAP_KEYPRESS_NOTIFICATION\000"
 1412      455F4556 
 1412      545F4741 
 1412      505F4B45 
 1412      59505245 
 1413              	.LASF2:
 1414 08db 73686F72 		.ascii	"short int\000"
 1414      7420696E 
 1414      7400
 1415              	.LASF120:
 1416 08e5 72656164 		.ascii	"readParticles\000"
 1416      50617274 
 1416      69636C65 
 1416      7300
 1417              	.LASF96:
 1418 08f3 61647649 		.ascii	"advIntvMax\000"
 1418      6E74764D 
 1418      617800
 1419              	.LASF121:
 1420 08fe 73656E44 		.ascii	"senData\000"
 1420      61746100 
ARM GAS  C:\Users\TTSS\AppData\Local\Temp\ccWZh6cO.s 			page 33


 1421              	.LASF86:
 1422 0906 4359424C 		.ascii	"CYBLE_EVT_HCI_PKT\000"
 1422      455F4556 
 1422      545F4843 
 1422      495F504B 
 1422      5400
 1423              	.LASF63:
 1424 0918 4359424C 		.ascii	"CYBLE_EVT_GATTS_PREP_WRITE_REQ\000"
 1424      455F4556 
 1424      545F4741 
 1424      5454535F 
 1424      50524550 
 1425              	.LASF95:
 1426 0937 61647649 		.ascii	"advIntvMin\000"
 1426      6E74764D 
 1426      696E00
 1427              	.LASF93:
 1428 0942 4359424C 		.ascii	"CYBLE_GAPP_CONNECTABLE_LOW_DC_DIRECTED_ADV\000"
 1428      455F4741 
 1428      50505F43 
 1428      4F4E4E45 
 1428      43544142 
 1429              	.LASF104:
 1430 096d 61647644 		.ascii	"advData\000"
 1430      61746100 
 1431              	.LASF68:
 1432 0975 4359424C 		.ascii	"CYBLE_EVT_GATTS_HANDLE_VALUE_CNF\000"
 1432      455F4556 
 1432      545F4741 
 1432      5454535F 
 1432      48414E44 
 1433              	.LASF48:
 1434 0996 4359424C 		.ascii	"CYBLE_EVT_GATTC_ERROR_RSP\000"
 1434      455F4556 
 1434      545F4741 
 1434      5454435F 
 1434      4552524F 
 1435              	.LASF43:
 1436 09b0 4359424C 		.ascii	"CYBLE_EVT_GAP_SMP_NEGOTIATED_AUTH_INFO\000"
 1436      455F4556 
 1436      545F4741 
 1436      505F534D 
 1436      505F4E45 
 1437              	.LASF15:
 1438 09d7 6C6F6E67 		.ascii	"long double\000"
 1438      20646F75 
 1438      626C6500 
 1439              	.LASF87:
 1440 09e3 4359424C 		.ascii	"CYBLE_EVT_FLASH_CORRUPT\000"
 1440      455F4556 
 1440      545F464C 
 1440      4153485F 
 1440      434F5252 
 1441              	.LASF14:
 1442 09fb 63686172 		.ascii	"char\000"
 1442      00
 1443              	.LASF32:
ARM GAS  C:\Users\TTSS\AppData\Local\Temp\ccWZh6cO.s 			page 34


 1444 0a00 4359424C 		.ascii	"CYBLE_EVT_GAP_DEVICE_DISCONNECTED\000"
 1444      455F4556 
 1444      545F4741 
 1444      505F4445 
 1444      56494345 
 1445              	.LASF124:
 1446 0a22 433A5C55 		.ascii	"C:\\Users\\TTSS\\Documents\\Repositories\\hackAIR-P"
 1446      73657273 
 1446      5C545453 
 1446      535C446F 
 1446      63756D65 
 1447 0a50 536F435C 		.ascii	"SoC\\SDS011 - Laser Dust Sensor\\PSoC Firmware\\PSo"
 1447      53445330 
 1447      3131202D 
 1447      204C6173 
 1447      65722044 
 1448 0a80 43204372 		.ascii	"C Creator Project\\SerialLaserSensor_SDS011.cydsn\000"
 1448      6561746F 
 1448      72205072 
 1448      6F6A6563 
 1448      745C5365 
 1449              	.LASF71:
 1450 0ab1 4359424C 		.ascii	"CYBLE_EVT_GATTS_READ_CHAR_VAL_ACCESS_REQ\000"
 1450      455F4556 
 1450      545F4741 
 1450      5454535F 
 1450      52454144 
 1451              	.LASF103:
 1452 0ada 4359424C 		.ascii	"CYBLE_GAPP_DISC_PARAM_T\000"
 1452      455F4741 
 1452      50505F44 
 1452      4953435F 
 1452      50415241 
 1453              	.LASF82:
 1454 0af2 4359424C 		.ascii	"CYBLE_EVT_L2CAP_CBFC_TX_CREDIT_IND\000"
 1454      455F4556 
 1454      545F4C32 
 1454      4341505F 
 1454      43424643 
 1455              	.LASF27:
 1456 0b15 4359424C 		.ascii	"CYBLE_EVT_GAP_PASSKEY_DISPLAY_REQUEST\000"
 1456      455F4556 
 1456      545F4741 
 1456      505F5041 
 1456      53534B45 
 1457              	.LASF20:
 1458 0b3b 4359424C 		.ascii	"CYBLE_EVT_HARDWARE_ERROR\000"
 1458      455F4556 
 1458      545F4841 
 1458      52445741 
 1458      52455F45 
 1459              	.LASF51:
 1460 0b54 4359424C 		.ascii	"CYBLE_EVT_GATTS_XCNHG_MTU_REQ\000"
 1460      455F4556 
 1460      545F4741 
 1460      5454535F 
 1460      58434E48 
ARM GAS  C:\Users\TTSS\AppData\Local\Temp\ccWZh6cO.s 			page 35


 1461              	.LASF113:
 1462 0b72 4359424C 		.ascii	"CYBLE_GAPP_DISC_MODE_INFO_T\000"
 1462      455F4741 
 1462      50505F44 
 1462      4953435F 
 1462      4D4F4445 
 1463              	.LASF119:
 1464 0b8e 6576656E 		.ascii	"eventParam\000"
 1464      74506172 
 1464      616D00
 1465              	.LASF111:
 1466 0b99 61647650 		.ascii	"advParam\000"
 1466      6172616D 
 1466      00
 1467              	.LASF94:
 1468 0ba2 4359424C 		.ascii	"CYBLE_GAPP_ADV_T\000"
 1468      455F4741 
 1468      50505F41 
 1468      44565F54 
 1468      00
 1469              	.LASF92:
 1470 0bb3 4359424C 		.ascii	"CYBLE_GAPP_NON_CONNECTABLE_UNDIRECTED_ADV\000"
 1470      455F4741 
 1470      50505F4E 
 1470      4F4E5F43 
 1470      4F4E4E45 
 1471              	.LASF58:
 1472 0bdd 4359424C 		.ascii	"CYBLE_EVT_GATTC_READ_BLOB_RSP\000"
 1472      455F4556 
 1472      545F4741 
 1472      5454435F 
 1472      52454144 
 1473              	.LASF117:
 1474 0bfb 53746163 		.ascii	"StackEventHandler\000"
 1474      6B457665 
 1474      6E744861 
 1474      6E646C65 
 1474      7200
 1475              	.LASF67:
 1476 0c0d 4359424C 		.ascii	"CYBLE_EVT_GATTC_HANDLE_VALUE_IND\000"
 1476      455F4556 
 1476      545F4741 
 1476      5454435F 
 1476      48414E44 
 1477              	.LASF56:
 1478 0c2e 4359424C 		.ascii	"CYBLE_EVT_GATTC_FIND_BY_TYPE_VALUE_RSP\000"
 1478      455F4556 
 1478      545F4741 
 1478      5454435F 
 1478      46494E44 
 1479              	.LASF36:
 1480 0c55 4359424C 		.ascii	"CYBLE_EVT_GAP_KEYINFO_EXCHNGE_CMPLT\000"
 1480      455F4556 
 1480      545F4741 
 1480      505F4B45 
 1480      59494E46 
 1481              	.LASF78:
ARM GAS  C:\Users\TTSS\AppData\Local\Temp\ccWZh6cO.s 			page 36


 1482 0c79 4359424C 		.ascii	"CYBLE_EVT_L2CAP_CBFC_DISCONN_IND\000"
 1482      455F4556 
 1482      545F4C32 
 1482      4341505F 
 1482      43424643 
 1483              	.LASF74:
 1484 0c9a 4359424C 		.ascii	"CYBLE_EVT_L2CAP_CONN_PARAM_UPDATE_RSP\000"
 1484      455F4556 
 1484      545F4C32 
 1484      4341505F 
 1484      434F4E4E 
 1485              	.LASF116:
 1486 0cc0 6D61696E 		.ascii	"main\000"
 1486      00
 1487              	.LASF41:
 1488 0cc5 4359424C 		.ascii	"CYBLE_EVT_GAP_ENHANCE_CONN_COMPLETE\000"
 1488      455F4556 
 1488      545F4741 
 1488      505F454E 
 1488      48414E43 
 1489              	.LASF50:
 1490 0ce9 4359424C 		.ascii	"CYBLE_EVT_GATT_DISCONNECT_IND\000"
 1490      455F4556 
 1490      545F4741 
 1490      54545F44 
 1490      4953434F 
 1491              		.ident	"GCC: (GNU Tools for ARM Embedded Processors) 5.4.1 20160609 (release) [ARM/embedded-5-bran
